================================================================
== Vivado Place & Route Results
================================================================
+ General Information:
    * Date:            Sun Mar 22 22:07:51 -0700 2026
    * Version:         2025.1 (Build 6135595 on May 21 2025)
    * Project:         knn_accelerator
    * Solution:        hls (Vivado IP Flow Target)
    * Product family:  zynq
    * Target device:   xc7z020-clg400-1


================================================================
== Run Constraints & Options
================================================================
+ Design Constraints & Options:
    * Place & Route target clock:  10 ns
    * C-Synthesis uncertainty:     27%

+ RTL Synthesis Options:
    * config_export -vivado_synth_strategy:     default
    * config_export -vivado_synth_design_args:  -directive sdx_optimization_effort_high

+ Place & Route Options:
    * config_export -vivado_impl_strategy:  default
    * config_export -vivado_phys_opt:       auto

+ Reporting Options:
    * config_export -vivado_report_level:      2
    * config_export -vivado_max_timing_paths:  10


================================================================
== Place & Route Resource Summary
================================================================
LUT:              9166
FF:               14297
DSP:              8
BRAM:             3
URAM:             0
SRL:              230


================================================================
== Place & Route Timing Summary
================================================================
* Timing was met
+----------------+-------------+
| Timing         | Period (ns) |
+----------------+-------------+
| Target         | 10.000      |
| Post-Synthesis | 7.056       |
| Post-Route     | 9.683       |
+----------------+-------------+


================================================================
== Place & Route Resources
================================================================
+----------------------------------------+------+-------+-----+------+------+-----+--------+------+---------+----------+--------+
| Name                                   | LUT  | FF    | DSP | BRAM | URAM | SRL | Pragma | Impl | Latency | Variable | Source |
+----------------------------------------+------+-------+-----+------+------+-----+--------+------+---------+----------+--------+
| inst                                   | 9166 | 14297 | 8   | 3    |      |     |        |      |         |          |        |
|   (inst)                               | 14   | 304   |     |      |      |     |        |      |         |          |        |
|   control_r_s_axi_U                    | 211  | 297   |     |      |      |     |        |      |         |          |        |
|   control_s_axi_U                      |      |       |     |      |      |     |        |      |         |          |        |
|   gmem_x_test_m_axi_U                  | 478  | 756   |     | 1    |      |     |        |      |         |          |        |
|   gmem_x_train_m_axi_U                 | 599  | 742   |     | 1    |      |     |        |      |         |          |        |
|   gmem_y_test_m_axi_U                  | 821  | 1175  |     |      |      |     |        |      |         |          |        |
|   gmem_y_train_m_axi_U                 | 556  | 836   |     | 1    |      |     |        |      |         |          |        |
|   grp_knn_distance_and_sort_fu_156     | 6337 | 10090 | 8   |      |      |     |        |      |         |          |        |
|     (grp_knn_distance_and_sort_fu_156) | 5328 | 9599  |     |      |      |     |        |      |         |          |        |
|     mul_28s_28s_56_3_1_U10             | 708  | 18    | 4   |      |      |     |        |      |         |          |        |
|     mul_28s_28s_56_3_1_U11             | 68   | 18    | 4   |      |      |     |        |      |         |          |        |
|     test_local_1_U                     | 28   | 56    |     |      |      |     |        |      |         |          |        |
|     test_local_2_U                     | 28   | 56    |     |      |      |     |        |      |         |          |        |
|     test_local_3_U                     | 28   | 56    |     |      |      |     |        |      |         |          |        |
|     test_local_4_U                     | 28   | 56    |     |      |      |     |        |      |         |          |        |
|     test_local_5_U                     | 28   | 56    |     |      |      |     |        |      |         |          |        |
|     test_local_6_U                     | 29   | 56    |     |      |      |     |        |      |         |          |        |
|     test_local_U                       | 30   | 56    |     |      |      |     |        |      |         |          |        |
|   grp_knn_majority_vote_fu_170         | 127  | 72    |     |      |      |     |        |      |         |          |        |
+----------------------------------------+------+-------+-----+------+------+-----+--------+------+---------+----------+--------+


================================================================
== Place & Route Fail Fast
================================================================
+-----------------------------------------------------------+-----------+--------+--------+
| Criteria                                                  | Guideline | Actual | Status |
+-----------------------------------------------------------+-----------+--------+--------+
| LUT                                                       | 70%       | 17.23% | OK     |
| FD                                                        | 50%       | 13.44% | OK     |
| LUTRAM+SRL                                                | 25%       | 2.45%  | OK     |
| MUXF7                                                     | 15%       | 0.18%  | OK     |
| DSP                                                       | 80%       | 3.64%  | OK     |
| RAMB/FIFO                                                 | 80%       | 1.07%  | OK     |
| DSP+RAMB+URAM (Avg)                                       | 70%       | 2.35%  | OK     |
| BUFGCE* + BUFGCTRL                                        | 24        | 0      | OK     |
| DONT_TOUCH (cells/nets)                                   | 0         | 0      | OK     |
| MARK_DEBUG (nets)                                         | 0         | 0      | OK     |
| Control Sets                                              | 998       | 268    | OK     |
| Average Fanout for modules > 100k cells                   | 4         | 2.45   | OK     |
| Max Average Fanout for modules > 100k cells               | 4         | 0      | OK     |
| Non-FD high fanout nets > 10k loads                       | 0         | 0      | OK     |
+-----------------------------------------------------------+-----------+--------+--------+
| TIMING-6 (No common primary clock between related clocks) | 0         | 0      | OK     |
| TIMING-7 (No common node between related clocks)          | 0         | 0      | OK     |
| TIMING-8 (No common period between related clocks)        | 0         | 0      | OK     |
| TIMING-14 (LUT on the clock tree)                         | 0         | 0      | OK     |
| TIMING-35 (No common node in paths with the same clock)   | 0         | 0      | OK     |
+-----------------------------------------------------------+-----------+--------+--------+
| Number of paths above max LUT budgeting (0.575ns)         | 0         | 0      | OK     |
| Number of paths above max Net budgeting (0.403ns)         | 0         | 0      | OK     |
+-----------------------------------------------------------+-----------+--------+--------+


================================================================
== Place & Route Timing Paths
================================================================
* Timing was met
+-------+-------+-------------------------------------------------------------+--------------------------------------------------------------------------+--------------+------------+----------------+----------------+--------------+
| Path  | SLACK | STARTPOINT PIN                                              | ENDPOINT PIN                                                             | LOGIC LEVELS | MAX FANOUT | DATAPATH DELAY | DATAPATH LOGIC | DATAPATH NET |
|       |       |                                                             |                                                                          |              |            |                |          DELAY |        DELAY |
+-------+-------+-------------------------------------------------------------+--------------------------------------------------------------------------+--------------+------------+----------------+----------------+--------------+
| Path1 | 0.317 | grp_knn_distance_and_sort_fu_156/phi_mul486_fu_260_reg[7]/C | grp_knn_distance_and_sort_fu_156/gmem_x_train_addr_38_reg_6341_reg[59]/D |           15 |        167 |          9.661 |          2.832 |        6.829 |
| Path2 | 0.338 | grp_knn_distance_and_sort_fu_156/phi_mul486_fu_260_reg[7]/C | grp_knn_distance_and_sort_fu_156/gmem_x_train_addr_38_reg_6341_reg[62]/D |           15 |        167 |          9.640 |          2.811 |        6.829 |
| Path3 | 0.400 | X_train_read_reg_277_reg[28]/C                              | grp_knn_distance_and_sort_fu_156/gmem_x_train_addr_8_reg_5568_reg[59]/D  |            9 |         49 |          9.578 |          2.244 |        7.334 |
| Path4 | 0.412 | grp_knn_distance_and_sort_fu_156/phi_mul486_fu_260_reg[7]/C | grp_knn_distance_and_sort_fu_156/gmem_x_train_addr_38_reg_6341_reg[60]/D |           15 |        167 |          9.566 |          2.737 |        6.829 |
| Path5 | 0.421 | X_train_read_reg_277_reg[28]/C                              | grp_knn_distance_and_sort_fu_156/gmem_x_train_addr_8_reg_5568_reg[62]/D  |            9 |         49 |          9.557 |          2.223 |        7.334 |
+-------+-------+-------------------------------------------------------------+--------------------------------------------------------------------------+--------------+------------+----------------+----------------+--------------+

    +----------------------------------------------------------------------------+----------------------+
    | Path1 Cells                                                                | Primitive Type       |
    +----------------------------------------------------------------------------+----------------------+
    | grp_knn_distance_and_sort_fu_156/phi_mul486_fu_260_reg[7]                  | FLOP_LATCH.flop.FDRE |
    | grp_knn_distance_and_sort_fu_156/gmem_x_train_addr_38_reg_6341[9]_i_3      | LUT.others.LUT5      |
    | grp_knn_distance_and_sort_fu_156/gmem_x_train_addr_38_reg_6341_reg[9]_i_1  | CARRY.others.CARRY4  |
    | grp_knn_distance_and_sort_fu_156/gmem_x_train_addr_38_reg_6341_reg[13]_i_1 | CARRY.others.CARRY4  |
    | grp_knn_distance_and_sort_fu_156/gmem_x_train_addr_38_reg_6341_reg[17]_i_1 | CARRY.others.CARRY4  |
    | grp_knn_distance_and_sort_fu_156/gmem_x_train_addr_38_reg_6341_reg[21]_i_1 | CARRY.others.CARRY4  |
    | grp_knn_distance_and_sort_fu_156/gmem_x_train_addr_38_reg_6341_reg[25]_i_1 | CARRY.others.CARRY4  |
    | grp_knn_distance_and_sort_fu_156/gmem_x_train_addr_38_reg_6341_reg[29]_i_1 | CARRY.others.CARRY4  |
    | grp_knn_distance_and_sort_fu_156/gmem_x_train_addr_38_reg_6341_reg[33]_i_1 | CARRY.others.CARRY4  |
    | grp_knn_distance_and_sort_fu_156/gmem_x_train_addr_38_reg_6341_reg[37]_i_1 | CARRY.others.CARRY4  |
    | grp_knn_distance_and_sort_fu_156/gmem_x_train_addr_38_reg_6341_reg[41]_i_1 | CARRY.others.CARRY4  |
    | grp_knn_distance_and_sort_fu_156/gmem_x_train_addr_38_reg_6341_reg[45]_i_1 | CARRY.others.CARRY4  |
    | grp_knn_distance_and_sort_fu_156/gmem_x_train_addr_38_reg_6341_reg[49]_i_1 | CARRY.others.CARRY4  |
    | grp_knn_distance_and_sort_fu_156/gmem_x_train_addr_38_reg_6341_reg[53]_i_1 | CARRY.others.CARRY4  |
    | grp_knn_distance_and_sort_fu_156/gmem_x_train_addr_38_reg_6341_reg[57]_i_1 | CARRY.others.CARRY4  |
    | grp_knn_distance_and_sort_fu_156/gmem_x_train_addr_38_reg_6341_reg[62]_i_1 | CARRY.others.CARRY4  |
    | grp_knn_distance_and_sort_fu_156/gmem_x_train_addr_38_reg_6341_reg[59]     | FLOP_LATCH.flop.FDRE |
    | grp_knn_distance_and_sort_fu_156/phi_mul486_fu_260_reg[7]                  | FLOP_LATCH.flop.FDRE |
    | grp_knn_distance_and_sort_fu_156/gmem_x_train_addr_38_reg_6341[9]_i_3      | LUT.others.LUT5      |
    | grp_knn_distance_and_sort_fu_156/gmem_x_train_addr_38_reg_6341_reg[9]_i_1  | CARRY.others.CARRY4  |
    | grp_knn_distance_and_sort_fu_156/gmem_x_train_addr_38_reg_6341_reg[13]_i_1 | CARRY.others.CARRY4  |
    | grp_knn_distance_and_sort_fu_156/gmem_x_train_addr_38_reg_6341_reg[17]_i_1 | CARRY.others.CARRY4  |
    | grp_knn_distance_and_sort_fu_156/gmem_x_train_addr_38_reg_6341_reg[21]_i_1 | CARRY.others.CARRY4  |
    | grp_knn_distance_and_sort_fu_156/gmem_x_train_addr_38_reg_6341_reg[25]_i_1 | CARRY.others.CARRY4  |
    | grp_knn_distance_and_sort_fu_156/gmem_x_train_addr_38_reg_6341_reg[29]_i_1 | CARRY.others.CARRY4  |
    | grp_knn_distance_and_sort_fu_156/gmem_x_train_addr_38_reg_6341_reg[33]_i_1 | CARRY.others.CARRY4  |
    | grp_knn_distance_and_sort_fu_156/gmem_x_train_addr_38_reg_6341_reg[37]_i_1 | CARRY.others.CARRY4  |
    | grp_knn_distance_and_sort_fu_156/gmem_x_train_addr_38_reg_6341_reg[41]_i_1 | CARRY.others.CARRY4  |
    | grp_knn_distance_and_sort_fu_156/gmem_x_train_addr_38_reg_6341_reg[45]_i_1 | CARRY.others.CARRY4  |
    | grp_knn_distance_and_sort_fu_156/gmem_x_train_addr_38_reg_6341_reg[49]_i_1 | CARRY.others.CARRY4  |
    | grp_knn_distance_and_sort_fu_156/gmem_x_train_addr_38_reg_6341_reg[53]_i_1 | CARRY.others.CARRY4  |
    | grp_knn_distance_and_sort_fu_156/gmem_x_train_addr_38_reg_6341_reg[57]_i_1 | CARRY.others.CARRY4  |
    | grp_knn_distance_and_sort_fu_156/gmem_x_train_addr_38_reg_6341_reg[62]_i_1 | CARRY.others.CARRY4  |
    | grp_knn_distance_and_sort_fu_156/gmem_x_train_addr_38_reg_6341_reg[62]     | FLOP_LATCH.flop.FDRE |
    | X_train_read_reg_277_reg[28]                                               | FLOP_LATCH.flop.FDRE |
    | grp_knn_distance_and_sort_fu_156/gmem_x_train_addr_8_reg_5568_reg[29]_i_1  | CARRY.others.CARRY4  |
    | grp_knn_distance_and_sort_fu_156/gmem_x_train_addr_8_reg_5568_reg[33]_i_1  | CARRY.others.CARRY4  |
    | grp_knn_distance_and_sort_fu_156/gmem_x_train_addr_8_reg_5568_reg[37]_i_1  | CARRY.others.CARRY4  |
    | grp_knn_distance_and_sort_fu_156/gmem_x_train_addr_8_reg_5568_reg[41]_i_1  | CARRY.others.CARRY4  |
    | grp_knn_distance_and_sort_fu_156/gmem_x_train_addr_8_reg_5568_reg[45]_i_1  | CARRY.others.CARRY4  |
    | grp_knn_distance_and_sort_fu_156/gmem_x_train_addr_8_reg_5568_reg[49]_i_1  | CARRY.others.CARRY4  |
    | grp_knn_distance_and_sort_fu_156/gmem_x_train_addr_8_reg_5568_reg[53]_i_1  | CARRY.others.CARRY4  |
    | grp_knn_distance_and_sort_fu_156/gmem_x_train_addr_8_reg_5568_reg[57]_i_1  | CARRY.others.CARRY4  |
    | grp_knn_distance_and_sort_fu_156/gmem_x_train_addr_8_reg_5568_reg[62]_i_1  | CARRY.others.CARRY4  |
    | grp_knn_distance_and_sort_fu_156/gmem_x_train_addr_8_reg_5568_reg[59]      | FLOP_LATCH.flop.FDRE |
    | grp_knn_distance_and_sort_fu_156/phi_mul486_fu_260_reg[7]                  | FLOP_LATCH.flop.FDRE |
    | grp_knn_distance_and_sort_fu_156/gmem_x_train_addr_38_reg_6341[9]_i_3      | LUT.others.LUT5      |
    | grp_knn_distance_and_sort_fu_156/gmem_x_train_addr_38_reg_6341_reg[9]_i_1  | CARRY.others.CARRY4  |
    | grp_knn_distance_and_sort_fu_156/gmem_x_train_addr_38_reg_6341_reg[13]_i_1 | CARRY.others.CARRY4  |
    | grp_knn_distance_and_sort_fu_156/gmem_x_train_addr_38_reg_6341_reg[17]_i_1 | CARRY.others.CARRY4  |
    | grp_knn_distance_and_sort_fu_156/gmem_x_train_addr_38_reg_6341_reg[21]_i_1 | CARRY.others.CARRY4  |
    | grp_knn_distance_and_sort_fu_156/gmem_x_train_addr_38_reg_6341_reg[25]_i_1 | CARRY.others.CARRY4  |
    | grp_knn_distance_and_sort_fu_156/gmem_x_train_addr_38_reg_6341_reg[29]_i_1 | CARRY.others.CARRY4  |
    | grp_knn_distance_and_sort_fu_156/gmem_x_train_addr_38_reg_6341_reg[33]_i_1 | CARRY.others.CARRY4  |
    | grp_knn_distance_and_sort_fu_156/gmem_x_train_addr_38_reg_6341_reg[37]_i_1 | CARRY.others.CARRY4  |
    | grp_knn_distance_and_sort_fu_156/gmem_x_train_addr_38_reg_6341_reg[41]_i_1 | CARRY.others.CARRY4  |
    | grp_knn_distance_and_sort_fu_156/gmem_x_train_addr_38_reg_6341_reg[45]_i_1 | CARRY.others.CARRY4  |
    | grp_knn_distance_and_sort_fu_156/gmem_x_train_addr_38_reg_6341_reg[49]_i_1 | CARRY.others.CARRY4  |
    | grp_knn_distance_and_sort_fu_156/gmem_x_train_addr_38_reg_6341_reg[53]_i_1 | CARRY.others.CARRY4  |
    | grp_knn_distance_and_sort_fu_156/gmem_x_train_addr_38_reg_6341_reg[57]_i_1 | CARRY.others.CARRY4  |
    | grp_knn_distance_and_sort_fu_156/gmem_x_train_addr_38_reg_6341_reg[62]_i_1 | CARRY.others.CARRY4  |
    | grp_knn_distance_and_sort_fu_156/gmem_x_train_addr_38_reg_6341_reg[60]     | FLOP_LATCH.flop.FDRE |
    | X_train_read_reg_277_reg[28]                                               | FLOP_LATCH.flop.FDRE |
    | grp_knn_distance_and_sort_fu_156/gmem_x_train_addr_8_reg_5568_reg[29]_i_1  | CARRY.others.CARRY4  |
    | grp_knn_distance_and_sort_fu_156/gmem_x_train_addr_8_reg_5568_reg[33]_i_1  | CARRY.others.CARRY4  |
    | grp_knn_distance_and_sort_fu_156/gmem_x_train_addr_8_reg_5568_reg[37]_i_1  | CARRY.others.CARRY4  |
    | grp_knn_distance_and_sort_fu_156/gmem_x_train_addr_8_reg_5568_reg[41]_i_1  | CARRY.others.CARRY4  |
    | grp_knn_distance_and_sort_fu_156/gmem_x_train_addr_8_reg_5568_reg[45]_i_1  | CARRY.others.CARRY4  |
    | grp_knn_distance_and_sort_fu_156/gmem_x_train_addr_8_reg_5568_reg[49]_i_1  | CARRY.others.CARRY4  |
    | grp_knn_distance_and_sort_fu_156/gmem_x_train_addr_8_reg_5568_reg[53]_i_1  | CARRY.others.CARRY4  |
    | grp_knn_distance_and_sort_fu_156/gmem_x_train_addr_8_reg_5568_reg[57]_i_1  | CARRY.others.CARRY4  |
    | grp_knn_distance_and_sort_fu_156/gmem_x_train_addr_8_reg_5568_reg[62]_i_1  | CARRY.others.CARRY4  |
    | grp_knn_distance_and_sort_fu_156/gmem_x_train_addr_8_reg_5568_reg[62]      | FLOP_LATCH.flop.FDRE |
    +----------------------------------------------------------------------------+----------------------+

    +----------------------------------------------------------------------------+----------------------+
    | Path2 Cells                                                                | Primitive Type       |
    +----------------------------------------------------------------------------+----------------------+
    | grp_knn_distance_and_sort_fu_156/phi_mul486_fu_260_reg[7]                  | FLOP_LATCH.flop.FDRE |
    | grp_knn_distance_and_sort_fu_156/gmem_x_train_addr_38_reg_6341[9]_i_3      | LUT.others.LUT5      |
    | grp_knn_distance_and_sort_fu_156/gmem_x_train_addr_38_reg_6341_reg[9]_i_1  | CARRY.others.CARRY4  |
    | grp_knn_distance_and_sort_fu_156/gmem_x_train_addr_38_reg_6341_reg[13]_i_1 | CARRY.others.CARRY4  |
    | grp_knn_distance_and_sort_fu_156/gmem_x_train_addr_38_reg_6341_reg[17]_i_1 | CARRY.others.CARRY4  |
    | grp_knn_distance_and_sort_fu_156/gmem_x_train_addr_38_reg_6341_reg[21]_i_1 | CARRY.others.CARRY4  |
    | grp_knn_distance_and_sort_fu_156/gmem_x_train_addr_38_reg_6341_reg[25]_i_1 | CARRY.others.CARRY4  |
    | grp_knn_distance_and_sort_fu_156/gmem_x_train_addr_38_reg_6341_reg[29]_i_1 | CARRY.others.CARRY4  |
    | grp_knn_distance_and_sort_fu_156/gmem_x_train_addr_38_reg_6341_reg[33]_i_1 | CARRY.others.CARRY4  |
    | grp_knn_distance_and_sort_fu_156/gmem_x_train_addr_38_reg_6341_reg[37]_i_1 | CARRY.others.CARRY4  |
    | grp_knn_distance_and_sort_fu_156/gmem_x_train_addr_38_reg_6341_reg[41]_i_1 | CARRY.others.CARRY4  |
    | grp_knn_distance_and_sort_fu_156/gmem_x_train_addr_38_reg_6341_reg[45]_i_1 | CARRY.others.CARRY4  |
    | grp_knn_distance_and_sort_fu_156/gmem_x_train_addr_38_reg_6341_reg[49]_i_1 | CARRY.others.CARRY4  |
    | grp_knn_distance_and_sort_fu_156/gmem_x_train_addr_38_reg_6341_reg[53]_i_1 | CARRY.others.CARRY4  |
    | grp_knn_distance_and_sort_fu_156/gmem_x_train_addr_38_reg_6341_reg[57]_i_1 | CARRY.others.CARRY4  |
    | grp_knn_distance_and_sort_fu_156/gmem_x_train_addr_38_reg_6341_reg[62]_i_1 | CARRY.others.CARRY4  |
    | grp_knn_distance_and_sort_fu_156/gmem_x_train_addr_38_reg_6341_reg[59]     | FLOP_LATCH.flop.FDRE |
    | grp_knn_distance_and_sort_fu_156/phi_mul486_fu_260_reg[7]                  | FLOP_LATCH.flop.FDRE |
    | grp_knn_distance_and_sort_fu_156/gmem_x_train_addr_38_reg_6341[9]_i_3      | LUT.others.LUT5      |
    | grp_knn_distance_and_sort_fu_156/gmem_x_train_addr_38_reg_6341_reg[9]_i_1  | CARRY.others.CARRY4  |
    | grp_knn_distance_and_sort_fu_156/gmem_x_train_addr_38_reg_6341_reg[13]_i_1 | CARRY.others.CARRY4  |
    | grp_knn_distance_and_sort_fu_156/gmem_x_train_addr_38_reg_6341_reg[17]_i_1 | CARRY.others.CARRY4  |
    | grp_knn_distance_and_sort_fu_156/gmem_x_train_addr_38_reg_6341_reg[21]_i_1 | CARRY.others.CARRY4  |
    | grp_knn_distance_and_sort_fu_156/gmem_x_train_addr_38_reg_6341_reg[25]_i_1 | CARRY.others.CARRY4  |
    | grp_knn_distance_and_sort_fu_156/gmem_x_train_addr_38_reg_6341_reg[29]_i_1 | CARRY.others.CARRY4  |
    | grp_knn_distance_and_sort_fu_156/gmem_x_train_addr_38_reg_6341_reg[33]_i_1 | CARRY.others.CARRY4  |
    | grp_knn_distance_and_sort_fu_156/gmem_x_train_addr_38_reg_6341_reg[37]_i_1 | CARRY.others.CARRY4  |
    | grp_knn_distance_and_sort_fu_156/gmem_x_train_addr_38_reg_6341_reg[41]_i_1 | CARRY.others.CARRY4  |
    | grp_knn_distance_and_sort_fu_156/gmem_x_train_addr_38_reg_6341_reg[45]_i_1 | CARRY.others.CARRY4  |
    | grp_knn_distance_and_sort_fu_156/gmem_x_train_addr_38_reg_6341_reg[49]_i_1 | CARRY.others.CARRY4  |
    | grp_knn_distance_and_sort_fu_156/gmem_x_train_addr_38_reg_6341_reg[53]_i_1 | CARRY.others.CARRY4  |
    | grp_knn_distance_and_sort_fu_156/gmem_x_train_addr_38_reg_6341_reg[57]_i_1 | CARRY.others.CARRY4  |
    | grp_knn_distance_and_sort_fu_156/gmem_x_train_addr_38_reg_6341_reg[62]_i_1 | CARRY.others.CARRY4  |
    | grp_knn_distance_and_sort_fu_156/gmem_x_train_addr_38_reg_6341_reg[62]     | FLOP_LATCH.flop.FDRE |
    | X_train_read_reg_277_reg[28]                                               | FLOP_LATCH.flop.FDRE |
    | grp_knn_distance_and_sort_fu_156/gmem_x_train_addr_8_reg_5568_reg[29]_i_1  | CARRY.others.CARRY4  |
    | grp_knn_distance_and_sort_fu_156/gmem_x_train_addr_8_reg_5568_reg[33]_i_1  | CARRY.others.CARRY4  |
    | grp_knn_distance_and_sort_fu_156/gmem_x_train_addr_8_reg_5568_reg[37]_i_1  | CARRY.others.CARRY4  |
    | grp_knn_distance_and_sort_fu_156/gmem_x_train_addr_8_reg_5568_reg[41]_i_1  | CARRY.others.CARRY4  |
    | grp_knn_distance_and_sort_fu_156/gmem_x_train_addr_8_reg_5568_reg[45]_i_1  | CARRY.others.CARRY4  |
    | grp_knn_distance_and_sort_fu_156/gmem_x_train_addr_8_reg_5568_reg[49]_i_1  | CARRY.others.CARRY4  |
    | grp_knn_distance_and_sort_fu_156/gmem_x_train_addr_8_reg_5568_reg[53]_i_1  | CARRY.others.CARRY4  |
    | grp_knn_distance_and_sort_fu_156/gmem_x_train_addr_8_reg_5568_reg[57]_i_1  | CARRY.others.CARRY4  |
    | grp_knn_distance_and_sort_fu_156/gmem_x_train_addr_8_reg_5568_reg[62]_i_1  | CARRY.others.CARRY4  |
    | grp_knn_distance_and_sort_fu_156/gmem_x_train_addr_8_reg_5568_reg[59]      | FLOP_LATCH.flop.FDRE |
    | grp_knn_distance_and_sort_fu_156/phi_mul486_fu_260_reg[7]                  | FLOP_LATCH.flop.FDRE |
    | grp_knn_distance_and_sort_fu_156/gmem_x_train_addr_38_reg_6341[9]_i_3      | LUT.others.LUT5      |
    | grp_knn_distance_and_sort_fu_156/gmem_x_train_addr_38_reg_6341_reg[9]_i_1  | CARRY.others.CARRY4  |
    | grp_knn_distance_and_sort_fu_156/gmem_x_train_addr_38_reg_6341_reg[13]_i_1 | CARRY.others.CARRY4  |
    | grp_knn_distance_and_sort_fu_156/gmem_x_train_addr_38_reg_6341_reg[17]_i_1 | CARRY.others.CARRY4  |
    | grp_knn_distance_and_sort_fu_156/gmem_x_train_addr_38_reg_6341_reg[21]_i_1 | CARRY.others.CARRY4  |
    | grp_knn_distance_and_sort_fu_156/gmem_x_train_addr_38_reg_6341_reg[25]_i_1 | CARRY.others.CARRY4  |
    | grp_knn_distance_and_sort_fu_156/gmem_x_train_addr_38_reg_6341_reg[29]_i_1 | CARRY.others.CARRY4  |
    | grp_knn_distance_and_sort_fu_156/gmem_x_train_addr_38_reg_6341_reg[33]_i_1 | CARRY.others.CARRY4  |
    | grp_knn_distance_and_sort_fu_156/gmem_x_train_addr_38_reg_6341_reg[37]_i_1 | CARRY.others.CARRY4  |
    | grp_knn_distance_and_sort_fu_156/gmem_x_train_addr_38_reg_6341_reg[41]_i_1 | CARRY.others.CARRY4  |
    | grp_knn_distance_and_sort_fu_156/gmem_x_train_addr_38_reg_6341_reg[45]_i_1 | CARRY.others.CARRY4  |
    | grp_knn_distance_and_sort_fu_156/gmem_x_train_addr_38_reg_6341_reg[49]_i_1 | CARRY.others.CARRY4  |
    | grp_knn_distance_and_sort_fu_156/gmem_x_train_addr_38_reg_6341_reg[53]_i_1 | CARRY.others.CARRY4  |
    | grp_knn_distance_and_sort_fu_156/gmem_x_train_addr_38_reg_6341_reg[57]_i_1 | CARRY.others.CARRY4  |
    | grp_knn_distance_and_sort_fu_156/gmem_x_train_addr_38_reg_6341_reg[62]_i_1 | CARRY.others.CARRY4  |
    | grp_knn_distance_and_sort_fu_156/gmem_x_train_addr_38_reg_6341_reg[60]     | FLOP_LATCH.flop.FDRE |
    | X_train_read_reg_277_reg[28]                                               | FLOP_LATCH.flop.FDRE |
    | grp_knn_distance_and_sort_fu_156/gmem_x_train_addr_8_reg_5568_reg[29]_i_1  | CARRY.others.CARRY4  |
    | grp_knn_distance_and_sort_fu_156/gmem_x_train_addr_8_reg_5568_reg[33]_i_1  | CARRY.others.CARRY4  |
    | grp_knn_distance_and_sort_fu_156/gmem_x_train_addr_8_reg_5568_reg[37]_i_1  | CARRY.others.CARRY4  |
    | grp_knn_distance_and_sort_fu_156/gmem_x_train_addr_8_reg_5568_reg[41]_i_1  | CARRY.others.CARRY4  |
    | grp_knn_distance_and_sort_fu_156/gmem_x_train_addr_8_reg_5568_reg[45]_i_1  | CARRY.others.CARRY4  |
    | grp_knn_distance_and_sort_fu_156/gmem_x_train_addr_8_reg_5568_reg[49]_i_1  | CARRY.others.CARRY4  |
    | grp_knn_distance_and_sort_fu_156/gmem_x_train_addr_8_reg_5568_reg[53]_i_1  | CARRY.others.CARRY4  |
    | grp_knn_distance_and_sort_fu_156/gmem_x_train_addr_8_reg_5568_reg[57]_i_1  | CARRY.others.CARRY4  |
    | grp_knn_distance_and_sort_fu_156/gmem_x_train_addr_8_reg_5568_reg[62]_i_1  | CARRY.others.CARRY4  |
    | grp_knn_distance_and_sort_fu_156/gmem_x_train_addr_8_reg_5568_reg[62]      | FLOP_LATCH.flop.FDRE |
    +----------------------------------------------------------------------------+----------------------+

    +----------------------------------------------------------------------------+----------------------+
    | Path3 Cells                                                                | Primitive Type       |
    +----------------------------------------------------------------------------+----------------------+
    | grp_knn_distance_and_sort_fu_156/phi_mul486_fu_260_reg[7]                  | FLOP_LATCH.flop.FDRE |
    | grp_knn_distance_and_sort_fu_156/gmem_x_train_addr_38_reg_6341[9]_i_3      | LUT.others.LUT5      |
    | grp_knn_distance_and_sort_fu_156/gmem_x_train_addr_38_reg_6341_reg[9]_i_1  | CARRY.others.CARRY4  |
    | grp_knn_distance_and_sort_fu_156/gmem_x_train_addr_38_reg_6341_reg[13]_i_1 | CARRY.others.CARRY4  |
    | grp_knn_distance_and_sort_fu_156/gmem_x_train_addr_38_reg_6341_reg[17]_i_1 | CARRY.others.CARRY4  |
    | grp_knn_distance_and_sort_fu_156/gmem_x_train_addr_38_reg_6341_reg[21]_i_1 | CARRY.others.CARRY4  |
    | grp_knn_distance_and_sort_fu_156/gmem_x_train_addr_38_reg_6341_reg[25]_i_1 | CARRY.others.CARRY4  |
    | grp_knn_distance_and_sort_fu_156/gmem_x_train_addr_38_reg_6341_reg[29]_i_1 | CARRY.others.CARRY4  |
    | grp_knn_distance_and_sort_fu_156/gmem_x_train_addr_38_reg_6341_reg[33]_i_1 | CARRY.others.CARRY4  |
    | grp_knn_distance_and_sort_fu_156/gmem_x_train_addr_38_reg_6341_reg[37]_i_1 | CARRY.others.CARRY4  |
    | grp_knn_distance_and_sort_fu_156/gmem_x_train_addr_38_reg_6341_reg[41]_i_1 | CARRY.others.CARRY4  |
    | grp_knn_distance_and_sort_fu_156/gmem_x_train_addr_38_reg_6341_reg[45]_i_1 | CARRY.others.CARRY4  |
    | grp_knn_distance_and_sort_fu_156/gmem_x_train_addr_38_reg_6341_reg[49]_i_1 | CARRY.others.CARRY4  |
    | grp_knn_distance_and_sort_fu_156/gmem_x_train_addr_38_reg_6341_reg[53]_i_1 | CARRY.others.CARRY4  |
    | grp_knn_distance_and_sort_fu_156/gmem_x_train_addr_38_reg_6341_reg[57]_i_1 | CARRY.others.CARRY4  |
    | grp_knn_distance_and_sort_fu_156/gmem_x_train_addr_38_reg_6341_reg[62]_i_1 | CARRY.others.CARRY4  |
    | grp_knn_distance_and_sort_fu_156/gmem_x_train_addr_38_reg_6341_reg[59]     | FLOP_LATCH.flop.FDRE |
    | grp_knn_distance_and_sort_fu_156/phi_mul486_fu_260_reg[7]                  | FLOP_LATCH.flop.FDRE |
    | grp_knn_distance_and_sort_fu_156/gmem_x_train_addr_38_reg_6341[9]_i_3      | LUT.others.LUT5      |
    | grp_knn_distance_and_sort_fu_156/gmem_x_train_addr_38_reg_6341_reg[9]_i_1  | CARRY.others.CARRY4  |
    | grp_knn_distance_and_sort_fu_156/gmem_x_train_addr_38_reg_6341_reg[13]_i_1 | CARRY.others.CARRY4  |
    | grp_knn_distance_and_sort_fu_156/gmem_x_train_addr_38_reg_6341_reg[17]_i_1 | CARRY.others.CARRY4  |
    | grp_knn_distance_and_sort_fu_156/gmem_x_train_addr_38_reg_6341_reg[21]_i_1 | CARRY.others.CARRY4  |
    | grp_knn_distance_and_sort_fu_156/gmem_x_train_addr_38_reg_6341_reg[25]_i_1 | CARRY.others.CARRY4  |
    | grp_knn_distance_and_sort_fu_156/gmem_x_train_addr_38_reg_6341_reg[29]_i_1 | CARRY.others.CARRY4  |
    | grp_knn_distance_and_sort_fu_156/gmem_x_train_addr_38_reg_6341_reg[33]_i_1 | CARRY.others.CARRY4  |
    | grp_knn_distance_and_sort_fu_156/gmem_x_train_addr_38_reg_6341_reg[37]_i_1 | CARRY.others.CARRY4  |
    | grp_knn_distance_and_sort_fu_156/gmem_x_train_addr_38_reg_6341_reg[41]_i_1 | CARRY.others.CARRY4  |
    | grp_knn_distance_and_sort_fu_156/gmem_x_train_addr_38_reg_6341_reg[45]_i_1 | CARRY.others.CARRY4  |
    | grp_knn_distance_and_sort_fu_156/gmem_x_train_addr_38_reg_6341_reg[49]_i_1 | CARRY.others.CARRY4  |
    | grp_knn_distance_and_sort_fu_156/gmem_x_train_addr_38_reg_6341_reg[53]_i_1 | CARRY.others.CARRY4  |
    | grp_knn_distance_and_sort_fu_156/gmem_x_train_addr_38_reg_6341_reg[57]_i_1 | CARRY.others.CARRY4  |
    | grp_knn_distance_and_sort_fu_156/gmem_x_train_addr_38_reg_6341_reg[62]_i_1 | CARRY.others.CARRY4  |
    | grp_knn_distance_and_sort_fu_156/gmem_x_train_addr_38_reg_6341_reg[62]     | FLOP_LATCH.flop.FDRE |
    | X_train_read_reg_277_reg[28]                                               | FLOP_LATCH.flop.FDRE |
    | grp_knn_distance_and_sort_fu_156/gmem_x_train_addr_8_reg_5568_reg[29]_i_1  | CARRY.others.CARRY4  |
    | grp_knn_distance_and_sort_fu_156/gmem_x_train_addr_8_reg_5568_reg[33]_i_1  | CARRY.others.CARRY4  |
    | grp_knn_distance_and_sort_fu_156/gmem_x_train_addr_8_reg_5568_reg[37]_i_1  | CARRY.others.CARRY4  |
    | grp_knn_distance_and_sort_fu_156/gmem_x_train_addr_8_reg_5568_reg[41]_i_1  | CARRY.others.CARRY4  |
    | grp_knn_distance_and_sort_fu_156/gmem_x_train_addr_8_reg_5568_reg[45]_i_1  | CARRY.others.CARRY4  |
    | grp_knn_distance_and_sort_fu_156/gmem_x_train_addr_8_reg_5568_reg[49]_i_1  | CARRY.others.CARRY4  |
    | grp_knn_distance_and_sort_fu_156/gmem_x_train_addr_8_reg_5568_reg[53]_i_1  | CARRY.others.CARRY4  |
    | grp_knn_distance_and_sort_fu_156/gmem_x_train_addr_8_reg_5568_reg[57]_i_1  | CARRY.others.CARRY4  |
    | grp_knn_distance_and_sort_fu_156/gmem_x_train_addr_8_reg_5568_reg[62]_i_1  | CARRY.others.CARRY4  |
    | grp_knn_distance_and_sort_fu_156/gmem_x_train_addr_8_reg_5568_reg[59]      | FLOP_LATCH.flop.FDRE |
    | grp_knn_distance_and_sort_fu_156/phi_mul486_fu_260_reg[7]                  | FLOP_LATCH.flop.FDRE |
    | grp_knn_distance_and_sort_fu_156/gmem_x_train_addr_38_reg_6341[9]_i_3      | LUT.others.LUT5      |
    | grp_knn_distance_and_sort_fu_156/gmem_x_train_addr_38_reg_6341_reg[9]_i_1  | CARRY.others.CARRY4  |
    | grp_knn_distance_and_sort_fu_156/gmem_x_train_addr_38_reg_6341_reg[13]_i_1 | CARRY.others.CARRY4  |
    | grp_knn_distance_and_sort_fu_156/gmem_x_train_addr_38_reg_6341_reg[17]_i_1 | CARRY.others.CARRY4  |
    | grp_knn_distance_and_sort_fu_156/gmem_x_train_addr_38_reg_6341_reg[21]_i_1 | CARRY.others.CARRY4  |
    | grp_knn_distance_and_sort_fu_156/gmem_x_train_addr_38_reg_6341_reg[25]_i_1 | CARRY.others.CARRY4  |
    | grp_knn_distance_and_sort_fu_156/gmem_x_train_addr_38_reg_6341_reg[29]_i_1 | CARRY.others.CARRY4  |
    | grp_knn_distance_and_sort_fu_156/gmem_x_train_addr_38_reg_6341_reg[33]_i_1 | CARRY.others.CARRY4  |
    | grp_knn_distance_and_sort_fu_156/gmem_x_train_addr_38_reg_6341_reg[37]_i_1 | CARRY.others.CARRY4  |
    | grp_knn_distance_and_sort_fu_156/gmem_x_train_addr_38_reg_6341_reg[41]_i_1 | CARRY.others.CARRY4  |
    | grp_knn_distance_and_sort_fu_156/gmem_x_train_addr_38_reg_6341_reg[45]_i_1 | CARRY.others.CARRY4  |
    | grp_knn_distance_and_sort_fu_156/gmem_x_train_addr_38_reg_6341_reg[49]_i_1 | CARRY.others.CARRY4  |
    | grp_knn_distance_and_sort_fu_156/gmem_x_train_addr_38_reg_6341_reg[53]_i_1 | CARRY.others.CARRY4  |
    | grp_knn_distance_and_sort_fu_156/gmem_x_train_addr_38_reg_6341_reg[57]_i_1 | CARRY.others.CARRY4  |
    | grp_knn_distance_and_sort_fu_156/gmem_x_train_addr_38_reg_6341_reg[62]_i_1 | CARRY.others.CARRY4  |
    | grp_knn_distance_and_sort_fu_156/gmem_x_train_addr_38_reg_6341_reg[60]     | FLOP_LATCH.flop.FDRE |
    | X_train_read_reg_277_reg[28]                                               | FLOP_LATCH.flop.FDRE |
    | grp_knn_distance_and_sort_fu_156/gmem_x_train_addr_8_reg_5568_reg[29]_i_1  | CARRY.others.CARRY4  |
    | grp_knn_distance_and_sort_fu_156/gmem_x_train_addr_8_reg_5568_reg[33]_i_1  | CARRY.others.CARRY4  |
    | grp_knn_distance_and_sort_fu_156/gmem_x_train_addr_8_reg_5568_reg[37]_i_1  | CARRY.others.CARRY4  |
    | grp_knn_distance_and_sort_fu_156/gmem_x_train_addr_8_reg_5568_reg[41]_i_1  | CARRY.others.CARRY4  |
    | grp_knn_distance_and_sort_fu_156/gmem_x_train_addr_8_reg_5568_reg[45]_i_1  | CARRY.others.CARRY4  |
    | grp_knn_distance_and_sort_fu_156/gmem_x_train_addr_8_reg_5568_reg[49]_i_1  | CARRY.others.CARRY4  |
    | grp_knn_distance_and_sort_fu_156/gmem_x_train_addr_8_reg_5568_reg[53]_i_1  | CARRY.others.CARRY4  |
    | grp_knn_distance_and_sort_fu_156/gmem_x_train_addr_8_reg_5568_reg[57]_i_1  | CARRY.others.CARRY4  |
    | grp_knn_distance_and_sort_fu_156/gmem_x_train_addr_8_reg_5568_reg[62]_i_1  | CARRY.others.CARRY4  |
    | grp_knn_distance_and_sort_fu_156/gmem_x_train_addr_8_reg_5568_reg[62]      | FLOP_LATCH.flop.FDRE |
    +----------------------------------------------------------------------------+----------------------+

    +----------------------------------------------------------------------------+----------------------+
    | Path4 Cells                                                                | Primitive Type       |
    +----------------------------------------------------------------------------+----------------------+
    | grp_knn_distance_and_sort_fu_156/phi_mul486_fu_260_reg[7]                  | FLOP_LATCH.flop.FDRE |
    | grp_knn_distance_and_sort_fu_156/gmem_x_train_addr_38_reg_6341[9]_i_3      | LUT.others.LUT5      |
    | grp_knn_distance_and_sort_fu_156/gmem_x_train_addr_38_reg_6341_reg[9]_i_1  | CARRY.others.CARRY4  |
    | grp_knn_distance_and_sort_fu_156/gmem_x_train_addr_38_reg_6341_reg[13]_i_1 | CARRY.others.CARRY4  |
    | grp_knn_distance_and_sort_fu_156/gmem_x_train_addr_38_reg_6341_reg[17]_i_1 | CARRY.others.CARRY4  |
    | grp_knn_distance_and_sort_fu_156/gmem_x_train_addr_38_reg_6341_reg[21]_i_1 | CARRY.others.CARRY4  |
    | grp_knn_distance_and_sort_fu_156/gmem_x_train_addr_38_reg_6341_reg[25]_i_1 | CARRY.others.CARRY4  |
    | grp_knn_distance_and_sort_fu_156/gmem_x_train_addr_38_reg_6341_reg[29]_i_1 | CARRY.others.CARRY4  |
    | grp_knn_distance_and_sort_fu_156/gmem_x_train_addr_38_reg_6341_reg[33]_i_1 | CARRY.others.CARRY4  |
    | grp_knn_distance_and_sort_fu_156/gmem_x_train_addr_38_reg_6341_reg[37]_i_1 | CARRY.others.CARRY4  |
    | grp_knn_distance_and_sort_fu_156/gmem_x_train_addr_38_reg_6341_reg[41]_i_1 | CARRY.others.CARRY4  |
    | grp_knn_distance_and_sort_fu_156/gmem_x_train_addr_38_reg_6341_reg[45]_i_1 | CARRY.others.CARRY4  |
    | grp_knn_distance_and_sort_fu_156/gmem_x_train_addr_38_reg_6341_reg[49]_i_1 | CARRY.others.CARRY4  |
    | grp_knn_distance_and_sort_fu_156/gmem_x_train_addr_38_reg_6341_reg[53]_i_1 | CARRY.others.CARRY4  |
    | grp_knn_distance_and_sort_fu_156/gmem_x_train_addr_38_reg_6341_reg[57]_i_1 | CARRY.others.CARRY4  |
    | grp_knn_distance_and_sort_fu_156/gmem_x_train_addr_38_reg_6341_reg[62]_i_1 | CARRY.others.CARRY4  |
    | grp_knn_distance_and_sort_fu_156/gmem_x_train_addr_38_reg_6341_reg[59]     | FLOP_LATCH.flop.FDRE |
    | grp_knn_distance_and_sort_fu_156/phi_mul486_fu_260_reg[7]                  | FLOP_LATCH.flop.FDRE |
    | grp_knn_distance_and_sort_fu_156/gmem_x_train_addr_38_reg_6341[9]_i_3      | LUT.others.LUT5      |
    | grp_knn_distance_and_sort_fu_156/gmem_x_train_addr_38_reg_6341_reg[9]_i_1  | CARRY.others.CARRY4  |
    | grp_knn_distance_and_sort_fu_156/gmem_x_train_addr_38_reg_6341_reg[13]_i_1 | CARRY.others.CARRY4  |
    | grp_knn_distance_and_sort_fu_156/gmem_x_train_addr_38_reg_6341_reg[17]_i_1 | CARRY.others.CARRY4  |
    | grp_knn_distance_and_sort_fu_156/gmem_x_train_addr_38_reg_6341_reg[21]_i_1 | CARRY.others.CARRY4  |
    | grp_knn_distance_and_sort_fu_156/gmem_x_train_addr_38_reg_6341_reg[25]_i_1 | CARRY.others.CARRY4  |
    | grp_knn_distance_and_sort_fu_156/gmem_x_train_addr_38_reg_6341_reg[29]_i_1 | CARRY.others.CARRY4  |
    | grp_knn_distance_and_sort_fu_156/gmem_x_train_addr_38_reg_6341_reg[33]_i_1 | CARRY.others.CARRY4  |
    | grp_knn_distance_and_sort_fu_156/gmem_x_train_addr_38_reg_6341_reg[37]_i_1 | CARRY.others.CARRY4  |
    | grp_knn_distance_and_sort_fu_156/gmem_x_train_addr_38_reg_6341_reg[41]_i_1 | CARRY.others.CARRY4  |
    | grp_knn_distance_and_sort_fu_156/gmem_x_train_addr_38_reg_6341_reg[45]_i_1 | CARRY.others.CARRY4  |
    | grp_knn_distance_and_sort_fu_156/gmem_x_train_addr_38_reg_6341_reg[49]_i_1 | CARRY.others.CARRY4  |
    | grp_knn_distance_and_sort_fu_156/gmem_x_train_addr_38_reg_6341_reg[53]_i_1 | CARRY.others.CARRY4  |
    | grp_knn_distance_and_sort_fu_156/gmem_x_train_addr_38_reg_6341_reg[57]_i_1 | CARRY.others.CARRY4  |
    | grp_knn_distance_and_sort_fu_156/gmem_x_train_addr_38_reg_6341_reg[62]_i_1 | CARRY.others.CARRY4  |
    | grp_knn_distance_and_sort_fu_156/gmem_x_train_addr_38_reg_6341_reg[62]     | FLOP_LATCH.flop.FDRE |
    | X_train_read_reg_277_reg[28]                                               | FLOP_LATCH.flop.FDRE |
    | grp_knn_distance_and_sort_fu_156/gmem_x_train_addr_8_reg_5568_reg[29]_i_1  | CARRY.others.CARRY4  |
    | grp_knn_distance_and_sort_fu_156/gmem_x_train_addr_8_reg_5568_reg[33]_i_1  | CARRY.others.CARRY4  |
    | grp_knn_distance_and_sort_fu_156/gmem_x_train_addr_8_reg_5568_reg[37]_i_1  | CARRY.others.CARRY4  |
    | grp_knn_distance_and_sort_fu_156/gmem_x_train_addr_8_reg_5568_reg[41]_i_1  | CARRY.others.CARRY4  |
    | grp_knn_distance_and_sort_fu_156/gmem_x_train_addr_8_reg_5568_reg[45]_i_1  | CARRY.others.CARRY4  |
    | grp_knn_distance_and_sort_fu_156/gmem_x_train_addr_8_reg_5568_reg[49]_i_1  | CARRY.others.CARRY4  |
    | grp_knn_distance_and_sort_fu_156/gmem_x_train_addr_8_reg_5568_reg[53]_i_1  | CARRY.others.CARRY4  |
    | grp_knn_distance_and_sort_fu_156/gmem_x_train_addr_8_reg_5568_reg[57]_i_1  | CARRY.others.CARRY4  |
    | grp_knn_distance_and_sort_fu_156/gmem_x_train_addr_8_reg_5568_reg[62]_i_1  | CARRY.others.CARRY4  |
    | grp_knn_distance_and_sort_fu_156/gmem_x_train_addr_8_reg_5568_reg[59]      | FLOP_LATCH.flop.FDRE |
    | grp_knn_distance_and_sort_fu_156/phi_mul486_fu_260_reg[7]                  | FLOP_LATCH.flop.FDRE |
    | grp_knn_distance_and_sort_fu_156/gmem_x_train_addr_38_reg_6341[9]_i_3      | LUT.others.LUT5      |
    | grp_knn_distance_and_sort_fu_156/gmem_x_train_addr_38_reg_6341_reg[9]_i_1  | CARRY.others.CARRY4  |
    | grp_knn_distance_and_sort_fu_156/gmem_x_train_addr_38_reg_6341_reg[13]_i_1 | CARRY.others.CARRY4  |
    | grp_knn_distance_and_sort_fu_156/gmem_x_train_addr_38_reg_6341_reg[17]_i_1 | CARRY.others.CARRY4  |
    | grp_knn_distance_and_sort_fu_156/gmem_x_train_addr_38_reg_6341_reg[21]_i_1 | CARRY.others.CARRY4  |
    | grp_knn_distance_and_sort_fu_156/gmem_x_train_addr_38_reg_6341_reg[25]_i_1 | CARRY.others.CARRY4  |
    | grp_knn_distance_and_sort_fu_156/gmem_x_train_addr_38_reg_6341_reg[29]_i_1 | CARRY.others.CARRY4  |
    | grp_knn_distance_and_sort_fu_156/gmem_x_train_addr_38_reg_6341_reg[33]_i_1 | CARRY.others.CARRY4  |
    | grp_knn_distance_and_sort_fu_156/gmem_x_train_addr_38_reg_6341_reg[37]_i_1 | CARRY.others.CARRY4  |
    | grp_knn_distance_and_sort_fu_156/gmem_x_train_addr_38_reg_6341_reg[41]_i_1 | CARRY.others.CARRY4  |
    | grp_knn_distance_and_sort_fu_156/gmem_x_train_addr_38_reg_6341_reg[45]_i_1 | CARRY.others.CARRY4  |
    | grp_knn_distance_and_sort_fu_156/gmem_x_train_addr_38_reg_6341_reg[49]_i_1 | CARRY.others.CARRY4  |
    | grp_knn_distance_and_sort_fu_156/gmem_x_train_addr_38_reg_6341_reg[53]_i_1 | CARRY.others.CARRY4  |
    | grp_knn_distance_and_sort_fu_156/gmem_x_train_addr_38_reg_6341_reg[57]_i_1 | CARRY.others.CARRY4  |
    | grp_knn_distance_and_sort_fu_156/gmem_x_train_addr_38_reg_6341_reg[62]_i_1 | CARRY.others.CARRY4  |
    | grp_knn_distance_and_sort_fu_156/gmem_x_train_addr_38_reg_6341_reg[60]     | FLOP_LATCH.flop.FDRE |
    | X_train_read_reg_277_reg[28]                                               | FLOP_LATCH.flop.FDRE |
    | grp_knn_distance_and_sort_fu_156/gmem_x_train_addr_8_reg_5568_reg[29]_i_1  | CARRY.others.CARRY4  |
    | grp_knn_distance_and_sort_fu_156/gmem_x_train_addr_8_reg_5568_reg[33]_i_1  | CARRY.others.CARRY4  |
    | grp_knn_distance_and_sort_fu_156/gmem_x_train_addr_8_reg_5568_reg[37]_i_1  | CARRY.others.CARRY4  |
    | grp_knn_distance_and_sort_fu_156/gmem_x_train_addr_8_reg_5568_reg[41]_i_1  | CARRY.others.CARRY4  |
    | grp_knn_distance_and_sort_fu_156/gmem_x_train_addr_8_reg_5568_reg[45]_i_1  | CARRY.others.CARRY4  |
    | grp_knn_distance_and_sort_fu_156/gmem_x_train_addr_8_reg_5568_reg[49]_i_1  | CARRY.others.CARRY4  |
    | grp_knn_distance_and_sort_fu_156/gmem_x_train_addr_8_reg_5568_reg[53]_i_1  | CARRY.others.CARRY4  |
    | grp_knn_distance_and_sort_fu_156/gmem_x_train_addr_8_reg_5568_reg[57]_i_1  | CARRY.others.CARRY4  |
    | grp_knn_distance_and_sort_fu_156/gmem_x_train_addr_8_reg_5568_reg[62]_i_1  | CARRY.others.CARRY4  |
    | grp_knn_distance_and_sort_fu_156/gmem_x_train_addr_8_reg_5568_reg[62]      | FLOP_LATCH.flop.FDRE |
    +----------------------------------------------------------------------------+----------------------+

    +----------------------------------------------------------------------------+----------------------+
    | Path5 Cells                                                                | Primitive Type       |
    +----------------------------------------------------------------------------+----------------------+
    | grp_knn_distance_and_sort_fu_156/phi_mul486_fu_260_reg[7]                  | FLOP_LATCH.flop.FDRE |
    | grp_knn_distance_and_sort_fu_156/gmem_x_train_addr_38_reg_6341[9]_i_3      | LUT.others.LUT5      |
    | grp_knn_distance_and_sort_fu_156/gmem_x_train_addr_38_reg_6341_reg[9]_i_1  | CARRY.others.CARRY4  |
    | grp_knn_distance_and_sort_fu_156/gmem_x_train_addr_38_reg_6341_reg[13]_i_1 | CARRY.others.CARRY4  |
    | grp_knn_distance_and_sort_fu_156/gmem_x_train_addr_38_reg_6341_reg[17]_i_1 | CARRY.others.CARRY4  |
    | grp_knn_distance_and_sort_fu_156/gmem_x_train_addr_38_reg_6341_reg[21]_i_1 | CARRY.others.CARRY4  |
    | grp_knn_distance_and_sort_fu_156/gmem_x_train_addr_38_reg_6341_reg[25]_i_1 | CARRY.others.CARRY4  |
    | grp_knn_distance_and_sort_fu_156/gmem_x_train_addr_38_reg_6341_reg[29]_i_1 | CARRY.others.CARRY4  |
    | grp_knn_distance_and_sort_fu_156/gmem_x_train_addr_38_reg_6341_reg[33]_i_1 | CARRY.others.CARRY4  |
    | grp_knn_distance_and_sort_fu_156/gmem_x_train_addr_38_reg_6341_reg[37]_i_1 | CARRY.others.CARRY4  |
    | grp_knn_distance_and_sort_fu_156/gmem_x_train_addr_38_reg_6341_reg[41]_i_1 | CARRY.others.CARRY4  |
    | grp_knn_distance_and_sort_fu_156/gmem_x_train_addr_38_reg_6341_reg[45]_i_1 | CARRY.others.CARRY4  |
    | grp_knn_distance_and_sort_fu_156/gmem_x_train_addr_38_reg_6341_reg[49]_i_1 | CARRY.others.CARRY4  |
    | grp_knn_distance_and_sort_fu_156/gmem_x_train_addr_38_reg_6341_reg[53]_i_1 | CARRY.others.CARRY4  |
    | grp_knn_distance_and_sort_fu_156/gmem_x_train_addr_38_reg_6341_reg[57]_i_1 | CARRY.others.CARRY4  |
    | grp_knn_distance_and_sort_fu_156/gmem_x_train_addr_38_reg_6341_reg[62]_i_1 | CARRY.others.CARRY4  |
    | grp_knn_distance_and_sort_fu_156/gmem_x_train_addr_38_reg_6341_reg[59]     | FLOP_LATCH.flop.FDRE |
    | grp_knn_distance_and_sort_fu_156/phi_mul486_fu_260_reg[7]                  | FLOP_LATCH.flop.FDRE |
    | grp_knn_distance_and_sort_fu_156/gmem_x_train_addr_38_reg_6341[9]_i_3      | LUT.others.LUT5      |
    | grp_knn_distance_and_sort_fu_156/gmem_x_train_addr_38_reg_6341_reg[9]_i_1  | CARRY.others.CARRY4  |
    | grp_knn_distance_and_sort_fu_156/gmem_x_train_addr_38_reg_6341_reg[13]_i_1 | CARRY.others.CARRY4  |
    | grp_knn_distance_and_sort_fu_156/gmem_x_train_addr_38_reg_6341_reg[17]_i_1 | CARRY.others.CARRY4  |
    | grp_knn_distance_and_sort_fu_156/gmem_x_train_addr_38_reg_6341_reg[21]_i_1 | CARRY.others.CARRY4  |
    | grp_knn_distance_and_sort_fu_156/gmem_x_train_addr_38_reg_6341_reg[25]_i_1 | CARRY.others.CARRY4  |
    | grp_knn_distance_and_sort_fu_156/gmem_x_train_addr_38_reg_6341_reg[29]_i_1 | CARRY.others.CARRY4  |
    | grp_knn_distance_and_sort_fu_156/gmem_x_train_addr_38_reg_6341_reg[33]_i_1 | CARRY.others.CARRY4  |
    | grp_knn_distance_and_sort_fu_156/gmem_x_train_addr_38_reg_6341_reg[37]_i_1 | CARRY.others.CARRY4  |
    | grp_knn_distance_and_sort_fu_156/gmem_x_train_addr_38_reg_6341_reg[41]_i_1 | CARRY.others.CARRY4  |
    | grp_knn_distance_and_sort_fu_156/gmem_x_train_addr_38_reg_6341_reg[45]_i_1 | CARRY.others.CARRY4  |
    | grp_knn_distance_and_sort_fu_156/gmem_x_train_addr_38_reg_6341_reg[49]_i_1 | CARRY.others.CARRY4  |
    | grp_knn_distance_and_sort_fu_156/gmem_x_train_addr_38_reg_6341_reg[53]_i_1 | CARRY.others.CARRY4  |
    | grp_knn_distance_and_sort_fu_156/gmem_x_train_addr_38_reg_6341_reg[57]_i_1 | CARRY.others.CARRY4  |
    | grp_knn_distance_and_sort_fu_156/gmem_x_train_addr_38_reg_6341_reg[62]_i_1 | CARRY.others.CARRY4  |
    | grp_knn_distance_and_sort_fu_156/gmem_x_train_addr_38_reg_6341_reg[62]     | FLOP_LATCH.flop.FDRE |
    | X_train_read_reg_277_reg[28]                                               | FLOP_LATCH.flop.FDRE |
    | grp_knn_distance_and_sort_fu_156/gmem_x_train_addr_8_reg_5568_reg[29]_i_1  | CARRY.others.CARRY4  |
    | grp_knn_distance_and_sort_fu_156/gmem_x_train_addr_8_reg_5568_reg[33]_i_1  | CARRY.others.CARRY4  |
    | grp_knn_distance_and_sort_fu_156/gmem_x_train_addr_8_reg_5568_reg[37]_i_1  | CARRY.others.CARRY4  |
    | grp_knn_distance_and_sort_fu_156/gmem_x_train_addr_8_reg_5568_reg[41]_i_1  | CARRY.others.CARRY4  |
    | grp_knn_distance_and_sort_fu_156/gmem_x_train_addr_8_reg_5568_reg[45]_i_1  | CARRY.others.CARRY4  |
    | grp_knn_distance_and_sort_fu_156/gmem_x_train_addr_8_reg_5568_reg[49]_i_1  | CARRY.others.CARRY4  |
    | grp_knn_distance_and_sort_fu_156/gmem_x_train_addr_8_reg_5568_reg[53]_i_1  | CARRY.others.CARRY4  |
    | grp_knn_distance_and_sort_fu_156/gmem_x_train_addr_8_reg_5568_reg[57]_i_1  | CARRY.others.CARRY4  |
    | grp_knn_distance_and_sort_fu_156/gmem_x_train_addr_8_reg_5568_reg[62]_i_1  | CARRY.others.CARRY4  |
    | grp_knn_distance_and_sort_fu_156/gmem_x_train_addr_8_reg_5568_reg[59]      | FLOP_LATCH.flop.FDRE |
    | grp_knn_distance_and_sort_fu_156/phi_mul486_fu_260_reg[7]                  | FLOP_LATCH.flop.FDRE |
    | grp_knn_distance_and_sort_fu_156/gmem_x_train_addr_38_reg_6341[9]_i_3      | LUT.others.LUT5      |
    | grp_knn_distance_and_sort_fu_156/gmem_x_train_addr_38_reg_6341_reg[9]_i_1  | CARRY.others.CARRY4  |
    | grp_knn_distance_and_sort_fu_156/gmem_x_train_addr_38_reg_6341_reg[13]_i_1 | CARRY.others.CARRY4  |
    | grp_knn_distance_and_sort_fu_156/gmem_x_train_addr_38_reg_6341_reg[17]_i_1 | CARRY.others.CARRY4  |
    | grp_knn_distance_and_sort_fu_156/gmem_x_train_addr_38_reg_6341_reg[21]_i_1 | CARRY.others.CARRY4  |
    | grp_knn_distance_and_sort_fu_156/gmem_x_train_addr_38_reg_6341_reg[25]_i_1 | CARRY.others.CARRY4  |
    | grp_knn_distance_and_sort_fu_156/gmem_x_train_addr_38_reg_6341_reg[29]_i_1 | CARRY.others.CARRY4  |
    | grp_knn_distance_and_sort_fu_156/gmem_x_train_addr_38_reg_6341_reg[33]_i_1 | CARRY.others.CARRY4  |
    | grp_knn_distance_and_sort_fu_156/gmem_x_train_addr_38_reg_6341_reg[37]_i_1 | CARRY.others.CARRY4  |
    | grp_knn_distance_and_sort_fu_156/gmem_x_train_addr_38_reg_6341_reg[41]_i_1 | CARRY.others.CARRY4  |
    | grp_knn_distance_and_sort_fu_156/gmem_x_train_addr_38_reg_6341_reg[45]_i_1 | CARRY.others.CARRY4  |
    | grp_knn_distance_and_sort_fu_156/gmem_x_train_addr_38_reg_6341_reg[49]_i_1 | CARRY.others.CARRY4  |
    | grp_knn_distance_and_sort_fu_156/gmem_x_train_addr_38_reg_6341_reg[53]_i_1 | CARRY.others.CARRY4  |
    | grp_knn_distance_and_sort_fu_156/gmem_x_train_addr_38_reg_6341_reg[57]_i_1 | CARRY.others.CARRY4  |
    | grp_knn_distance_and_sort_fu_156/gmem_x_train_addr_38_reg_6341_reg[62]_i_1 | CARRY.others.CARRY4  |
    | grp_knn_distance_and_sort_fu_156/gmem_x_train_addr_38_reg_6341_reg[60]     | FLOP_LATCH.flop.FDRE |
    | X_train_read_reg_277_reg[28]                                               | FLOP_LATCH.flop.FDRE |
    | grp_knn_distance_and_sort_fu_156/gmem_x_train_addr_8_reg_5568_reg[29]_i_1  | CARRY.others.CARRY4  |
    | grp_knn_distance_and_sort_fu_156/gmem_x_train_addr_8_reg_5568_reg[33]_i_1  | CARRY.others.CARRY4  |
    | grp_knn_distance_and_sort_fu_156/gmem_x_train_addr_8_reg_5568_reg[37]_i_1  | CARRY.others.CARRY4  |
    | grp_knn_distance_and_sort_fu_156/gmem_x_train_addr_8_reg_5568_reg[41]_i_1  | CARRY.others.CARRY4  |
    | grp_knn_distance_and_sort_fu_156/gmem_x_train_addr_8_reg_5568_reg[45]_i_1  | CARRY.others.CARRY4  |
    | grp_knn_distance_and_sort_fu_156/gmem_x_train_addr_8_reg_5568_reg[49]_i_1  | CARRY.others.CARRY4  |
    | grp_knn_distance_and_sort_fu_156/gmem_x_train_addr_8_reg_5568_reg[53]_i_1  | CARRY.others.CARRY4  |
    | grp_knn_distance_and_sort_fu_156/gmem_x_train_addr_8_reg_5568_reg[57]_i_1  | CARRY.others.CARRY4  |
    | grp_knn_distance_and_sort_fu_156/gmem_x_train_addr_8_reg_5568_reg[62]_i_1  | CARRY.others.CARRY4  |
    | grp_knn_distance_and_sort_fu_156/gmem_x_train_addr_8_reg_5568_reg[62]      | FLOP_LATCH.flop.FDRE |
    +----------------------------------------------------------------------------+----------------------+


================================================================
== Place & Route Vivado Reports
================================================================
+--------------------------+-------------------------------------------------------------------------+
| Report Type              | Report Location                                                         |
+--------------------------+-------------------------------------------------------------------------+
| design_analysis          | impl/verilog/report/knn_accelerator_design_analysis_routed.rpt          |
| failfast                 | impl/verilog/report/knn_accelerator_failfast_routed.rpt                 |
| power                    | impl/verilog/report/knn_accelerator_power_routed.rpt                    |
| status                   | impl/verilog/report/knn_accelerator_status_routed.rpt                   |
| timing                   | impl/verilog/report/knn_accelerator_timing_routed.rpt                   |
| timing_paths             | impl/verilog/report/knn_accelerator_timing_paths_routed.rpt             |
| utilization              | impl/verilog/report/knn_accelerator_utilization_routed.rpt              |
| utilization_hierarchical | impl/verilog/report/knn_accelerator_utilization_hierarchical_routed.rpt |
+--------------------------+-------------------------------------------------------------------------+


