================================================================
== Vivado RTL Synthesis Results
================================================================
+ General Information:
    * Date:            Sun Mar 22 18:04:15 -0700 2026
    * Version:         2025.1 (Build 6135595 on May 21 2025)
    * Project:         knn_accelerator
    * Solution:        hls (Vivado IP Flow Target)
    * Product family:  zynq
    * Target device:   xc7z020-clg400-1


================================================================
== Run Constraints & Options
================================================================
+ Design Constraints & Options:
    * RTL Synthesis target clock:  10 ns
    * C-Synthesis uncertainty:     27%

+ RTL Synthesis Options:
    * config_export -vivado_synth_strategy:     default
    * config_export -vivado_synth_design_args:  -directive sdx_optimization_effort_high

+ Reporting Options:
    * config_export -vivado_report_level:      2
    * config_export -vivado_max_timing_paths:  10


================================================================
== RTL Synthesis Resource Summary
================================================================
LUT:              4302
FF:               6053
DSP:              8
BRAM:             3
URAM:             0
SRL:              398


================================================================
== RTL Synthesis Timing Summary
================================================================
* Timing was met
+----------------+-------------+
| Timing         | Period (ns) |
+----------------+-------------+
| Target         | 10.000      |
| Post-Synthesis | 5.773       |
+----------------+-------------+


================================================================
== RTL Synthesis Resources
================================================================
+----------------------------------------+------+------+-----+------+------+-----+--------+------+---------+----------+--------+
| Name                                   | LUT  | FF   | DSP | BRAM | URAM | SRL | Pragma | Impl | Latency | Variable | Source |
+----------------------------------------+------+------+-----+------+------+-----+--------+------+---------+----------+--------+
| inst                                   | 4302 | 6053 | 8   | 3    |      |     |        |      |         |          |        |
|   (inst)                               | 13   | 305  |     |      |      |     |        |      |         |          |        |
|   control_r_s_axi_U                    | 211  | 297  |     |      |      |     |        |      |         |          |        |
|   control_s_axi_U                      |      |      |     |      |      |     |        |      |         |          |        |
|   gmem_x_test_m_axi_U                  | 506  | 756  |     | 1    |      |     |        |      |         |          |        |
|   gmem_x_train_m_axi_U                 | 499  | 742  |     | 1    |      |     |        |      |         |          |        |
|   gmem_y_test_m_axi_U                  | 909  | 1175 |     |      |      |     |        |      |         |          |        |
|   gmem_y_train_m_axi_U                 | 610  | 836  |     | 1    |      |     |        |      |         |          |        |
|   grp_knn_distance_and_sort_fu_172     | 1398 | 1845 | 8   |      |      |     |        |      |         |          |        |
|     (grp_knn_distance_and_sort_fu_172) | 872  | 1550 |     |      |      |     |        |      |         |          |        |
|     mul_28s_28s_56_3_1_U10             | 99   | 18   | 4   |      |      |     |        |      |         |          |        |
|     mul_28s_28s_56_3_1_U11             |      |      |     |      |      |     |        |      |         |          |        |
|     test_local_1_U                     | 56   | 28   |     |      |      |     |        |      |         |          |        |
|     test_local_2_U                     | 56   | 28   |     |      |      |     |        |      |         |          |        |
|     test_local_3_U                     | 56   | 28   |     |      |      |     |        |      |         |          |        |
|     test_local_4_U                     | 56   | 28   |     |      |      |     |        |      |         |          |        |
|     test_local_5_U                     |      |      |     |      |      |     |        |      |         |          |        |
|     test_local_6_U                     |      |      |     |      |      |     |        |      |         |          |        |
|     test_local_U                       | 56   | 28   |     |      |      |     |        |      |         |          |        |
|   grp_knn_majority_vote_fu_189         | 128  | 72   |     |      |      |     |        |      |         |          |        |
+----------------------------------------+------+------+-----+------+------+-----+--------+------+---------+----------+--------+


================================================================
== RTL Synthesis Fail Fast
================================================================
+-----------------------------------------------------------+-----------+--------+--------+
| Criteria                                                  | Guideline | Actual | Status |
+-----------------------------------------------------------+-----------+--------+--------+
| LUT                                                       | 70%       | 8.09%  | OK     |
| FD                                                        | 50%       | 5.69%  | OK     |
| LUTRAM+SRL                                                | 25%       | 3.41%  | OK     |
| MUXF7                                                     | 15%       | 0.25%  | OK     |
| DSP                                                       | 80%       | 3.64%  | OK     |
| RAMB/FIFO                                                 | 80%       | 1.07%  | OK     |
| DSP+RAMB+URAM (Avg)                                       | 70%       | 2.35%  | OK     |
| BUFGCE* + BUFGCTRL                                        | 24        | 0      | OK     |
| DONT_TOUCH (cells/nets)                                   | 0         | 0      | OK     |
| MARK_DEBUG (nets)                                         | 0         | 0      | OK     |
| Control Sets                                              | 998       | 215    | OK     |
| Average Fanout for modules > 100k cells                   | 4         | 2.64   | OK     |
| Max Average Fanout for modules > 100k cells               | 4         | 0      | OK     |
| Non-FD high fanout nets > 10k loads                       | 0         | 0      | OK     |
+-----------------------------------------------------------+-----------+--------+--------+
| TIMING-6 (No common primary clock between related clocks) | 0         | 0      | OK     |
| TIMING-7 (No common node between related clocks)          | 0         | 0      | OK     |
| TIMING-8 (No common period between related clocks)        | 0         | 0      | OK     |
| TIMING-14 (LUT on the clock tree)                         | 0         | 0      | OK     |
| TIMING-35 (No common node in paths with the same clock)   | 0         | 0      | OK     |
+-----------------------------------------------------------+-----------+--------+--------+
| Number of paths above max LUT budgeting (0.575ns)         | 0         | 0      | OK     |
| Number of paths above max Net budgeting (0.403ns)         | 0         | 0      | OK     |
+-----------------------------------------------------------+-----------+--------+--------+


================================================================
== RTL Synthesis Timing Paths
================================================================
* Timing was met
+-------+-------+-------------------------------------------------------------------------+----------------------------------------------------------------------------+--------------+------------+----------------+----------------+--------------+
| Path  | SLACK | STARTPOINT PIN                                                          | ENDPOINT PIN                                                               | LOGIC LEVELS | MAX FANOUT | DATAPATH DELAY | DATAPATH LOGIC | DATAPATH NET |
|       |       |                                                                         |                                                                            |              |            |                |          DELAY |        DELAY |
+-------+-------+-------------------------------------------------------------------------+----------------------------------------------------------------------------+--------------+------------+----------------+----------------+--------------+
| Path1 | 4.227 | grp_knn_distance_and_sort_fu_172/j_reg_394_reg[1]/C                     | grp_knn_distance_and_sort_fu_172/gmem_x_train_addr_1_reg_1510_reg[60]/D    |           18 |         33 |          5.798 |          4.167 |        1.631 |
| Path2 | 4.227 | grp_knn_distance_and_sort_fu_172/j_reg_394_reg[1]/C                     | grp_knn_distance_and_sort_fu_172/gmem_x_train_addr_5_reg_1534_reg[60]/D    |           18 |         33 |          5.798 |          4.167 |        1.631 |
| Path3 | 4.233 | grp_knn_distance_and_sort_fu_172/j_reg_394_reg[0]/C                     | grp_knn_distance_and_sort_fu_172/gmem_x_train_addr_3_reg_1522_reg[60]/D    |           18 |         41 |          5.792 |          4.167 |        1.625 |
| Path4 | 4.255 | grp_knn_distance_and_sort_fu_172/mul_28s_28s_56_3_1_U10/tmp_product/CLK | grp_knn_distance_and_sort_fu_172/mul_28s_28s_56_3_1_U10/buff0_reg/PCIN[0]  |            0 |          1 |          4.261 |          4.206 |        0.055 |
| Path5 | 4.255 | grp_knn_distance_and_sort_fu_172/mul_28s_28s_56_3_1_U10/tmp_product/CLK | grp_knn_distance_and_sort_fu_172/mul_28s_28s_56_3_1_U10/buff0_reg/PCIN[10] |            0 |          1 |          4.261 |          4.206 |        0.055 |
+-------+-------+-------------------------------------------------------------------------+----------------------------------------------------------------------------+--------------+------------+----------------+----------------+--------------+

    +---------------------------------------------------------------------------+----------------------+
    | Path1 Cells                                                               | Primitive Type       |
    +---------------------------------------------------------------------------+----------------------+
    | grp_knn_distance_and_sort_fu_172/j_reg_394_reg[1]                         | FLOP_LATCH.flop.FDRE |
    | grp_knn_distance_and_sort_fu_172/gmem_x_train_addr_5_reg_1534[10]_i_8     | LUT.others.LUT2      |
    | grp_knn_distance_and_sort_fu_172/gmem_x_train_addr_1_reg_1510[10]_i_6     | LUT.others.LUT6      |
    | grp_knn_distance_and_sort_fu_172/gmem_x_train_addr_1_reg_1510_reg[10]_i_3 | CARRY.others.CARRY4  |
    | grp_knn_distance_and_sort_fu_172/gmem_x_train_addr_1_reg_1510[10]_i_5     | LUT.others.LUT2      |
    | grp_knn_distance_and_sort_fu_172/gmem_x_train_addr_1_reg_1510_reg[10]_i_1 | CARRY.others.CARRY4  |
    | grp_knn_distance_and_sort_fu_172/gmem_x_train_addr_1_reg_1510_reg[14]_i_1 | CARRY.others.CARRY4  |
    | grp_knn_distance_and_sort_fu_172/gmem_x_train_addr_1_reg_1510_reg[18]_i_1 | CARRY.others.CARRY4  |
    | grp_knn_distance_and_sort_fu_172/gmem_x_train_addr_1_reg_1510_reg[22]_i_1 | CARRY.others.CARRY4  |
    | grp_knn_distance_and_sort_fu_172/gmem_x_train_addr_1_reg_1510_reg[26]_i_1 | CARRY.others.CARRY4  |
    | grp_knn_distance_and_sort_fu_172/gmem_x_train_addr_1_reg_1510_reg[30]_i_1 | CARRY.others.CARRY4  |
    | grp_knn_distance_and_sort_fu_172/gmem_x_train_addr_1_reg_1510_reg[34]_i_1 | CARRY.others.CARRY4  |
    | grp_knn_distance_and_sort_fu_172/gmem_x_train_addr_1_reg_1510_reg[38]_i_1 | CARRY.others.CARRY4  |
    | grp_knn_distance_and_sort_fu_172/gmem_x_train_addr_1_reg_1510_reg[42]_i_1 | CARRY.others.CARRY4  |
    | grp_knn_distance_and_sort_fu_172/gmem_x_train_addr_1_reg_1510_reg[46]_i_1 | CARRY.others.CARRY4  |
    | grp_knn_distance_and_sort_fu_172/gmem_x_train_addr_1_reg_1510_reg[50]_i_1 | CARRY.others.CARRY4  |
    | grp_knn_distance_and_sort_fu_172/gmem_x_train_addr_1_reg_1510_reg[54]_i_1 | CARRY.others.CARRY4  |
    | grp_knn_distance_and_sort_fu_172/gmem_x_train_addr_1_reg_1510_reg[58]_i_1 | CARRY.others.CARRY4  |
    | grp_knn_distance_and_sort_fu_172/gmem_x_train_addr_1_reg_1510_reg[61]_i_1 | CARRY.others.CARRY4  |
    | grp_knn_distance_and_sort_fu_172/gmem_x_train_addr_1_reg_1510_reg[60]     | FLOP_LATCH.flop.FDRE |
    | grp_knn_distance_and_sort_fu_172/j_reg_394_reg[1]                         | FLOP_LATCH.flop.FDRE |
    | grp_knn_distance_and_sort_fu_172/gmem_x_train_addr_5_reg_1534[10]_i_8     | LUT.others.LUT2      |
    | grp_knn_distance_and_sort_fu_172/gmem_x_train_addr_5_reg_1534[10]_i_6     | LUT.others.LUT6      |
    | grp_knn_distance_and_sort_fu_172/gmem_x_train_addr_5_reg_1534_reg[10]_i_3 | CARRY.others.CARRY4  |
    | grp_knn_distance_and_sort_fu_172/gmem_x_train_addr_5_reg_1534[10]_i_5     | LUT.others.LUT2      |
    | grp_knn_distance_and_sort_fu_172/gmem_x_train_addr_5_reg_1534_reg[10]_i_1 | CARRY.others.CARRY4  |
    | grp_knn_distance_and_sort_fu_172/gmem_x_train_addr_5_reg_1534_reg[14]_i_1 | CARRY.others.CARRY4  |
    | grp_knn_distance_and_sort_fu_172/gmem_x_train_addr_5_reg_1534_reg[18]_i_1 | CARRY.others.CARRY4  |
    | grp_knn_distance_and_sort_fu_172/gmem_x_train_addr_5_reg_1534_reg[22]_i_1 | CARRY.others.CARRY4  |
    | grp_knn_distance_and_sort_fu_172/gmem_x_train_addr_5_reg_1534_reg[26]_i_1 | CARRY.others.CARRY4  |
    | grp_knn_distance_and_sort_fu_172/gmem_x_train_addr_5_reg_1534_reg[30]_i_1 | CARRY.others.CARRY4  |
    | grp_knn_distance_and_sort_fu_172/gmem_x_train_addr_5_reg_1534_reg[34]_i_1 | CARRY.others.CARRY4  |
    | grp_knn_distance_and_sort_fu_172/gmem_x_train_addr_5_reg_1534_reg[38]_i_1 | CARRY.others.CARRY4  |
    | grp_knn_distance_and_sort_fu_172/gmem_x_train_addr_5_reg_1534_reg[42]_i_1 | CARRY.others.CARRY4  |
    | grp_knn_distance_and_sort_fu_172/gmem_x_train_addr_5_reg_1534_reg[46]_i_1 | CARRY.others.CARRY4  |
    | grp_knn_distance_and_sort_fu_172/gmem_x_train_addr_5_reg_1534_reg[50]_i_1 | CARRY.others.CARRY4  |
    | grp_knn_distance_and_sort_fu_172/gmem_x_train_addr_5_reg_1534_reg[54]_i_1 | CARRY.others.CARRY4  |
    | grp_knn_distance_and_sort_fu_172/gmem_x_train_addr_5_reg_1534_reg[58]_i_1 | CARRY.others.CARRY4  |
    | grp_knn_distance_and_sort_fu_172/gmem_x_train_addr_5_reg_1534_reg[61]_i_1 | CARRY.others.CARRY4  |
    | grp_knn_distance_and_sort_fu_172/gmem_x_train_addr_5_reg_1534_reg[60]     | FLOP_LATCH.flop.FDRE |
    | grp_knn_distance_and_sort_fu_172/j_reg_394_reg[0]                         | FLOP_LATCH.flop.FDRE |
    | grp_knn_distance_and_sort_fu_172/gmem_x_train_addr_3_reg_1522[10]_i_8     | LUT.others.LUT2      |
    | grp_knn_distance_and_sort_fu_172/gmem_x_train_addr_3_reg_1522[10]_i_6     | LUT.others.LUT6      |
    | grp_knn_distance_and_sort_fu_172/gmem_x_train_addr_3_reg_1522_reg[10]_i_3 | CARRY.others.CARRY4  |
    | grp_knn_distance_and_sort_fu_172/gmem_x_train_addr_3_reg_1522[10]_i_5     | LUT.others.LUT2      |
    | grp_knn_distance_and_sort_fu_172/gmem_x_train_addr_3_reg_1522_reg[10]_i_1 | CARRY.others.CARRY4  |
    | grp_knn_distance_and_sort_fu_172/gmem_x_train_addr_3_reg_1522_reg[14]_i_1 | CARRY.others.CARRY4  |
    | grp_knn_distance_and_sort_fu_172/gmem_x_train_addr_3_reg_1522_reg[18]_i_1 | CARRY.others.CARRY4  |
    | grp_knn_distance_and_sort_fu_172/gmem_x_train_addr_3_reg_1522_reg[22]_i_1 | CARRY.others.CARRY4  |
    | grp_knn_distance_and_sort_fu_172/gmem_x_train_addr_3_reg_1522_reg[26]_i_1 | CARRY.others.CARRY4  |
    | grp_knn_distance_and_sort_fu_172/gmem_x_train_addr_3_reg_1522_reg[30]_i_1 | CARRY.others.CARRY4  |
    | grp_knn_distance_and_sort_fu_172/gmem_x_train_addr_3_reg_1522_reg[34]_i_1 | CARRY.others.CARRY4  |
    | grp_knn_distance_and_sort_fu_172/gmem_x_train_addr_3_reg_1522_reg[38]_i_1 | CARRY.others.CARRY4  |
    | grp_knn_distance_and_sort_fu_172/gmem_x_train_addr_3_reg_1522_reg[42]_i_1 | CARRY.others.CARRY4  |
    | grp_knn_distance_and_sort_fu_172/gmem_x_train_addr_3_reg_1522_reg[46]_i_1 | CARRY.others.CARRY4  |
    | grp_knn_distance_and_sort_fu_172/gmem_x_train_addr_3_reg_1522_reg[50]_i_1 | CARRY.others.CARRY4  |
    | grp_knn_distance_and_sort_fu_172/gmem_x_train_addr_3_reg_1522_reg[54]_i_1 | CARRY.others.CARRY4  |
    | grp_knn_distance_and_sort_fu_172/gmem_x_train_addr_3_reg_1522_reg[58]_i_1 | CARRY.others.CARRY4  |
    | grp_knn_distance_and_sort_fu_172/gmem_x_train_addr_3_reg_1522_reg[61]_i_1 | CARRY.others.CARRY4  |
    | grp_knn_distance_and_sort_fu_172/gmem_x_train_addr_3_reg_1522_reg[60]     | FLOP_LATCH.flop.FDRE |
    | grp_knn_distance_and_sort_fu_172/mul_28s_28s_56_3_1_U10/tmp_product       | MULT.dsp.DSP48E1     |
    | grp_knn_distance_and_sort_fu_172/mul_28s_28s_56_3_1_U10/buff0_reg         | MULT.dsp.DSP48E1     |
    | grp_knn_distance_and_sort_fu_172/mul_28s_28s_56_3_1_U10/tmp_product       | MULT.dsp.DSP48E1     |
    | grp_knn_distance_and_sort_fu_172/mul_28s_28s_56_3_1_U10/buff0_reg         | MULT.dsp.DSP48E1     |
    +---------------------------------------------------------------------------+----------------------+

    +---------------------------------------------------------------------------+----------------------+
    | Path2 Cells                                                               | Primitive Type       |
    +---------------------------------------------------------------------------+----------------------+
    | grp_knn_distance_and_sort_fu_172/j_reg_394_reg[1]                         | FLOP_LATCH.flop.FDRE |
    | grp_knn_distance_and_sort_fu_172/gmem_x_train_addr_5_reg_1534[10]_i_8     | LUT.others.LUT2      |
    | grp_knn_distance_and_sort_fu_172/gmem_x_train_addr_1_reg_1510[10]_i_6     | LUT.others.LUT6      |
    | grp_knn_distance_and_sort_fu_172/gmem_x_train_addr_1_reg_1510_reg[10]_i_3 | CARRY.others.CARRY4  |
    | grp_knn_distance_and_sort_fu_172/gmem_x_train_addr_1_reg_1510[10]_i_5     | LUT.others.LUT2      |
    | grp_knn_distance_and_sort_fu_172/gmem_x_train_addr_1_reg_1510_reg[10]_i_1 | CARRY.others.CARRY4  |
    | grp_knn_distance_and_sort_fu_172/gmem_x_train_addr_1_reg_1510_reg[14]_i_1 | CARRY.others.CARRY4  |
    | grp_knn_distance_and_sort_fu_172/gmem_x_train_addr_1_reg_1510_reg[18]_i_1 | CARRY.others.CARRY4  |
    | grp_knn_distance_and_sort_fu_172/gmem_x_train_addr_1_reg_1510_reg[22]_i_1 | CARRY.others.CARRY4  |
    | grp_knn_distance_and_sort_fu_172/gmem_x_train_addr_1_reg_1510_reg[26]_i_1 | CARRY.others.CARRY4  |
    | grp_knn_distance_and_sort_fu_172/gmem_x_train_addr_1_reg_1510_reg[30]_i_1 | CARRY.others.CARRY4  |
    | grp_knn_distance_and_sort_fu_172/gmem_x_train_addr_1_reg_1510_reg[34]_i_1 | CARRY.others.CARRY4  |
    | grp_knn_distance_and_sort_fu_172/gmem_x_train_addr_1_reg_1510_reg[38]_i_1 | CARRY.others.CARRY4  |
    | grp_knn_distance_and_sort_fu_172/gmem_x_train_addr_1_reg_1510_reg[42]_i_1 | CARRY.others.CARRY4  |
    | grp_knn_distance_and_sort_fu_172/gmem_x_train_addr_1_reg_1510_reg[46]_i_1 | CARRY.others.CARRY4  |
    | grp_knn_distance_and_sort_fu_172/gmem_x_train_addr_1_reg_1510_reg[50]_i_1 | CARRY.others.CARRY4  |
    | grp_knn_distance_and_sort_fu_172/gmem_x_train_addr_1_reg_1510_reg[54]_i_1 | CARRY.others.CARRY4  |
    | grp_knn_distance_and_sort_fu_172/gmem_x_train_addr_1_reg_1510_reg[58]_i_1 | CARRY.others.CARRY4  |
    | grp_knn_distance_and_sort_fu_172/gmem_x_train_addr_1_reg_1510_reg[61]_i_1 | CARRY.others.CARRY4  |
    | grp_knn_distance_and_sort_fu_172/gmem_x_train_addr_1_reg_1510_reg[60]     | FLOP_LATCH.flop.FDRE |
    | grp_knn_distance_and_sort_fu_172/j_reg_394_reg[1]                         | FLOP_LATCH.flop.FDRE |
    | grp_knn_distance_and_sort_fu_172/gmem_x_train_addr_5_reg_1534[10]_i_8     | LUT.others.LUT2      |
    | grp_knn_distance_and_sort_fu_172/gmem_x_train_addr_5_reg_1534[10]_i_6     | LUT.others.LUT6      |
    | grp_knn_distance_and_sort_fu_172/gmem_x_train_addr_5_reg_1534_reg[10]_i_3 | CARRY.others.CARRY4  |
    | grp_knn_distance_and_sort_fu_172/gmem_x_train_addr_5_reg_1534[10]_i_5     | LUT.others.LUT2      |
    | grp_knn_distance_and_sort_fu_172/gmem_x_train_addr_5_reg_1534_reg[10]_i_1 | CARRY.others.CARRY4  |
    | grp_knn_distance_and_sort_fu_172/gmem_x_train_addr_5_reg_1534_reg[14]_i_1 | CARRY.others.CARRY4  |
    | grp_knn_distance_and_sort_fu_172/gmem_x_train_addr_5_reg_1534_reg[18]_i_1 | CARRY.others.CARRY4  |
    | grp_knn_distance_and_sort_fu_172/gmem_x_train_addr_5_reg_1534_reg[22]_i_1 | CARRY.others.CARRY4  |
    | grp_knn_distance_and_sort_fu_172/gmem_x_train_addr_5_reg_1534_reg[26]_i_1 | CARRY.others.CARRY4  |
    | grp_knn_distance_and_sort_fu_172/gmem_x_train_addr_5_reg_1534_reg[30]_i_1 | CARRY.others.CARRY4  |
    | grp_knn_distance_and_sort_fu_172/gmem_x_train_addr_5_reg_1534_reg[34]_i_1 | CARRY.others.CARRY4  |
    | grp_knn_distance_and_sort_fu_172/gmem_x_train_addr_5_reg_1534_reg[38]_i_1 | CARRY.others.CARRY4  |
    | grp_knn_distance_and_sort_fu_172/gmem_x_train_addr_5_reg_1534_reg[42]_i_1 | CARRY.others.CARRY4  |
    | grp_knn_distance_and_sort_fu_172/gmem_x_train_addr_5_reg_1534_reg[46]_i_1 | CARRY.others.CARRY4  |
    | grp_knn_distance_and_sort_fu_172/gmem_x_train_addr_5_reg_1534_reg[50]_i_1 | CARRY.others.CARRY4  |
    | grp_knn_distance_and_sort_fu_172/gmem_x_train_addr_5_reg_1534_reg[54]_i_1 | CARRY.others.CARRY4  |
    | grp_knn_distance_and_sort_fu_172/gmem_x_train_addr_5_reg_1534_reg[58]_i_1 | CARRY.others.CARRY4  |
    | grp_knn_distance_and_sort_fu_172/gmem_x_train_addr_5_reg_1534_reg[61]_i_1 | CARRY.others.CARRY4  |
    | grp_knn_distance_and_sort_fu_172/gmem_x_train_addr_5_reg_1534_reg[60]     | FLOP_LATCH.flop.FDRE |
    | grp_knn_distance_and_sort_fu_172/j_reg_394_reg[0]                         | FLOP_LATCH.flop.FDRE |
    | grp_knn_distance_and_sort_fu_172/gmem_x_train_addr_3_reg_1522[10]_i_8     | LUT.others.LUT2      |
    | grp_knn_distance_and_sort_fu_172/gmem_x_train_addr_3_reg_1522[10]_i_6     | LUT.others.LUT6      |
    | grp_knn_distance_and_sort_fu_172/gmem_x_train_addr_3_reg_1522_reg[10]_i_3 | CARRY.others.CARRY4  |
    | grp_knn_distance_and_sort_fu_172/gmem_x_train_addr_3_reg_1522[10]_i_5     | LUT.others.LUT2      |
    | grp_knn_distance_and_sort_fu_172/gmem_x_train_addr_3_reg_1522_reg[10]_i_1 | CARRY.others.CARRY4  |
    | grp_knn_distance_and_sort_fu_172/gmem_x_train_addr_3_reg_1522_reg[14]_i_1 | CARRY.others.CARRY4  |
    | grp_knn_distance_and_sort_fu_172/gmem_x_train_addr_3_reg_1522_reg[18]_i_1 | CARRY.others.CARRY4  |
    | grp_knn_distance_and_sort_fu_172/gmem_x_train_addr_3_reg_1522_reg[22]_i_1 | CARRY.others.CARRY4  |
    | grp_knn_distance_and_sort_fu_172/gmem_x_train_addr_3_reg_1522_reg[26]_i_1 | CARRY.others.CARRY4  |
    | grp_knn_distance_and_sort_fu_172/gmem_x_train_addr_3_reg_1522_reg[30]_i_1 | CARRY.others.CARRY4  |
    | grp_knn_distance_and_sort_fu_172/gmem_x_train_addr_3_reg_1522_reg[34]_i_1 | CARRY.others.CARRY4  |
    | grp_knn_distance_and_sort_fu_172/gmem_x_train_addr_3_reg_1522_reg[38]_i_1 | CARRY.others.CARRY4  |
    | grp_knn_distance_and_sort_fu_172/gmem_x_train_addr_3_reg_1522_reg[42]_i_1 | CARRY.others.CARRY4  |
    | grp_knn_distance_and_sort_fu_172/gmem_x_train_addr_3_reg_1522_reg[46]_i_1 | CARRY.others.CARRY4  |
    | grp_knn_distance_and_sort_fu_172/gmem_x_train_addr_3_reg_1522_reg[50]_i_1 | CARRY.others.CARRY4  |
    | grp_knn_distance_and_sort_fu_172/gmem_x_train_addr_3_reg_1522_reg[54]_i_1 | CARRY.others.CARRY4  |
    | grp_knn_distance_and_sort_fu_172/gmem_x_train_addr_3_reg_1522_reg[58]_i_1 | CARRY.others.CARRY4  |
    | grp_knn_distance_and_sort_fu_172/gmem_x_train_addr_3_reg_1522_reg[61]_i_1 | CARRY.others.CARRY4  |
    | grp_knn_distance_and_sort_fu_172/gmem_x_train_addr_3_reg_1522_reg[60]     | FLOP_LATCH.flop.FDRE |
    | grp_knn_distance_and_sort_fu_172/mul_28s_28s_56_3_1_U10/tmp_product       | MULT.dsp.DSP48E1     |
    | grp_knn_distance_and_sort_fu_172/mul_28s_28s_56_3_1_U10/buff0_reg         | MULT.dsp.DSP48E1     |
    | grp_knn_distance_and_sort_fu_172/mul_28s_28s_56_3_1_U10/tmp_product       | MULT.dsp.DSP48E1     |
    | grp_knn_distance_and_sort_fu_172/mul_28s_28s_56_3_1_U10/buff0_reg         | MULT.dsp.DSP48E1     |
    +---------------------------------------------------------------------------+----------------------+

    +---------------------------------------------------------------------------+----------------------+
    | Path3 Cells                                                               | Primitive Type       |
    +---------------------------------------------------------------------------+----------------------+
    | grp_knn_distance_and_sort_fu_172/j_reg_394_reg[1]                         | FLOP_LATCH.flop.FDRE |
    | grp_knn_distance_and_sort_fu_172/gmem_x_train_addr_5_reg_1534[10]_i_8     | LUT.others.LUT2      |
    | grp_knn_distance_and_sort_fu_172/gmem_x_train_addr_1_reg_1510[10]_i_6     | LUT.others.LUT6      |
    | grp_knn_distance_and_sort_fu_172/gmem_x_train_addr_1_reg_1510_reg[10]_i_3 | CARRY.others.CARRY4  |
    | grp_knn_distance_and_sort_fu_172/gmem_x_train_addr_1_reg_1510[10]_i_5     | LUT.others.LUT2      |
    | grp_knn_distance_and_sort_fu_172/gmem_x_train_addr_1_reg_1510_reg[10]_i_1 | CARRY.others.CARRY4  |
    | grp_knn_distance_and_sort_fu_172/gmem_x_train_addr_1_reg_1510_reg[14]_i_1 | CARRY.others.CARRY4  |
    | grp_knn_distance_and_sort_fu_172/gmem_x_train_addr_1_reg_1510_reg[18]_i_1 | CARRY.others.CARRY4  |
    | grp_knn_distance_and_sort_fu_172/gmem_x_train_addr_1_reg_1510_reg[22]_i_1 | CARRY.others.CARRY4  |
    | grp_knn_distance_and_sort_fu_172/gmem_x_train_addr_1_reg_1510_reg[26]_i_1 | CARRY.others.CARRY4  |
    | grp_knn_distance_and_sort_fu_172/gmem_x_train_addr_1_reg_1510_reg[30]_i_1 | CARRY.others.CARRY4  |
    | grp_knn_distance_and_sort_fu_172/gmem_x_train_addr_1_reg_1510_reg[34]_i_1 | CARRY.others.CARRY4  |
    | grp_knn_distance_and_sort_fu_172/gmem_x_train_addr_1_reg_1510_reg[38]_i_1 | CARRY.others.CARRY4  |
    | grp_knn_distance_and_sort_fu_172/gmem_x_train_addr_1_reg_1510_reg[42]_i_1 | CARRY.others.CARRY4  |
    | grp_knn_distance_and_sort_fu_172/gmem_x_train_addr_1_reg_1510_reg[46]_i_1 | CARRY.others.CARRY4  |
    | grp_knn_distance_and_sort_fu_172/gmem_x_train_addr_1_reg_1510_reg[50]_i_1 | CARRY.others.CARRY4  |
    | grp_knn_distance_and_sort_fu_172/gmem_x_train_addr_1_reg_1510_reg[54]_i_1 | CARRY.others.CARRY4  |
    | grp_knn_distance_and_sort_fu_172/gmem_x_train_addr_1_reg_1510_reg[58]_i_1 | CARRY.others.CARRY4  |
    | grp_knn_distance_and_sort_fu_172/gmem_x_train_addr_1_reg_1510_reg[61]_i_1 | CARRY.others.CARRY4  |
    | grp_knn_distance_and_sort_fu_172/gmem_x_train_addr_1_reg_1510_reg[60]     | FLOP_LATCH.flop.FDRE |
    | grp_knn_distance_and_sort_fu_172/j_reg_394_reg[1]                         | FLOP_LATCH.flop.FDRE |
    | grp_knn_distance_and_sort_fu_172/gmem_x_train_addr_5_reg_1534[10]_i_8     | LUT.others.LUT2      |
    | grp_knn_distance_and_sort_fu_172/gmem_x_train_addr_5_reg_1534[10]_i_6     | LUT.others.LUT6      |
    | grp_knn_distance_and_sort_fu_172/gmem_x_train_addr_5_reg_1534_reg[10]_i_3 | CARRY.others.CARRY4  |
    | grp_knn_distance_and_sort_fu_172/gmem_x_train_addr_5_reg_1534[10]_i_5     | LUT.others.LUT2      |
    | grp_knn_distance_and_sort_fu_172/gmem_x_train_addr_5_reg_1534_reg[10]_i_1 | CARRY.others.CARRY4  |
    | grp_knn_distance_and_sort_fu_172/gmem_x_train_addr_5_reg_1534_reg[14]_i_1 | CARRY.others.CARRY4  |
    | grp_knn_distance_and_sort_fu_172/gmem_x_train_addr_5_reg_1534_reg[18]_i_1 | CARRY.others.CARRY4  |
    | grp_knn_distance_and_sort_fu_172/gmem_x_train_addr_5_reg_1534_reg[22]_i_1 | CARRY.others.CARRY4  |
    | grp_knn_distance_and_sort_fu_172/gmem_x_train_addr_5_reg_1534_reg[26]_i_1 | CARRY.others.CARRY4  |
    | grp_knn_distance_and_sort_fu_172/gmem_x_train_addr_5_reg_1534_reg[30]_i_1 | CARRY.others.CARRY4  |
    | grp_knn_distance_and_sort_fu_172/gmem_x_train_addr_5_reg_1534_reg[34]_i_1 | CARRY.others.CARRY4  |
    | grp_knn_distance_and_sort_fu_172/gmem_x_train_addr_5_reg_1534_reg[38]_i_1 | CARRY.others.CARRY4  |
    | grp_knn_distance_and_sort_fu_172/gmem_x_train_addr_5_reg_1534_reg[42]_i_1 | CARRY.others.CARRY4  |
    | grp_knn_distance_and_sort_fu_172/gmem_x_train_addr_5_reg_1534_reg[46]_i_1 | CARRY.others.CARRY4  |
    | grp_knn_distance_and_sort_fu_172/gmem_x_train_addr_5_reg_1534_reg[50]_i_1 | CARRY.others.CARRY4  |
    | grp_knn_distance_and_sort_fu_172/gmem_x_train_addr_5_reg_1534_reg[54]_i_1 | CARRY.others.CARRY4  |
    | grp_knn_distance_and_sort_fu_172/gmem_x_train_addr_5_reg_1534_reg[58]_i_1 | CARRY.others.CARRY4  |
    | grp_knn_distance_and_sort_fu_172/gmem_x_train_addr_5_reg_1534_reg[61]_i_1 | CARRY.others.CARRY4  |
    | grp_knn_distance_and_sort_fu_172/gmem_x_train_addr_5_reg_1534_reg[60]     | FLOP_LATCH.flop.FDRE |
    | grp_knn_distance_and_sort_fu_172/j_reg_394_reg[0]                         | FLOP_LATCH.flop.FDRE |
    | grp_knn_distance_and_sort_fu_172/gmem_x_train_addr_3_reg_1522[10]_i_8     | LUT.others.LUT2      |
    | grp_knn_distance_and_sort_fu_172/gmem_x_train_addr_3_reg_1522[10]_i_6     | LUT.others.LUT6      |
    | grp_knn_distance_and_sort_fu_172/gmem_x_train_addr_3_reg_1522_reg[10]_i_3 | CARRY.others.CARRY4  |
    | grp_knn_distance_and_sort_fu_172/gmem_x_train_addr_3_reg_1522[10]_i_5     | LUT.others.LUT2      |
    | grp_knn_distance_and_sort_fu_172/gmem_x_train_addr_3_reg_1522_reg[10]_i_1 | CARRY.others.CARRY4  |
    | grp_knn_distance_and_sort_fu_172/gmem_x_train_addr_3_reg_1522_reg[14]_i_1 | CARRY.others.CARRY4  |
    | grp_knn_distance_and_sort_fu_172/gmem_x_train_addr_3_reg_1522_reg[18]_i_1 | CARRY.others.CARRY4  |
    | grp_knn_distance_and_sort_fu_172/gmem_x_train_addr_3_reg_1522_reg[22]_i_1 | CARRY.others.CARRY4  |
    | grp_knn_distance_and_sort_fu_172/gmem_x_train_addr_3_reg_1522_reg[26]_i_1 | CARRY.others.CARRY4  |
    | grp_knn_distance_and_sort_fu_172/gmem_x_train_addr_3_reg_1522_reg[30]_i_1 | CARRY.others.CARRY4  |
    | grp_knn_distance_and_sort_fu_172/gmem_x_train_addr_3_reg_1522_reg[34]_i_1 | CARRY.others.CARRY4  |
    | grp_knn_distance_and_sort_fu_172/gmem_x_train_addr_3_reg_1522_reg[38]_i_1 | CARRY.others.CARRY4  |
    | grp_knn_distance_and_sort_fu_172/gmem_x_train_addr_3_reg_1522_reg[42]_i_1 | CARRY.others.CARRY4  |
    | grp_knn_distance_and_sort_fu_172/gmem_x_train_addr_3_reg_1522_reg[46]_i_1 | CARRY.others.CARRY4  |
    | grp_knn_distance_and_sort_fu_172/gmem_x_train_addr_3_reg_1522_reg[50]_i_1 | CARRY.others.CARRY4  |
    | grp_knn_distance_and_sort_fu_172/gmem_x_train_addr_3_reg_1522_reg[54]_i_1 | CARRY.others.CARRY4  |
    | grp_knn_distance_and_sort_fu_172/gmem_x_train_addr_3_reg_1522_reg[58]_i_1 | CARRY.others.CARRY4  |
    | grp_knn_distance_and_sort_fu_172/gmem_x_train_addr_3_reg_1522_reg[61]_i_1 | CARRY.others.CARRY4  |
    | grp_knn_distance_and_sort_fu_172/gmem_x_train_addr_3_reg_1522_reg[60]     | FLOP_LATCH.flop.FDRE |
    | grp_knn_distance_and_sort_fu_172/mul_28s_28s_56_3_1_U10/tmp_product       | MULT.dsp.DSP48E1     |
    | grp_knn_distance_and_sort_fu_172/mul_28s_28s_56_3_1_U10/buff0_reg         | MULT.dsp.DSP48E1     |
    | grp_knn_distance_and_sort_fu_172/mul_28s_28s_56_3_1_U10/tmp_product       | MULT.dsp.DSP48E1     |
    | grp_knn_distance_and_sort_fu_172/mul_28s_28s_56_3_1_U10/buff0_reg         | MULT.dsp.DSP48E1     |
    +---------------------------------------------------------------------------+----------------------+

    +---------------------------------------------------------------------------+----------------------+
    | Path4 Cells                                                               | Primitive Type       |
    +---------------------------------------------------------------------------+----------------------+
    | grp_knn_distance_and_sort_fu_172/j_reg_394_reg[1]                         | FLOP_LATCH.flop.FDRE |
    | grp_knn_distance_and_sort_fu_172/gmem_x_train_addr_5_reg_1534[10]_i_8     | LUT.others.LUT2      |
    | grp_knn_distance_and_sort_fu_172/gmem_x_train_addr_1_reg_1510[10]_i_6     | LUT.others.LUT6      |
    | grp_knn_distance_and_sort_fu_172/gmem_x_train_addr_1_reg_1510_reg[10]_i_3 | CARRY.others.CARRY4  |
    | grp_knn_distance_and_sort_fu_172/gmem_x_train_addr_1_reg_1510[10]_i_5     | LUT.others.LUT2      |
    | grp_knn_distance_and_sort_fu_172/gmem_x_train_addr_1_reg_1510_reg[10]_i_1 | CARRY.others.CARRY4  |
    | grp_knn_distance_and_sort_fu_172/gmem_x_train_addr_1_reg_1510_reg[14]_i_1 | CARRY.others.CARRY4  |
    | grp_knn_distance_and_sort_fu_172/gmem_x_train_addr_1_reg_1510_reg[18]_i_1 | CARRY.others.CARRY4  |
    | grp_knn_distance_and_sort_fu_172/gmem_x_train_addr_1_reg_1510_reg[22]_i_1 | CARRY.others.CARRY4  |
    | grp_knn_distance_and_sort_fu_172/gmem_x_train_addr_1_reg_1510_reg[26]_i_1 | CARRY.others.CARRY4  |
    | grp_knn_distance_and_sort_fu_172/gmem_x_train_addr_1_reg_1510_reg[30]_i_1 | CARRY.others.CARRY4  |
    | grp_knn_distance_and_sort_fu_172/gmem_x_train_addr_1_reg_1510_reg[34]_i_1 | CARRY.others.CARRY4  |
    | grp_knn_distance_and_sort_fu_172/gmem_x_train_addr_1_reg_1510_reg[38]_i_1 | CARRY.others.CARRY4  |
    | grp_knn_distance_and_sort_fu_172/gmem_x_train_addr_1_reg_1510_reg[42]_i_1 | CARRY.others.CARRY4  |
    | grp_knn_distance_and_sort_fu_172/gmem_x_train_addr_1_reg_1510_reg[46]_i_1 | CARRY.others.CARRY4  |
    | grp_knn_distance_and_sort_fu_172/gmem_x_train_addr_1_reg_1510_reg[50]_i_1 | CARRY.others.CARRY4  |
    | grp_knn_distance_and_sort_fu_172/gmem_x_train_addr_1_reg_1510_reg[54]_i_1 | CARRY.others.CARRY4  |
    | grp_knn_distance_and_sort_fu_172/gmem_x_train_addr_1_reg_1510_reg[58]_i_1 | CARRY.others.CARRY4  |
    | grp_knn_distance_and_sort_fu_172/gmem_x_train_addr_1_reg_1510_reg[61]_i_1 | CARRY.others.CARRY4  |
    | grp_knn_distance_and_sort_fu_172/gmem_x_train_addr_1_reg_1510_reg[60]     | FLOP_LATCH.flop.FDRE |
    | grp_knn_distance_and_sort_fu_172/j_reg_394_reg[1]                         | FLOP_LATCH.flop.FDRE |
    | grp_knn_distance_and_sort_fu_172/gmem_x_train_addr_5_reg_1534[10]_i_8     | LUT.others.LUT2      |
    | grp_knn_distance_and_sort_fu_172/gmem_x_train_addr_5_reg_1534[10]_i_6     | LUT.others.LUT6      |
    | grp_knn_distance_and_sort_fu_172/gmem_x_train_addr_5_reg_1534_reg[10]_i_3 | CARRY.others.CARRY4  |
    | grp_knn_distance_and_sort_fu_172/gmem_x_train_addr_5_reg_1534[10]_i_5     | LUT.others.LUT2      |
    | grp_knn_distance_and_sort_fu_172/gmem_x_train_addr_5_reg_1534_reg[10]_i_1 | CARRY.others.CARRY4  |
    | grp_knn_distance_and_sort_fu_172/gmem_x_train_addr_5_reg_1534_reg[14]_i_1 | CARRY.others.CARRY4  |
    | grp_knn_distance_and_sort_fu_172/gmem_x_train_addr_5_reg_1534_reg[18]_i_1 | CARRY.others.CARRY4  |
    | grp_knn_distance_and_sort_fu_172/gmem_x_train_addr_5_reg_1534_reg[22]_i_1 | CARRY.others.CARRY4  |
    | grp_knn_distance_and_sort_fu_172/gmem_x_train_addr_5_reg_1534_reg[26]_i_1 | CARRY.others.CARRY4  |
    | grp_knn_distance_and_sort_fu_172/gmem_x_train_addr_5_reg_1534_reg[30]_i_1 | CARRY.others.CARRY4  |
    | grp_knn_distance_and_sort_fu_172/gmem_x_train_addr_5_reg_1534_reg[34]_i_1 | CARRY.others.CARRY4  |
    | grp_knn_distance_and_sort_fu_172/gmem_x_train_addr_5_reg_1534_reg[38]_i_1 | CARRY.others.CARRY4  |
    | grp_knn_distance_and_sort_fu_172/gmem_x_train_addr_5_reg_1534_reg[42]_i_1 | CARRY.others.CARRY4  |
    | grp_knn_distance_and_sort_fu_172/gmem_x_train_addr_5_reg_1534_reg[46]_i_1 | CARRY.others.CARRY4  |
    | grp_knn_distance_and_sort_fu_172/gmem_x_train_addr_5_reg_1534_reg[50]_i_1 | CARRY.others.CARRY4  |
    | grp_knn_distance_and_sort_fu_172/gmem_x_train_addr_5_reg_1534_reg[54]_i_1 | CARRY.others.CARRY4  |
    | grp_knn_distance_and_sort_fu_172/gmem_x_train_addr_5_reg_1534_reg[58]_i_1 | CARRY.others.CARRY4  |
    | grp_knn_distance_and_sort_fu_172/gmem_x_train_addr_5_reg_1534_reg[61]_i_1 | CARRY.others.CARRY4  |
    | grp_knn_distance_and_sort_fu_172/gmem_x_train_addr_5_reg_1534_reg[60]     | FLOP_LATCH.flop.FDRE |
    | grp_knn_distance_and_sort_fu_172/j_reg_394_reg[0]                         | FLOP_LATCH.flop.FDRE |
    | grp_knn_distance_and_sort_fu_172/gmem_x_train_addr_3_reg_1522[10]_i_8     | LUT.others.LUT2      |
    | grp_knn_distance_and_sort_fu_172/gmem_x_train_addr_3_reg_1522[10]_i_6     | LUT.others.LUT6      |
    | grp_knn_distance_and_sort_fu_172/gmem_x_train_addr_3_reg_1522_reg[10]_i_3 | CARRY.others.CARRY4  |
    | grp_knn_distance_and_sort_fu_172/gmem_x_train_addr_3_reg_1522[10]_i_5     | LUT.others.LUT2      |
    | grp_knn_distance_and_sort_fu_172/gmem_x_train_addr_3_reg_1522_reg[10]_i_1 | CARRY.others.CARRY4  |
    | grp_knn_distance_and_sort_fu_172/gmem_x_train_addr_3_reg_1522_reg[14]_i_1 | CARRY.others.CARRY4  |
    | grp_knn_distance_and_sort_fu_172/gmem_x_train_addr_3_reg_1522_reg[18]_i_1 | CARRY.others.CARRY4  |
    | grp_knn_distance_and_sort_fu_172/gmem_x_train_addr_3_reg_1522_reg[22]_i_1 | CARRY.others.CARRY4  |
    | grp_knn_distance_and_sort_fu_172/gmem_x_train_addr_3_reg_1522_reg[26]_i_1 | CARRY.others.CARRY4  |
    | grp_knn_distance_and_sort_fu_172/gmem_x_train_addr_3_reg_1522_reg[30]_i_1 | CARRY.others.CARRY4  |
    | grp_knn_distance_and_sort_fu_172/gmem_x_train_addr_3_reg_1522_reg[34]_i_1 | CARRY.others.CARRY4  |
    | grp_knn_distance_and_sort_fu_172/gmem_x_train_addr_3_reg_1522_reg[38]_i_1 | CARRY.others.CARRY4  |
    | grp_knn_distance_and_sort_fu_172/gmem_x_train_addr_3_reg_1522_reg[42]_i_1 | CARRY.others.CARRY4  |
    | grp_knn_distance_and_sort_fu_172/gmem_x_train_addr_3_reg_1522_reg[46]_i_1 | CARRY.others.CARRY4  |
    | grp_knn_distance_and_sort_fu_172/gmem_x_train_addr_3_reg_1522_reg[50]_i_1 | CARRY.others.CARRY4  |
    | grp_knn_distance_and_sort_fu_172/gmem_x_train_addr_3_reg_1522_reg[54]_i_1 | CARRY.others.CARRY4  |
    | grp_knn_distance_and_sort_fu_172/gmem_x_train_addr_3_reg_1522_reg[58]_i_1 | CARRY.others.CARRY4  |
    | grp_knn_distance_and_sort_fu_172/gmem_x_train_addr_3_reg_1522_reg[61]_i_1 | CARRY.others.CARRY4  |
    | grp_knn_distance_and_sort_fu_172/gmem_x_train_addr_3_reg_1522_reg[60]     | FLOP_LATCH.flop.FDRE |
    | grp_knn_distance_and_sort_fu_172/mul_28s_28s_56_3_1_U10/tmp_product       | MULT.dsp.DSP48E1     |
    | grp_knn_distance_and_sort_fu_172/mul_28s_28s_56_3_1_U10/buff0_reg         | MULT.dsp.DSP48E1     |
    | grp_knn_distance_and_sort_fu_172/mul_28s_28s_56_3_1_U10/tmp_product       | MULT.dsp.DSP48E1     |
    | grp_knn_distance_and_sort_fu_172/mul_28s_28s_56_3_1_U10/buff0_reg         | MULT.dsp.DSP48E1     |
    +---------------------------------------------------------------------------+----------------------+

    +---------------------------------------------------------------------------+----------------------+
    | Path5 Cells                                                               | Primitive Type       |
    +---------------------------------------------------------------------------+----------------------+
    | grp_knn_distance_and_sort_fu_172/j_reg_394_reg[1]                         | FLOP_LATCH.flop.FDRE |
    | grp_knn_distance_and_sort_fu_172/gmem_x_train_addr_5_reg_1534[10]_i_8     | LUT.others.LUT2      |
    | grp_knn_distance_and_sort_fu_172/gmem_x_train_addr_1_reg_1510[10]_i_6     | LUT.others.LUT6      |
    | grp_knn_distance_and_sort_fu_172/gmem_x_train_addr_1_reg_1510_reg[10]_i_3 | CARRY.others.CARRY4  |
    | grp_knn_distance_and_sort_fu_172/gmem_x_train_addr_1_reg_1510[10]_i_5     | LUT.others.LUT2      |
    | grp_knn_distance_and_sort_fu_172/gmem_x_train_addr_1_reg_1510_reg[10]_i_1 | CARRY.others.CARRY4  |
    | grp_knn_distance_and_sort_fu_172/gmem_x_train_addr_1_reg_1510_reg[14]_i_1 | CARRY.others.CARRY4  |
    | grp_knn_distance_and_sort_fu_172/gmem_x_train_addr_1_reg_1510_reg[18]_i_1 | CARRY.others.CARRY4  |
    | grp_knn_distance_and_sort_fu_172/gmem_x_train_addr_1_reg_1510_reg[22]_i_1 | CARRY.others.CARRY4  |
    | grp_knn_distance_and_sort_fu_172/gmem_x_train_addr_1_reg_1510_reg[26]_i_1 | CARRY.others.CARRY4  |
    | grp_knn_distance_and_sort_fu_172/gmem_x_train_addr_1_reg_1510_reg[30]_i_1 | CARRY.others.CARRY4  |
    | grp_knn_distance_and_sort_fu_172/gmem_x_train_addr_1_reg_1510_reg[34]_i_1 | CARRY.others.CARRY4  |
    | grp_knn_distance_and_sort_fu_172/gmem_x_train_addr_1_reg_1510_reg[38]_i_1 | CARRY.others.CARRY4  |
    | grp_knn_distance_and_sort_fu_172/gmem_x_train_addr_1_reg_1510_reg[42]_i_1 | CARRY.others.CARRY4  |
    | grp_knn_distance_and_sort_fu_172/gmem_x_train_addr_1_reg_1510_reg[46]_i_1 | CARRY.others.CARRY4  |
    | grp_knn_distance_and_sort_fu_172/gmem_x_train_addr_1_reg_1510_reg[50]_i_1 | CARRY.others.CARRY4  |
    | grp_knn_distance_and_sort_fu_172/gmem_x_train_addr_1_reg_1510_reg[54]_i_1 | CARRY.others.CARRY4  |
    | grp_knn_distance_and_sort_fu_172/gmem_x_train_addr_1_reg_1510_reg[58]_i_1 | CARRY.others.CARRY4  |
    | grp_knn_distance_and_sort_fu_172/gmem_x_train_addr_1_reg_1510_reg[61]_i_1 | CARRY.others.CARRY4  |
    | grp_knn_distance_and_sort_fu_172/gmem_x_train_addr_1_reg_1510_reg[60]     | FLOP_LATCH.flop.FDRE |
    | grp_knn_distance_and_sort_fu_172/j_reg_394_reg[1]                         | FLOP_LATCH.flop.FDRE |
    | grp_knn_distance_and_sort_fu_172/gmem_x_train_addr_5_reg_1534[10]_i_8     | LUT.others.LUT2      |
    | grp_knn_distance_and_sort_fu_172/gmem_x_train_addr_5_reg_1534[10]_i_6     | LUT.others.LUT6      |
    | grp_knn_distance_and_sort_fu_172/gmem_x_train_addr_5_reg_1534_reg[10]_i_3 | CARRY.others.CARRY4  |
    | grp_knn_distance_and_sort_fu_172/gmem_x_train_addr_5_reg_1534[10]_i_5     | LUT.others.LUT2      |
    | grp_knn_distance_and_sort_fu_172/gmem_x_train_addr_5_reg_1534_reg[10]_i_1 | CARRY.others.CARRY4  |
    | grp_knn_distance_and_sort_fu_172/gmem_x_train_addr_5_reg_1534_reg[14]_i_1 | CARRY.others.CARRY4  |
    | grp_knn_distance_and_sort_fu_172/gmem_x_train_addr_5_reg_1534_reg[18]_i_1 | CARRY.others.CARRY4  |
    | grp_knn_distance_and_sort_fu_172/gmem_x_train_addr_5_reg_1534_reg[22]_i_1 | CARRY.others.CARRY4  |
    | grp_knn_distance_and_sort_fu_172/gmem_x_train_addr_5_reg_1534_reg[26]_i_1 | CARRY.others.CARRY4  |
    | grp_knn_distance_and_sort_fu_172/gmem_x_train_addr_5_reg_1534_reg[30]_i_1 | CARRY.others.CARRY4  |
    | grp_knn_distance_and_sort_fu_172/gmem_x_train_addr_5_reg_1534_reg[34]_i_1 | CARRY.others.CARRY4  |
    | grp_knn_distance_and_sort_fu_172/gmem_x_train_addr_5_reg_1534_reg[38]_i_1 | CARRY.others.CARRY4  |
    | grp_knn_distance_and_sort_fu_172/gmem_x_train_addr_5_reg_1534_reg[42]_i_1 | CARRY.others.CARRY4  |
    | grp_knn_distance_and_sort_fu_172/gmem_x_train_addr_5_reg_1534_reg[46]_i_1 | CARRY.others.CARRY4  |
    | grp_knn_distance_and_sort_fu_172/gmem_x_train_addr_5_reg_1534_reg[50]_i_1 | CARRY.others.CARRY4  |
    | grp_knn_distance_and_sort_fu_172/gmem_x_train_addr_5_reg_1534_reg[54]_i_1 | CARRY.others.CARRY4  |
    | grp_knn_distance_and_sort_fu_172/gmem_x_train_addr_5_reg_1534_reg[58]_i_1 | CARRY.others.CARRY4  |
    | grp_knn_distance_and_sort_fu_172/gmem_x_train_addr_5_reg_1534_reg[61]_i_1 | CARRY.others.CARRY4  |
    | grp_knn_distance_and_sort_fu_172/gmem_x_train_addr_5_reg_1534_reg[60]     | FLOP_LATCH.flop.FDRE |
    | grp_knn_distance_and_sort_fu_172/j_reg_394_reg[0]                         | FLOP_LATCH.flop.FDRE |
    | grp_knn_distance_and_sort_fu_172/gmem_x_train_addr_3_reg_1522[10]_i_8     | LUT.others.LUT2      |
    | grp_knn_distance_and_sort_fu_172/gmem_x_train_addr_3_reg_1522[10]_i_6     | LUT.others.LUT6      |
    | grp_knn_distance_and_sort_fu_172/gmem_x_train_addr_3_reg_1522_reg[10]_i_3 | CARRY.others.CARRY4  |
    | grp_knn_distance_and_sort_fu_172/gmem_x_train_addr_3_reg_1522[10]_i_5     | LUT.others.LUT2      |
    | grp_knn_distance_and_sort_fu_172/gmem_x_train_addr_3_reg_1522_reg[10]_i_1 | CARRY.others.CARRY4  |
    | grp_knn_distance_and_sort_fu_172/gmem_x_train_addr_3_reg_1522_reg[14]_i_1 | CARRY.others.CARRY4  |
    | grp_knn_distance_and_sort_fu_172/gmem_x_train_addr_3_reg_1522_reg[18]_i_1 | CARRY.others.CARRY4  |
    | grp_knn_distance_and_sort_fu_172/gmem_x_train_addr_3_reg_1522_reg[22]_i_1 | CARRY.others.CARRY4  |
    | grp_knn_distance_and_sort_fu_172/gmem_x_train_addr_3_reg_1522_reg[26]_i_1 | CARRY.others.CARRY4  |
    | grp_knn_distance_and_sort_fu_172/gmem_x_train_addr_3_reg_1522_reg[30]_i_1 | CARRY.others.CARRY4  |
    | grp_knn_distance_and_sort_fu_172/gmem_x_train_addr_3_reg_1522_reg[34]_i_1 | CARRY.others.CARRY4  |
    | grp_knn_distance_and_sort_fu_172/gmem_x_train_addr_3_reg_1522_reg[38]_i_1 | CARRY.others.CARRY4  |
    | grp_knn_distance_and_sort_fu_172/gmem_x_train_addr_3_reg_1522_reg[42]_i_1 | CARRY.others.CARRY4  |
    | grp_knn_distance_and_sort_fu_172/gmem_x_train_addr_3_reg_1522_reg[46]_i_1 | CARRY.others.CARRY4  |
    | grp_knn_distance_and_sort_fu_172/gmem_x_train_addr_3_reg_1522_reg[50]_i_1 | CARRY.others.CARRY4  |
    | grp_knn_distance_and_sort_fu_172/gmem_x_train_addr_3_reg_1522_reg[54]_i_1 | CARRY.others.CARRY4  |
    | grp_knn_distance_and_sort_fu_172/gmem_x_train_addr_3_reg_1522_reg[58]_i_1 | CARRY.others.CARRY4  |
    | grp_knn_distance_and_sort_fu_172/gmem_x_train_addr_3_reg_1522_reg[61]_i_1 | CARRY.others.CARRY4  |
    | grp_knn_distance_and_sort_fu_172/gmem_x_train_addr_3_reg_1522_reg[60]     | FLOP_LATCH.flop.FDRE |
    | grp_knn_distance_and_sort_fu_172/mul_28s_28s_56_3_1_U10/tmp_product       | MULT.dsp.DSP48E1     |
    | grp_knn_distance_and_sort_fu_172/mul_28s_28s_56_3_1_U10/buff0_reg         | MULT.dsp.DSP48E1     |
    | grp_knn_distance_and_sort_fu_172/mul_28s_28s_56_3_1_U10/tmp_product       | MULT.dsp.DSP48E1     |
    | grp_knn_distance_and_sort_fu_172/mul_28s_28s_56_3_1_U10/buff0_reg         | MULT.dsp.DSP48E1     |
    +---------------------------------------------------------------------------+----------------------+


================================================================
== RTL Synthesis Vivado Reports
================================================================
+--------------------------+------------------------------------------------------------------------+
| Report Type              | Report Location                                                        |
+--------------------------+------------------------------------------------------------------------+
| design_analysis          | impl/verilog/report/knn_accelerator_design_analysis_synth.rpt          |
| failfast                 | impl/verilog/report/knn_accelerator_failfast_synth.rpt                 |
| power                    | impl/verilog/report/knn_accelerator_power_synth.rpt                    |
| timing                   | impl/verilog/report/knn_accelerator_timing_synth.rpt                   |
| timing_paths             | impl/verilog/report/knn_accelerator_timing_paths_synth.rpt             |
| utilization              | impl/verilog/report/knn_accelerator_utilization_synth.rpt              |
| utilization_hierarchical | impl/verilog/report/knn_accelerator_utilization_hierarchical_synth.rpt |
+--------------------------+------------------------------------------------------------------------+


