

================================================================
== Synthesis Summary Report of 'knn_accelerator'
================================================================
+ General Information: 
    * Date:           Sun Mar 22 17:48:23 2026
    * Version:        2025.1 (Build 6135595 on May 21 2025)
    * Project:        knn_accelerator
    * Solution:       hls (Vivado IP Flow Target)
    * Product family: zynq
    * Target device:  xc7z020-clg400-1
    

+ Performance & Resource Estimates: 
    
    PS: '+' for module; 'o' for loop; '*' for dataflow
    +-----------------------------------------------------+---------+-------+---------+-----------+----------+---------+------+----------+--------+--------+-----------+------------+-----+
    |                       Modules                       |  Issue  |       |       Latency       | Iteration|         | Trip |          |        |        |           |            |     |
    |                       & Loops                       |   Type  | Slack | (cycles)|    (ns)   |  Latency | Interval| Count| Pipelined|  BRAM  |   DSP  |     FF    |     LUT    | URAM|
    +-----------------------------------------------------+---------+-------+---------+-----------+----------+---------+------+----------+--------+--------+-----------+------------+-----+
    |+ knn_accelerator                                    |   Timing|  -1.02|    17037|  1.704e+05|         -|    17038|     -|        no|  6 (2%)|  8 (3%)|  5593 (5%)|  7579 (14%)|    -|
    | o test_data                                         |        -|   7.30|    17030|  1.703e+05|      1703|        -|    10|        no|       -|       -|          -|           -|    -|
    |  + knn_distance_and_sort                            |   Timing|  -1.02|     1693|  1.693e+04|         -|     1693|     -|        no|       -|  8 (3%)|  2172 (2%)|   3092 (5%)|    -|
    |   + knn_distance_and_sort_Pipeline_load_test_local  |        -|   0.00|       52|    520.000|         -|       50|     -|    rewind|       -|       -|   64 (~0%)|   150 (~0%)|    -|
    |    o load_test_local                                |        -|   7.30|       50|    500.000|         3|        1|    49|       yes|       -|       -|          -|           -|    -|
    |   o train_loop                                      |        -|   7.30|     1630|  1.630e+04|       163|        -|    10|        no|       -|       -|          -|           -|    -|
    |    o feature_loop                                   |        -|   7.30|      147|  1.470e+03|        21|        -|     7|        no|       -|       -|          -|           -|    -|
    |    o sort_cascade_loop                              |        -|   7.30|        2|     20.000|         1|        -|     2|        no|       -|       -|          -|           -|    -|
    |  + knn_majority_vote                                |        -|   0.12|        5|     50.000|         -|        5|     -|        no|       -|       -|   72 (~0%)|    832 (1%)|    -|
    +-----------------------------------------------------+---------+-------+---------+-----------+----------+---------+------+----------+--------+--------+-----------+------------+-----+


================================================================
== HW Interfaces
================================================================
* M_AXI
+--------------------+------------+------------+---------------+---------+--------+----------+-----------+--------------+--------------+-------------+-------------+-------------------+
| Interface          | Read/Write | Data Width | Address Width | Latency | Offset | Register | Max Widen | Max Read     | Max Write    | Num Read    | Num Write   | Resource Estimate |
|                    |            | (SW->HW)   |               |         |        |          | Bitwidth  | Burst Length | Burst Length | Outstanding | Outstanding |                   |
+--------------------+------------+------------+---------------+---------+--------+----------+-----------+--------------+--------------+-------------+-------------+-------------------+
| m_axi_gmem_x_test  | READ_ONLY  | 28 -> 32   | 64            | 0       | slave  | 0        | 0         | 16           | 16           | 16          | 16          | BRAM=2            |
| m_axi_gmem_x_train | READ_ONLY  | 28 -> 32   | 64            | 0       | slave  | 0        | 0         | 16           | 16           | 16          | 16          | BRAM=2            |
| m_axi_gmem_y_test  | WRITE_ONLY | 4 -> 8     | 64            | 0       | slave  | 0        | 0         | 16           | 16           | 16          | 16          |                   |
| m_axi_gmem_y_train | READ_ONLY  | 4 -> 8     | 64            | 0       | slave  | 0        | 0         | 16           | 16           | 16          | 16          | BRAM=2            |
+--------------------+------------+------------+---------------+---------+--------+----------+-----------+--------------+--------------+-------------+-------------+-------------------+

* S_AXILITE Interfaces
+-----------------+------------+---------------+--------+----------+
| Interface       | Data Width | Address Width | Offset | Register |
+-----------------+------------+---------------+--------+----------+
| s_axi_control   | 32         | 4             |        |          |
| s_axi_control_r | 32         | 6             | 16     | 0        |
+-----------------+------------+---------------+--------+----------+

* S_AXILITE Registers
+-----------------+-----------+--------+-------+--------+----------------------------------+----------------------------------------------------------------------+
| Interface       | Register  | Offset | Width | Access | Description                      | Bit Fields                                                           |
+-----------------+-----------+--------+-------+--------+----------------------------------+----------------------------------------------------------------------+
| s_axi_control   | CTRL      | 0x00   | 32    | RW     | Control signals                  | 0=AP_START 1=AP_DONE 2=AP_IDLE 3=AP_READY 7=AUTO_RESTART 9=INTERRUPT |
| s_axi_control   | GIER      | 0x04   | 32    | RW     | Global Interrupt Enable Register | 0=Enable                                                             |
| s_axi_control   | IP_IER    | 0x08   | 32    | RW     | IP Interrupt Enable Register     | 0=CHAN0_INT_EN 1=CHAN1_INT_EN                                        |
| s_axi_control   | IP_ISR    | 0x0c   | 32    | RW     | IP Interrupt Status Register     | 0=CHAN0_INT_ST 1=CHAN1_INT_ST                                        |
| s_axi_control_r | X_test_1  | 0x10   | 32    | W      | Data signal of X_test            |                                                                      |
| s_axi_control_r | X_test_2  | 0x14   | 32    | W      | Data signal of X_test            |                                                                      |
| s_axi_control_r | X_train_1 | 0x1c   | 32    | W      | Data signal of X_train           |                                                                      |
| s_axi_control_r | X_train_2 | 0x20   | 32    | W      | Data signal of X_train           |                                                                      |
| s_axi_control_r | y_train_1 | 0x28   | 32    | W      | Data signal of y_train           |                                                                      |
| s_axi_control_r | y_train_2 | 0x2c   | 32    | W      | Data signal of y_train           |                                                                      |
| s_axi_control_r | y_test_1  | 0x34   | 32    | W      | Data signal of y_test            |                                                                      |
| s_axi_control_r | y_test_2  | 0x38   | 32    | W      | Data signal of y_test            |                                                                      |
+-----------------+-----------+--------+-------+--------+----------------------------------+----------------------------------------------------------------------+

* TOP LEVEL CONTROL
+-----------+------------+-----------+
| Interface | Type       | Ports     |
+-----------+------------+-----------+
| ap_clk    | clock      | ap_clk    |
| ap_rst_n  | reset      | ap_rst_n  |
| interrupt | interrupt  | interrupt |
| ap_ctrl   | ap_ctrl_hs |           |
+-----------+------------+-----------+


================================================================
== SW I/O Information
================================================================
* Top Function Arguments
+----------+-----------+--------------------------------------+
| Argument | Direction | Datatype                             |
+----------+-----------+--------------------------------------+
| X_test   | in        | ap_fixed<28, 8, AP_TRN, AP_WRAP, 0>* |
| X_train  | in        | ap_fixed<28, 8, AP_TRN, AP_WRAP, 0>* |
| y_train  | in        | ap_uint<4>*                          |
| y_test   | out       | ap_uint<4>*                          |
+----------+-----------+--------------------------------------+

* SW-to-HW Mapping
+----------+--------------------+-----------+----------+-------------------------------------+
| Argument | HW Interface       | HW Type   | HW Usage | HW Info                             |
+----------+--------------------+-----------+----------+-------------------------------------+
| X_test   | m_axi_gmem_x_test  | interface |          | channel=0                           |
| X_test   | s_axi_control_r    | register  | offset   | name=X_test_1 offset=0x10 range=32  |
| X_test   | s_axi_control_r    | register  | offset   | name=X_test_2 offset=0x14 range=32  |
| X_train  | m_axi_gmem_x_train | interface |          | channel=0                           |
| X_train  | s_axi_control_r    | register  | offset   | name=X_train_1 offset=0x1c range=32 |
| X_train  | s_axi_control_r    | register  | offset   | name=X_train_2 offset=0x20 range=32 |
| y_train  | m_axi_gmem_y_train | interface |          | channel=0                           |
| y_train  | s_axi_control_r    | register  | offset   | name=y_train_1 offset=0x28 range=32 |
| y_train  | s_axi_control_r    | register  | offset   | name=y_train_2 offset=0x2c range=32 |
| y_test   | m_axi_gmem_y_test  | interface |          | channel=0                           |
| y_test   | s_axi_control_r    | register  | offset   | name=y_test_1 offset=0x34 range=32  |
| y_test   | s_axi_control_r    | register  | offset   | name=y_test_2 offset=0x38 range=32  |
+----------+--------------------+-----------+----------+-------------------------------------+


================================================================
== M_AXI Burst Information
================================================================
 Note: All burst requests might be further partitioned into multiple requests during RTL generation based on max_read_burst_length or max_write_burst_length settings.

* Inferred Burst Summary
+-------------------+-----------+--------+-------+-----------------+-----------------------+
| HW Interface      | Direction | Length | Width | Loop            | Loop Location         |
+-------------------+-----------+--------+-------+-----------------+-----------------------+
| m_axi_gmem_x_test | read      | 49     | 32    | load_test_local | ../src/knn.cpp:31:18  |
| m_axi_gmem_y_test | write     | 10     | 8     | test_data       | ../src/knn.cpp:174:13 |
+-------------------+-----------+--------+-------+-----------------+-----------------------+

* All M_AXI Variable Accesses
+--------------------+------------+-----------------------+-----------+--------------+--------+-----------------+-----------------------+------------+-------------------------------------------------------------------------------------------------------+
| HW Interface       | Variable   | Access Location       | Direction | Burst Status | Length | Loop            | Loop Location         | Resolution | Problem                                                                                               |
+--------------------+------------+-----------------------+-----------+--------------+--------+-----------------+-----------------------+------------+-------------------------------------------------------------------------------------------------------+
| m_axi_gmem_x_test  | test_point | ../src/knn.cpp:32:23  | read      | Widen Fail   |        | load_test_local | ../src/knn.cpp:31:18  | 214-353    | Could not widen since type i32 size is greater than or equal to the max_widen_bitwidth threshold of 0 |
| m_axi_gmem_x_test  | test_point | ../src/knn.cpp:32:23  | read      | Inferred     | 49     | load_test_local | ../src/knn.cpp:31:18  |            |                                                                                                       |
| m_axi_gmem_x_train | X_train    | ../src/knn.cpp:70:31  | read      | Fail         |        | feature_loop    | ../src/knn.cpp:67:23  | 214-230    | Stride is incompatible                                                                                |
| m_axi_gmem_y_test  | y_test     | ../src/knn.cpp:180:19 | write     | Widen Fail   |        | test_data       | ../src/knn.cpp:174:13 | 214-353    | Could not widen since type i8 size is greater than or equal to the max_widen_bitwidth threshold of 0  |
| m_axi_gmem_y_test  | y_test     | ../src/knn.cpp:180:19 | write     | Inferred     | 10     | test_data       | ../src/knn.cpp:174:13 |            |                                                                                                       |
| m_axi_gmem_y_train | y_train    | ../src/knn.cpp:86:33  | read      | Fail         |        | train_loop      | ../src/knn.cpp:56:17  | 214-232    | Access load is in the conditional branch                                                              |
+--------------------+------------+-----------------------+-----------+--------------+--------+-----------------+-----------------------+------------+-------------------------------------------------------------------------------------------------------+

    * Resolution URL: docs.xilinx.com/access/sources/dita/topic?Doc_Version=2025.1%20English&url=ug1448-hls-guidance&resourceid=XXX-YYY.html (replace XXX-YYY with column value)

================================================================
== Bind Op Report
================================================================
+----------------------------------------------------+-----+--------+----------------+-----------+--------------------------+---------+
| Name                                               | DSP | Pragma | Variable       | Op        | Impl                     | Latency |
+----------------------------------------------------+-----+--------+----------------+-----------+--------------------------+---------+
| + knn_accelerator                                  | 8   |        |                |           |                          |         |
|   icmp_ln174_fu_216_p2                             |     |        | icmp_ln174     | seteq     | auto                     | 0       |
|   add_ln174_fu_222_p2                              |     |        | add_ln174      | add       | fabric                   | 0       |
|   add_ln177_fu_253_p2                              |     |        | add_ln177      | add       | fabric                   | 0       |
|  + knn_distance_and_sort                           | 8   |        |                |           |                          |         |
|    add_ln31_fu_495_p2                              |     |        | add_ln31       | add       | fabric                   | 0       |
|    add_ln56_1_fu_557_p2                            |     |        | add_ln56_1     | add       | fabric                   | 0       |
|    icmp_ln56_fu_563_p2                             |     |        | icmp_ln56      | seteq     | auto                     | 0       |
|    add_ln56_fu_569_p2                              |     |        | add_ln56       | add       | fabric                   | 0       |
|    icmp_ln67_fu_583_p2                             |     |        | icmp_ln67      | seteq     | auto                     | 0       |
|    add_ln67_1_fu_589_p2                            |     |        | add_ln67_1     | add       | fabric                   | 0       |
|    add_ln70_fu_599_p2                              |     |        | add_ln70       | add       | fabric                   | 0       |
|    add_ln70_1_fu_616_p2                            |     |        | add_ln70_1     | add       | fabric                   | 0       |
|    diff_fu_997_p2                                  |     |        | diff           | sub       | fabric                   | 0       |
|    mul_28s_28s_56_3_1_U10                          | 4   |        | mul_ln71       | mul       | auto                     | 2       |
|    add_ln71_fu_1070_p2                             |     |        | add_ln71       | add       | fabric                   | 0       |
|    add_ln70_2_fu_671_p2                            |     |        | add_ln70_2     | add       | fabric                   | 0       |
|    add_ln70_4_fu_681_p2                            |     |        | add_ln70_4     | add       | fabric                   | 0       |
|    add_ln70_3_fu_698_p2                            |     |        | add_ln70_3     | add       | fabric                   | 0       |
|    diff_1_fu_1002_p2                               |     |        | diff_1         | sub       | fabric                   | 0       |
|    mul_28s_28s_56_3_1_U11                          | 4   |        | mul_ln71_1     | mul       | auto                     | 2       |
|    add_ln71_1_fu_1097_p2                           |     |        | add_ln71_1     | add       | fabric                   | 0       |
|    add_ln70_6_fu_723_p2                            |     |        | add_ln70_6     | add       | fabric                   | 0       |
|    add_ln70_8_fu_733_p2                            |     |        | add_ln70_8     | add       | fabric                   | 0       |
|    add_ln70_5_fu_750_p2                            |     |        | add_ln70_5     | add       | fabric                   | 0       |
|    diff_2_fu_1021_p2                               |     |        | diff_2         | sub       | fabric                   | 0       |
|    mul_28s_28s_56_3_1_U10                          | 4   |        | mul_ln71_2     | mul       | auto                     | 2       |
|    add_ln71_2_fu_1137_p2                           |     |        | add_ln71_2     | add       | fabric                   | 0       |
|    add_ln70_10_fu_775_p2                           |     |        | add_ln70_10    | add       | fabric                   | 0       |
|    add_ln70_12_fu_785_p2                           |     |        | add_ln70_12    | add       | fabric                   | 0       |
|    add_ln70_7_fu_802_p2                            |     |        | add_ln70_7     | add       | fabric                   | 0       |
|    diff_3_fu_1035_p2                               |     |        | diff_3         | sub       | fabric                   | 0       |
|    mul_28s_28s_56_3_1_U10                          | 4   |        | mul_ln71_3     | mul       | auto                     | 2       |
|    add_ln71_3_fu_1173_p2                           |     |        | add_ln71_3     | add       | fabric                   | 0       |
|    add_ln70_14_fu_827_p2                           |     |        | add_ln70_14    | add       | fabric                   | 0       |
|    add_ln70_15_fu_837_p2                           |     |        | add_ln70_15    | add       | fabric                   | 0       |
|    add_ln70_9_fu_854_p2                            |     |        | add_ln70_9     | add       | fabric                   | 0       |
|    diff_4_fu_1049_p2                               |     |        | diff_4         | sub       | fabric                   | 0       |
|    mul_28s_28s_56_3_1_U10                          | 4   |        | mul_ln71_4     | mul       | auto                     | 2       |
|    add_ln71_4_fu_1205_p2                           |     |        | add_ln71_4     | add       | fabric                   | 0       |
|    add_ln70_16_fu_879_p2                           |     |        | add_ln70_16    | add       | fabric                   | 0       |
|    add_ln70_17_fu_889_p2                           |     |        | add_ln70_17    | add       | fabric                   | 0       |
|    add_ln70_11_fu_906_p2                           |     |        | add_ln70_11    | add       | fabric                   | 0       |
|    diff_5_fu_1118_p2                               |     |        | diff_5         | sub       | fabric                   | 0       |
|    mul_28s_28s_56_3_1_U10                          | 4   |        | mul_ln71_5     | mul       | auto                     | 2       |
|    add_ln71_5_fu_1232_p2                           |     |        | add_ln71_5     | add       | fabric                   | 0       |
|    add_ln70_18_fu_931_p2                           |     |        | add_ln70_18    | add       | fabric                   | 0       |
|    add_ln70_19_fu_941_p2                           |     |        | add_ln70_19    | add       | fabric                   | 0       |
|    add_ln70_13_fu_958_p2                           |     |        | add_ln70_13    | add       | fabric                   | 0       |
|    diff_6_fu_1158_p2                               |     |        | diff_6         | sub       | fabric                   | 0       |
|    mul_28s_28s_56_3_1_U10                          | 4   |        | mul_ln71_6     | mul       | auto                     | 2       |
|    add_ln71_6_fu_1259_p2                           |     |        | add_ln71_6     | add       | fabric                   | 0       |
|    add_ln67_fu_641_p2                              |     |        | add_ln67       | add       | fabric                   | 0       |
|    icmp_ln78_fu_650_p2                             |     |        | icmp_ln78      | setlt     | auto                     | 0       |
|    icmp_ln78_1_fu_656_p2                           |     |        | icmp_ln78_1    | setlt     | auto                     | 0       |
|    icmp_ln78_2_fu_665_p2                           |     |        | icmp_ln78_2    | setlt     | auto                     | 0       |
|    icmp_ln79_fu_1279_p2                            |     |        | icmp_ln79      | setgt     | auto                     | 0       |
|    add_ln82_fu_1284_p2                             |     |        | add_ln82       | add       | fabric                   | 0       |
|    icmp_ln82_1_fu_1290_p2                          |     |        | icmp_ln82_1    | seteq     | auto                     | 0       |
|    top_k_dist_3_fu_1296_p3                         |     |        | top_k_dist_3   | select    | auto_sel                 | 0       |
|    icmp_ln82_fu_1303_p2                            |     |        | icmp_ln82      | seteq     | auto                     | 0       |
|    select_ln83_fu_1309_p3                          |     |        | select_ln83    | select    | auto_sel                 | 0       |
|    add_ln86_fu_1332_p2                             |     |        | add_ln86       | add       | fabric                   | 0       |
|   + knn_distance_and_sort_Pipeline_load_test_local | 0   |        |                |           |                          |         |
|     icmp_ln31_fu_223_p2                            |     |        | icmp_ln31      | seteq     | auto                     | 0       |
|     add_ln31_fu_229_p2                             |     |        | add_ln31       | add       | fabric                   | 0       |
|     add_ln31_1_fu_298_p2                           |     |        | add_ln31_1     | add       | fabric                   | 0       |
|     add_ln31_2_fu_255_p2                           |     |        | add_ln31_2     | add       | fabric                   | 0       |
|     icmp_ln31_1_fu_261_p2                          |     |        | icmp_ln31_1    | seteq     | auto                     | 0       |
|     select_ln31_fu_267_p3                          |     |        | select_ln31    | select    | auto_sel                 | 0       |
|  + knn_majority_vote                               | 0   |        |                |           |                          |         |
|    sparsemux_21_4_1_1_1_U24                        |     |        | tmp_1          | sparsemux | compactencoding_dontcare | 0       |
|    counts_fu_1241_p3                               |     |        | counts         | select    | auto_sel                 | 0       |
|    sparsemux_21_4_2_1_1_U25                        |     |        | tmp_2          | sparsemux | compactencoding_dontcare | 0       |
|    counts_1_fu_1320_p2                             |     |        | counts_1       | add       | fabric                   | 0       |
|    icmp_ln141_fu_1349_p2                           |     |        | icmp_ln141     | setne     | auto                     | 0       |
|    icmp_ln141_1_fu_1355_p2                         |     |        | icmp_ln141_1   | setgt     | auto                     | 0       |
|    max_1_fu_1361_p3                                |     |        | max_1          | select    | auto_sel                 | 0       |
|    icmp_ln141_2_fu_1369_p2                         |     |        | icmp_ln141_2   | setgt     | auto                     | 0       |
|    max_3_fu_1375_p3                                |     |        | max_3          | select    | auto_sel                 | 0       |
|    icmp_ln141_3_fu_1383_p2                         |     |        | icmp_ln141_3   | setgt     | auto                     | 0       |
|    select_ln141_fu_1452_p3                         |     |        | select_ln141   | select    | auto_sel                 | 0       |
|    max_4_fu_1389_p3                                |     |        | max_4          | select    | auto_sel                 | 0       |
|    or_ln135_fu_1459_p2                             |     |        | or_ln135       | or        | auto                     | 0       |
|    select_ln135_fu_1463_p3                         |     |        | select_ln135   | select    | auto_sel                 | 0       |
|    icmp_ln141_4_fu_1395_p2                         |     |        | icmp_ln141_4   | setgt     | auto                     | 0       |
|    max_6_fu_1401_p3                                |     |        | max_6          | select    | auto_sel                 | 0       |
|    icmp_ln141_5_fu_1409_p2                         |     |        | icmp_ln141_5   | setgt     | auto                     | 0       |
|    select_ln141_3_fu_1475_p3                       |     |        | select_ln141_3 | select    | auto_sel                 | 0       |
|    max_7_fu_1415_p3                                |     |        | max_7          | select    | auto_sel                 | 0       |
|    icmp_ln141_6_fu_1423_p2                         |     |        | icmp_ln141_6   | setgt     | auto                     | 0       |
|    max_9_fu_1428_p3                                |     |        | max_9          | select    | auto_sel                 | 0       |
|    icmp_ln141_7_fu_1435_p2                         |     |        | icmp_ln141_7   | setgt     | auto                     | 0       |
|    select_ln141_8_fu_1482_p3                       |     |        | select_ln141_8 | select    | auto_sel                 | 0       |
|    max_10_fu_1441_p3                               |     |        | max_10         | select    | auto_sel                 | 0       |
|    or_ln135_1_fu_1489_p2                           |     |        | or_ln135_1     | or        | auto                     | 0       |
|    select_ln135_1_fu_1493_p3                       |     |        | select_ln135_1 | select    | auto_sel                 | 0       |
|    icmp_ln141_8_fu_1505_p2                         |     |        | icmp_ln141_8   | setgt     | auto                     | 0       |
|    max_12_fu_1510_p3                               |     |        | max_12         | select    | auto_sel                 | 0       |
|    icmp_ln141_9_fu_1517_p2                         |     |        | icmp_ln141_9   | setgt     | auto                     | 0       |
|    select_ln141_9_fu_1523_p3                       |     |        | select_ln141_9 | select    | auto_sel                 | 0       |
|    or_ln149_fu_1531_p2                             |     |        | or_ln149       | or        | auto                     | 0       |
|    select_ln149_fu_1537_p3                         |     |        | select_ln149   | select    | auto_sel                 | 0       |
|    or_ln149_1_fu_1545_p2                           |     |        | or_ln149_1     | or        | auto                     | 0       |
|    or_ln149_2_fu_1551_p2                           |     |        | or_ln149_2     | or        | auto                     | 0       |
|    or_ln149_3_fu_1555_p2                           |     |        | or_ln149_3     | or        | auto                     | 0       |
|    max_label_fu_1561_p3                            |     |        | max_label      | select    | auto_sel                 | 0       |
|    or_ln149_4_fu_1569_p2                           |     |        | or_ln149_4     | or        | auto                     | 0       |
|    or_ln149_5_fu_1575_p2                           |     |        | or_ln149_5     | or        | auto                     | 0       |
|    or_ln149_6_fu_1579_p2                           |     |        | or_ln149_6     | or        | auto                     | 0       |
|    ap_return                                       |     |        | select_ln149_2 | select    | auto_sel                 | 0       |
+----------------------------------------------------+-----+--------+----------------+-----------+--------------------------+---------+


================================================================
== Storage Report
================================================================
+--------------------------+--------------+-----------+------+------+--------+--------------+------+---------+------------------+
| Name                     | Usage        | Type      | BRAM | URAM | Pragma | Variable     | Impl | Latency | Bitwidth, Depth, |
|                          |              |           |      |      |        |              |      |         | Banks            |
+--------------------------+--------------+-----------+------+------+--------+--------------+------+---------+------------------+
| + knn_accelerator        |              |           | 6    | 0    |        |              |      |         |                  |
|   control_s_axi_U        | interface    | s_axilite |      |      |        |              |      |         |                  |
|   control_r_s_axi_U      | interface    | s_axilite |      |      |        |              |      |         |                  |
|   gmem_x_test_m_axi_U    | interface    | m_axi     | 2    |      |        |              |      |         |                  |
|   gmem_x_train_m_axi_U   | interface    | m_axi     | 2    |      |        |              |      |         |                  |
|   gmem_y_test_m_axi_U    | interface    | m_axi     |      |      |        |              |      |         |                  |
|   gmem_y_train_m_axi_U   | interface    | m_axi     | 2    |      |        |              |      |         |                  |
|  + knn_distance_and_sort |              |           | 0    | 0    |        |              |      |         |                  |
|    test_local_U          | ram_1p array |           |      |      |        | test_local   | auto | 1       | 28, 7, 1         |
|    test_local_1_U        | ram_1p array |           |      |      |        | test_local_1 | auto | 1       | 28, 7, 1         |
|    test_local_2_U        | ram_1p array |           |      |      |        | test_local_2 | auto | 1       | 28, 7, 1         |
|    test_local_3_U        | ram_1p array |           |      |      |        | test_local_3 | auto | 1       | 28, 7, 1         |
|    test_local_4_U        | ram_1p array |           |      |      |        | test_local_4 | auto | 1       | 28, 7, 1         |
|    test_local_5_U        | ram_1p array |           |      |      |        | test_local_5 | auto | 1       | 28, 7, 1         |
|    test_local_6_U        | ram_1p array |           |      |      |        | test_local_6 | auto | 1       | 28, 7, 1         |
+--------------------------+--------------+-----------+------+------+--------+--------------+------+---------+------------------+


================================================================
== Pragma Report
================================================================
* Valid Pragma Syntax
+-----------------+-----------------------------------------------------------------+----------------------------------------------------------+
| Type            | Options                                                         | Location                                                 |
+-----------------+-----------------------------------------------------------------+----------------------------------------------------------+
| INLINE          | off                                                             | ../src/knn.cpp:15 in knn_distance_and_sort               |
| ARRAY_PARTITION | variable=top_k_dist complete                                    | ../src/knn.cpp:26 in knn_distance_and_sort, top_k_dist   |
| ARRAY_PARTITION | variable=top_k_labels complete                                  | ../src/knn.cpp:27 in knn_distance_and_sort, top_k_labels |
| ARRAY_PARTITION | variable=test_local cyclic factor=7                             | ../src/knn.cpp:28 in knn_distance_and_sort, test_local   |
| PIPELINE        | OFF                                                             | ../src/knn.cpp:43 in knn_distance_and_sort               |
| UNROLL          |                                                                 | ../src/knn.cpp:44 in knn_distance_and_sort               |
| PIPELINE        | OFF                                                             | ../src/knn.cpp:57 in knn_distance_and_sort               |
| PIPELINE        | OFF                                                             | ../src/knn.cpp:68 in knn_distance_and_sort               |
| UNROLL          | factor=7                                                        | ../src/knn.cpp:69 in knn_distance_and_sort               |
| PIPELINE        | OFF                                                             | ../src/knn.cpp:76 in knn_distance_and_sort               |
| UNROLL          |                                                                 | ../src/knn.cpp:77 in knn_distance_and_sort               |
| PIPELINE        | OFF                                                             | ../src/knn.cpp:80 in knn_distance_and_sort               |
| UNROLL          |                                                                 | ../src/knn.cpp:81 in knn_distance_and_sort               |
| INLINE          | off                                                             | ../src/knn.cpp:97 in knn_majority_vote                   |
| ARRAY_PARTITION | variable = top_k_labels complete                                | ../src/knn.cpp:101 in knn_majority_vote                  |
| ARRAY_PARTITION | variable = counts complete                                      | ../src/knn.cpp:102 in knn_majority_vote                  |
| PIPELINE        | OFF                                                             | ../src/knn.cpp:110 in knn_majority_vote                  |
| UNROLL          |                                                                 | ../src/knn.cpp:111 in knn_majority_vote                  |
| PIPELINE        | OFF                                                             | ../src/knn.cpp:123 in knn_majority_vote                  |
| UNROLL          |                                                                 | ../src/knn.cpp:124 in knn_majority_vote                  |
| PIPELINE        | OFF                                                             | ../src/knn.cpp:139 in knn_majority_vote                  |
| UNROLL          |                                                                 | ../src/knn.cpp:140 in knn_majority_vote                  |
| INTERFACE       | m_axi port=X_train offset=slave bundle=gmem_x_train depth=49*10 | ../src/knn.cpp:161 in knn_accelerator, X_train           |
| INTERFACE       | m_axi port=y_train offset=slave bundle=gmem_y_train depth=10    | ../src/knn.cpp:162 in knn_accelerator, y_train           |
| INTERFACE       | m_axi port=X_test offset=slave bundle=gmem_x_test depth=49*10   | ../src/knn.cpp:163 in knn_accelerator, X_test            |
| INTERFACE       | m_axi port=y_test offset=slave bundle=gmem_y_test depth=10      | ../src/knn.cpp:164 in knn_accelerator, y_test            |
| INTERFACE       | s_axilite port=return bundle=control                            | ../src/knn.cpp:167 in knn_accelerator, return            |
| ARRAY_PARTITION | variable = top_k_labels complete                                | ../src/knn.cpp:172 in knn_accelerator                    |
| PIPELINE        | OFF                                                             | ../src/knn.cpp:175 in knn_accelerator                    |
+-----------------+-----------------------------------------------------------------+----------------------------------------------------------+


