================================================================
== Design Size Report
================================================================

* Total Instructions per Compilation Phase
+---------------+----------------------------+--------------+----------------------------------------------------------------------------------------+
| Phase         | Step                       | Instructions | Description                                                                            |
+---------------+----------------------------+--------------+----------------------------------------------------------------------------------------+
| Compile/Link  |                            | 6,179        | After all functions are compiled and linked into a single design                       |
|               |                            |              |                                                                                        |
| Unroll/Inline |                            |              | After user unroll and inline pragmas are applied                                       |
|               | (1) unroll                 | 5,713        | user unroll pragmas are applied                                                        |
|               | (2) simplification         | 1,918        | simplification of applied user unroll pragmas                                          |
|               | (3) inline                 | 1,918        | user inline pragmas are applied                                                        |
|               | (4) simplification         | 1,912        | simplification of applied user inline pragmas                                          |
|               |                            |              |                                                                                        |
| Array/Struct  |                            |              | After user array partition and struct aggregate/disaggregate pragmas are applied       |
|               | (1) array partition        | 1,875        | user array partition pragmas are applied                                               |
|               | (2) simplification         | 1,875        | simplification of applied user array partition & struct aggregate/disaggregate pragmas |
|               | (3) aggregate/disaggregate | 1,875        | user struct aggregate/disaggregate pragmas are applied                                 |
|               | (4) array reshape          | 1,875        | apply array reshape pragmas                                                            |
|               | (5) access patterns        | 1,890        | array access pattern optmizations                                                      |
|               |                            |              |                                                                                        |
| Performance   |                            |              | After transformations are applied to meet performance pragma targets                   |
|               | (1) loop simplification    | 1,890        | loop and instruction simplification                                                    |
|               | (2) parallelization        | 1,887        | loops are unrolled or pipelined to meet performance targets                            |
|               | (3) array partition        | 1,911        | arrays are partitioned to meet performance targets                                     |
|               | (4) simplification         | 1,911        | simplification of design after performance transformations                             |
|               |                            |              |                                                                                        |
| HW Transforms |                            |              | After hardware transfomations                                                          |
|               | (1) lowering               | 1,918        | initial conversion to HW specific instructions                                         |
|               | (2) optimizations          | 1,954        | high level synthesis optimizations                                                     |
+---------------+----------------------------+--------------+----------------------------------------------------------------------------------------+

* Instructions per Function for each Compilation Phase
+--------------------------+-----------------------+--------------+---------------+--------------+-------------+---------------+
| Function                 | Location              | Compile/Link | Unroll/Inline | Array/Struct | Performance | HW Transforms |
+--------------------------+-----------------------+--------------+---------------+--------------+-------------+---------------+
| + knn_accelerator        | knn.cpp:142           | 6,179        | 1,912         | 1,890        | 1,911       | 1,954         |
|  + knn_distance_and_sort | knn.cpp:9             | 6,056        | 1,846         | 1,819        | 1,836       | 1,860         |
|     sqrt_fixed<42, 22>   | hls_sqrt_apfixed.h:19 |              | 1,757         | 1,717        | 1,717       | 1,718         |
|    knn_majority_vote     | knn.cpp:92            |   87         |   38          |   38         |   40        |   53          |
+--------------------------+-----------------------+--------------+---------------+--------------+-------------+---------------+

* Design Size Message Settings
+---------------------------------------------+--------+------------------------------------------------------------------+
| Message Setting                             | Value  | Description                                                      |
+---------------------------------------------+--------+------------------------------------------------------------------+
| config_compile -design_size_maximum_warning | 100000 | Show a warning when total design instructions exceeds this value |
+---------------------------------------------+--------+------------------------------------------------------------------+


