

================================================================
== Vitis HLS Report for 'knn_majority_vote_Pipeline_VITIS_LOOP_106_2'
================================================================
* Date:           Tue Mar 17 19:32:52 2026

* Version:        2025.1 (Build 6135595 on May 21 2025)
* Project:        knn_accelerator
* Solution:       hls (Vivado IP Flow Target)
* Product family: zynq
* Target device:  xc7z020-clg400-1


================================================================
== Performance Estimates
================================================================
+ Timing: 
    * Summary: 
    +--------+----------+----------+------------+
    |  Clock |  Target  | Estimated| Uncertainty|
    +--------+----------+----------+------------+
    |ap_clk  |  10.00 ns|  7.160 ns|     2.70 ns|
    +--------+----------+----------+------------+

+ Latency: 
    * Summary: 
    +---------+---------+-----------+-----------+-----+-----+------------------------------------------------+
    |  Latency (cycles) |   Latency (absolute)  |  Interval |                    Pipeline                    |
    |   min   |   max   |    min    |    max    | min | max |                      Type                      |
    +---------+---------+-----------+-----------+-----+-----+------------------------------------------------+
    |        8|        8|  80.000 ns|  80.000 ns|    7|    7|  loop auto-rewind stp (delay=0 clock cycles(s))|
    +---------+---------+-----------+-----------+-----+-----+------------------------------------------------+

    + Detail: 
        * Instance: 
        N/A

        * Loop: 
        +--------------------+---------+---------+----------+-----------+-----------+------+----------+
        |                    |  Latency (cycles) | Iteration|  Initiation Interval  | Trip |          |
        |      Loop Name     |   min   |   max   |  Latency |  achieved |   target  | Count| Pipelined|
        +--------------------+---------+---------+----------+-----------+-----------+------+----------+
        |- VITIS_LOOP_106_2  |        6|        6|         3|          2|          1|     3|       yes|
        +--------------------+---------+---------+----------+-----------+-----------+------+----------+



================================================================
== Utilization Estimates
================================================================
* Summary: 
+-----------------+---------+-----+--------+-------+-----+
|       Name      | BRAM_18K| DSP |   FF   |  LUT  | URAM|
+-----------------+---------+-----+--------+-------+-----+
|DSP              |        -|    -|       -|      -|    -|
|Expression       |        -|    -|       0|    164|    -|
|FIFO             |        -|    -|       -|      -|    -|
|Instance         |        -|    -|       0|      9|    -|
|Memory           |        -|    -|       -|      -|    -|
|Multiplexer      |        -|    -|       0|     68|    -|
|Register         |        -|    -|     141|      -|    -|
+-----------------+---------+-----+--------+-------+-----+
|Total            |        0|    0|     141|    241|    0|
+-----------------+---------+-----+--------+-------+-----+
|Available        |      280|  220|  106400|  53200|    0|
+-----------------+---------+-----+--------+-------+-----+
|Utilization (%)  |        0|    0|      ~0|     ~0|    0|
+-----------------+---------+-----+--------+-------+-----+

+ Detail: 
    * Instance: 
    +-------------------------+---------------------+---------+----+---+----+-----+
    |         Instance        |        Module       | BRAM_18K| DSP| FF| LUT| URAM|
    +-------------------------+---------------------+---------+----+---+----+-----+
    |sparsemux_7_2_4_1_1_U43  |sparsemux_7_2_4_1_1  |        0|   0|  0|   9|    0|
    +-------------------------+---------------------+---------+----+---+----+-----+
    |Total                    |                     |        0|   0|  0|   9|    0|
    +-------------------------+---------------------+---------+----+---+----+-----+

    * DSP: 
    N/A

    * Memory: 
    N/A

    * FIFO: 
    N/A

    * Expression: 
    +------------------------+----------+----+---+----+------------+------------+
    |      Variable Name     | Operation| DSP| FF| LUT| Bitwidth P0| Bitwidth P1|
    +------------------------+----------+----+---+----+------------+------------+
    |add_ln106_fu_115_p2     |         +|   0|  0|  10|           2|           1|
    |add_ln108_fu_172_p2     |         +|   0|  0|  39|          32|           1|
    |addr_cmp_fu_146_p2      |      icmp|   0|  0|  71|          64|          64|
    |icmp_ln106_fu_109_p2    |      icmp|   0|  0|  10|           2|           2|
    |reuse_select_fu_165_p3  |    select|   0|  0|  32|           1|          32|
    |ap_enable_pp0           |       xor|   0|  0|   2|           1|           2|
    +------------------------+----------+----+---+----+------------+------------+
    |Total                   |          |   0|  0| 164|         102|         102|
    +------------------------+----------+----+---+----+------------+------------+

    * Multiplexer: 
    +-------------------------+----+-----------+-----+-----------+
    |           Name          | LUT| Input Size| Bits| Total Bits|
    +-------------------------+----+-----------+-----+-----------+
    |ap_NS_fsm                |  14|          3|    1|          3|
    |ap_done_int              |   9|          2|    1|          2|
    |ap_enable_reg_pp0_iter0  |   9|          2|    1|          2|
    |ap_enable_reg_pp0_iter1  |   9|          2|    1|          2|
    |i_1_fu_52                |   9|          2|    2|          4|
    |reuse_addr_reg_fu_44     |   9|          2|   64|        128|
    |reuse_reg_fu_48          |   9|          2|   32|         64|
    +-------------------------+----+-----------+-----+-----------+
    |Total                    |  68|         15|  102|        205|
    +-------------------------+----+-----------+-----+-----------+

    * Register: 
    +-----------------------------+----+----+-----+-----------+
    |             Name            | FF | LUT| Bits| Const Bits|
    +-----------------------------+----+----+-----+-----------+
    |add_ln108_reg_234            |  32|   0|   32|          0|
    |addr_cmp_reg_229             |   1|   0|    1|          0|
    |ap_CS_fsm                    |   2|   0|    2|          0|
    |ap_done_reg                  |   1|   0|    1|          0|
    |ap_enable_reg_pp0_iter0_reg  |   1|   0|    1|          0|
    |ap_enable_reg_pp0_iter1      |   1|   0|    1|          0|
    |counts_addr_reg_223          |   4|   0|    4|          0|
    |i_1_fu_52                    |   2|   0|    2|          0|
    |icmp_ln106_reg_219           |   1|   0|    1|          0|
    |reuse_addr_reg_fu_44         |  64|   0|   64|          0|
    |reuse_reg_fu_48              |  32|   0|   32|          0|
    +-----------------------------+----+----+-----+-----------+
    |Total                        | 141|   0|  141|          0|
    +-----------------------------+----+----+-----+-----------+



================================================================
== Interface
================================================================
* Summary: 
+---------------------+-----+-----+------------+---------------------------------------------+--------------+
|      RTL Ports      | Dir | Bits|  Protocol  |                Source Object                |    C Type    |
+---------------------+-----+-----+------------+---------------------------------------------+--------------+
|ap_clk               |   in|    1|  ap_ctrl_hs|  knn_majority_vote_Pipeline_VITIS_LOOP_106_2|  return value|
|ap_rst               |   in|    1|  ap_ctrl_hs|  knn_majority_vote_Pipeline_VITIS_LOOP_106_2|  return value|
|ap_start             |   in|    1|  ap_ctrl_hs|  knn_majority_vote_Pipeline_VITIS_LOOP_106_2|  return value|
|ap_done              |  out|    1|  ap_ctrl_hs|  knn_majority_vote_Pipeline_VITIS_LOOP_106_2|  return value|
|ap_idle              |  out|    1|  ap_ctrl_hs|  knn_majority_vote_Pipeline_VITIS_LOOP_106_2|  return value|
|ap_ready             |  out|    1|  ap_ctrl_hs|  knn_majority_vote_Pipeline_VITIS_LOOP_106_2|  return value|
|top_k_labels_read    |   in|    4|     ap_none|                            top_k_labels_read|        scalar|
|top_k_labels_read_3  |   in|    4|     ap_none|                          top_k_labels_read_3|        scalar|
|top_k_labels_read_4  |   in|    4|     ap_none|                          top_k_labels_read_4|        scalar|
|counts_address0      |  out|    4|   ap_memory|                                       counts|         array|
|counts_ce0           |  out|    1|   ap_memory|                                       counts|         array|
|counts_we0           |  out|    1|   ap_memory|                                       counts|         array|
|counts_d0            |  out|   32|   ap_memory|                                       counts|         array|
|counts_address1      |  out|    4|   ap_memory|                                       counts|         array|
|counts_ce1           |  out|    1|   ap_memory|                                       counts|         array|
|counts_q1            |   in|   32|   ap_memory|                                       counts|         array|
+---------------------+-----+-----+------------+---------------------------------------------+--------------+

