

================================================================
== Vitis HLS Report for 'knn_distance_and_sort'
================================================================
* Date:           Sun Mar 22 16:09:51 2026

* Version:        2025.1 (Build 6135595 on May 21 2025)
* Project:        knn_accelerator
* Solution:       hls (Vivado IP Flow Target)
* Product family: zynq
* Target device:  xc7z020-clg400-1


================================================================
== Performance Estimates
================================================================
+ Timing: 
    * Summary: 
    +--------+----------+----------+------------+
    |  Clock |  Target  | Estimated| Uncertainty|
    +--------+----------+----------+------------+
    |ap_clk  |  10.00 ns|  8.391 ns|     2.70 ns|
    +--------+----------+----------+------------+

+ Latency: 
    * Summary: 
    +---------+---------+-----------+-----------+------+------+---------+
    |  Latency (cycles) |   Latency (absolute)  |   Interval  | Pipeline|
    |   min   |   max   |    min    |    max    |  min |  max |   Type  |
    +---------+---------+-----------+-----------+------+------+---------+
    |     1563|     1693|  15.630 us|  16.930 us|  1563|  1693|       no|
    +---------+---------+-----------+-----------+------+------+---------+

    + Detail: 
        * Instance: 
        +-----------------------------------------------------------+------------------------------------------------+---------+---------+----------+----------+-----+-----+------------------------------------------------+
        |                                                           |                                                |  Latency (cycles) |  Latency (absolute) |  Interval |                    Pipeline                    |
        |                          Instance                         |                     Module                     |   min   |   max   |    min   |    max   | min | max |                      Type                      |
        +-----------------------------------------------------------+------------------------------------------------+---------+---------+----------+----------+-----+-----+------------------------------------------------+
        |grp_knn_distance_and_sort_Pipeline_load_test_local_fu_384  |knn_distance_and_sort_Pipeline_load_test_local  |       52|       52|  0.520 us|  0.520 us|   50|   50|  loop auto-rewind stp (delay=0 clock cycles(s))|
        +-----------------------------------------------------------+------------------------------------------------+---------+---------+----------+----------+-----+-----+------------------------------------------------+

        * Loop: 
        +----------------------+---------+---------+-----------+-----------+-----------+-------+----------+
        |                      |  Latency (cycles) | Iteration |  Initiation Interval  |  Trip |          |
        |       Loop Name      |   min   |   max   |  Latency  |  achieved |   target  | Count | Pipelined|
        +----------------------+---------+---------+-----------+-----------+-----------+-------+----------+
        |- train_loop          |     1500|     1630|  150 ~ 163|          -|          -|     10|        no|
        | + feature_loop       |      147|      147|         21|          -|          -|      7|        no|
        | + sort_cascade_loop  |        0|        2|          1|          -|          -|  0 ~ 2|        no|
        +----------------------+---------+---------+-----------+-----------+-----------+-------+----------+



================================================================
== Utilization Estimates
================================================================
* Summary: 
+-----------------+---------+-----+--------+-------+-----+
|       Name      | BRAM_18K| DSP |   FF   |  LUT  | URAM|
+-----------------+---------+-----+--------+-------+-----+
|DSP              |        -|    -|       -|      -|    -|
|Expression       |        -|    -|       0|   1851|    -|
|FIFO             |        -|    -|       -|      -|    -|
|Instance         |        -|    4|     193|    189|    -|
|Memory           |        1|    -|       0|      0|    0|
|Multiplexer      |        -|    -|       0|    712|    -|
|Register         |        -|    -|    1587|      -|    -|
+-----------------+---------+-----+--------+-------+-----+
|Total            |        1|    4|    1780|   2752|    0|
+-----------------+---------+-----+--------+-------+-----+
|Available        |      280|  220|  106400|  53200|    0|
+-----------------+---------+-----+--------+-------+-----+
|Utilization (%)  |       ~0|    1|       1|      5|    0|
+-----------------+---------+-----+--------+-------+-----+

+ Detail: 
    * Instance: 
    +-----------------------------------------------------------+------------------------------------------------+---------+----+-----+-----+-----+
    |                          Instance                         |                     Module                     | BRAM_18K| DSP|  FF | LUT | URAM|
    +-----------------------------------------------------------+------------------------------------------------+---------+----+-----+-----+-----+
    |grp_knn_distance_and_sort_Pipeline_load_test_local_fu_384  |knn_distance_and_sort_Pipeline_load_test_local  |        0|   0|   52|   77|    0|
    |mul_28s_28s_56_3_1_U4                                      |mul_28s_28s_56_3_1                              |        0|   4|  141|  112|    0|
    +-----------------------------------------------------------+------------------------------------------------+---------+----+-----+-----+-----+
    |Total                                                      |                                                |        0|   4|  193|  189|    0|
    +-----------------------------------------------------------+------------------------------------------------+---------+----+-----+-----+-----+

    * DSP: 
    N/A

    * Memory: 
    +--------------+------------------------------------------------+---------+---+----+-----+------+-----+------+-------------+
    |    Memory    |                     Module                     | BRAM_18K| FF| LUT| URAM| Words| Bits| Banks| W*Bits*Banks|
    +--------------+------------------------------------------------+---------+---+----+-----+------+-----+------+-------------+
    |test_local_U  |knn_distance_and_sort_test_local_RAM_AUTO_1R1W  |        1|  0|   0|    0|    49|   28|     1|         1372|
    +--------------+------------------------------------------------+---------+---+----+-----+------+-----+------+-------------+
    |Total         |                                                |        1|  0|   0|    0|    49|   28|     1|         1372|
    +--------------+------------------------------------------------+---------+---+----+-----+------+-----+------+-------------+

    * FIFO: 
    N/A

    * Expression: 
    +-------------------------+----------+----+---+----+------------+------------+
    |      Variable Name      | Operation| DSP| FF| LUT| Bitwidth P0| Bitwidth P1|
    +-------------------------+----------+----+---+----+------------+------------+
    |add_ln31_fu_415_p2       |         +|   0|  0|  71|          64|          64|
    |add_ln56_1_fu_477_p2     |         +|   0|  0|  14|           9|           6|
    |add_ln56_fu_489_p2       |         +|   0|  0|  13|           4|           1|
    |add_ln67_1_fu_637_p2     |         +|   0|  0|  14|           6|           2|
    |add_ln67_2_fu_689_p2     |         +|   0|  0|  14|           6|           2|
    |add_ln67_3_fu_741_p2     |         +|   0|  0|  14|           6|           3|
    |add_ln67_4_fu_793_p2     |         +|   0|  0|  14|           6|           3|
    |add_ln67_5_fu_845_p2     |         +|   0|  0|  14|           6|           3|
    |add_ln67_6_fu_555_p2     |         +|   0|  0|  14|           6|           3|
    |add_ln67_fu_585_p2       |         +|   0|  0|  14|           6|           1|
    |add_ln70_10_fu_803_p2    |         +|   0|  0|  14|           9|           9|
    |add_ln70_11_fu_820_p2    |         +|   0|  0|  71|          64|          64|
    |add_ln70_12_fu_855_p2    |         +|   0|  0|  14|           9|           9|
    |add_ln70_13_fu_872_p2    |         +|   0|  0|  71|          64|          64|
    |add_ln70_1_fu_530_p2     |         +|   0|  0|  71|          64|          64|
    |add_ln70_2_fu_595_p2     |         +|   0|  0|  14|           9|           9|
    |add_ln70_3_fu_612_p2     |         +|   0|  0|  71|          64|          64|
    |add_ln70_4_fu_647_p2     |         +|   0|  0|  14|           9|           9|
    |add_ln70_5_fu_664_p2     |         +|   0|  0|  71|          64|          64|
    |add_ln70_6_fu_699_p2     |         +|   0|  0|  14|           9|           9|
    |add_ln70_7_fu_716_p2     |         +|   0|  0|  71|          64|          64|
    |add_ln70_8_fu_751_p2     |         +|   0|  0|  14|           9|           9|
    |add_ln70_9_fu_768_p2     |         +|   0|  0|  71|          64|          64|
    |add_ln70_fu_513_p2       |         +|   0|  0|  14|           9|           9|
    |add_ln71_1_fu_1030_p2    |         +|   0|  0|  69|          62|          62|
    |add_ln71_2_fu_1075_p2    |         +|   0|  0|  69|          62|          62|
    |add_ln71_3_fu_1112_p2    |         +|   0|  0|  69|          62|          62|
    |add_ln71_4_fu_1144_p2    |         +|   0|  0|  69|          62|          62|
    |add_ln71_5_fu_1171_p2    |         +|   0|  0|  69|          62|          62|
    |add_ln71_6_fu_1198_p2    |         +|   0|  0|  69|          62|          62|
    |add_ln71_fu_985_p2       |         +|   0|  0|  69|          62|          62|
    |add_ln82_fu_1223_p2      |         +|   0|  0|  10|           2|           2|
    |add_ln86_fu_1271_p2      |         +|   0|  0|  71|          64|          64|
    |diff_1_fu_924_p2         |         -|   0|  0|  35|          28|          28|
    |diff_2_fu_942_p2         |         -|   0|  0|  35|          28|          28|
    |diff_3_fu_960_p2         |         -|   0|  0|  35|          28|          28|
    |diff_4_fu_1006_p2        |         -|   0|  0|  35|          28|          28|
    |diff_5_fu_1051_p2        |         -|   0|  0|  35|          28|          28|
    |diff_6_fu_1096_p2        |         -|   0|  0|  35|          28|          28|
    |diff_fu_906_p2           |         -|   0|  0|  35|          28|          28|
    |icmp_ln56_fu_483_p2      |      icmp|   0|  0|  13|           4|           4|
    |icmp_ln67_fu_503_p2      |      icmp|   0|  0|  14|           6|           5|
    |icmp_ln78_1_fu_570_p2    |      icmp|   0|  0|  49|          42|          42|
    |icmp_ln78_2_fu_579_p2    |      icmp|   0|  0|  49|          42|          42|
    |icmp_ln78_fu_564_p2      |      icmp|   0|  0|  49|          42|          42|
    |icmp_ln79_fu_1218_p2     |      icmp|   0|  0|  10|           2|           2|
    |icmp_ln82_1_fu_1229_p2   |      icmp|   0|  0|  11|           2|           3|
    |icmp_ln82_fu_1242_p2     |      icmp|   0|  0|  10|           2|           1|
    |select_ln83_fu_1248_p3   |    select|   0|  0|   4|           1|           4|
    |top_k_dist_3_fu_1235_p3  |    select|   0|  0|  42|           1|          42|
    +-------------------------+----------+----+---+----+------------+------------+
    |Total                    |          |   0|  0|1851|        1470|        1482|
    +-------------------------+----------+----+---+----+------------+------------+

    * Multiplexer: 
    +-------------------------------+-----+-----------+-----+-----------+
    |              Name             | LUT | Input Size| Bits| Total Bits|
    +-------------------------------+-----+-----------+-----+-----------+
    |ap_NS_fsm                      |  201|         46|    1|         46|
    |gmem_x_test_blk_n_AR           |    9|          2|    1|          2|
    |gmem_x_train_blk_n_AR          |    9|          2|    1|          2|
    |gmem_x_train_blk_n_R           |    9|          2|    1|          2|
    |gmem_y_train_blk_n_AR          |    9|          2|    1|          2|
    |gmem_y_train_blk_n_R           |    9|          2|    1|          2|
    |grp_fu_392_p0                  |   42|          8|   28|        224|
    |grp_fu_392_p1                  |   42|          8|   28|        224|
    |i_1_fu_156                     |    9|          2|    4|          8|
    |j34_0_lcssa255_reg_372         |    9|          2|    2|          4|
    |j_reg_324                      |    9|          2|    6|         12|
    |k_reg_361                      |    9|          2|    2|          4|
    |m_axi_gmem_x_test_0_ARADDR     |   14|          3|   64|        192|
    |m_axi_gmem_x_test_0_ARBURST    |    9|          2|    2|          4|
    |m_axi_gmem_x_test_0_ARCACHE    |    9|          2|    4|          8|
    |m_axi_gmem_x_test_0_ARID       |    9|          2|    1|          2|
    |m_axi_gmem_x_test_0_ARLEN      |   14|          3|   32|         96|
    |m_axi_gmem_x_test_0_ARLOCK     |    9|          2|    2|          4|
    |m_axi_gmem_x_test_0_ARPROT     |    9|          2|    3|          6|
    |m_axi_gmem_x_test_0_ARQOS      |    9|          2|    4|          8|
    |m_axi_gmem_x_test_0_ARREGION   |    9|          2|    4|          8|
    |m_axi_gmem_x_test_0_ARSIZE     |    9|          2|    3|          6|
    |m_axi_gmem_x_test_0_ARUSER     |    9|          2|    1|          2|
    |m_axi_gmem_x_test_0_ARVALID    |   14|          3|    1|          3|
    |m_axi_gmem_x_test_0_RREADY     |    9|          2|    1|          2|
    |m_axi_gmem_x_train_0_ARADDR    |   42|          8|   64|        512|
    |phi_mul_fu_152                 |    9|          2|    9|         18|
    |test_local_address0            |    9|          2|    6|         12|
    |test_local_address0_local      |   42|          8|    6|         48|
    |test_local_ce0                 |    9|          2|    1|          2|
    |test_local_we0                 |    9|          2|    1|          2|
    |top_k_dist_1_fu_168            |   14|          3|   42|        126|
    |top_k_dist_2_fu_172            |   14|          3|   42|        126|
    |top_k_dist_4_reg_336           |    9|          2|   42|         84|
    |top_k_dist_fu_164              |    9|          2|   42|         84|
    |top_k_labels_0_o               |   14|          3|    4|         12|
    |top_k_labels_1_o               |   20|          4|    4|         16|
    |top_k_labels_2_local_0_fu_160  |   14|          3|    4|         12|
    +-------------------------------+-----+-----------+-----+-----------+
    |Total                          |  712|        153|  465|       1927|
    +-------------------------------+-----+-----------+-----+-----------+

    * Register: 
    +------------------------------------------------------------------------+----+----+-----+-----------+
    |                                  Name                                  | FF | LUT| Bits| Const Bits|
    +------------------------------------------------------------------------+----+----+-----+-----------+
    |add_ln56_1_reg_1397                                                     |   9|   0|    9|          0|
    |add_ln56_reg_1405                                                       |   4|   0|    4|          0|
    |add_ln67_1_reg_1455                                                     |   6|   0|    6|          0|
    |add_ln67_2_reg_1466                                                     |   6|   0|    6|          0|
    |add_ln67_3_reg_1477                                                     |   6|   0|    6|          0|
    |add_ln67_4_reg_1488                                                     |   6|   0|    6|          0|
    |add_ln67_5_reg_1499                                                     |   6|   0|    6|          0|
    |add_ln67_6_reg_1424                                                     |   6|   0|    6|          0|
    |add_ln67_reg_1444                                                       |   6|   0|    6|          0|
    |ap_CS_fsm                                                               |  45|   0|   45|          0|
    |diff_1_reg_1541                                                         |  28|   0|   28|          0|
    |diff_2_reg_1562                                                         |  28|   0|   28|          0|
    |diff_3_reg_1583                                                         |  28|   0|   28|          0|
    |diff_4_reg_1609                                                         |  28|   0|   28|          0|
    |diff_5_reg_1635                                                         |  28|   0|   28|          0|
    |diff_6_reg_1661                                                         |  28|   0|   28|          0|
    |diff_reg_1520                                                           |  28|   0|   28|          0|
    |gmem_x_train_addr_1_reg_1449                                            |  64|   0|   64|          0|
    |gmem_x_train_addr_2_reg_1460                                            |  64|   0|   64|          0|
    |gmem_x_train_addr_3_reg_1471                                            |  64|   0|   64|          0|
    |gmem_x_train_addr_4_reg_1482                                            |  64|   0|   64|          0|
    |gmem_x_train_addr_5_reg_1493                                            |  64|   0|   64|          0|
    |gmem_x_train_addr_6_reg_1504                                            |  64|   0|   64|          0|
    |gmem_x_train_addr_reg_1418                                              |  64|   0|   64|          0|
    |gmem_y_train_addr_reg_1714                                              |  64|   0|   64|          0|
    |grp_knn_distance_and_sort_Pipeline_load_test_local_fu_384_ap_start_reg  |   1|   0|    1|          0|
    |i_1_fu_156                                                              |   4|   0|    4|          0|
    |icmp_ln78_1_reg_1436                                                    |   1|   0|    1|          0|
    |icmp_ln78_2_reg_1440                                                    |   1|   0|    1|          0|
    |icmp_ln78_reg_1432                                                      |   1|   0|    1|          0|
    |j34_0_lcssa255_reg_372                                                  |   2|   0|    2|          0|
    |j34_0_lcssa2_ph_reg_348                                                 |   1|   0|    1|          0|
    |j_reg_324                                                               |   6|   0|    6|          0|
    |k_reg_361                                                               |   2|   0|    2|          0|
    |phi_mul_fu_152                                                          |   9|   0|    9|          0|
    |reg_399                                                                 |  56|   0|   56|          0|
    |tmp_1_reg_1624                                                          |  42|   0|   42|          0|
    |tmp_2_reg_1650                                                          |  42|   0|   42|          0|
    |tmp_3_reg_1666                                                          |  42|   0|   42|          0|
    |tmp_4_reg_1677                                                          |  42|   0|   42|          0|
    |tmp_5_reg_1682                                                          |  42|   0|   42|          0|
    |tmp_reg_1598                                                            |  42|   0|   42|          0|
    |top_k_dist_1_fu_168                                                     |  42|   0|   42|          0|
    |top_k_dist_2_fu_172                                                     |  42|   0|   42|          0|
    |top_k_dist_4_reg_336                                                    |  42|   0|   42|          0|
    |top_k_dist_fu_164                                                       |  42|   0|   42|          0|
    |top_k_labels_0_read_reg_1698                                            |   4|   0|    4|          0|
    |top_k_labels_2_local_0_fu_160                                           |   4|   0|    4|          0|
    |trunc_ln70_10_reg_1619                                                  |  28|   0|   28|          0|
    |trunc_ln70_12_reg_1645                                                  |  28|   0|   28|          0|
    |trunc_ln70_1_reg_1530                                                   |  28|   0|   28|          0|
    |trunc_ln70_2_reg_1551                                                   |  28|   0|   28|          0|
    |trunc_ln70_3_reg_1572                                                   |  28|   0|   28|          0|
    |trunc_ln70_5_reg_1593                                                   |  28|   0|   28|          0|
    |trunc_ln70_reg_1515                                                     |  28|   0|   28|          0|
    |trunc_ln86_reg_1720                                                     |   4|   0|    4|          0|
    |trunc_ln_reg_1367                                                       |  62|   0|   62|          0|
    |zext_ln56_reg_1410                                                      |   4|   0|   64|         60|
    |zext_ln85_reg_1692                                                      |   1|   0|    2|          1|
    +------------------------------------------------------------------------+----+----+-----+-----------+
    |Total                                                                   |1587|   0| 1648|         61|
    +------------------------------------------------------------------------+----+----+-----+-----------+



================================================================
== Interface
================================================================
* Summary: 
+-------------------------------+-----+-----+------------+-----------------------+--------------+
|           RTL Ports           | Dir | Bits|  Protocol  |     Source Object     |    C Type    |
+-------------------------------+-----+-----+------------+-----------------------+--------------+
|ap_clk                         |   in|    1|  ap_ctrl_hs|  knn_distance_and_sort|  return value|
|ap_rst                         |   in|    1|  ap_ctrl_hs|  knn_distance_and_sort|  return value|
|ap_start                       |   in|    1|  ap_ctrl_hs|  knn_distance_and_sort|  return value|
|ap_done                        |  out|    1|  ap_ctrl_hs|  knn_distance_and_sort|  return value|
|ap_idle                        |  out|    1|  ap_ctrl_hs|  knn_distance_and_sort|  return value|
|ap_ready                       |  out|    1|  ap_ctrl_hs|  knn_distance_and_sort|  return value|
|m_axi_gmem_x_test_0_AWVALID    |  out|    1|       m_axi|            gmem_x_test|       pointer|
|m_axi_gmem_x_test_0_AWREADY    |   in|    1|       m_axi|            gmem_x_test|       pointer|
|m_axi_gmem_x_test_0_AWADDR     |  out|   64|       m_axi|            gmem_x_test|       pointer|
|m_axi_gmem_x_test_0_AWID       |  out|    1|       m_axi|            gmem_x_test|       pointer|
|m_axi_gmem_x_test_0_AWLEN      |  out|   32|       m_axi|            gmem_x_test|       pointer|
|m_axi_gmem_x_test_0_AWSIZE     |  out|    3|       m_axi|            gmem_x_test|       pointer|
|m_axi_gmem_x_test_0_AWBURST    |  out|    2|       m_axi|            gmem_x_test|       pointer|
|m_axi_gmem_x_test_0_AWLOCK     |  out|    2|       m_axi|            gmem_x_test|       pointer|
|m_axi_gmem_x_test_0_AWCACHE    |  out|    4|       m_axi|            gmem_x_test|       pointer|
|m_axi_gmem_x_test_0_AWPROT     |  out|    3|       m_axi|            gmem_x_test|       pointer|
|m_axi_gmem_x_test_0_AWQOS      |  out|    4|       m_axi|            gmem_x_test|       pointer|
|m_axi_gmem_x_test_0_AWREGION   |  out|    4|       m_axi|            gmem_x_test|       pointer|
|m_axi_gmem_x_test_0_AWUSER     |  out|    1|       m_axi|            gmem_x_test|       pointer|
|m_axi_gmem_x_test_0_WVALID     |  out|    1|       m_axi|            gmem_x_test|       pointer|
|m_axi_gmem_x_test_0_WREADY     |   in|    1|       m_axi|            gmem_x_test|       pointer|
|m_axi_gmem_x_test_0_WDATA      |  out|   32|       m_axi|            gmem_x_test|       pointer|
|m_axi_gmem_x_test_0_WSTRB      |  out|    4|       m_axi|            gmem_x_test|       pointer|
|m_axi_gmem_x_test_0_WLAST      |  out|    1|       m_axi|            gmem_x_test|       pointer|
|m_axi_gmem_x_test_0_WID        |  out|    1|       m_axi|            gmem_x_test|       pointer|
|m_axi_gmem_x_test_0_WUSER      |  out|    1|       m_axi|            gmem_x_test|       pointer|
|m_axi_gmem_x_test_0_ARVALID    |  out|    1|       m_axi|            gmem_x_test|       pointer|
|m_axi_gmem_x_test_0_ARREADY    |   in|    1|       m_axi|            gmem_x_test|       pointer|
|m_axi_gmem_x_test_0_ARADDR     |  out|   64|       m_axi|            gmem_x_test|       pointer|
|m_axi_gmem_x_test_0_ARID       |  out|    1|       m_axi|            gmem_x_test|       pointer|
|m_axi_gmem_x_test_0_ARLEN      |  out|   32|       m_axi|            gmem_x_test|       pointer|
|m_axi_gmem_x_test_0_ARSIZE     |  out|    3|       m_axi|            gmem_x_test|       pointer|
|m_axi_gmem_x_test_0_ARBURST    |  out|    2|       m_axi|            gmem_x_test|       pointer|
|m_axi_gmem_x_test_0_ARLOCK     |  out|    2|       m_axi|            gmem_x_test|       pointer|
|m_axi_gmem_x_test_0_ARCACHE    |  out|    4|       m_axi|            gmem_x_test|       pointer|
|m_axi_gmem_x_test_0_ARPROT     |  out|    3|       m_axi|            gmem_x_test|       pointer|
|m_axi_gmem_x_test_0_ARQOS      |  out|    4|       m_axi|            gmem_x_test|       pointer|
|m_axi_gmem_x_test_0_ARREGION   |  out|    4|       m_axi|            gmem_x_test|       pointer|
|m_axi_gmem_x_test_0_ARUSER     |  out|    1|       m_axi|            gmem_x_test|       pointer|
|m_axi_gmem_x_test_0_RVALID     |   in|    1|       m_axi|            gmem_x_test|       pointer|
|m_axi_gmem_x_test_0_RREADY     |  out|    1|       m_axi|            gmem_x_test|       pointer|
|m_axi_gmem_x_test_0_RDATA      |   in|   32|       m_axi|            gmem_x_test|       pointer|
|m_axi_gmem_x_test_0_RLAST      |   in|    1|       m_axi|            gmem_x_test|       pointer|
|m_axi_gmem_x_test_0_RID        |   in|    1|       m_axi|            gmem_x_test|       pointer|
|m_axi_gmem_x_test_0_RFIFONUM   |   in|    9|       m_axi|            gmem_x_test|       pointer|
|m_axi_gmem_x_test_0_RUSER      |   in|    1|       m_axi|            gmem_x_test|       pointer|
|m_axi_gmem_x_test_0_RRESP      |   in|    2|       m_axi|            gmem_x_test|       pointer|
|m_axi_gmem_x_test_0_BVALID     |   in|    1|       m_axi|            gmem_x_test|       pointer|
|m_axi_gmem_x_test_0_BREADY     |  out|    1|       m_axi|            gmem_x_test|       pointer|
|m_axi_gmem_x_test_0_BRESP      |   in|    2|       m_axi|            gmem_x_test|       pointer|
|m_axi_gmem_x_test_0_BID        |   in|    1|       m_axi|            gmem_x_test|       pointer|
|m_axi_gmem_x_test_0_BUSER      |   in|    1|       m_axi|            gmem_x_test|       pointer|
|test_point                     |   in|   64|     ap_none|             test_point|        scalar|
|m_axi_gmem_x_train_0_AWVALID   |  out|    1|       m_axi|           gmem_x_train|       pointer|
|m_axi_gmem_x_train_0_AWREADY   |   in|    1|       m_axi|           gmem_x_train|       pointer|
|m_axi_gmem_x_train_0_AWADDR    |  out|   64|       m_axi|           gmem_x_train|       pointer|
|m_axi_gmem_x_train_0_AWID      |  out|    1|       m_axi|           gmem_x_train|       pointer|
|m_axi_gmem_x_train_0_AWLEN     |  out|   32|       m_axi|           gmem_x_train|       pointer|
|m_axi_gmem_x_train_0_AWSIZE    |  out|    3|       m_axi|           gmem_x_train|       pointer|
|m_axi_gmem_x_train_0_AWBURST   |  out|    2|       m_axi|           gmem_x_train|       pointer|
|m_axi_gmem_x_train_0_AWLOCK    |  out|    2|       m_axi|           gmem_x_train|       pointer|
|m_axi_gmem_x_train_0_AWCACHE   |  out|    4|       m_axi|           gmem_x_train|       pointer|
|m_axi_gmem_x_train_0_AWPROT    |  out|    3|       m_axi|           gmem_x_train|       pointer|
|m_axi_gmem_x_train_0_AWQOS     |  out|    4|       m_axi|           gmem_x_train|       pointer|
|m_axi_gmem_x_train_0_AWREGION  |  out|    4|       m_axi|           gmem_x_train|       pointer|
|m_axi_gmem_x_train_0_AWUSER    |  out|    1|       m_axi|           gmem_x_train|       pointer|
|m_axi_gmem_x_train_0_WVALID    |  out|    1|       m_axi|           gmem_x_train|       pointer|
|m_axi_gmem_x_train_0_WREADY    |   in|    1|       m_axi|           gmem_x_train|       pointer|
|m_axi_gmem_x_train_0_WDATA     |  out|   32|       m_axi|           gmem_x_train|       pointer|
|m_axi_gmem_x_train_0_WSTRB     |  out|    4|       m_axi|           gmem_x_train|       pointer|
|m_axi_gmem_x_train_0_WLAST     |  out|    1|       m_axi|           gmem_x_train|       pointer|
|m_axi_gmem_x_train_0_WID       |  out|    1|       m_axi|           gmem_x_train|       pointer|
|m_axi_gmem_x_train_0_WUSER     |  out|    1|       m_axi|           gmem_x_train|       pointer|
|m_axi_gmem_x_train_0_ARVALID   |  out|    1|       m_axi|           gmem_x_train|       pointer|
|m_axi_gmem_x_train_0_ARREADY   |   in|    1|       m_axi|           gmem_x_train|       pointer|
|m_axi_gmem_x_train_0_ARADDR    |  out|   64|       m_axi|           gmem_x_train|       pointer|
|m_axi_gmem_x_train_0_ARID      |  out|    1|       m_axi|           gmem_x_train|       pointer|
|m_axi_gmem_x_train_0_ARLEN     |  out|   32|       m_axi|           gmem_x_train|       pointer|
|m_axi_gmem_x_train_0_ARSIZE    |  out|    3|       m_axi|           gmem_x_train|       pointer|
|m_axi_gmem_x_train_0_ARBURST   |  out|    2|       m_axi|           gmem_x_train|       pointer|
|m_axi_gmem_x_train_0_ARLOCK    |  out|    2|       m_axi|           gmem_x_train|       pointer|
|m_axi_gmem_x_train_0_ARCACHE   |  out|    4|       m_axi|           gmem_x_train|       pointer|
|m_axi_gmem_x_train_0_ARPROT    |  out|    3|       m_axi|           gmem_x_train|       pointer|
|m_axi_gmem_x_train_0_ARQOS     |  out|    4|       m_axi|           gmem_x_train|       pointer|
|m_axi_gmem_x_train_0_ARREGION  |  out|    4|       m_axi|           gmem_x_train|       pointer|
|m_axi_gmem_x_train_0_ARUSER    |  out|    1|       m_axi|           gmem_x_train|       pointer|
|m_axi_gmem_x_train_0_RVALID    |   in|    1|       m_axi|           gmem_x_train|       pointer|
|m_axi_gmem_x_train_0_RREADY    |  out|    1|       m_axi|           gmem_x_train|       pointer|
|m_axi_gmem_x_train_0_RDATA     |   in|   32|       m_axi|           gmem_x_train|       pointer|
|m_axi_gmem_x_train_0_RLAST     |   in|    1|       m_axi|           gmem_x_train|       pointer|
|m_axi_gmem_x_train_0_RID       |   in|    1|       m_axi|           gmem_x_train|       pointer|
|m_axi_gmem_x_train_0_RFIFONUM  |   in|    9|       m_axi|           gmem_x_train|       pointer|
|m_axi_gmem_x_train_0_RUSER     |   in|    1|       m_axi|           gmem_x_train|       pointer|
|m_axi_gmem_x_train_0_RRESP     |   in|    2|       m_axi|           gmem_x_train|       pointer|
|m_axi_gmem_x_train_0_BVALID    |   in|    1|       m_axi|           gmem_x_train|       pointer|
|m_axi_gmem_x_train_0_BREADY    |  out|    1|       m_axi|           gmem_x_train|       pointer|
|m_axi_gmem_x_train_0_BRESP     |   in|    2|       m_axi|           gmem_x_train|       pointer|
|m_axi_gmem_x_train_0_BID       |   in|    1|       m_axi|           gmem_x_train|       pointer|
|m_axi_gmem_x_train_0_BUSER     |   in|    1|       m_axi|           gmem_x_train|       pointer|
|X_train                        |   in|   64|     ap_none|                X_train|        scalar|
|m_axi_gmem_y_train_0_AWVALID   |  out|    1|       m_axi|           gmem_y_train|       pointer|
|m_axi_gmem_y_train_0_AWREADY   |   in|    1|       m_axi|           gmem_y_train|       pointer|
|m_axi_gmem_y_train_0_AWADDR    |  out|   64|       m_axi|           gmem_y_train|       pointer|
|m_axi_gmem_y_train_0_AWID      |  out|    1|       m_axi|           gmem_y_train|       pointer|
|m_axi_gmem_y_train_0_AWLEN     |  out|   32|       m_axi|           gmem_y_train|       pointer|
|m_axi_gmem_y_train_0_AWSIZE    |  out|    3|       m_axi|           gmem_y_train|       pointer|
|m_axi_gmem_y_train_0_AWBURST   |  out|    2|       m_axi|           gmem_y_train|       pointer|
|m_axi_gmem_y_train_0_AWLOCK    |  out|    2|       m_axi|           gmem_y_train|       pointer|
|m_axi_gmem_y_train_0_AWCACHE   |  out|    4|       m_axi|           gmem_y_train|       pointer|
|m_axi_gmem_y_train_0_AWPROT    |  out|    3|       m_axi|           gmem_y_train|       pointer|
|m_axi_gmem_y_train_0_AWQOS     |  out|    4|       m_axi|           gmem_y_train|       pointer|
|m_axi_gmem_y_train_0_AWREGION  |  out|    4|       m_axi|           gmem_y_train|       pointer|
|m_axi_gmem_y_train_0_AWUSER    |  out|    1|       m_axi|           gmem_y_train|       pointer|
|m_axi_gmem_y_train_0_WVALID    |  out|    1|       m_axi|           gmem_y_train|       pointer|
|m_axi_gmem_y_train_0_WREADY    |   in|    1|       m_axi|           gmem_y_train|       pointer|
|m_axi_gmem_y_train_0_WDATA     |  out|    8|       m_axi|           gmem_y_train|       pointer|
|m_axi_gmem_y_train_0_WSTRB     |  out|    1|       m_axi|           gmem_y_train|       pointer|
|m_axi_gmem_y_train_0_WLAST     |  out|    1|       m_axi|           gmem_y_train|       pointer|
|m_axi_gmem_y_train_0_WID       |  out|    1|       m_axi|           gmem_y_train|       pointer|
|m_axi_gmem_y_train_0_WUSER     |  out|    1|       m_axi|           gmem_y_train|       pointer|
|m_axi_gmem_y_train_0_ARVALID   |  out|    1|       m_axi|           gmem_y_train|       pointer|
|m_axi_gmem_y_train_0_ARREADY   |   in|    1|       m_axi|           gmem_y_train|       pointer|
|m_axi_gmem_y_train_0_ARADDR    |  out|   64|       m_axi|           gmem_y_train|       pointer|
|m_axi_gmem_y_train_0_ARID      |  out|    1|       m_axi|           gmem_y_train|       pointer|
|m_axi_gmem_y_train_0_ARLEN     |  out|   32|       m_axi|           gmem_y_train|       pointer|
|m_axi_gmem_y_train_0_ARSIZE    |  out|    3|       m_axi|           gmem_y_train|       pointer|
|m_axi_gmem_y_train_0_ARBURST   |  out|    2|       m_axi|           gmem_y_train|       pointer|
|m_axi_gmem_y_train_0_ARLOCK    |  out|    2|       m_axi|           gmem_y_train|       pointer|
|m_axi_gmem_y_train_0_ARCACHE   |  out|    4|       m_axi|           gmem_y_train|       pointer|
|m_axi_gmem_y_train_0_ARPROT    |  out|    3|       m_axi|           gmem_y_train|       pointer|
|m_axi_gmem_y_train_0_ARQOS     |  out|    4|       m_axi|           gmem_y_train|       pointer|
|m_axi_gmem_y_train_0_ARREGION  |  out|    4|       m_axi|           gmem_y_train|       pointer|
|m_axi_gmem_y_train_0_ARUSER    |  out|    1|       m_axi|           gmem_y_train|       pointer|
|m_axi_gmem_y_train_0_RVALID    |   in|    1|       m_axi|           gmem_y_train|       pointer|
|m_axi_gmem_y_train_0_RREADY    |  out|    1|       m_axi|           gmem_y_train|       pointer|
|m_axi_gmem_y_train_0_RDATA     |   in|    8|       m_axi|           gmem_y_train|       pointer|
|m_axi_gmem_y_train_0_RLAST     |   in|    1|       m_axi|           gmem_y_train|       pointer|
|m_axi_gmem_y_train_0_RID       |   in|    1|       m_axi|           gmem_y_train|       pointer|
|m_axi_gmem_y_train_0_RFIFONUM  |   in|   11|       m_axi|           gmem_y_train|       pointer|
|m_axi_gmem_y_train_0_RUSER     |   in|    1|       m_axi|           gmem_y_train|       pointer|
|m_axi_gmem_y_train_0_RRESP     |   in|    2|       m_axi|           gmem_y_train|       pointer|
|m_axi_gmem_y_train_0_BVALID    |   in|    1|       m_axi|           gmem_y_train|       pointer|
|m_axi_gmem_y_train_0_BREADY    |  out|    1|       m_axi|           gmem_y_train|       pointer|
|m_axi_gmem_y_train_0_BRESP     |   in|    2|       m_axi|           gmem_y_train|       pointer|
|m_axi_gmem_y_train_0_BID       |   in|    1|       m_axi|           gmem_y_train|       pointer|
|m_axi_gmem_y_train_0_BUSER     |   in|    1|       m_axi|           gmem_y_train|       pointer|
|y_train                        |   in|   64|     ap_none|                y_train|        scalar|
|top_k_labels_0_i               |   in|    4|     ap_ovld|         top_k_labels_0|       pointer|
|top_k_labels_0_o               |  out|    4|     ap_ovld|         top_k_labels_0|       pointer|
|top_k_labels_0_o_ap_vld        |  out|    1|     ap_ovld|         top_k_labels_0|       pointer|
|top_k_labels_1_i               |   in|    4|     ap_ovld|         top_k_labels_1|       pointer|
|top_k_labels_1_o               |  out|    4|     ap_ovld|         top_k_labels_1|       pointer|
|top_k_labels_1_o_ap_vld        |  out|    1|     ap_ovld|         top_k_labels_1|       pointer|
|top_k_labels_2                 |  out|    4|      ap_vld|         top_k_labels_2|       pointer|
|top_k_labels_2_ap_vld          |  out|    1|      ap_vld|         top_k_labels_2|       pointer|
|idx                            |   in|    9|     ap_none|                    idx|        scalar|
+-------------------------------+-----+-----+------------+-----------------------+--------------+

