

================================================================
== Vitis HLS Report for 'knn_distance_and_sort_Pipeline_copy_top_k'
================================================================
* Date:           Tue Mar 17 18:06:10 2026

* Version:        2025.1 (Build 6135595 on May 21 2025)
* Project:        knn_accelerator
* Solution:       hls (Vivado IP Flow Target)
* Product family: zynq
* Target device:  xc7z020-clg400-1


================================================================
== Performance Estimates
================================================================
+ Timing: 
    * Summary: 
    +--------+----------+----------+------------+
    |  Clock |  Target  | Estimated| Uncertainty|
    +--------+----------+----------+------------+
    |ap_clk  |  10.00 ns|  4.842 ns|     2.70 ns|
    +--------+----------+----------+------------+

+ Latency: 
    * Summary: 
    +---------+---------+-----------+-----------+-----+-----+------------------------------------------------+
    |  Latency (cycles) |   Latency (absolute)  |  Interval |                    Pipeline                    |
    |   min   |   max   |    min    |    max    | min | max |                      Type                      |
    +---------+---------+-----------+-----------+-----+-----+------------------------------------------------+
    |        5|        5|  50.000 ns|  50.000 ns|    4|    4|  loop auto-rewind stp (delay=0 clock cycles(s))|
    +---------+---------+-----------+-----------+-----+-----+------------------------------------------------+

    + Detail: 
        * Instance: 
        N/A

        * Loop: 
        +--------------+---------+---------+----------+-----------+-----------+------+----------+
        |              |  Latency (cycles) | Iteration|  Initiation Interval  | Trip |          |
        |   Loop Name  |   min   |   max   |  Latency |  achieved |   target  | Count| Pipelined|
        +--------------+---------+---------+----------+-----------+-----------+------+----------+
        |- copy_top_k  |        3|        3|         2|          1|          1|     3|       yes|
        +--------------+---------+---------+----------+-----------+-----------+------+----------+



================================================================
== Utilization Estimates
================================================================
* Summary: 
+-----------------+---------+-----+--------+-------+-----+
|       Name      | BRAM_18K| DSP |   FF   |  LUT  | URAM|
+-----------------+---------+-----+--------+-------+-----+
|DSP              |        -|    -|       -|      -|    -|
|Expression       |        -|    -|       0|     22|    -|
|FIFO             |        -|    -|       -|      -|    -|
|Instance         |        -|    -|       -|      -|    -|
|Memory           |        -|    -|       -|      -|    -|
|Multiplexer      |        -|    -|       0|     36|    -|
|Register         |        -|    -|       7|      -|    -|
+-----------------+---------+-----+--------+-------+-----+
|Total            |        0|    0|       7|     58|    0|
+-----------------+---------+-----+--------+-------+-----+
|Available        |      280|  220|  106400|  53200|    0|
+-----------------+---------+-----+--------+-------+-----+
|Utilization (%)  |        0|    0|      ~0|     ~0|    0|
+-----------------+---------+-----+--------+-------+-----+

+ Detail: 
    * Instance: 
    N/A

    * DSP: 
    N/A

    * Memory: 
    N/A

    * FIFO: 
    N/A

    * Expression: 
    +--------------------+----------+----+---+----+------------+------------+
    |    Variable Name   | Operation| DSP| FF| LUT| Bitwidth P0| Bitwidth P1|
    +--------------------+----------+----+---+----+------------+------------+
    |add_ln77_fu_91_p2   |         +|   0|  0|  10|           2|           1|
    |icmp_ln77_fu_85_p2  |      icmp|   0|  0|  10|           2|           2|
    |ap_enable_pp0       |       xor|   0|  0|   2|           1|           2|
    +--------------------+----------+----+---+----+------------+------------+
    |Total               |          |   0|  0|  22|           5|           5|
    +--------------------+----------+----+---+----+------------+------------+

    * Multiplexer: 
    +-------------------------+----+-----------+-----+-----------+
    |           Name          | LUT| Input Size| Bits| Total Bits|
    +-------------------------+----+-----------+-----+-----------+
    |ap_done_int              |   9|          2|    1|          2|
    |ap_enable_reg_pp0_iter1  |   9|          2|    1|          2|
    |ap_sig_allocacmp_i_5     |   9|          2|    2|          4|
    |i_fu_36                  |   9|          2|    2|          4|
    +-------------------------+----+-----------+-----+-----------+
    |Total                    |  36|          8|    6|         12|
    +-------------------------+----+-----------+-----+-----------+

    * Register: 
    +-------------------------+---+----+-----+-----------+
    |           Name          | FF| LUT| Bits| Const Bits|
    +-------------------------+---+----+-----+-----------+
    |ap_CS_fsm                |  1|   0|    1|          0|
    |ap_done_reg              |  1|   0|    1|          0|
    |ap_enable_reg_pp0_iter1  |  1|   0|    1|          0|
    |i_5_reg_122              |  2|   0|    2|          0|
    |i_fu_36                  |  2|   0|    2|          0|
    +-------------------------+---+----+-----+-----------+
    |Total                    |  7|   0|    7|          0|
    +-------------------------+---+----+-----+-----------+



================================================================
== Interface
================================================================
* Summary: 
+-----------------------+-----+-----+------------+-------------------------------------------+--------------+
|       RTL Ports       | Dir | Bits|  Protocol  |               Source Object               |    C Type    |
+-----------------------+-----+-----+------------+-------------------------------------------+--------------+
|ap_clk                 |   in|    1|  ap_ctrl_hs|  knn_distance_and_sort_Pipeline_copy_top_k|  return value|
|ap_rst                 |   in|    1|  ap_ctrl_hs|  knn_distance_and_sort_Pipeline_copy_top_k|  return value|
|ap_start               |   in|    1|  ap_ctrl_hs|  knn_distance_and_sort_Pipeline_copy_top_k|  return value|
|ap_done                |  out|    1|  ap_ctrl_hs|  knn_distance_and_sort_Pipeline_copy_top_k|  return value|
|ap_idle                |  out|    1|  ap_ctrl_hs|  knn_distance_and_sort_Pipeline_copy_top_k|  return value|
|ap_ready               |  out|    1|  ap_ctrl_hs|  knn_distance_and_sort_Pipeline_copy_top_k|  return value|
|top_k_labels_0         |  out|    4|      ap_vld|                             top_k_labels_0|       pointer|
|top_k_labels_0_ap_vld  |  out|    1|      ap_vld|                             top_k_labels_0|       pointer|
|top_k_labels_2         |  out|    4|      ap_vld|                             top_k_labels_2|       pointer|
|top_k_labels_2_ap_vld  |  out|    1|      ap_vld|                             top_k_labels_2|       pointer|
|top_k_labels_1         |  out|    4|      ap_vld|                             top_k_labels_1|       pointer|
|top_k_labels_1_ap_vld  |  out|    1|      ap_vld|                             top_k_labels_1|       pointer|
|labels_address0        |  out|   11|   ap_memory|                                     labels|         array|
|labels_ce0             |  out|    1|   ap_memory|                                     labels|         array|
|labels_q0              |   in|    4|   ap_memory|                                     labels|         array|
+-----------------------+-----+-----+------------+-------------------------------------------+--------------+

