

================================================================
== Vitis HLS Report for 'knn_distance_and_sort_Pipeline_init_top_k'
================================================================
* Date:           Tue Mar 17 19:32:47 2026

* Version:        2025.1 (Build 6135595 on May 21 2025)
* Project:        knn_accelerator
* Solution:       hls (Vivado IP Flow Target)
* Product family: zynq
* Target device:  xc7z020-clg400-1


================================================================
== Performance Estimates
================================================================
+ Timing: 
    * Summary: 
    +--------+----------+----------+------------+
    |  Clock |  Target  | Estimated| Uncertainty|
    +--------+----------+----------+------------+
    |ap_clk  |  10.00 ns|  4.741 ns|     2.70 ns|
    +--------+----------+----------+------------+

+ Latency: 
    * Summary: 
    +---------+---------+-----------+-----------+-----+-----+------------------------------------------------+
    |  Latency (cycles) |   Latency (absolute)  |  Interval |                    Pipeline                    |
    |   min   |   max   |    min    |    max    | min | max |                      Type                      |
    +---------+---------+-----------+-----------+-----+-----+------------------------------------------------+
    |        5|        5|  50.000 ns|  50.000 ns|    4|    4|  loop auto-rewind stp (delay=0 clock cycles(s))|
    +---------+---------+-----------+-----------+-----+-----+------------------------------------------------+

    + Detail: 
        * Instance: 
        N/A

        * Loop: 
        +--------------+---------+---------+----------+-----------+-----------+------+----------+
        |              |  Latency (cycles) | Iteration|  Initiation Interval  | Trip |          |
        |   Loop Name  |   min   |   max   |  Latency |  achieved |   target  | Count| Pipelined|
        +--------------+---------+---------+----------+-----------+-----------+------+----------+
        |- init_top_k  |        3|        3|         1|          1|          1|     3|       yes|
        +--------------+---------+---------+----------+-----------+-----------+------+----------+



================================================================
== Utilization Estimates
================================================================
* Summary: 
+-----------------+---------+-----+--------+-------+-----+
|       Name      | BRAM_18K| DSP |   FF   |  LUT  | URAM|
+-----------------+---------+-----+--------+-------+-----+
|DSP              |        -|    -|       -|      -|    -|
|Expression       |        -|    -|       0|     20|    -|
|FIFO             |        -|    -|       -|      -|    -|
|Instance         |        -|    -|       -|      -|    -|
|Memory           |        -|    -|       -|      -|    -|
|Multiplexer      |        -|    -|       0|     27|    -|
|Register         |        -|    -|       4|      -|    -|
+-----------------+---------+-----+--------+-------+-----+
|Total            |        0|    0|       4|     47|    0|
+-----------------+---------+-----+--------+-------+-----+
|Available        |      280|  220|  106400|  53200|    0|
+-----------------+---------+-----+--------+-------+-----+
|Utilization (%)  |        0|    0|      ~0|     ~0|    0|
+-----------------+---------+-----+--------+-------+-----+

+ Detail: 
    * Instance: 
    N/A

    * DSP: 
    N/A

    * Memory: 
    N/A

    * FIFO: 
    N/A

    * Expression: 
    +--------------------+----------+----+---+----+------------+------------+
    |    Variable Name   | Operation| DSP| FF| LUT| Bitwidth P0| Bitwidth P1|
    +--------------------+----------+----+---+----+------------+------------+
    |add_ln28_fu_76_p2   |         +|   0|  0|  10|           2|           1|
    |icmp_ln28_fu_70_p2  |      icmp|   0|  0|  10|           2|           2|
    +--------------------+----------+----+---+----+------------+------------+
    |Total               |          |   0|  0|  20|           4|           3|
    +--------------------+----------+----+---+----+------------+------------+

    * Multiplexer: 
    +----------------------+----+-----------+-----+-----------+
    |         Name         | LUT| Input Size| Bits| Total Bits|
    +----------------------+----+-----------+-----+-----------+
    |ap_done_int           |   9|          2|    1|          2|
    |ap_sig_allocacmp_i_4  |   9|          2|    2|          4|
    |i_fu_34               |   9|          2|    2|          4|
    +----------------------+----+-----------+-----+-----------+
    |Total                 |  27|          6|    5|         10|
    +----------------------+----+-----------+-----+-----------+

    * Register: 
    +-------------+---+----+-----+-----------+
    |     Name    | FF| LUT| Bits| Const Bits|
    +-------------+---+----+-----+-----------+
    |ap_CS_fsm    |  1|   0|    1|          0|
    |ap_done_reg  |  1|   0|    1|          0|
    |i_fu_34      |  2|   0|    2|          0|
    +-------------+---+----+-----+-----------+
    |Total        |  4|   0|    4|          0|
    +-------------+---+----+-----+-----------+



================================================================
== Interface
================================================================
* Summary: 
+-----------------------+-----+-----+------------+-------------------------------------------+--------------+
|       RTL Ports       | Dir | Bits|  Protocol  |               Source Object               |    C Type    |
+-----------------------+-----+-----+------------+-------------------------------------------+--------------+
|ap_clk                 |   in|    1|  ap_ctrl_hs|  knn_distance_and_sort_Pipeline_init_top_k|  return value|
|ap_rst                 |   in|    1|  ap_ctrl_hs|  knn_distance_and_sort_Pipeline_init_top_k|  return value|
|ap_start               |   in|    1|  ap_ctrl_hs|  knn_distance_and_sort_Pipeline_init_top_k|  return value|
|ap_done                |  out|    1|  ap_ctrl_hs|  knn_distance_and_sort_Pipeline_init_top_k|  return value|
|ap_idle                |  out|    1|  ap_ctrl_hs|  knn_distance_and_sort_Pipeline_init_top_k|  return value|
|ap_ready               |  out|    1|  ap_ctrl_hs|  knn_distance_and_sort_Pipeline_init_top_k|  return value|
|top_k_labels_0         |  out|    4|      ap_vld|                             top_k_labels_0|       pointer|
|top_k_labels_0_ap_vld  |  out|    1|      ap_vld|                             top_k_labels_0|       pointer|
|top_k_labels_2         |  out|    4|      ap_vld|                             top_k_labels_2|       pointer|
|top_k_labels_2_ap_vld  |  out|    1|      ap_vld|                             top_k_labels_2|       pointer|
|top_k_labels_1         |  out|    4|      ap_vld|                             top_k_labels_1|       pointer|
|top_k_labels_1_ap_vld  |  out|    1|      ap_vld|                             top_k_labels_1|       pointer|
+-----------------------+-----+-----+------------+-------------------------------------------+--------------+

