

================================================================
== Vitis HLS Report for 'knn_majority_vote_Pipeline_VITIS_LOOP_119_3'
================================================================
* Date:           Tue Mar 17 19:32:53 2026

* Version:        2025.1 (Build 6135595 on May 21 2025)
* Project:        knn_accelerator
* Solution:       hls (Vivado IP Flow Target)
* Product family: zynq
* Target device:  xc7z020-clg400-1


================================================================
== Performance Estimates
================================================================
+ Timing: 
    * Summary: 
    +--------+----------+----------+------------+
    |  Clock |  Target  | Estimated| Uncertainty|
    +--------+----------+----------+------------+
    |ap_clk  |  10.00 ns|  7.160 ns|     2.70 ns|
    +--------+----------+----------+------------+

+ Latency: 
    * Summary: 
    +---------+---------+----------+----------+-----+-----+------------------------------------------------+
    |  Latency (cycles) |  Latency (absolute) |  Interval |                    Pipeline                    |
    |   min   |   max   |    min   |    max   | min | max |                      Type                      |
    +---------+---------+----------+----------+-----+-----+------------------------------------------------+
    |       12|       12|  0.120 us|  0.120 us|   11|   11|  loop auto-rewind stp (delay=0 clock cycles(s))|
    +---------+---------+----------+----------+-----+-----+------------------------------------------------+

    + Detail: 
        * Instance: 
        N/A

        * Loop: 
        +--------------------+---------+---------+----------+-----------+-----------+------+----------+
        |                    |  Latency (cycles) | Iteration|  Initiation Interval  | Trip |          |
        |      Loop Name     |   min   |   max   |  Latency |  achieved |   target  | Count| Pipelined|
        +--------------------+---------+---------+----------+-----------+-----------+------+----------+
        |- VITIS_LOOP_119_3  |       10|       10|         2|          1|          1|    10|       yes|
        +--------------------+---------+---------+----------+-----------+-----------+------+----------+



================================================================
== Utilization Estimates
================================================================
* Summary: 
+-----------------+---------+-----+--------+-------+-----+
|       Name      | BRAM_18K| DSP |   FF   |  LUT  | URAM|
+-----------------+---------+-----+--------+-------+-----+
|DSP              |        -|    -|       -|      -|    -|
|Expression       |        -|    -|       0|    131|    -|
|FIFO             |        -|    -|       -|      -|    -|
|Instance         |        -|    -|       -|      -|    -|
|Memory           |        -|    -|       -|      -|    -|
|Multiplexer      |        -|    -|       0|     45|    -|
|Register         |        -|    -|      75|      -|    -|
+-----------------+---------+-----+--------+-------+-----+
|Total            |        0|    0|      75|    176|    0|
+-----------------+---------+-----+--------+-------+-----+
|Available        |      280|  220|  106400|  53200|    0|
+-----------------+---------+-----+--------+-------+-----+
|Utilization (%)  |        0|    0|      ~0|     ~0|    0|
+-----------------+---------+-----+--------+-------+-----+

+ Detail: 
    * Instance: 
    N/A

    * DSP: 
    N/A

    * Memory: 
    N/A

    * FIFO: 
    N/A

    * Expression: 
    +-----------------------+----------+----+---+----+------------+------------+
    |     Variable Name     | Operation| DSP| FF| LUT| Bitwidth P0| Bitwidth P1|
    +-----------------------+----------+----+---+----+------------+------------+
    |add_ln119_fu_83_p2     |         +|   0|  0|  13|           4|           1|
    |icmp_ln119_fu_77_p2    |      icmp|   0|  0|  13|           4|           4|
    |icmp_ln120_fu_105_p2   |      icmp|   0|  0|  39|          32|          32|
    |max_1_fu_111_p3        |    select|   0|  0|  32|           1|          32|
    |max_label_1_fu_122_p3  |    select|   0|  0|  32|           1|          32|
    |ap_enable_pp0          |       xor|   0|  0|   2|           1|           2|
    +-----------------------+----------+----+---+----+------------+------------+
    |Total                  |          |   0|  0| 131|          43|         103|
    +-----------------------+----------+----+---+----+------------+------------+

    * Multiplexer: 
    +-------------------------+----+-----------+-----+-----------+
    |           Name          | LUT| Input Size| Bits| Total Bits|
    +-------------------------+----+-----------+-----+-----------+
    |ap_done_int              |   9|          2|    1|          2|
    |ap_enable_reg_pp0_iter1  |   9|          2|    1|          2|
    |ap_sig_allocacmp_i_2     |   9|          2|    4|          8|
    |i_fu_40                  |   9|          2|    4|          8|
    |max_fu_32                |   9|          2|   32|         64|
    +-------------------------+----+-----------+-----+-----------+
    |Total                    |  45|         10|   42|         84|
    +-------------------------+----+-----------+-----+-----------+

    * Register: 
    +-------------------------+----+----+-----+-----------+
    |           Name          | FF | LUT| Bits| Const Bits|
    +-------------------------+----+----+-----+-----------+
    |ap_CS_fsm                |   1|   0|    1|          0|
    |ap_done_reg              |   1|   0|    1|          0|
    |ap_enable_reg_pp0_iter1  |   1|   0|    1|          0|
    |i_2_reg_165              |   4|   0|    4|          0|
    |i_fu_40                  |   4|   0|    4|          0|
    |max_fu_32                |  32|   0|   32|          0|
    |max_label_fu_36          |  32|   0|   32|          0|
    +-------------------------+----+----+-----+-----------+
    |Total                    |  75|   0|   75|          0|
    +-------------------------+----+----+-----+-----------+



================================================================
== Interface
================================================================
* Summary: 
+----------------------+-----+-----+------------+---------------------------------------------+--------------+
|       RTL Ports      | Dir | Bits|  Protocol  |                Source Object                |    C Type    |
+----------------------+-----+-----+------------+---------------------------------------------+--------------+
|ap_clk                |   in|    1|  ap_ctrl_hs|  knn_majority_vote_Pipeline_VITIS_LOOP_119_3|  return value|
|ap_rst                |   in|    1|  ap_ctrl_hs|  knn_majority_vote_Pipeline_VITIS_LOOP_119_3|  return value|
|ap_start              |   in|    1|  ap_ctrl_hs|  knn_majority_vote_Pipeline_VITIS_LOOP_119_3|  return value|
|ap_done               |  out|    1|  ap_ctrl_hs|  knn_majority_vote_Pipeline_VITIS_LOOP_119_3|  return value|
|ap_idle               |  out|    1|  ap_ctrl_hs|  knn_majority_vote_Pipeline_VITIS_LOOP_119_3|  return value|
|ap_ready              |  out|    1|  ap_ctrl_hs|  knn_majority_vote_Pipeline_VITIS_LOOP_119_3|  return value|
|counts_address0       |  out|    4|   ap_memory|                                       counts|         array|
|counts_ce0            |  out|    1|   ap_memory|                                       counts|         array|
|counts_q0             |   in|   32|   ap_memory|                                       counts|         array|
|max_label_out         |  out|   32|      ap_vld|                                max_label_out|       pointer|
|max_label_out_ap_vld  |  out|    1|      ap_vld|                                max_label_out|       pointer|
+----------------------+-----+-----+------------+---------------------------------------------+--------------+

