

================================================================
== Vitis HLS Report for 'knn_distance_and_sort_Outline_init_top_k'
================================================================
* Date:           Sun Mar 22 01:03:42 2026

* Version:        2025.2 (Build 6295257 on Nov 14 2025)
* Project:        knn_accelerator
* Solution:       hls (Vivado IP Flow Target)
* Product family: zynq
* Target device:  xc7z020-clg400-1


================================================================
== Performance Estimates
================================================================
+ Timing: 
    * Summary: 
    +--------+----------+----------+------------+
    |  Clock |  Target  | Estimated| Uncertainty|
    +--------+----------+----------+------------+
    |ap_clk  |  10.00 ns|  3.153 ns|     2.70 ns|
    +--------+----------+----------+------------+

+ Latency: 
    * Summary: 
    +---------+---------+-----------+-----------+-----+-----+---------+
    |  Latency (cycles) |   Latency (absolute)  |  Interval | Pipeline|
    |   min   |   max   |    min    |    max    | min | max |   Type  |
    +---------+---------+-----------+-----------+-----+-----+---------+
    |        4|        4|  40.000 ns|  40.000 ns|    4|    4|       no|
    +---------+---------+-----------+-----------+-----+-----+---------+

    + Detail: 
        * Instance: 
        N/A

        * Loop: 
        +--------------+---------+---------+----------+-----------+-----------+------+----------+
        |              |  Latency (cycles) | Iteration|  Initiation Interval  | Trip |          |
        |   Loop Name  |   min   |   max   |  Latency |  achieved |   target  | Count| Pipelined|
        +--------------+---------+---------+----------+-----------+-----------+------+----------+
        |- init_top_k  |        3|        3|         1|          -|          -|     3|        no|
        +--------------+---------+---------+----------+-----------+-----------+------+----------+



================================================================
== Utilization Estimates
================================================================
* Summary: 
+-----------------+---------+-----+--------+-------+-----+
|       Name      | BRAM_18K| DSP |   FF   |  LUT  | URAM|
+-----------------+---------+-----+--------+-------+-----+
|DSP              |        -|    -|       -|      -|    -|
|Expression       |        -|    -|       0|     20|    -|
|FIFO             |        -|    -|       -|      -|    -|
|Instance         |        -|    -|       -|      -|    -|
|Memory           |        -|    -|       -|      -|    -|
|Multiplexer      |        -|    -|       0|     23|    -|
|Register         |        -|    -|       4|      -|    -|
+-----------------+---------+-----+--------+-------+-----+
|Total            |        0|    0|       4|     43|    0|
+-----------------+---------+-----+--------+-------+-----+
|Available        |      280|  220|  106400|  53200|    0|
+-----------------+---------+-----+--------+-------+-----+
|Utilization (%)  |        0|    0|      ~0|     ~0|    0|
+-----------------+---------+-----+--------+-------+-----+

+ Detail: 
    * Instance: 
    N/A

    * DSP: 
    N/A

    * Memory: 
    N/A

    * FIFO: 
    N/A

    * Expression: 
    +--------------------+----------+----+---+----+------------+------------+
    |    Variable Name   | Operation| DSP| FF| LUT| Bitwidth P0| Bitwidth P1|
    +--------------------+----------+----+---+----+------------+------------+
    |add_ln28_fu_76_p2   |         +|   0|  0|  10|           2|           1|
    |icmp_ln28_fu_70_p2  |      icmp|   0|  0|  10|           2|           2|
    +--------------------+----------+----+---+----+------------+------------+
    |Total               |          |   0|  0|  20|           4|           3|
    +--------------------+----------+----+---+----+------------+------------+

    * Multiplexer: 
    +-----------+----+-----------+-----+-----------+
    |    Name   | LUT| Input Size| Bits| Total Bits|
    +-----------+----+-----------+-----+-----------+
    |ap_NS_fsm  |  14|          3|    1|          3|
    |i_fu_34    |   9|          2|    2|          4|
    +-----------+----+-----------+-----+-----------+
    |Total      |  23|          5|    3|          7|
    +-----------+----+-----------+-----+-----------+

    * Register: 
    +-----------+---+----+-----+-----------+
    |    Name   | FF| LUT| Bits| Const Bits|
    +-----------+---+----+-----+-----------+
    |ap_CS_fsm  |  2|   0|    2|          0|
    |i_fu_34    |  2|   0|    2|          0|
    +-----------+---+----+-----+-----------+
    |Total      |  4|   0|    4|          0|
    +-----------+---+----+-----+-----------+



================================================================
== Interface
================================================================
* Summary: 
+-----------------------+-----+-----+------------+------------------------------------------+--------------+
|       RTL Ports       | Dir | Bits|  Protocol  |               Source Object              |    C Type    |
+-----------------------+-----+-----+------------+------------------------------------------+--------------+
|ap_clk                 |   in|    1|  ap_ctrl_hs|  knn_distance_and_sort_Outline_init_top_k|  return value|
|ap_rst                 |   in|    1|  ap_ctrl_hs|  knn_distance_and_sort_Outline_init_top_k|  return value|
|ap_start               |   in|    1|  ap_ctrl_hs|  knn_distance_and_sort_Outline_init_top_k|  return value|
|ap_done                |  out|    1|  ap_ctrl_hs|  knn_distance_and_sort_Outline_init_top_k|  return value|
|ap_idle                |  out|    1|  ap_ctrl_hs|  knn_distance_and_sort_Outline_init_top_k|  return value|
|ap_ready               |  out|    1|  ap_ctrl_hs|  knn_distance_and_sort_Outline_init_top_k|  return value|
|top_k_labels_0         |  out|    4|      ap_vld|                            top_k_labels_0|       pointer|
|top_k_labels_0_ap_vld  |  out|    1|      ap_vld|                            top_k_labels_0|       pointer|
|top_k_labels_2         |  out|    4|      ap_vld|                            top_k_labels_2|       pointer|
|top_k_labels_2_ap_vld  |  out|    1|      ap_vld|                            top_k_labels_2|       pointer|
|top_k_labels_1         |  out|    4|      ap_vld|                            top_k_labels_1|       pointer|
|top_k_labels_1_ap_vld  |  out|    1|      ap_vld|                            top_k_labels_1|       pointer|
+-----------------------+-----+-----+------------+------------------------------------------+--------------+

