

================================================================
== Vitis HLS Report for 'knn_distance_and_sort_Pipeline_train_loop'
================================================================
* Date:           Tue Mar 17 18:06:08 2026

* Version:        2025.1 (Build 6135595 on May 21 2025)
* Project:        knn_accelerator
* Solution:       hls (Vivado IP Flow Target)
* Product family: zynq
* Target device:  xc7z020-clg400-1


================================================================
== Performance Estimates
================================================================
+ Timing: 
    * Summary: 
    +--------+----------+----------+------------+
    |  Clock |  Target  | Estimated| Uncertainty|
    +--------+----------+----------+------------+
    |ap_clk  |  10.00 ns|  8.536 ns|     2.70 ns|
    +--------+----------+----------+------------+

+ Latency: 
    * Summary: 
    +---------+---------+----------+----------+-------+-------+------------------------------------------------+
    |  Latency (cycles) |  Latency (absolute) |    Interval   |                    Pipeline                    |
    |   min   |   max   |    min   |    max   |  min  |  max  |                      Type                      |
    +---------+---------+----------+----------+-------+-------+------------------------------------------------+
    |    73883|    73883|  0.739 ms|  0.739 ms|  73549|  73549|  loop auto-rewind stp (delay=0 clock cycles(s))|
    +---------+---------+----------+----------+-------+-------+------------------------------------------------+

    + Detail: 
        * Instance: 
        N/A

        * Loop: 
        +--------------+---------+---------+----------+-----------+-----------+------+----------+
        |              |  Latency (cycles) | Iteration|  Initiation Interval  | Trip |          |
        |   Loop Name  |   min   |   max   |  Latency |  achieved |   target  | Count| Pipelined|
        +--------------+---------+---------+----------+-----------+-----------+------+----------+
        |- train_loop  |    73881|    73881|       431|         49|          1|  1500|       yes|
        +--------------+---------+---------+----------+-----------+-----------+------+----------+



================================================================
== Utilization Estimates
================================================================
* Summary: 
+-----------------+---------+-----+--------+-------+-----+
|       Name      | BRAM_18K| DSP |   FF   |  LUT  | URAM|
+-----------------+---------+-----+--------+-------+-----+
|DSP              |        -|    -|       -|      -|    -|
|Expression       |        -|    -|       0|    136|    -|
|FIFO             |        -|    -|       -|      -|    -|
|Instance         |        -|   17|    1602|   2868|    -|
|Memory           |        -|    -|       -|      -|    -|
|Multiplexer      |        -|    -|       0|   1232|    -|
|Register         |        -|    -|    8168|   1120|    -|
+-----------------+---------+-----+--------+-------+-----+
|Total            |        0|   17|    9770|   5356|    0|
+-----------------+---------+-----+--------+-------+-----+
|Available        |      280|  220|  106400|  53200|    0|
+-----------------+---------+-----+--------+-------+-----+
|Utilization (%)  |        0|    7|       9|     10|    0|
+-----------------+---------+-----+--------+-------+-----+

+ Detail: 
    * Instance: 
    +---------------------------------------+------------------------------------+---------+----+-----+------+-----+
    |                Instance               |               Module               | BRAM_18K| DSP|  FF |  LUT | URAM|
    +---------------------------------------+------------------------------------+---------+----+-----+------+-----+
    |dadddsub_64ns_64ns_64_7_full_dsp_1_U4  |dadddsub_64ns_64ns_64_7_full_dsp_1  |        0|   3|  630|  1141|    0|
    |dadddsub_64ns_64ns_64_7_full_dsp_1_U5  |dadddsub_64ns_64ns_64_7_full_dsp_1  |        0|   3|  630|  1141|    0|
    |dmul_64ns_64ns_64_7_max_dsp_1_U6       |dmul_64ns_64ns_64_7_max_dsp_1       |        0|  11|  342|   586|    0|
    |dsqrt_64ns_64ns_64_57_no_dsp_1_U7      |dsqrt_64ns_64ns_64_57_no_dsp_1      |        0|   0|    0|     0|    0|
    +---------------------------------------+------------------------------------+---------+----+-----+------+-----+
    |Total                                  |                                    |        0|  17| 1602|  2868|    0|
    +---------------------------------------+------------------------------------+---------+----+-----+------+-----+

    * DSP: 
    N/A

    * Memory: 
    N/A

    * FIFO: 
    N/A

    * Expression: 
    +-----------------------------------+----------+----+---+----+------------+------------+
    |           Variable Name           | Operation| DSP| FF| LUT| Bitwidth P0| Bitwidth P1|
    +-----------------------------------+----------+----+---+----+------------+------------+
    |add_ln40_fu_339_p2                 |         +|   0|  0|  12|          11|           1|
    |ap_block_pp0_stage0_00001          |       and|   0|  0|   2|           1|           1|
    |ap_block_pp0_stage10_00001         |       and|   0|  0|   2|           1|           1|
    |ap_block_pp0_stage11_00001         |       and|   0|  0|   2|           1|           1|
    |ap_block_pp0_stage12_00001         |       and|   0|  0|   2|           1|           1|
    |ap_block_pp0_stage13_00001         |       and|   0|  0|   2|           1|           1|
    |ap_block_pp0_stage14_00001         |       and|   0|  0|   2|           1|           1|
    |ap_block_pp0_stage15_00001         |       and|   0|  0|   2|           1|           1|
    |ap_block_pp0_stage16_00001         |       and|   0|  0|   2|           1|           1|
    |ap_block_pp0_stage17_00001         |       and|   0|  0|   2|           1|           1|
    |ap_block_pp0_stage18_00001         |       and|   0|  0|   2|           1|           1|
    |ap_block_pp0_stage19_00001         |       and|   0|  0|   2|           1|           1|
    |ap_block_pp0_stage20_00001         |       and|   0|  0|   2|           1|           1|
    |ap_block_pp0_stage21_00001         |       and|   0|  0|   2|           1|           1|
    |ap_block_pp0_stage22_00001         |       and|   0|  0|   2|           1|           1|
    |ap_block_pp0_stage23_00001         |       and|   0|  0|   2|           1|           1|
    |ap_block_pp0_stage24_00001         |       and|   0|  0|   2|           1|           1|
    |ap_block_pp0_stage25_00001         |       and|   0|  0|   2|           1|           1|
    |ap_block_pp0_stage26_00001         |       and|   0|  0|   2|           1|           1|
    |ap_block_pp0_stage27_00001         |       and|   0|  0|   2|           1|           1|
    |ap_block_pp0_stage28_00001         |       and|   0|  0|   2|           1|           1|
    |ap_block_pp0_stage29_00001         |       and|   0|  0|   2|           1|           1|
    |ap_block_pp0_stage30_00001         |       and|   0|  0|   2|           1|           1|
    |ap_block_pp0_stage31_00001         |       and|   0|  0|   2|           1|           1|
    |ap_block_pp0_stage32_00001         |       and|   0|  0|   2|           1|           1|
    |ap_block_pp0_stage33_00001         |       and|   0|  0|   2|           1|           1|
    |ap_block_pp0_stage34_00001         |       and|   0|  0|   2|           1|           1|
    |ap_block_pp0_stage35_00001         |       and|   0|  0|   2|           1|           1|
    |ap_block_pp0_stage36_00001         |       and|   0|  0|   2|           1|           1|
    |ap_block_pp0_stage37_00001         |       and|   0|  0|   2|           1|           1|
    |ap_block_pp0_stage38_00001         |       and|   0|  0|   2|           1|           1|
    |ap_block_pp0_stage39_00001         |       and|   0|  0|   2|           1|           1|
    |ap_block_pp0_stage40_00001         |       and|   0|  0|   2|           1|           1|
    |ap_block_pp0_stage41_00001         |       and|   0|  0|   2|           1|           1|
    |ap_block_pp0_stage42_00001         |       and|   0|  0|   2|           1|           1|
    |ap_block_pp0_stage43_00001         |       and|   0|  0|   2|           1|           1|
    |ap_block_pp0_stage44_00001         |       and|   0|  0|   2|           1|           1|
    |ap_block_pp0_stage45_00001         |       and|   0|  0|   2|           1|           1|
    |ap_block_pp0_stage46_00001         |       and|   0|  0|   2|           1|           1|
    |ap_block_pp0_stage47_00001         |       and|   0|  0|   2|           1|           1|
    |ap_block_pp0_stage48_00001         |       and|   0|  0|   2|           1|           1|
    |ap_block_pp0_stage9_00001          |       and|   0|  0|   2|           1|           1|
    |ap_block_state2_io                 |       and|   0|  0|   2|           1|           1|
    |ap_block_state3_pp0_stage2_iter0   |       and|   0|  0|   2|           1|           1|
    |icmp_ln40_fu_333_p2                |      icmp|   0|  0|  12|          11|          11|
    |ap_block_pp0_stage1_00001          |        or|   0|  0|   2|           1|           1|
    |ap_block_pp0_stage1_11001          |        or|   0|  0|   2|           1|           1|
    |ap_block_pp0_stage2_00001          |        or|   0|  0|   2|           1|           1|
    |ap_block_pp0_stage3_00001          |        or|   0|  0|   2|           1|           1|
    |ap_block_pp0_stage4_00001          |        or|   0|  0|   2|           1|           1|
    |ap_block_pp0_stage5_00001          |        or|   0|  0|   2|           1|           1|
    |ap_block_pp0_stage6_00001          |        or|   0|  0|   2|           1|           1|
    |ap_block_pp0_stage7_00001          |        or|   0|  0|   2|           1|           1|
    |ap_block_pp0_stage8_00001          |        or|   0|  0|   2|           1|           1|
    |ap_block_state10_pp0_stage9_iter0  |        or|   0|  0|   2|           1|           1|
    |ap_block_state2_pp0_stage1_iter0   |        or|   0|  0|   2|           1|           1|
    |ap_block_state50_pp0_stage0_iter1  |        or|   0|  0|   2|           1|           1|
    |ap_enable_pp0                      |       xor|   0|  0|   2|           1|           2|
    +-----------------------------------+----------+----+---+----+------------+------------+
    |Total                              |          |   0|  0| 136|          78|          69|
    +-----------------------------------+----------+----+---+----+------------+------------+

    * Multiplexer: 
    +----------------------------------+-----+-----------+-----+-----------+
    |               Name               | LUT | Input Size| Bits| Total Bits|
    +----------------------------------+-----+-----------+-----+-----------+
    |ap_NS_fsm                         |  217|         50|    1|         50|
    |ap_done_int                       |    9|          2|    1|          2|
    |ap_enable_reg_pp0_iter0           |    9|          2|    1|          2|
    |ap_enable_reg_pp0_iter1           |    9|          2|    1|          2|
    |ap_enable_reg_pp0_iter8           |    9|          2|    1|          2|
    |ap_loop_exit_ready_pp0_iter1_reg  |    9|          2|    1|          2|
    |ap_loop_exit_ready_pp0_iter2_reg  |    9|          2|    1|          2|
    |ap_loop_exit_ready_pp0_iter3_reg  |    9|          2|    1|          2|
    |ap_loop_exit_ready_pp0_iter4_reg  |    9|          2|    1|          2|
    |ap_loop_exit_ready_pp0_iter5_reg  |    9|          2|    1|          2|
    |ap_loop_exit_ready_pp0_iter6_reg  |    9|          2|    1|          2|
    |ap_loop_exit_ready_pp0_iter7_reg  |    9|          2|    1|          2|
    |ap_sig_allocacmp_i_3              |    9|          2|   11|         22|
    |gmem_x_test_blk_n_AR              |    9|          2|    1|          2|
    |gmem_x_test_blk_n_R               |    9|          2|    1|          2|
    |gmem_x_train_blk_n_R              |    9|          2|    1|          2|
    |gmem_y_train_blk_n_R              |    9|          2|    1|          2|
    |grp_fu_148_opcode                 |   14|          3|    2|          6|
    |grp_fu_148_p0                     |  205|         47|   64|       3008|
    |grp_fu_148_p1                     |  217|         50|   64|       3200|
    |grp_fu_153_opcode                 |   14|          3|    2|          6|
    |grp_fu_153_p0                     |   65|         16|   64|       1024|
    |grp_fu_153_p1                     |  217|         50|   64|       3200|
    |grp_fu_157_p0                     |   65|         12|   64|        768|
    |grp_fu_157_p1                     |   65|         12|   64|        768|
    |i_fu_78                           |    9|          2|   11|         22|
    +----------------------------------+-----+-----------+-----+-----------+
    |Total                             | 1232|        277|  426|      12104|
    +----------------------------------+-----+-----------+-----+-----------+

    * Register: 
    +------------------------------------+----+----+-----+-----------+
    |                Name                | FF | LUT| Bits| Const Bits|
    +------------------------------------+----+----+-----+-----------+
    |ap_CS_fsm                           |  49|   0|   49|          0|
    |ap_done_reg                         |   1|   0|    1|          0|
    |ap_enable_reg_pp0_iter0_reg         |   1|   0|    1|          0|
    |ap_enable_reg_pp0_iter1             |   1|   0|    1|          0|
    |ap_enable_reg_pp0_iter2             |   1|   0|    1|          0|
    |ap_enable_reg_pp0_iter3             |   1|   0|    1|          0|
    |ap_enable_reg_pp0_iter4             |   1|   0|    1|          0|
    |ap_enable_reg_pp0_iter5             |   1|   0|    1|          0|
    |ap_enable_reg_pp0_iter6             |   1|   0|    1|          0|
    |ap_enable_reg_pp0_iter7             |   1|   0|    1|          0|
    |ap_enable_reg_pp0_iter8             |   1|   0|    1|          0|
    |ap_loop_exit_ready_pp0_iter1_reg    |   1|   0|    1|          0|
    |ap_loop_exit_ready_pp0_iter2_reg    |   1|   0|    1|          0|
    |ap_loop_exit_ready_pp0_iter3_reg    |   1|   0|    1|          0|
    |ap_loop_exit_ready_pp0_iter4_reg    |   1|   0|    1|          0|
    |ap_loop_exit_ready_pp0_iter5_reg    |   1|   0|    1|          0|
    |ap_loop_exit_ready_pp0_iter6_reg    |   1|   0|    1|          0|
    |ap_loop_exit_ready_pp0_iter7_reg    |   1|   0|    1|          0|
    |diff_48_reg_1621                    |  64|   0|   64|          0|
    |gmem_x_train_addr_read_47_reg_1431  |  64|   0|   64|          0|
    |gmem_x_train_addr_read_48_reg_1451  |  64|   0|   64|          0|
    |i_3_reg_886                         |  11|   0|   11|          0|
    |i_fu_78                             |  11|   0|   11|          0|
    |icmp_ln40_reg_891                   |   1|   0|    1|          0|
    |mul16_10_reg_1211                   |  64|   0|   64|          0|
    |mul16_10_reg_1211_pp0_iter1_reg     |  64|   0|   64|          0|
    |mul16_11_reg_1226                   |  64|   0|   64|          0|
    |mul16_11_reg_1226_pp0_iter1_reg     |  64|   0|   64|          0|
    |mul16_12_reg_1241                   |  64|   0|   64|          0|
    |mul16_12_reg_1241_pp0_iter1_reg     |  64|   0|   64|          0|
    |mul16_13_reg_1266                   |  64|   0|   64|          0|
    |mul16_13_reg_1266_pp0_iter1_reg     |  64|   0|   64|          0|
    |mul16_14_reg_1271                   |  64|   0|   64|          0|
    |mul16_14_reg_1271_pp0_iter1_reg     |  64|   0|   64|          0|
    |mul16_15_reg_1296                   |  64|   0|   64|          0|
    |mul16_16_reg_1311                   |  64|   0|   64|          0|
    |mul16_17_reg_1326                   |  64|   0|   64|          0|
    |mul16_18_reg_1341                   |  64|   0|   64|          0|
    |mul16_19_reg_1356                   |  64|   0|   64|          0|
    |mul16_1_reg_1061                    |  64|   0|   64|          0|
    |mul16_20_reg_1371                   |  64|   0|   64|          0|
    |mul16_21_reg_1376                   |  64|   0|   64|          0|
    |mul16_22_reg_1401                   |  64|   0|   64|          0|
    |mul16_23_reg_1416                   |  64|   0|   64|          0|
    |mul16_24_reg_1436                   |  64|   0|   64|          0|
    |mul16_25_reg_1456                   |  64|   0|   64|          0|
    |mul16_26_reg_1471                   |  64|   0|   64|          0|
    |mul16_27_reg_1486                   |  64|   0|   64|          0|
    |mul16_28_reg_1491                   |  64|   0|   64|          0|
    |mul16_29_reg_1516                   |  64|   0|   64|          0|
    |mul16_2_reg_1066                    |  64|   0|   64|          0|
    |mul16_30_reg_1531                   |  64|   0|   64|          0|
    |mul16_31_reg_1546                   |  64|   0|   64|          0|
    |mul16_32_reg_1561                   |  64|   0|   64|          0|
    |mul16_33_reg_1576                   |  64|   0|   64|          0|
    |mul16_34_reg_1591                   |  64|   0|   64|          0|
    |mul16_35_reg_1596                   |  64|   0|   64|          0|
    |mul16_36_reg_1601                   |  64|   0|   64|          0|
    |mul16_37_reg_1606                   |  64|   0|   64|          0|
    |mul16_38_reg_1611                   |  64|   0|   64|          0|
    |mul16_39_reg_1616                   |  64|   0|   64|          0|
    |mul16_3_reg_1091                    |  64|   0|   64|          0|
    |mul16_40_reg_1627                   |  64|   0|   64|          0|
    |mul16_41_reg_1632                   |  64|   0|   64|          0|
    |mul16_42_reg_1637                   |  64|   0|   64|          0|
    |mul16_43_reg_1642                   |  64|   0|   64|          0|
    |mul16_44_reg_1647                   |  64|   0|   64|          0|
    |mul16_45_reg_1652                   |  64|   0|   64|          0|
    |mul16_46_reg_1657                   |  64|   0|   64|          0|
    |mul16_47_reg_1662                   |  64|   0|   64|          0|
    |mul16_4_reg_1106                    |  64|   0|   64|          0|
    |mul16_5_reg_1121                    |  64|   0|   64|          0|
    |mul16_6_reg_1136                    |  64|   0|   64|          0|
    |mul16_7_reg_1151                    |  64|   0|   64|          0|
    |mul16_8_reg_1166                    |  64|   0|   64|          0|
    |mul16_9_reg_1171                    |  64|   0|   64|          0|
    |mul16_9_reg_1171_pp0_iter1_reg      |  64|   0|   64|          0|
    |mul16_s_reg_1196                    |  64|   0|   64|          0|
    |mul16_s_reg_1196_pp0_iter1_reg      |  64|   0|   64|          0|
    |mul_reg_1046                        |  64|   0|   64|          0|
    |p_cast_cast_cast_reg_881            |  64|   0|   64|          0|
    |reg_166                             |  64|   0|   64|          0|
    |reg_170                             |  64|   0|   64|          0|
    |reg_174                             |  64|   0|   64|          0|
    |reg_178                             |  64|   0|   64|          0|
    |reg_182                             |  64|   0|   64|          0|
    |reg_186                             |  64|   0|   64|          0|
    |reg_190                             |  64|   0|   64|          0|
    |reg_194                             |  64|   0|   64|          0|
    |reg_198                             |  64|   0|   64|          0|
    |reg_202                             |  64|   0|   64|          0|
    |reg_206                             |  64|   0|   64|          0|
    |reg_214                             |  64|   0|   64|          0|
    |reg_220                             |  64|   0|   64|          0|
    |reg_226                             |  64|   0|   64|          0|
    |reg_232                             |  64|   0|   64|          0|
    |reg_238                             |  64|   0|   64|          0|
    |reg_244                             |  64|   0|   64|          0|
    |reg_250                             |  64|   0|   64|          0|
    |reg_254                             |  64|   0|   64|          0|
    |reg_258                             |  64|   0|   64|          0|
    |reg_265                             |  64|   0|   64|          0|
    |reg_272                             |  64|   0|   64|          0|
    |reg_278                             |  64|   0|   64|          0|
    |reg_283                             |  64|   0|   64|          0|
    |reg_288                             |  64|   0|   64|          0|
    |reg_293                             |  64|   0|   64|          0|
    |reg_298                             |  64|   0|   64|          0|
    |reg_303                             |  64|   0|   64|          0|
    |reg_308                             |  64|   0|   64|          0|
    |sum_48_reg_1667                     |  64|   0|   64|          0|
    |tmp_reg_1672                        |  64|   0|   64|          0|
    |trunc_ln55_reg_906                  |   4|   0|    4|          0|
    |zext_ln40_reg_911                   |  11|   0|   64|         53|
    |icmp_ln40_reg_891                   |  64|  32|    1|          0|
    |mul16_15_reg_1296                   |  64|  32|   64|          0|
    |mul16_16_reg_1311                   |  64|  32|   64|          0|
    |mul16_17_reg_1326                   |  64|  32|   64|          0|
    |mul16_18_reg_1341                   |  64|  32|   64|          0|
    |mul16_19_reg_1356                   |  64|  32|   64|          0|
    |mul16_20_reg_1371                   |  64|  32|   64|          0|
    |mul16_21_reg_1376                   |  64|  32|   64|          0|
    |mul16_22_reg_1401                   |  64|  32|   64|          0|
    |mul16_23_reg_1416                   |  64|  32|   64|          0|
    |mul16_24_reg_1436                   |  64|  32|   64|          0|
    |mul16_25_reg_1456                   |  64|  32|   64|          0|
    |mul16_26_reg_1471                   |  64|  32|   64|          0|
    |mul16_27_reg_1486                   |  64|  32|   64|          0|
    |mul16_28_reg_1491                   |  64|  32|   64|          0|
    |mul16_29_reg_1516                   |  64|  32|   64|          0|
    |mul16_30_reg_1531                   |  64|  32|   64|          0|
    |mul16_31_reg_1546                   |  64|  32|   64|          0|
    |mul16_32_reg_1561                   |  64|  32|   64|          0|
    |mul16_33_reg_1576                   |  64|  32|   64|          0|
    |mul16_34_reg_1591                   |  64|  32|   64|          0|
    |mul16_35_reg_1596                   |  64|  32|   64|          0|
    |mul16_36_reg_1601                   |  64|  32|   64|          0|
    |mul16_37_reg_1606                   |  64|  32|   64|          0|
    |mul16_38_reg_1611                   |  64|  32|   64|          0|
    |mul16_39_reg_1616                   |  64|  32|   64|          0|
    |mul16_40_reg_1627                   |  64|  32|   64|          0|
    |mul16_41_reg_1632                   |  64|  32|   64|          0|
    |mul16_42_reg_1637                   |  64|  32|   64|          0|
    |mul16_43_reg_1642                   |  64|  32|   64|          0|
    |mul16_44_reg_1647                   |  64|  32|   64|          0|
    |mul16_45_reg_1652                   |  64|  32|   64|          0|
    |mul16_46_reg_1657                   |  64|  32|   64|          0|
    |mul16_47_reg_1662                   |  64|  32|   64|          0|
    |zext_ln40_reg_911                   |  64|  32|   64|         53|
    +------------------------------------+----+----+-----+-----------+
    |Total                               |8168|1120| 8158|        106|
    +------------------------------------+----+----+-----+-----------+



================================================================
== Interface
================================================================
* Summary: 
+-------------------------------+-----+-----+------------+-------------------------------------------+--------------+
|           RTL Ports           | Dir | Bits|  Protocol  |               Source Object               |    C Type    |
+-------------------------------+-----+-----+------------+-------------------------------------------+--------------+
|ap_clk                         |   in|    1|  ap_ctrl_hs|  knn_distance_and_sort_Pipeline_train_loop|  return value|
|ap_rst                         |   in|    1|  ap_ctrl_hs|  knn_distance_and_sort_Pipeline_train_loop|  return value|
|ap_start                       |   in|    1|  ap_ctrl_hs|  knn_distance_and_sort_Pipeline_train_loop|  return value|
|ap_done                        |  out|    1|  ap_ctrl_hs|  knn_distance_and_sort_Pipeline_train_loop|  return value|
|ap_idle                        |  out|    1|  ap_ctrl_hs|  knn_distance_and_sort_Pipeline_train_loop|  return value|
|ap_ready                       |  out|    1|  ap_ctrl_hs|  knn_distance_and_sort_Pipeline_train_loop|  return value|
|m_axi_gmem_x_test_0_AWVALID    |  out|    1|       m_axi|                                gmem_x_test|       pointer|
|m_axi_gmem_x_test_0_AWREADY    |   in|    1|       m_axi|                                gmem_x_test|       pointer|
|m_axi_gmem_x_test_0_AWADDR     |  out|   64|       m_axi|                                gmem_x_test|       pointer|
|m_axi_gmem_x_test_0_AWID       |  out|    1|       m_axi|                                gmem_x_test|       pointer|
|m_axi_gmem_x_test_0_AWLEN      |  out|   32|       m_axi|                                gmem_x_test|       pointer|
|m_axi_gmem_x_test_0_AWSIZE     |  out|    3|       m_axi|                                gmem_x_test|       pointer|
|m_axi_gmem_x_test_0_AWBURST    |  out|    2|       m_axi|                                gmem_x_test|       pointer|
|m_axi_gmem_x_test_0_AWLOCK     |  out|    2|       m_axi|                                gmem_x_test|       pointer|
|m_axi_gmem_x_test_0_AWCACHE    |  out|    4|       m_axi|                                gmem_x_test|       pointer|
|m_axi_gmem_x_test_0_AWPROT     |  out|    3|       m_axi|                                gmem_x_test|       pointer|
|m_axi_gmem_x_test_0_AWQOS      |  out|    4|       m_axi|                                gmem_x_test|       pointer|
|m_axi_gmem_x_test_0_AWREGION   |  out|    4|       m_axi|                                gmem_x_test|       pointer|
|m_axi_gmem_x_test_0_AWUSER     |  out|    1|       m_axi|                                gmem_x_test|       pointer|
|m_axi_gmem_x_test_0_WVALID     |  out|    1|       m_axi|                                gmem_x_test|       pointer|
|m_axi_gmem_x_test_0_WREADY     |   in|    1|       m_axi|                                gmem_x_test|       pointer|
|m_axi_gmem_x_test_0_WDATA      |  out|   64|       m_axi|                                gmem_x_test|       pointer|
|m_axi_gmem_x_test_0_WSTRB      |  out|    8|       m_axi|                                gmem_x_test|       pointer|
|m_axi_gmem_x_test_0_WLAST      |  out|    1|       m_axi|                                gmem_x_test|       pointer|
|m_axi_gmem_x_test_0_WID        |  out|    1|       m_axi|                                gmem_x_test|       pointer|
|m_axi_gmem_x_test_0_WUSER      |  out|    1|       m_axi|                                gmem_x_test|       pointer|
|m_axi_gmem_x_test_0_ARVALID    |  out|    1|       m_axi|                                gmem_x_test|       pointer|
|m_axi_gmem_x_test_0_ARREADY    |   in|    1|       m_axi|                                gmem_x_test|       pointer|
|m_axi_gmem_x_test_0_ARADDR     |  out|   64|       m_axi|                                gmem_x_test|       pointer|
|m_axi_gmem_x_test_0_ARID       |  out|    1|       m_axi|                                gmem_x_test|       pointer|
|m_axi_gmem_x_test_0_ARLEN      |  out|   32|       m_axi|                                gmem_x_test|       pointer|
|m_axi_gmem_x_test_0_ARSIZE     |  out|    3|       m_axi|                                gmem_x_test|       pointer|
|m_axi_gmem_x_test_0_ARBURST    |  out|    2|       m_axi|                                gmem_x_test|       pointer|
|m_axi_gmem_x_test_0_ARLOCK     |  out|    2|       m_axi|                                gmem_x_test|       pointer|
|m_axi_gmem_x_test_0_ARCACHE    |  out|    4|       m_axi|                                gmem_x_test|       pointer|
|m_axi_gmem_x_test_0_ARPROT     |  out|    3|       m_axi|                                gmem_x_test|       pointer|
|m_axi_gmem_x_test_0_ARQOS      |  out|    4|       m_axi|                                gmem_x_test|       pointer|
|m_axi_gmem_x_test_0_ARREGION   |  out|    4|       m_axi|                                gmem_x_test|       pointer|
|m_axi_gmem_x_test_0_ARUSER     |  out|    1|       m_axi|                                gmem_x_test|       pointer|
|m_axi_gmem_x_test_0_RVALID     |   in|    1|       m_axi|                                gmem_x_test|       pointer|
|m_axi_gmem_x_test_0_RREADY     |  out|    1|       m_axi|                                gmem_x_test|       pointer|
|m_axi_gmem_x_test_0_RDATA      |   in|   64|       m_axi|                                gmem_x_test|       pointer|
|m_axi_gmem_x_test_0_RLAST      |   in|    1|       m_axi|                                gmem_x_test|       pointer|
|m_axi_gmem_x_test_0_RID        |   in|    1|       m_axi|                                gmem_x_test|       pointer|
|m_axi_gmem_x_test_0_RFIFONUM   |   in|    9|       m_axi|                                gmem_x_test|       pointer|
|m_axi_gmem_x_test_0_RUSER      |   in|    1|       m_axi|                                gmem_x_test|       pointer|
|m_axi_gmem_x_test_0_RRESP      |   in|    2|       m_axi|                                gmem_x_test|       pointer|
|m_axi_gmem_x_test_0_BVALID     |   in|    1|       m_axi|                                gmem_x_test|       pointer|
|m_axi_gmem_x_test_0_BREADY     |  out|    1|       m_axi|                                gmem_x_test|       pointer|
|m_axi_gmem_x_test_0_BRESP      |   in|    2|       m_axi|                                gmem_x_test|       pointer|
|m_axi_gmem_x_test_0_BID        |   in|    1|       m_axi|                                gmem_x_test|       pointer|
|m_axi_gmem_x_test_0_BUSER      |   in|    1|       m_axi|                                gmem_x_test|       pointer|
|m_axi_gmem_x_train_0_AWVALID   |  out|    1|       m_axi|                               gmem_x_train|       pointer|
|m_axi_gmem_x_train_0_AWREADY   |   in|    1|       m_axi|                               gmem_x_train|       pointer|
|m_axi_gmem_x_train_0_AWADDR    |  out|   64|       m_axi|                               gmem_x_train|       pointer|
|m_axi_gmem_x_train_0_AWID      |  out|    1|       m_axi|                               gmem_x_train|       pointer|
|m_axi_gmem_x_train_0_AWLEN     |  out|   32|       m_axi|                               gmem_x_train|       pointer|
|m_axi_gmem_x_train_0_AWSIZE    |  out|    3|       m_axi|                               gmem_x_train|       pointer|
|m_axi_gmem_x_train_0_AWBURST   |  out|    2|       m_axi|                               gmem_x_train|       pointer|
|m_axi_gmem_x_train_0_AWLOCK    |  out|    2|       m_axi|                               gmem_x_train|       pointer|
|m_axi_gmem_x_train_0_AWCACHE   |  out|    4|       m_axi|                               gmem_x_train|       pointer|
|m_axi_gmem_x_train_0_AWPROT    |  out|    3|       m_axi|                               gmem_x_train|       pointer|
|m_axi_gmem_x_train_0_AWQOS     |  out|    4|       m_axi|                               gmem_x_train|       pointer|
|m_axi_gmem_x_train_0_AWREGION  |  out|    4|       m_axi|                               gmem_x_train|       pointer|
|m_axi_gmem_x_train_0_AWUSER    |  out|    1|       m_axi|                               gmem_x_train|       pointer|
|m_axi_gmem_x_train_0_WVALID    |  out|    1|       m_axi|                               gmem_x_train|       pointer|
|m_axi_gmem_x_train_0_WREADY    |   in|    1|       m_axi|                               gmem_x_train|       pointer|
|m_axi_gmem_x_train_0_WDATA     |  out|   64|       m_axi|                               gmem_x_train|       pointer|
|m_axi_gmem_x_train_0_WSTRB     |  out|    8|       m_axi|                               gmem_x_train|       pointer|
|m_axi_gmem_x_train_0_WLAST     |  out|    1|       m_axi|                               gmem_x_train|       pointer|
|m_axi_gmem_x_train_0_WID       |  out|    1|       m_axi|                               gmem_x_train|       pointer|
|m_axi_gmem_x_train_0_WUSER     |  out|    1|       m_axi|                               gmem_x_train|       pointer|
|m_axi_gmem_x_train_0_ARVALID   |  out|    1|       m_axi|                               gmem_x_train|       pointer|
|m_axi_gmem_x_train_0_ARREADY   |   in|    1|       m_axi|                               gmem_x_train|       pointer|
|m_axi_gmem_x_train_0_ARADDR    |  out|   64|       m_axi|                               gmem_x_train|       pointer|
|m_axi_gmem_x_train_0_ARID      |  out|    1|       m_axi|                               gmem_x_train|       pointer|
|m_axi_gmem_x_train_0_ARLEN     |  out|   32|       m_axi|                               gmem_x_train|       pointer|
|m_axi_gmem_x_train_0_ARSIZE    |  out|    3|       m_axi|                               gmem_x_train|       pointer|
|m_axi_gmem_x_train_0_ARBURST   |  out|    2|       m_axi|                               gmem_x_train|       pointer|
|m_axi_gmem_x_train_0_ARLOCK    |  out|    2|       m_axi|                               gmem_x_train|       pointer|
|m_axi_gmem_x_train_0_ARCACHE   |  out|    4|       m_axi|                               gmem_x_train|       pointer|
|m_axi_gmem_x_train_0_ARPROT    |  out|    3|       m_axi|                               gmem_x_train|       pointer|
|m_axi_gmem_x_train_0_ARQOS     |  out|    4|       m_axi|                               gmem_x_train|       pointer|
|m_axi_gmem_x_train_0_ARREGION  |  out|    4|       m_axi|                               gmem_x_train|       pointer|
|m_axi_gmem_x_train_0_ARUSER    |  out|    1|       m_axi|                               gmem_x_train|       pointer|
|m_axi_gmem_x_train_0_RVALID    |   in|    1|       m_axi|                               gmem_x_train|       pointer|
|m_axi_gmem_x_train_0_RREADY    |  out|    1|       m_axi|                               gmem_x_train|       pointer|
|m_axi_gmem_x_train_0_RDATA     |   in|   64|       m_axi|                               gmem_x_train|       pointer|
|m_axi_gmem_x_train_0_RLAST     |   in|    1|       m_axi|                               gmem_x_train|       pointer|
|m_axi_gmem_x_train_0_RID       |   in|    1|       m_axi|                               gmem_x_train|       pointer|
|m_axi_gmem_x_train_0_RFIFONUM  |   in|    9|       m_axi|                               gmem_x_train|       pointer|
|m_axi_gmem_x_train_0_RUSER     |   in|    1|       m_axi|                               gmem_x_train|       pointer|
|m_axi_gmem_x_train_0_RRESP     |   in|    2|       m_axi|                               gmem_x_train|       pointer|
|m_axi_gmem_x_train_0_BVALID    |   in|    1|       m_axi|                               gmem_x_train|       pointer|
|m_axi_gmem_x_train_0_BREADY    |  out|    1|       m_axi|                               gmem_x_train|       pointer|
|m_axi_gmem_x_train_0_BRESP     |   in|    2|       m_axi|                               gmem_x_train|       pointer|
|m_axi_gmem_x_train_0_BID       |   in|    1|       m_axi|                               gmem_x_train|       pointer|
|m_axi_gmem_x_train_0_BUSER     |   in|    1|       m_axi|                               gmem_x_train|       pointer|
|m_axi_gmem_y_train_0_AWVALID   |  out|    1|       m_axi|                               gmem_y_train|       pointer|
|m_axi_gmem_y_train_0_AWREADY   |   in|    1|       m_axi|                               gmem_y_train|       pointer|
|m_axi_gmem_y_train_0_AWADDR    |  out|   64|       m_axi|                               gmem_y_train|       pointer|
|m_axi_gmem_y_train_0_AWID      |  out|    1|       m_axi|                               gmem_y_train|       pointer|
|m_axi_gmem_y_train_0_AWLEN     |  out|   32|       m_axi|                               gmem_y_train|       pointer|
|m_axi_gmem_y_train_0_AWSIZE    |  out|    3|       m_axi|                               gmem_y_train|       pointer|
|m_axi_gmem_y_train_0_AWBURST   |  out|    2|       m_axi|                               gmem_y_train|       pointer|
|m_axi_gmem_y_train_0_AWLOCK    |  out|    2|       m_axi|                               gmem_y_train|       pointer|
|m_axi_gmem_y_train_0_AWCACHE   |  out|    4|       m_axi|                               gmem_y_train|       pointer|
|m_axi_gmem_y_train_0_AWPROT    |  out|    3|       m_axi|                               gmem_y_train|       pointer|
|m_axi_gmem_y_train_0_AWQOS     |  out|    4|       m_axi|                               gmem_y_train|       pointer|
|m_axi_gmem_y_train_0_AWREGION  |  out|    4|       m_axi|                               gmem_y_train|       pointer|
|m_axi_gmem_y_train_0_AWUSER    |  out|    1|       m_axi|                               gmem_y_train|       pointer|
|m_axi_gmem_y_train_0_WVALID    |  out|    1|       m_axi|                               gmem_y_train|       pointer|
|m_axi_gmem_y_train_0_WREADY    |   in|    1|       m_axi|                               gmem_y_train|       pointer|
|m_axi_gmem_y_train_0_WDATA     |  out|   32|       m_axi|                               gmem_y_train|       pointer|
|m_axi_gmem_y_train_0_WSTRB     |  out|    4|       m_axi|                               gmem_y_train|       pointer|
|m_axi_gmem_y_train_0_WLAST     |  out|    1|       m_axi|                               gmem_y_train|       pointer|
|m_axi_gmem_y_train_0_WID       |  out|    1|       m_axi|                               gmem_y_train|       pointer|
|m_axi_gmem_y_train_0_WUSER     |  out|    1|       m_axi|                               gmem_y_train|       pointer|
|m_axi_gmem_y_train_0_ARVALID   |  out|    1|       m_axi|                               gmem_y_train|       pointer|
|m_axi_gmem_y_train_0_ARREADY   |   in|    1|       m_axi|                               gmem_y_train|       pointer|
|m_axi_gmem_y_train_0_ARADDR    |  out|   64|       m_axi|                               gmem_y_train|       pointer|
|m_axi_gmem_y_train_0_ARID      |  out|    1|       m_axi|                               gmem_y_train|       pointer|
|m_axi_gmem_y_train_0_ARLEN     |  out|   32|       m_axi|                               gmem_y_train|       pointer|
|m_axi_gmem_y_train_0_ARSIZE    |  out|    3|       m_axi|                               gmem_y_train|       pointer|
|m_axi_gmem_y_train_0_ARBURST   |  out|    2|       m_axi|                               gmem_y_train|       pointer|
|m_axi_gmem_y_train_0_ARLOCK    |  out|    2|       m_axi|                               gmem_y_train|       pointer|
|m_axi_gmem_y_train_0_ARCACHE   |  out|    4|       m_axi|                               gmem_y_train|       pointer|
|m_axi_gmem_y_train_0_ARPROT    |  out|    3|       m_axi|                               gmem_y_train|       pointer|
|m_axi_gmem_y_train_0_ARQOS     |  out|    4|       m_axi|                               gmem_y_train|       pointer|
|m_axi_gmem_y_train_0_ARREGION  |  out|    4|       m_axi|                               gmem_y_train|       pointer|
|m_axi_gmem_y_train_0_ARUSER    |  out|    1|       m_axi|                               gmem_y_train|       pointer|
|m_axi_gmem_y_train_0_RVALID    |   in|    1|       m_axi|                               gmem_y_train|       pointer|
|m_axi_gmem_y_train_0_RREADY    |  out|    1|       m_axi|                               gmem_y_train|       pointer|
|m_axi_gmem_y_train_0_RDATA     |   in|   32|       m_axi|                               gmem_y_train|       pointer|
|m_axi_gmem_y_train_0_RLAST     |   in|    1|       m_axi|                               gmem_y_train|       pointer|
|m_axi_gmem_y_train_0_RID       |   in|    1|       m_axi|                               gmem_y_train|       pointer|
|m_axi_gmem_y_train_0_RFIFONUM  |   in|    9|       m_axi|                               gmem_y_train|       pointer|
|m_axi_gmem_y_train_0_RUSER     |   in|    1|       m_axi|                               gmem_y_train|       pointer|
|m_axi_gmem_y_train_0_RRESP     |   in|    2|       m_axi|                               gmem_y_train|       pointer|
|m_axi_gmem_y_train_0_BVALID    |   in|    1|       m_axi|                               gmem_y_train|       pointer|
|m_axi_gmem_y_train_0_BREADY    |  out|    1|       m_axi|                               gmem_y_train|       pointer|
|m_axi_gmem_y_train_0_BRESP     |   in|    2|       m_axi|                               gmem_y_train|       pointer|
|m_axi_gmem_y_train_0_BID       |   in|    1|       m_axi|                               gmem_y_train|       pointer|
|m_axi_gmem_y_train_0_BUSER     |   in|    1|       m_axi|                               gmem_y_train|       pointer|
|p_cast_cast                    |   in|   61|     ap_none|                                p_cast_cast|        scalar|
|sext_ln40                      |   in|   61|     ap_none|                                  sext_ln40|        scalar|
|sext_ln40_1                    |   in|   62|     ap_none|                                sext_ln40_1|        scalar|
|distances_address0             |  out|   11|   ap_memory|                                  distances|         array|
|distances_ce0                  |  out|    1|   ap_memory|                                  distances|         array|
|distances_we0                  |  out|    1|   ap_memory|                                  distances|         array|
|distances_d0                   |  out|   64|   ap_memory|                                  distances|         array|
|labels_address0                |  out|   11|   ap_memory|                                     labels|         array|
|labels_ce0                     |  out|    1|   ap_memory|                                     labels|         array|
|labels_we0                     |  out|    1|   ap_memory|                                     labels|         array|
|labels_d0                      |  out|    4|   ap_memory|                                     labels|         array|
+-------------------------------+-----+-----+------------+-------------------------------------------+--------------+

