  **** HLS Build v2025.1 6135595
INFO: [HLS 200-2005] Using work_dir C:/Users/seanr/vitis_projects/Lab2_digit_classifier_accel/knn_accelerator/knn_accelerator 
INFO: [HLS 200-2176] Writing Vitis IDE component file C:/Users/seanr/vitis_projects/Lab2_digit_classifier_accel/knn_accelerator/knn_accelerator/vitis-comp.json
INFO: [HLS 200-10] Creating and opening component 'C:/Users/seanr/vitis_projects/Lab2_digit_classifier_accel/knn_accelerator/knn_accelerator'.
INFO: [HLS 200-1505] Using default flow_target 'vivado'
Resolution: For help on HLS 200-1505 see docs.xilinx.com/access/sources/dita/topic?Doc_Version=2025.1%20English&url=ug1448-hls-guidance&resourceid=200-1505.html
INFO: [HLS 200-2174] Applying component config ini file C:/Users/seanr/vitis_projects/Lab2_digit_classifier_accel/knn_accelerator/hls_config.cfg
INFO: [HLS 200-1465] Applying config ini 'syn.file=../src/knn.cpp' from C:/Users/seanr/vitis_projects/Lab2_digit_classifier_accel/knn_accelerator/hls_config.cfg(7)
INFO: [HLS 200-10] Adding design file 'C:/Users/seanr/vitis_projects/Lab2_digit_classifier_accel/src/knn.cpp' to the project
INFO: [HLS 200-1465] Applying config ini 'syn.file=../include/knn.h' from C:/Users/seanr/vitis_projects/Lab2_digit_classifier_accel/knn_accelerator/hls_config.cfg(8)
INFO: [HLS 200-10] Adding design file 'C:/Users/seanr/vitis_projects/Lab2_digit_classifier_accel/include/knn.h' to the project
INFO: [HLS 200-1465] Applying config ini 'tb.file=../test/knn_test.cpp' from C:/Users/seanr/vitis_projects/Lab2_digit_classifier_accel/knn_accelerator/hls_config.cfg(10)
INFO: [HLS 200-10] Adding test bench file 'C:/Users/seanr/vitis_projects/Lab2_digit_classifier_accel/test/knn_test.cpp' to the project
INFO: [HLS 200-1465] Applying config ini 'tb.file=../src/test_data_hls.dat' from C:/Users/seanr/vitis_projects/Lab2_digit_classifier_accel/knn_accelerator/hls_config.cfg(11)
INFO: [HLS 200-10] Adding test bench file 'C:/Users/seanr/vitis_projects/Lab2_digit_classifier_accel/src/test_data_hls.dat' to the project
INFO: [HLS 200-1465] Applying config ini 'tb.file=../src/train_data_hls.dat' from C:/Users/seanr/vitis_projects/Lab2_digit_classifier_accel/knn_accelerator/hls_config.cfg(12)
INFO: [HLS 200-10] Adding test bench file 'C:/Users/seanr/vitis_projects/Lab2_digit_classifier_accel/src/train_data_hls.dat' to the project
INFO: [HLS 200-1465] Applying config ini 'syn.top=knn' from C:/Users/seanr/vitis_projects/Lab2_digit_classifier_accel/knn_accelerator/hls_config.cfg(9)
INFO: [HLS 200-1465] Applying config ini 'flow_target=vivado' from C:/Users/seanr/vitis_projects/Lab2_digit_classifier_accel/knn_accelerator/hls_config.cfg(4)
INFO: [HLS 200-1505] Using flow_target 'vivado'
Resolution: For help on HLS 200-1505 see docs.xilinx.com/access/sources/dita/topic?Doc_Version=2025.1%20English&url=ug1448-hls-guidance&resourceid=200-1505.html
INFO: [HLS 200-1465] Applying config ini 'part=xc7z020clg400-1' from C:/Users/seanr/vitis_projects/Lab2_digit_classifier_accel/knn_accelerator/hls_config.cfg(1)
INFO: [HLS 200-1611] Setting target device to 'xc7z020-clg400-1'
INFO: [HLS 200-1465] Applying config ini 'package.output.format=ip_catalog' from C:/Users/seanr/vitis_projects/Lab2_digit_classifier_accel/knn_accelerator/hls_config.cfg(5)
INFO: [HLS 200-2176] Writing Vitis IDE component file C:/Users/seanr/vitis_projects/Lab2_digit_classifier_accel/knn_accelerator/knn_accelerator/vitis-comp.json
INFO: [SIM 211-2] *************** CSIM start ***************
INFO: [SIM 211-4] CSIM will launch CLANG as the compiler.
INFO: [HLS 200-2036] Building debug C Simulation binaries
   Compiling ../../../../../test/knn_test.cpp in debug mode
   Generating csim.exe
In file included from ../../../../../test/knn_test.cpp:6:
In file included from ../../../../../test/../include/knn.h:4:
In file included from C:/Xilinx/2025.1/Vitis/include/ap_int.h:10:
In file included from C:/Xilinx/2025.1/Vitis/include/etc/ap_common.h:677:
In file included from C:/Xilinx/2025.1/Vitis/include/etc/ap_private.h:68:
In file included from C:/Xilinx/2025.1/Vitis/include/hls_half.h:26:
In file included from C:/Xilinx/2025.1/Vitis/include/etc/hls_half_fpo.h:19:
In file included from C:/Xilinx/2025.1/Vitis/include/hls_fpo.h:140:
In file included from C:/Xilinx/2025.1/Vitis/include/floating_point_v7_1_bitacc_cmodel.h:150:
C:/Xilinx/2025.1/Vitis/include/gmp.h:58:9: warning: '__GMP_LIBGMP_DLL' macro redefined [-Wmacro-redefined]
#define __GMP_LIBGMP_DLL  0
        ^
C:/Xilinx/2025.1/Vitis/include/floating_point_v7_1_bitacc_cmodel.h:142:9: note: previous definition is here
#define __GMP_LIBGMP_DLL 1
        ^
1 warning generated.
Loading data from file...
	Loaded 1500 samples.
	Loaded 1000 samples.

Starting KNN hardware simulation...
	Processed 10/1000 samples. Current Accuracy: 70%
	Processed 20/1000 samples. Current Accuracy: 70%
	Processed 30/1000 samples. Current Accuracy: 76.6667%
	Processed 40/1000 samples. Current Accuracy: 77.5%
	Processed 50/1000 samples. Current Accuracy: 80%
	Processed 60/1000 samples. Current Accuracy: 83.3333%
	Processed 70/1000 samples. Current Accuracy: 82.8571%
	Processed 80/1000 samples. Current Accuracy: 83.75%
	Processed 90/1000 samples. Current Accuracy: 83.3333%
	Processed 100/1000 samples. Current Accuracy: 85%
	Processed 110/1000 samples. Current Accuracy: 85.4545%
	Processed 120/1000 samples. Current Accuracy: 84.1667%
	Processed 130/1000 samples. Current Accuracy: 84.6154%
	Processed 140/1000 samples. Current Accuracy: 85%
	Processed 150/1000 samples. Current Accuracy: 86%
	Processed 160/1000 samples. Current Accuracy: 85.625%
	Processed 170/1000 samples. Current Accuracy: 85.8824%
	Processed 180/1000 samples. Current Accuracy: 85.5556%
	Processed 190/1000 samples. Current Accuracy: 86.3158%
	Processed 200/1000 samples. Current Accuracy: 86.5%
	Processed 210/1000 samples. Current Accuracy: 86.1905%
	Processed 220/1000 samples. Current Accuracy: 86.8182%
	Processed 230/1000 samples. Current Accuracy: 86.087%
	Processed 240/1000 samples. Current Accuracy: 86.25%
	Processed 250/1000 samples. Current Accuracy: 85.6%
	Processed 260/1000 samples. Current Accuracy: 85.7692%
	Processed 270/1000 samples. Current Accuracy: 86.2963%
	Processed 280/1000 samples. Current Accuracy: 85.7143%
	Processed 290/1000 samples. Current Accuracy: 85.8621%
	Processed 300/1000 samples. Current Accuracy: 85%
	Processed 310/1000 samples. Current Accuracy: 85.1613%
	Processed 320/1000 samples. Current Accuracy: 84.6875%
	Processed 330/1000 samples. Current Accuracy: 84.5455%
	Processed 340/1000 samples. Current Accuracy: 83.8235%
	Processed 350/1000 samples. Current Accuracy: 83.7143%
	Processed 360/1000 samples. Current Accuracy: 83.6111%
	Processed 370/1000 samples. Current Accuracy: 83.7838%
	Processed 380/1000 samples. Current Accuracy: 83.9474%
	Processed 390/1000 samples. Current Accuracy: 84.1026%
	Processed 400/1000 samples. Current Accuracy: 84.5%
	Processed 410/1000 samples. Current Accuracy: 84.3902%
	Processed 420/1000 samples. Current Accuracy: 84.5238%
	Processed 430/1000 samples. Current Accuracy: 84.6512%
	Processed 440/1000 samples. Current Accuracy: 84.3182%
	Processed 450/1000 samples. Current Accuracy: 84%
	Processed 460/1000 samples. Current Accuracy: 84.3478%
	Processed 470/1000 samples. Current Accuracy: 84.6808%
	Processed 480/1000 samples. Current Accuracy: 84.7917%
	Processed 490/1000 samples. Current Accuracy: 84.898%
	Processed 500/1000 samples. Current Accuracy: 85%
	Processed 510/1000 samples. Current Accuracy: 85.098%
	Processed 520/1000 samples. Current Accuracy: 85%
	Processed 530/1000 samples. Current Accuracy: 85.283%
	Processed 540/1000 samples. Current Accuracy: 85.1852%
	Processed 550/1000 samples. Current Accuracy: 85.4545%
	Processed 560/1000 samples. Current Accuracy: 85.3571%
	Processed 570/1000 samples. Current Accuracy: 85.2632%
	Processed 580/1000 samples. Current Accuracy: 85%
	Processed 590/1000 samples. Current Accuracy: 85.2542%
	Processed 600/1000 samples. Current Accuracy: 85.5%
	Processed 610/1000 samples. Current Accuracy: 85.7377%
	Processed 620/1000 samples. Current Accuracy: 85.8065%
	Processed 630/1000 samples. Current Accuracy: 86.0317%
	Processed 640/1000 samples. Current Accuracy: 85.9375%
	Processed 650/1000 samples. Current Accuracy: 86%
	Processed 660/1000 samples. Current Accuracy: 85.7576%
	Processed 670/1000 samples. Current Accuracy: 85.8209%
	Processed 680/1000 samples. Current Accuracy: 86.0294%
	Processed 690/1000 samples. Current Accuracy: 86.2319%
	Processed 700/1000 samples. Current Accuracy: 86.1429%
	Processed 710/1000 samples. Current Accuracy: 86.338%
	Processed 720/1000 samples. Current Accuracy: 86.3889%
	Processed 730/1000 samples. Current Accuracy: 86.3014%
	Processed 740/1000 samples. Current Accuracy: 86.2162%
	Processed 750/1000 samples. Current Accuracy: 86.1333%
	Processed 760/1000 samples. Current Accuracy: 86.3158%
	Processed 770/1000 samples. Current Accuracy: 86.3636%
	Processed 780/1000 samples. Current Accuracy: 86.5385%
	Processed 790/1000 samples. Current Accuracy: 86.5823%
	Processed 800/1000 samples. Current Accuracy: 86.625%
	Processed 810/1000 samples. Current Accuracy: 86.6667%
	Processed 820/1000 samples. Current Accuracy: 86.8293%
	Processed 830/1000 samples. Current Accuracy: 86.8675%
	Processed 840/1000 samples. Current Accuracy: 86.9048%
	Processed 850/1000 samples. Current Accuracy: 86.8235%
	Processed 860/1000 samples. Current Accuracy: 86.7442%
	Processed 870/1000 samples. Current Accuracy: 86.6667%
	Processed 880/1000 samples. Current Accuracy: 86.7045%
	Processed 890/1000 samples. Current Accuracy: 86.8539%
	Processed 900/1000 samples. Current Accuracy: 86.8889%
	Processed 910/1000 samples. Current Accuracy: 86.9231%
	Processed 920/1000 samples. Current Accuracy: 86.9565%
	Processed 930/1000 samples. Current Accuracy: 87.0968%
	Processed 940/1000 samples. Current Accuracy: 87.1277%
	Processed 950/1000 samples. Current Accuracy: 87.1579%
	Processed 960/1000 samples. Current Accuracy: 87.0833%
	Processed 970/1000 samples. Current Accuracy: 87.2165%
	Processed 980/1000 samples. Current Accuracy: 87.3469%
	Processed 990/1000 samples. Current Accuracy: 87.3737%
	Processed 1000/1000 samples. Current Accuracy: 87.5%

=================================================
               Simulation Complete               
=================================================
Total Test Samples : 1000
Correct Predictions: 875
Final HW Accuracy  : 87.5%
=================================================
INFO: [SIM 211-1] CSim done with 0 errors.
INFO: [SIM 211-3] *************** CSIM finish ***************
INFO: [HLS 200-112] Total CPU user time: 2 seconds. Total CPU system time: 2 seconds. Total elapsed time: 14.974 seconds; peak allocated memory: 164.738 MB.
INFO: [vitis-run 60-791] Total elapsed time: 0h 0m 20s
