  **** HLS Build v2025.2 6295257
INFO: [HLS 200-2005] Using work_dir T:/Documents/ECE574/Labs/digit_classifier_accelerator/knn_accelerator/knn_accelerator 
INFO: [HLS 200-2176] Writing Vitis IDE component file T:/Documents/ECE574/Labs/digit_classifier_accelerator/knn_accelerator/knn_accelerator/vitis-comp.json
INFO: [HLS 200-10] Creating and opening component 'T:/Documents/ECE574/Labs/digit_classifier_accelerator/knn_accelerator/knn_accelerator'.
INFO: [HLS 200-1505] Using default flow_target 'vivado'
Resolution: For help on HLS 200-1505 see docs.amd.com/access/sources/dita/topic?Doc_Version=2025.2%20English&url=ug1448-hls-guidance&resourceid=200-1505.html
INFO: [HLS 200-2174] Applying component config ini file hls_config.cfg
INFO: [HLS 200-1465] Applying config ini 'syn.file=../src/knn.cpp' from hls_config.cfg(7)
INFO: [HLS 200-10] Adding design file 'T:/Documents/ECE574/Labs/digit_classifier_accelerator/src/knn.cpp' to the project
INFO: [HLS 200-1465] Applying config ini 'syn.file=../include/knn.h' from hls_config.cfg(8)
INFO: [HLS 200-10] Adding design file 'T:/Documents/ECE574/Labs/digit_classifier_accelerator/include/knn.h' to the project
INFO: [HLS 200-1465] Applying config ini 'tb.file=../test/knn_test.cpp' from hls_config.cfg(9)
INFO: [HLS 200-10] Adding test bench file 'T:/Documents/ECE574/Labs/digit_classifier_accelerator/test/knn_test.cpp' to the project
INFO: [HLS 200-1465] Applying config ini 'tb.file=../src/test_data_hls.dat' from hls_config.cfg(10)
INFO: [HLS 200-10] Adding test bench file 'T:/Documents/ECE574/Labs/digit_classifier_accelerator/src/test_data_hls.dat' to the project
INFO: [HLS 200-1465] Applying config ini 'tb.file=../src/train_data_hls.dat' from hls_config.cfg(11)
INFO: [HLS 200-10] Adding test bench file 'T:/Documents/ECE574/Labs/digit_classifier_accelerator/src/train_data_hls.dat' to the project
INFO: [HLS 200-1465] Applying config ini 'syn.top=knn_accelerator' from hls_config.cfg(12)
INFO: [HLS 200-1465] Applying config ini 'flow_target=vivado' from hls_config.cfg(4)
INFO: [HLS 200-1505] Using flow_target 'vivado'
Resolution: For help on HLS 200-1505 see docs.amd.com/access/sources/dita/topic?Doc_Version=2025.2%20English&url=ug1448-hls-guidance&resourceid=200-1505.html
INFO: [HLS 200-1465] Applying config ini 'part=xc7z020clg400-1' from hls_config.cfg(1)
INFO: [HLS 200-1611] Setting target device to 'xc7z020-clg400-1'
INFO: [HLS 200-1465] Applying config ini 'package.output.format=ip_catalog' from hls_config.cfg(5)
INFO: [HLS 200-2176] Writing Vitis IDE component file T:/Documents/ECE574/Labs/digit_classifier_accelerator/knn_accelerator/knn_accelerator/vitis-comp.json
INFO: [HLS 200-111] Finished File checks and directory preparation: CPU user time: 1 seconds. CPU system time: 2 seconds. Elapsed time: 7.747 seconds; current allocated memory: 163.168 MB.
INFO: [HLS 200-2191] C-Synthesis will use clang-16 as the compiler
INFO: [HLS 200-10] Analyzing design file '../src/knn.cpp' ... 
INFO: [HLS 200-111] Finished Source Code Analysis and Preprocessing: CPU user time: 1 seconds. CPU system time: 0 seconds. Elapsed time: 29.631 seconds; current allocated memory: 169.742 MB.
INFO: [HLS 200-777] Using interface defaults for 'Vivado' flow target.
INFO: [HLS 200-1995] There were 239 instructions in the design after the 'Compile/Link' phase of compilation. See the Design Size Report for more details (T:/Documents/ECE574/Labs/digit_classifier_accelerator/knn_accelerator/knn_accelerator/hls/syn/report/csynth_design_size.rpt:2)
INFO: [HLS 200-1995] There were 190 instructions in the design after the 'Unroll/Inline (step 1)' phase of compilation. See the Design Size Report for more details (T:/Documents/ECE574/Labs/digit_classifier_accelerator/knn_accelerator/knn_accelerator/hls/syn/report/csynth_design_size.rpt:2)
INFO: [HLS 200-1995] There were 139 instructions in the design after the 'Unroll/Inline (step 2)' phase of compilation. See the Design Size Report for more details (T:/Documents/ECE574/Labs/digit_classifier_accelerator/knn_accelerator/knn_accelerator/hls/syn/report/csynth_design_size.rpt:2)
INFO: [HLS 200-1995] There were 130 instructions in the design after the 'Unroll/Inline (step 3)' phase of compilation. See the Design Size Report for more details (T:/Documents/ECE574/Labs/digit_classifier_accelerator/knn_accelerator/knn_accelerator/hls/syn/report/csynth_design_size.rpt:2)
INFO: [HLS 200-1995] There were 130 instructions in the design after the 'Unroll/Inline (step 4)' phase of compilation. See the Design Size Report for more details (T:/Documents/ECE574/Labs/digit_classifier_accelerator/knn_accelerator/knn_accelerator/hls/syn/report/csynth_design_size.rpt:2)
INFO: [HLS 200-1995] There were 133 instructions in the design after the 'Array/Struct (step 1)' phase of compilation. See the Design Size Report for more details (T:/Documents/ECE574/Labs/digit_classifier_accelerator/knn_accelerator/knn_accelerator/hls/syn/report/csynth_design_size.rpt:2)
INFO: [HLS 200-1995] There were 133 instructions in the design after the 'Array/Struct (step 2)' phase of compilation. See the Design Size Report for more details (T:/Documents/ECE574/Labs/digit_classifier_accelerator/knn_accelerator/knn_accelerator/hls/syn/report/csynth_design_size.rpt:2)
INFO: [HLS 200-1995] There were 133 instructions in the design after the 'Array/Struct (step 3)' phase of compilation. See the Design Size Report for more details (T:/Documents/ECE574/Labs/digit_classifier_accelerator/knn_accelerator/knn_accelerator/hls/syn/report/csynth_design_size.rpt:2)
INFO: [HLS 200-1995] There were 133 instructions in the design after the 'Array/Struct (step 4)' phase of compilation. See the Design Size Report for more details (T:/Documents/ECE574/Labs/digit_classifier_accelerator/knn_accelerator/knn_accelerator/hls/syn/report/csynth_design_size.rpt:2)
INFO: [HLS 200-1995] There were 142 instructions in the design after the 'Array/Struct (step 5)' phase of compilation. See the Design Size Report for more details (T:/Documents/ECE574/Labs/digit_classifier_accelerator/knn_accelerator/knn_accelerator/hls/syn/report/csynth_design_size.rpt:2)
INFO: [HLS 200-1995] There were 141 instructions in the design after the 'Performance (step 1)' phase of compilation. See the Design Size Report for more details (T:/Documents/ECE574/Labs/digit_classifier_accelerator/knn_accelerator/knn_accelerator/hls/syn/report/csynth_design_size.rpt:2)
INFO: [HLS 200-1995] There were 139 instructions in the design after the 'Performance (step 2)' phase of compilation. See the Design Size Report for more details (T:/Documents/ECE574/Labs/digit_classifier_accelerator/knn_accelerator/knn_accelerator/hls/syn/report/csynth_design_size.rpt:2)
INFO: [HLS 200-1995] There were 163 instructions in the design after the 'Performance (step 3)' phase of compilation. See the Design Size Report for more details (T:/Documents/ECE574/Labs/digit_classifier_accelerator/knn_accelerator/knn_accelerator/hls/syn/report/csynth_design_size.rpt:2)
INFO: [HLS 200-1995] There were 163 instructions in the design after the 'Performance (step 4)' phase of compilation. See the Design Size Report for more details (T:/Documents/ECE574/Labs/digit_classifier_accelerator/knn_accelerator/knn_accelerator/hls/syn/report/csynth_design_size.rpt:2)
INFO: [HLS 200-1995] There were 176 instructions in the design after the 'HW Transforms (step 1)' phase of compilation. See the Design Size Report for more details (T:/Documents/ECE574/Labs/digit_classifier_accelerator/knn_accelerator/knn_accelerator/hls/syn/report/csynth_design_size.rpt:2)
INFO: [HLS 200-1995] There were 214 instructions in the design after the 'HW Transforms (step 2)' phase of compilation. See the Design Size Report for more details (T:/Documents/ECE574/Labs/digit_classifier_accelerator/knn_accelerator/knn_accelerator/hls/syn/report/csynth_design_size.rpt:2)
INFO: [HLS 214-131] Inlining function 'hls::sqrt(double)' into 'knn_distance_and_sort(double*, double*, int*, int*)' (../src/knn.cpp:57:24)
INFO: [HLS 214-421] Partitioning small array 'top_k_labels' due to array size. (../src/knn.cpp:158:13)
INFO: [HLS 214-248] Applying array_partition to 'top_k_labels': Complete partitioning on dimension 1. (../src/knn.cpp:158:13)
INFO: [HLS 214-115] Multiple burst reads of length 490 and bit width 64 in loop 'train_loop'(../src/knn.cpp:41:17) has been inferred on bundle 'gmem_x_train'. These burst requests might be further partitioned into multiple requests during RTL generation, based on max_read_burst_length or max_write_burst_length settings. (../src/knn.cpp:41:17)
INFO: [HLS 214-115] Multiple burst reads of length 10 and bit width 32 in loop 'train_loop'(../src/knn.cpp:41:17) has been inferred on bundle 'gmem_y_train'. These burst requests might be further partitioned into multiple requests during RTL generation, based on max_read_burst_length or max_write_burst_length settings. (../src/knn.cpp:41:17)
INFO: [HLS 214-115] Multiple burst reads of length 49 and bit width 64 in loop 'feature_loop'(../src/knn.cpp:52:23) has been inferred on bundle 'gmem_x_test'. These burst requests might be further partitioned into multiple requests during RTL generation, based on max_read_burst_length or max_write_burst_length settings. (../src/knn.cpp:52:23)
INFO: [HLS 214-115] Multiple burst writes of length 10 and bit width 32 in loop 'test_data'(../src/knn.cpp:160:16) has been inferred on bundle 'gmem_y_test'. These burst requests might be further partitioned into multiple requests during RTL generation, based on max_read_burst_length or max_write_burst_length settings. (../src/knn.cpp:160:16)
INFO: [HLS 200-111] Finished Compiling Optimization and Transform: CPU user time: 0 seconds. CPU system time: 0 seconds. Elapsed time: 10.046 seconds; current allocated memory: 171.188 MB.
INFO: [HLS 200-111] Finished Checking Pragmas: CPU user time: 0 seconds. CPU system time: 0 seconds. Elapsed time: 0.003 seconds; current allocated memory: 171.188 MB.
INFO: [HLS 200-10] Starting code transformations ...
INFO: [HLS 200-111] Finished Standard Transforms: CPU user time: 0 seconds. CPU system time: 0 seconds. Elapsed time: 0.039 seconds; current allocated memory: 175.652 MB.
INFO: [HLS 200-10] Checking synthesizability ...
INFO: [HLS 200-111] Finished Checking Synthesizability: CPU user time: 0 seconds. CPU system time: 0 seconds. Elapsed time: 0.034 seconds; current allocated memory: 177.387 MB.
INFO: [HLS 200-111] Finished Loop, function and other optimizations: CPU user time: 0 seconds. CPU system time: 1 seconds. Elapsed time: 0.109 seconds; current allocated memory: 198.648 MB.
INFO: [HLS 200-111] Finished Architecture Synthesis: CPU user time: 0 seconds. CPU system time: 0 seconds. Elapsed time: 0.111 seconds; current allocated memory: 236.824 MB.
INFO: [HLS 200-10] Starting hardware synthesis ...
INFO: [HLS 200-10] Synthesizing 'knn_accelerator' ...
INFO: [SYN 201-201] Setting up clock 'default' with a period of 10ns.
INFO: [HLS 200-10] ----------------------------------------------------------------
INFO: [HLS 200-42] -- Implementing module 'knn_distance_and_sort_Outline_init_top_k' 
INFO: [HLS 200-10] ----------------------------------------------------------------
INFO: [SCHED 204-11] Starting scheduling ...
INFO: [SCHED 204-11] Finished scheduling.
INFO: [HLS 200-111] Finished Scheduling: CPU user time: 0 seconds. CPU system time: 0 seconds. Elapsed time: 0.131 seconds; current allocated memory: 239.973 MB.
INFO: [BIND 205-100] Starting micro-architecture generation ...
INFO: [BIND 205-101] Performing variable lifetime analysis.
INFO: [BIND 205-101] Exploring resource sharing.
INFO: [BIND 205-101] Binding ...
INFO: [BIND 205-100] Finished micro-architecture generation.
INFO: [HLS 200-111] Finished Binding: CPU user time: 0 seconds. CPU system time: 0 seconds. Elapsed time: 0.023 seconds; current allocated memory: 241.016 MB.
INFO: [HLS 200-10] ----------------------------------------------------------------
INFO: [HLS 200-42] -- Implementing module 'knn_distance_and_sort_Outline_train_loop' 
INFO: [HLS 200-10] ----------------------------------------------------------------
INFO: [SCHED 204-11] Starting scheduling ...
INFO: [SCHED 204-11] Finished scheduling.
INFO: [HLS 200-111] Finished Scheduling: CPU user time: 0 seconds. CPU system time: 0 seconds. Elapsed time: 0.056 seconds; current allocated memory: 241.277 MB.
INFO: [BIND 205-100] Starting micro-architecture generation ...
INFO: [BIND 205-101] Performing variable lifetime analysis.
INFO: [BIND 205-101] Exploring resource sharing.
INFO: [BIND 205-101] Binding ...
INFO: [BIND 205-100] Finished micro-architecture generation.
INFO: [HLS 200-111] Finished Binding: CPU user time: 0 seconds. CPU system time: 0 seconds. Elapsed time: 0.043 seconds; current allocated memory: 241.316 MB.
INFO: [HLS 200-10] ----------------------------------------------------------------
INFO: [HLS 200-42] -- Implementing module 'knn_distance_and_sort_Outline_sort_loop_i' 
INFO: [HLS 200-10] ----------------------------------------------------------------
INFO: [SCHED 204-11] Starting scheduling ...
INFO: [SCHED 204-11] Finished scheduling.
INFO: [HLS 200-111] Finished Scheduling: CPU user time: 0 seconds. CPU system time: 0 seconds. Elapsed time: 1.453 seconds; current allocated memory: 241.387 MB.
INFO: [BIND 205-100] Starting micro-architecture generation ...
INFO: [BIND 205-101] Performing variable lifetime analysis.
INFO: [BIND 205-101] Exploring resource sharing.
INFO: [BIND 205-101] Binding ...
INFO: [BIND 205-100] Finished micro-architecture generation.
INFO: [HLS 200-111] Finished Binding: CPU user time: 0 seconds. CPU system time: 0 seconds. Elapsed time: 0.029 seconds; current allocated memory: 241.387 MB.
INFO: [HLS 200-10] ----------------------------------------------------------------
INFO: [HLS 200-42] -- Implementing module 'knn_distance_and_sort' 
INFO: [HLS 200-10] ----------------------------------------------------------------
INFO: [SCHED 204-11] Starting scheduling ...
INFO: [SCHED 204-11] Finished scheduling.
INFO: [HLS 200-111] Finished Scheduling: CPU user time: 0 seconds. CPU system time: 0 seconds. Elapsed time: 0.047 seconds; current allocated memory: 241.508 MB.
INFO: [BIND 205-100] Starting micro-architecture generation ...
INFO: [BIND 205-101] Performing variable lifetime analysis.
INFO: [BIND 205-101] Exploring resource sharing.
INFO: [BIND 205-101] Binding ...
INFO: [BIND 205-100] Finished micro-architecture generation.
INFO: [HLS 200-111] Finished Binding: CPU user time: 0 seconds. CPU system time: 0 seconds. Elapsed time: 0.034 seconds; current allocated memory: 241.738 MB.
INFO: [HLS 200-10] ----------------------------------------------------------------
INFO: [HLS 200-42] -- Implementing module 'knn_majority_vote' 
INFO: [HLS 200-10] ----------------------------------------------------------------
INFO: [SCHED 204-11] Starting scheduling ...
INFO: [SCHED 204-11] Finished scheduling.
INFO: [HLS 200-111] Finished Scheduling: CPU user time: 1 seconds. CPU system time: 0 seconds. Elapsed time: 0.059 seconds; current allocated memory: 242.090 MB.
INFO: [BIND 205-100] Starting micro-architecture generation ...
INFO: [BIND 205-101] Performing variable lifetime analysis.
INFO: [BIND 205-101] Exploring resource sharing.
INFO: [BIND 205-101] Binding ...
INFO: [BIND 205-100] Finished micro-architecture generation.
INFO: [HLS 200-111] Finished Binding: CPU user time: 0 seconds. CPU system time: 0 seconds. Elapsed time: 0.034 seconds; current allocated memory: 242.199 MB.
INFO: [HLS 200-10] ----------------------------------------------------------------
INFO: [HLS 200-42] -- Implementing module 'knn_accelerator' 
INFO: [HLS 200-10] ----------------------------------------------------------------
INFO: [SCHED 204-11] Starting scheduling ...
INFO: [SCHED 204-11] Finished scheduling.
INFO: [HLS 200-111] Finished Scheduling: CPU user time: 0 seconds. CPU system time: 0 seconds. Elapsed time: 0.053 seconds; current allocated memory: 242.508 MB.
INFO: [BIND 205-100] Starting micro-architecture generation ...
INFO: [BIND 205-101] Performing variable lifetime analysis.
INFO: [BIND 205-101] Exploring resource sharing.
INFO: [BIND 205-101] Binding ...
INFO: [BIND 205-100] Finished micro-architecture generation.
INFO: [HLS 200-111] Finished Binding: CPU user time: 0 seconds. CPU system time: 0 seconds. Elapsed time: 0.042 seconds; current allocated memory: 242.723 MB.
INFO: [HLS 200-10] ----------------------------------------------------------------
INFO: [HLS 200-10] -- Generating RTL for module 'knn_distance_and_sort_Outline_init_top_k' 
INFO: [HLS 200-10] ----------------------------------------------------------------
INFO: [RTGEN 206-100] Finished creating RTL model for 'knn_distance_and_sort_Outline_init_top_k'.
INFO: [HLS 200-111] Finished Creating RTL model: CPU user time: 0 seconds. CPU system time: 0 seconds. Elapsed time: 0.083 seconds; current allocated memory: 243.996 MB.
INFO: [HLS 200-10] ----------------------------------------------------------------
INFO: [HLS 200-10] -- Generating RTL for module 'knn_distance_and_sort_Outline_train_loop' 
INFO: [HLS 200-10] ----------------------------------------------------------------
WARNING: [RTGEN 206-101] Setting dangling out port 'knn_distance_and_sort_Outline_train_loop/m_axi_gmem_y_train_0_ARVALID' to 0.
WARNING: [RTGEN 206-101] Setting dangling out port 'knn_distance_and_sort_Outline_train_loop/m_axi_gmem_y_train_0_ARADDR' to 0.
WARNING: [RTGEN 206-101] Setting dangling out port 'knn_distance_and_sort_Outline_train_loop/m_axi_gmem_y_train_0_ARID' to 0.
WARNING: [RTGEN 206-101] Setting dangling out port 'knn_distance_and_sort_Outline_train_loop/m_axi_gmem_y_train_0_ARLEN' to 0.
WARNING: [RTGEN 206-101] Setting dangling out port 'knn_distance_and_sort_Outline_train_loop/m_axi_gmem_y_train_0_ARSIZE' to 0.
WARNING: [RTGEN 206-101] Setting dangling out port 'knn_distance_and_sort_Outline_train_loop/m_axi_gmem_y_train_0_ARBURST' to 0.
WARNING: [RTGEN 206-101] Setting dangling out port 'knn_distance_and_sort_Outline_train_loop/m_axi_gmem_y_train_0_ARLOCK' to 0.
WARNING: [RTGEN 206-101] Setting dangling out port 'knn_distance_and_sort_Outline_train_loop/m_axi_gmem_y_train_0_ARCACHE' to 0.
WARNING: [RTGEN 206-101] Setting dangling out port 'knn_distance_and_sort_Outline_train_loop/m_axi_gmem_y_train_0_ARPROT' to 0.
WARNING: [RTGEN 206-101] Setting dangling out port 'knn_distance_and_sort_Outline_train_loop/m_axi_gmem_y_train_0_ARQOS' to 0.
WARNING: [RTGEN 206-101] Setting dangling out port 'knn_distance_and_sort_Outline_train_loop/m_axi_gmem_y_train_0_ARREGION' to 0.
WARNING: [RTGEN 206-101] Setting dangling out port 'knn_distance_and_sort_Outline_train_loop/m_axi_gmem_y_train_0_ARUSER' to 0.
WARNING: [RTGEN 206-101] Setting dangling out port 'knn_distance_and_sort_Outline_train_loop/m_axi_gmem_x_train_0_ARVALID' to 0.
WARNING: [RTGEN 206-101] Setting dangling out port 'knn_distance_and_sort_Outline_train_loop/m_axi_gmem_x_train_0_ARADDR' to 0.
WARNING: [RTGEN 206-101] Setting dangling out port 'knn_distance_and_sort_Outline_train_loop/m_axi_gmem_x_train_0_ARID' to 0.
WARNING: [RTGEN 206-101] Setting dangling out port 'knn_distance_and_sort_Outline_train_loop/m_axi_gmem_x_train_0_ARLEN' to 0.
WARNING: [RTGEN 206-101] Setting dangling out port 'knn_distance_and_sort_Outline_train_loop/m_axi_gmem_x_train_0_ARSIZE' to 0.
WARNING: [RTGEN 206-101] Setting dangling out port 'knn_distance_and_sort_Outline_train_loop/m_axi_gmem_x_train_0_ARBURST' to 0.
WARNING: [RTGEN 206-101] Setting dangling out port 'knn_distance_and_sort_Outline_train_loop/m_axi_gmem_x_train_0_ARLOCK' to 0.
WARNING: [RTGEN 206-101] Setting dangling out port 'knn_distance_and_sort_Outline_train_loop/m_axi_gmem_x_train_0_ARCACHE' to 0.
WARNING: [RTGEN 206-101] Setting dangling out port 'knn_distance_and_sort_Outline_train_loop/m_axi_gmem_x_train_0_ARPROT' to 0.
WARNING: [RTGEN 206-101] Setting dangling out port 'knn_distance_and_sort_Outline_train_loop/m_axi_gmem_x_train_0_ARQOS' to 0.
WARNING: [RTGEN 206-101] Setting dangling out port 'knn_distance_and_sort_Outline_train_loop/m_axi_gmem_x_train_0_ARREGION' to 0.
WARNING: [RTGEN 206-101] Setting dangling out port 'knn_distance_and_sort_Outline_train_loop/m_axi_gmem_x_train_0_ARUSER' to 0.
INFO: [RTGEN 206-100] Generating core module 'dadddsub_64ns_64ns_64_7_full_dsp_1': 1 instance(s).
INFO: [RTGEN 206-100] Generating core module 'dmul_64ns_64ns_64_7_max_dsp_1': 1 instance(s).
INFO: [RTGEN 206-100] Generating core module 'dsqrt_64ns_64ns_64_57_no_dsp_1': 1 instance(s).
INFO: [RTGEN 206-100] Finished creating RTL model for 'knn_distance_and_sort_Outline_train_loop'.
INFO: [HLS 200-111] Finished Creating RTL model: CPU user time: 0 seconds. CPU system time: 0 seconds. Elapsed time: 1.729 seconds; current allocated memory: 247.473 MB.
INFO: [HLS 200-10] ----------------------------------------------------------------
INFO: [HLS 200-10] -- Generating RTL for module 'knn_distance_and_sort_Outline_sort_loop_i' 
INFO: [HLS 200-10] ----------------------------------------------------------------
INFO: [RTGEN 206-100] Generating core module 'dcmp_64ns_64ns_1_2_no_dsp_1': 1 instance(s).
INFO: [RTGEN 206-100] Finished creating RTL model for 'knn_distance_and_sort_Outline_sort_loop_i'.
INFO: [HLS 200-111] Finished Creating RTL model: CPU user time: 0 seconds. CPU system time: 0 seconds. Elapsed time: 0.196 seconds; current allocated memory: 249.684 MB.
INFO: [HLS 200-10] ----------------------------------------------------------------
INFO: [HLS 200-10] -- Generating RTL for module 'knn_distance_and_sort' 
INFO: [HLS 200-10] ----------------------------------------------------------------
INFO: [RTGEN 206-100] Finished creating RTL model for 'knn_distance_and_sort'.
INFO: [RTMG 210-278] Implementing memory 'knn_accelerator_knn_distance_and_sort_distances_RAM_AUTO_1R1W' using auto RAMs.
INFO: [RTMG 210-278] Implementing memory 'knn_accelerator_knn_distance_and_sort_labels_RAM_AUTO_1R1W' using auto RAMs.
INFO: [HLS 200-111] Finished Creating RTL model: CPU user time: 0 seconds. CPU system time: 0 seconds. Elapsed time: 0.175 seconds; current allocated memory: 251.902 MB.
INFO: [HLS 200-10] ----------------------------------------------------------------
INFO: [HLS 200-10] -- Generating RTL for module 'knn_majority_vote' 
INFO: [HLS 200-10] ----------------------------------------------------------------
INFO: [RTGEN 206-100] Generating core module 'sparsemux_7_2_4_1_1': 1 instance(s).
INFO: [RTGEN 206-100] Finished creating RTL model for 'knn_majority_vote'.
INFO: [RTMG 210-278] Implementing memory 'knn_accelerator_knn_majority_vote_counts_RAM_AUTO_1R1W' using auto RAMs.
INFO: [HLS 200-111] Finished Creating RTL model: CPU user time: 0 seconds. CPU system time: 0 seconds. Elapsed time: 0.169 seconds; current allocated memory: 253.777 MB.
INFO: [HLS 200-10] ----------------------------------------------------------------
INFO: [HLS 200-10] -- Generating RTL for module 'knn_accelerator' 
INFO: [HLS 200-10] ----------------------------------------------------------------
WARNING: [RTGEN 206-101] Design contains AXI ports. Reset is fixed to synchronous and active low.
INFO: [RTGEN 206-500] Setting interface mode on port 'knn_accelerator/gmem_x_test' to 'm_axi'.
INFO: [RTGEN 206-500] Setting interface mode on port 'knn_accelerator/gmem_x_train' to 'm_axi'.
INFO: [RTGEN 206-500] Setting interface mode on port 'knn_accelerator/gmem_y_train' to 'm_axi'.
INFO: [RTGEN 206-500] Setting interface mode on port 'knn_accelerator/gmem_y_test' to 'm_axi'.
INFO: [RTGEN 206-500] Setting interface mode on port 'knn_accelerator/X_test' to 's_axilite & ap_none'.
INFO: [RTGEN 206-500] Setting interface mode on port 'knn_accelerator/X_train' to 's_axilite & ap_none'.
INFO: [RTGEN 206-500] Setting interface mode on port 'knn_accelerator/y_train' to 's_axilite & ap_none'.
INFO: [RTGEN 206-500] Setting interface mode on port 'knn_accelerator/y_test' to 's_axilite & ap_none'.
INFO: [RTGEN 206-500] Setting interface mode on function 'knn_accelerator' to 's_axilite & ap_ctrl_hs'.
INFO: [RTGEN 206-100] Bundling port 'return' to AXI-Lite port control.
INFO: [RTGEN 206-100] Bundling port 'X_test', 'X_train', 'y_train' and 'y_test' to AXI-Lite port control_r.
INFO: [RTGEN 206-100] Finished creating RTL model for 'knn_accelerator'.
INFO: [HLS 200-111] Finished Creating RTL model: CPU user time: 0 seconds. CPU system time: 0 seconds. Elapsed time: 0.266 seconds; current allocated memory: 257.824 MB.
INFO: [HLS 200-111] Finished Generating all RTL models: CPU user time: 1 seconds. CPU system time: 0 seconds. Elapsed time: 1.016 seconds; current allocated memory: 261.504 MB.
INFO: [HLS 200-1603] Design has inferred MAXI bursts and missed bursts, see Vitis HLS GUI synthesis summary report for detailed information.
INFO: [HLS 200-2225] Wrote inferred directives to file T:/Documents/ECE574/Labs/digit_classifier_accelerator/knn_accelerator/knn_accelerator/hls/syn/inferred_directives.ini
INFO: [HLS 200-111] Finished Updating report files: CPU user time: 1 seconds. CPU system time: 1 seconds. Elapsed time: 2.355 seconds; current allocated memory: 270.551 MB.
INFO: [VHDL 208-304] Generating VHDL RTL for knn_accelerator.
INFO: [VLOG 209-307] Generating Verilog RTL for knn_accelerator.
INFO: [HLS 200-790] **** Loop Constraint Status: All loop constraints were satisfied.
INFO: [HLS 200-789] **** Estimated Fmax: 136.99 MHz
INFO: [HLS 200-112] Total CPU user time: 5 seconds. Total CPU system time: 4 seconds. Total elapsed time: 57.43 seconds; peak allocated memory: 270.602 MB.
INFO: [v++ 60-791] Total elapsed time: 0h 1m 2s
