  **** HLS Build v2025.1 6135595
INFO: [HLS 200-2005] Using work_dir C:/Users/seanr/vitis_projects/Lab2_digit_classifier_accel/knn_accelerator/knn_accelerator 
INFO: [HLS 200-2176] Writing Vitis IDE component file C:/Users/seanr/vitis_projects/Lab2_digit_classifier_accel/knn_accelerator/knn_accelerator/vitis-comp.json
INFO: [HLS 200-10] Creating and opening component 'C:/Users/seanr/vitis_projects/Lab2_digit_classifier_accel/knn_accelerator/knn_accelerator'.
INFO: [HLS 200-1505] Using default flow_target 'vivado'
Resolution: For help on HLS 200-1505 see docs.xilinx.com/access/sources/dita/topic?Doc_Version=2025.1%20English&url=ug1448-hls-guidance&resourceid=200-1505.html
INFO: [HLS 200-2174] Applying component config ini file C:/Users/seanr/vitis_projects/Lab2_digit_classifier_accel/knn_accelerator/hls_config.cfg
INFO: [HLS 200-1465] Applying config ini 'syn.file=../src/knn.cpp' from C:/Users/seanr/vitis_projects/Lab2_digit_classifier_accel/knn_accelerator/hls_config.cfg(7)
INFO: [HLS 200-10] Adding design file 'C:/Users/seanr/vitis_projects/Lab2_digit_classifier_accel/src/knn.cpp' to the project
INFO: [HLS 200-1465] Applying config ini 'syn.file=../include/knn.h' from C:/Users/seanr/vitis_projects/Lab2_digit_classifier_accel/knn_accelerator/hls_config.cfg(8)
INFO: [HLS 200-10] Adding design file 'C:/Users/seanr/vitis_projects/Lab2_digit_classifier_accel/include/knn.h' to the project
INFO: [HLS 200-1465] Applying config ini 'tb.file=../test/knn_test.cpp' from C:/Users/seanr/vitis_projects/Lab2_digit_classifier_accel/knn_accelerator/hls_config.cfg(10)
INFO: [HLS 200-10] Adding test bench file 'C:/Users/seanr/vitis_projects/Lab2_digit_classifier_accel/test/knn_test.cpp' to the project
INFO: [HLS 200-1465] Applying config ini 'tb.file=../src/test_data_hls.dat' from C:/Users/seanr/vitis_projects/Lab2_digit_classifier_accel/knn_accelerator/hls_config.cfg(11)
INFO: [HLS 200-10] Adding test bench file 'C:/Users/seanr/vitis_projects/Lab2_digit_classifier_accel/src/test_data_hls.dat' to the project
INFO: [HLS 200-1465] Applying config ini 'tb.file=../src/train_data_hls.dat' from C:/Users/seanr/vitis_projects/Lab2_digit_classifier_accel/knn_accelerator/hls_config.cfg(12)
INFO: [HLS 200-10] Adding test bench file 'C:/Users/seanr/vitis_projects/Lab2_digit_classifier_accel/src/train_data_hls.dat' to the project
INFO: [HLS 200-1465] Applying config ini 'syn.top=knn.cpp' from C:/Users/seanr/vitis_projects/Lab2_digit_classifier_accel/knn_accelerator/hls_config.cfg(9)
INFO: [HLS 200-1465] Applying config ini 'flow_target=vivado' from C:/Users/seanr/vitis_projects/Lab2_digit_classifier_accel/knn_accelerator/hls_config.cfg(4)
INFO: [HLS 200-1505] Using flow_target 'vivado'
Resolution: For help on HLS 200-1505 see docs.xilinx.com/access/sources/dita/topic?Doc_Version=2025.1%20English&url=ug1448-hls-guidance&resourceid=200-1505.html
INFO: [HLS 200-1465] Applying config ini 'part=xc7z020clg400-1' from C:/Users/seanr/vitis_projects/Lab2_digit_classifier_accel/knn_accelerator/hls_config.cfg(1)
INFO: [HLS 200-1611] Setting target device to 'xc7z020-clg400-1'
INFO: [HLS 200-1465] Applying config ini 'package.output.format=ip_catalog' from C:/Users/seanr/vitis_projects/Lab2_digit_classifier_accel/knn_accelerator/hls_config.cfg(5)
INFO: [HLS 200-2176] Writing Vitis IDE component file C:/Users/seanr/vitis_projects/Lab2_digit_classifier_accel/knn_accelerator/knn_accelerator/vitis-comp.json
INFO: [HLS 200-111] Finished File checks and directory preparation: CPU user time: 1 seconds. CPU system time: 2 seconds. Elapsed time: 5.179 seconds; current allocated memory: 165.113 MB.
INFO: [HLS 200-10] Analyzing design file '../src/knn.cpp' ... 
WARNING: [HLS 207-1016] unknown warning group '-Wmisleading-indentation', ignored (C:/Xilinx/2025.1/Vitis/common/technology/autopilot/etc/hls_sqrt_apfixed.h:16:34)
WARNING: [HLS 200-1986] Could not apply TOP directive, invalid function, label, or variable (:0)
INFO: [HLS 200-111] Finished Source Code Analysis and Preprocessing: CPU user time: 1 seconds. CPU system time: 0 seconds. Elapsed time: 31.706 seconds; current allocated memory: 171.809 MB.
ERROR: [HLS 214-157] Top function not found: there is no function named 'knn.cpp'
error: Top function not found: there is no function named 'knn.cpp'
ERROR: Error in opt
INFO: [HLS 200-112] Total CPU user time: 2 seconds. Total CPU system time: 2 seconds. Total elapsed time: 40.77 seconds; peak allocated memory: 171.973 MB.
