03/17/26 17:51:08: Running xcd server. This server was built by gradle.
03/17/26 17:51:08: Server was asked to start on port: '52236'
03/17/26 17:51:08: Server is using token UUID: '06ccb9f5-5bb7-4da8-86ab-e8bf2e198d21'
03/17/26 17:51:08: SESSION_MGR: creating session with session uuid: '6d04a3e9-ade5-4ab9-8d63-1f78fcd2ec76' and name 'default'
03/17/26 17:51:08: Attempting to start server on port '52236'
03/17/26 17:51:08: Running Dispatch Server
03/17/26 17:51:08: Version 2.2.0
03/17/26 17:51:11: Dispatch Server: Accepted socket connection from client
03/17/26 17:51:11: Starting Socket connection
03/17/26 17:51:11: EXCHANGE_TOKEN received, server token: 06ccb9f5-5bb7-4da8-86ab-e8bf2e198d21, passed token: 06ccb9f5-5bb7-4da8-86ab-e8bf2e198d21
03/17/26 17:51:11: DISPATCH_HANDLER: Adding handler from function makeHandler in library xv_system_diagram
03/17/26 17:51:11: SESSION_MGR: creating session with session uuid: 'b3157a8e-cd0c-45ae-aafa-cba5f49422b4' and name 'vitis-run_compile_knn_accelerator'
03/17/26 17:51:11: KERNEL_SVC: creating session with uuid: 'b3157a8e-cd0c-45ae-aafa-cba5f49422b4' and name 'vitis-run_compile_knn_accelerator'
03/17/26 17:51:11: GUIDANCE_SMGR: creating guidance session with uuid: 'b3157a8e-cd0c-45ae-aafa-cba5f49422b4' and name 'vitis-run_compile_knn_accelerator'
03/17/26 17:51:11: SYSTEM_DIAGRAM: creating session with uuid: 'b3157a8e-cd0c-45ae-aafa-cba5f49422b4' and name 'vitis-run_compile_knn_accelerator'
03/17/26 17:51:26: Dispatch Server: Accepted socket connection from client
03/17/26 17:51:26: Starting Socket connection
03/17/26 17:51:41: SESSION_MGR: closing session for UUID 'b3157a8e-cd0c-45ae-aafa-cba5f49422b4' with name 'vitis-run_compile_knn_accelerator'
03/17/26 17:51:41: KERNEL_SVC: closing session for UUID 'b3157a8e-cd0c-45ae-aafa-cba5f49422b4' with name 'vitis-run_compile_knn_accelerator'
03/17/26 17:51:41: GUIDANCE_SMGR: closing session for UUID 'b3157a8e-cd0c-45ae-aafa-cba5f49422b4' with name 'vitis-run_compile_knn_accelerator'
03/17/26 17:51:41: SYSTEM_DIAGRAM: closing session for UUID 'b3157a8e-cd0c-45ae-aafa-cba5f49422b4' with name 'vitis-run_compile_knn_accelerator'
03/17/26 17:51:41: STOP_SERVER received, server token: 06ccb9f5-5bb7-4da8-86ab-e8bf2e198d21, passed token: 06ccb9f5-5bb7-4da8-86ab-e8bf2e198d21
03/17/26 17:51:41: Socket received request to stop server.
03/17/26 17:51:41: Dispatch Server: do_await_stop
03/17/26 17:51:41: SERVER: destructor for server bound to port 52236
03/17/26 17:54:10: Running xcd server. This server was built by gradle.
03/17/26 17:54:10: Server was asked to start on port: '61567'
03/17/26 17:54:10: Server is using token UUID: '4a325ee4-a5b8-4416-a09d-8dc5798dd00e'
03/17/26 17:54:10: SESSION_MGR: creating session with session uuid: '6d04a3e9-ade5-4ab9-8d63-1f78fcd2ec76' and name 'default'
03/17/26 17:54:10: Attempting to start server on port '61567'
03/17/26 17:54:10: Running Dispatch Server
03/17/26 17:54:10: Version 2.2.0
03/17/26 17:54:12: Dispatch Server: Accepted socket connection from client
03/17/26 17:54:12: Starting Socket connection
03/17/26 17:54:12: EXCHANGE_TOKEN received, server token: 4a325ee4-a5b8-4416-a09d-8dc5798dd00e, passed token: 4a325ee4-a5b8-4416-a09d-8dc5798dd00e
03/17/26 17:54:12: DISPATCH_HANDLER: Adding handler from function makeHandler in library xv_system_diagram
03/17/26 17:54:12: SESSION_MGR: creating session with session uuid: '333411fa-c59e-4570-a37e-735a56564b28' and name 'vitis-run_compile_knn_accelerator'
03/17/26 17:54:12: KERNEL_SVC: creating session with uuid: '333411fa-c59e-4570-a37e-735a56564b28' and name 'vitis-run_compile_knn_accelerator'
03/17/26 17:54:12: GUIDANCE_SMGR: creating guidance session with uuid: '333411fa-c59e-4570-a37e-735a56564b28' and name 'vitis-run_compile_knn_accelerator'
03/17/26 17:54:12: SYSTEM_DIAGRAM: creating session with uuid: '333411fa-c59e-4570-a37e-735a56564b28' and name 'vitis-run_compile_knn_accelerator'
03/17/26 17:54:19: Dispatch Server: Accepted socket connection from client
03/17/26 17:54:19: Starting Socket connection
03/17/26 17:54:36: SESSION_MGR: closing session for UUID '333411fa-c59e-4570-a37e-735a56564b28' with name 'vitis-run_compile_knn_accelerator'
03/17/26 17:54:36: KERNEL_SVC: closing session for UUID '333411fa-c59e-4570-a37e-735a56564b28' with name 'vitis-run_compile_knn_accelerator'
03/17/26 17:54:36: GUIDANCE_SMGR: closing session for UUID '333411fa-c59e-4570-a37e-735a56564b28' with name 'vitis-run_compile_knn_accelerator'
03/17/26 17:54:36: SYSTEM_DIAGRAM: closing session for UUID '333411fa-c59e-4570-a37e-735a56564b28' with name 'vitis-run_compile_knn_accelerator'
03/17/26 17:54:36: STOP_SERVER received, server token: 4a325ee4-a5b8-4416-a09d-8dc5798dd00e, passed token: 4a325ee4-a5b8-4416-a09d-8dc5798dd00e
03/17/26 17:54:36: Socket received request to stop server.
03/17/26 17:54:36: Dispatch Server: do_await_stop
03/17/26 17:54:36: SERVER: destructor for server bound to port 61567
03/17/26 17:55:13: Running xcd server. This server was built by gradle.
03/17/26 17:55:13: Server was asked to start on port: '61585'
03/17/26 17:55:13: Server is using token UUID: 'bde38a9d-adb2-4556-a821-122340d147ca'
03/17/26 17:55:13: SESSION_MGR: creating session with session uuid: '6d04a3e9-ade5-4ab9-8d63-1f78fcd2ec76' and name 'default'
03/17/26 17:55:13: Attempting to start server on port '61585'
03/17/26 17:55:13: Running Dispatch Server
03/17/26 17:55:13: Version 2.2.0
03/17/26 17:55:16: Dispatch Server: Accepted socket connection from client
03/17/26 17:55:16: Starting Socket connection
03/17/26 17:55:16: EXCHANGE_TOKEN received, server token: bde38a9d-adb2-4556-a821-122340d147ca, passed token: bde38a9d-adb2-4556-a821-122340d147ca
03/17/26 17:55:16: DISPATCH_HANDLER: Adding handler from function makeHandler in library xv_system_diagram
03/17/26 17:55:16: SESSION_MGR: creating session with session uuid: 'd8c1d309-d7e8-46cd-84ad-6159a53d81af' and name 'vitis-run_compile_knn_accelerator'
03/17/26 17:55:16: KERNEL_SVC: creating session with uuid: 'd8c1d309-d7e8-46cd-84ad-6159a53d81af' and name 'vitis-run_compile_knn_accelerator'
03/17/26 17:55:16: GUIDANCE_SMGR: creating guidance session with uuid: 'd8c1d309-d7e8-46cd-84ad-6159a53d81af' and name 'vitis-run_compile_knn_accelerator'
03/17/26 17:55:16: SYSTEM_DIAGRAM: creating session with uuid: 'd8c1d309-d7e8-46cd-84ad-6159a53d81af' and name 'vitis-run_compile_knn_accelerator'
03/17/26 17:55:22: Dispatch Server: Accepted socket connection from client
03/17/26 17:55:22: Starting Socket connection
03/17/26 17:55:33: SESSION_MGR: closing session for UUID 'd8c1d309-d7e8-46cd-84ad-6159a53d81af' with name 'vitis-run_compile_knn_accelerator'
03/17/26 17:55:33: KERNEL_SVC: closing session for UUID 'd8c1d309-d7e8-46cd-84ad-6159a53d81af' with name 'vitis-run_compile_knn_accelerator'
03/17/26 17:55:33: GUIDANCE_SMGR: closing session for UUID 'd8c1d309-d7e8-46cd-84ad-6159a53d81af' with name 'vitis-run_compile_knn_accelerator'
03/17/26 17:55:33: SYSTEM_DIAGRAM: closing session for UUID 'd8c1d309-d7e8-46cd-84ad-6159a53d81af' with name 'vitis-run_compile_knn_accelerator'
03/17/26 17:55:33: STOP_SERVER received, server token: bde38a9d-adb2-4556-a821-122340d147ca, passed token: bde38a9d-adb2-4556-a821-122340d147ca
03/17/26 17:55:33: Socket received request to stop server.
03/17/26 17:55:33: Dispatch Server: do_await_stop
03/17/26 17:55:33: SERVER: destructor for server bound to port 61585
03/17/26 17:56:22: Running xcd server. This server was built by gradle.
03/17/26 17:56:22: Server was asked to start on port: '52399'
03/17/26 17:56:22: Server is using token UUID: 'e40e839e-7a77-4973-b72e-e455852e93d2'
03/17/26 17:56:22: SESSION_MGR: creating session with session uuid: '6d04a3e9-ade5-4ab9-8d63-1f78fcd2ec76' and name 'default'
03/17/26 17:56:22: Attempting to start server on port '52399'
03/17/26 17:56:22: Running Dispatch Server
03/17/26 17:56:22: Version 2.2.0
03/17/26 17:56:24: Dispatch Server: Accepted socket connection from client
03/17/26 17:56:24: Starting Socket connection
03/17/26 17:56:24: EXCHANGE_TOKEN received, server token: e40e839e-7a77-4973-b72e-e455852e93d2, passed token: e40e839e-7a77-4973-b72e-e455852e93d2
03/17/26 17:56:24: DISPATCH_HANDLER: Adding handler from function makeHandler in library xv_system_diagram
03/17/26 17:56:24: SESSION_MGR: creating session with session uuid: '82b5902e-4257-4d10-9855-4fe94e6888ea' and name 'v++_compile_knn_accelerator'
03/17/26 17:56:24: KERNEL_SVC: creating session with uuid: '82b5902e-4257-4d10-9855-4fe94e6888ea' and name 'v++_compile_knn_accelerator'
03/17/26 17:56:24: GUIDANCE_SMGR: creating guidance session with uuid: '82b5902e-4257-4d10-9855-4fe94e6888ea' and name 'v++_compile_knn_accelerator'
03/17/26 17:56:24: SYSTEM_DIAGRAM: creating session with uuid: '82b5902e-4257-4d10-9855-4fe94e6888ea' and name 'v++_compile_knn_accelerator'
03/17/26 17:56:31: Dispatch Server: Accepted socket connection from client
03/17/26 17:56:31: Starting Socket connection
03/17/26 17:57:12: SESSION_MGR: closing session for UUID '82b5902e-4257-4d10-9855-4fe94e6888ea' with name 'v++_compile_knn_accelerator'
03/17/26 17:57:12: KERNEL_SVC: closing session for UUID '82b5902e-4257-4d10-9855-4fe94e6888ea' with name 'v++_compile_knn_accelerator'
03/17/26 17:57:12: GUIDANCE_SMGR: closing session for UUID '82b5902e-4257-4d10-9855-4fe94e6888ea' with name 'v++_compile_knn_accelerator'
03/17/26 17:57:12: SYSTEM_DIAGRAM: closing session for UUID '82b5902e-4257-4d10-9855-4fe94e6888ea' with name 'v++_compile_knn_accelerator'
03/17/26 17:57:12: STOP_SERVER received, server token: e40e839e-7a77-4973-b72e-e455852e93d2, passed token: e40e839e-7a77-4973-b72e-e455852e93d2
03/17/26 17:57:12: Socket received request to stop server.
03/17/26 17:57:12: Dispatch Server: do_await_stop
03/17/26 17:57:12: SERVER: destructor for server bound to port 52399
03/17/26 17:58:47: Running xcd server. This server was built by gradle.
03/17/26 17:58:47: Server was asked to start on port: '50139'
03/17/26 17:58:47: Server is using token UUID: '0b17c051-b316-4245-ae01-32713c048f2c'
03/17/26 17:58:47: SESSION_MGR: creating session with session uuid: '6d04a3e9-ade5-4ab9-8d63-1f78fcd2ec76' and name 'default'
03/17/26 17:58:47: Attempting to start server on port '50139'
03/17/26 17:58:47: Running Dispatch Server
03/17/26 17:58:47: Version 2.2.0
03/17/26 17:58:49: Dispatch Server: Accepted socket connection from client
03/17/26 17:58:49: Starting Socket connection
03/17/26 17:58:49: EXCHANGE_TOKEN received, server token: 0b17c051-b316-4245-ae01-32713c048f2c, passed token: 0b17c051-b316-4245-ae01-32713c048f2c
03/17/26 17:58:49: DISPATCH_HANDLER: Adding handler from function makeHandler in library xv_system_diagram
03/17/26 17:58:49: SESSION_MGR: creating session with session uuid: 'd8520443-0644-4d47-9179-da4422b851f8' and name 'v++_compile_knn_accelerator'
03/17/26 17:58:49: KERNEL_SVC: creating session with uuid: 'd8520443-0644-4d47-9179-da4422b851f8' and name 'v++_compile_knn_accelerator'
03/17/26 17:58:49: GUIDANCE_SMGR: creating guidance session with uuid: 'd8520443-0644-4d47-9179-da4422b851f8' and name 'v++_compile_knn_accelerator'
03/17/26 17:58:49: SYSTEM_DIAGRAM: creating session with uuid: 'd8520443-0644-4d47-9179-da4422b851f8' and name 'v++_compile_knn_accelerator'
03/17/26 17:58:56: Dispatch Server: Accepted socket connection from client
03/17/26 17:58:56: Starting Socket connection
03/17/26 17:59:33: SESSION_MGR: closing session for UUID 'd8520443-0644-4d47-9179-da4422b851f8' with name 'v++_compile_knn_accelerator'
03/17/26 17:59:33: KERNEL_SVC: closing session for UUID 'd8520443-0644-4d47-9179-da4422b851f8' with name 'v++_compile_knn_accelerator'
03/17/26 17:59:33: GUIDANCE_SMGR: closing session for UUID 'd8520443-0644-4d47-9179-da4422b851f8' with name 'v++_compile_knn_accelerator'
03/17/26 17:59:33: SYSTEM_DIAGRAM: closing session for UUID 'd8520443-0644-4d47-9179-da4422b851f8' with name 'v++_compile_knn_accelerator'
03/17/26 17:59:33: STOP_SERVER received, server token: 0b17c051-b316-4245-ae01-32713c048f2c, passed token: 0b17c051-b316-4245-ae01-32713c048f2c
03/17/26 17:59:33: Socket received request to stop server.
03/17/26 17:59:33: Dispatch Server: do_await_stop
03/17/26 17:59:33: SERVER: destructor for server bound to port 50139
03/17/26 18:00:19: Running xcd server. This server was built by gradle.
03/17/26 18:00:19: Server was asked to start on port: '50165'
03/17/26 18:00:19: Server is using token UUID: '44e27d3e-b9de-47f9-9b35-e182fc0a2c0e'
03/17/26 18:00:19: SESSION_MGR: creating session with session uuid: '6d04a3e9-ade5-4ab9-8d63-1f78fcd2ec76' and name 'default'
03/17/26 18:00:19: Attempting to start server on port '50165'
03/17/26 18:00:19: Running Dispatch Server
03/17/26 18:00:19: Version 2.2.0
03/17/26 18:00:22: Dispatch Server: Accepted socket connection from client
03/17/26 18:00:22: Starting Socket connection
03/17/26 18:00:22: EXCHANGE_TOKEN received, server token: 44e27d3e-b9de-47f9-9b35-e182fc0a2c0e, passed token: 44e27d3e-b9de-47f9-9b35-e182fc0a2c0e
03/17/26 18:00:22: DISPATCH_HANDLER: Adding handler from function makeHandler in library xv_system_diagram
03/17/26 18:00:22: SESSION_MGR: creating session with session uuid: 'ba120fed-90a4-4d01-9496-ba5d81f89ca6' and name 'v++_compile_knn_accelerator'
03/17/26 18:00:22: KERNEL_SVC: creating session with uuid: 'ba120fed-90a4-4d01-9496-ba5d81f89ca6' and name 'v++_compile_knn_accelerator'
03/17/26 18:00:22: GUIDANCE_SMGR: creating guidance session with uuid: 'ba120fed-90a4-4d01-9496-ba5d81f89ca6' and name 'v++_compile_knn_accelerator'
03/17/26 18:00:22: SYSTEM_DIAGRAM: creating session with uuid: 'ba120fed-90a4-4d01-9496-ba5d81f89ca6' and name 'v++_compile_knn_accelerator'
03/17/26 18:00:33: Dispatch Server: Accepted socket connection from client
03/17/26 18:00:33: Starting Socket connection
03/17/26 18:02:01: SESSION_MGR: closing session for UUID 'ba120fed-90a4-4d01-9496-ba5d81f89ca6' with name 'v++_compile_knn_accelerator'
03/17/26 18:02:01: KERNEL_SVC: closing session for UUID 'ba120fed-90a4-4d01-9496-ba5d81f89ca6' with name 'v++_compile_knn_accelerator'
03/17/26 18:02:01: GUIDANCE_SMGR: closing session for UUID 'ba120fed-90a4-4d01-9496-ba5d81f89ca6' with name 'v++_compile_knn_accelerator'
03/17/26 18:02:01: SYSTEM_DIAGRAM: closing session for UUID 'ba120fed-90a4-4d01-9496-ba5d81f89ca6' with name 'v++_compile_knn_accelerator'
03/17/26 18:02:01: STOP_SERVER received, server token: 44e27d3e-b9de-47f9-9b35-e182fc0a2c0e, passed token: 44e27d3e-b9de-47f9-9b35-e182fc0a2c0e
03/17/26 18:02:01: Socket received request to stop server.
03/17/26 18:02:01: Dispatch Server: do_await_stop
03/17/26 18:02:01: SERVER: destructor for server bound to port 50165
03/17/26 18:05:01: Running xcd server. This server was built by gradle.
03/17/26 18:05:01: Server was asked to start on port: '58049'
03/17/26 18:05:01: Server is using token UUID: '5b2ba239-bcc5-4d5b-9b17-fb649f207fd6'
03/17/26 18:05:01: SESSION_MGR: creating session with session uuid: '6d04a3e9-ade5-4ab9-8d63-1f78fcd2ec76' and name 'default'
03/17/26 18:05:01: Attempting to start server on port '58049'
03/17/26 18:05:01: Running Dispatch Server
03/17/26 18:05:01: Version 2.2.0
03/17/26 18:05:04: Dispatch Server: Accepted socket connection from client
03/17/26 18:05:04: Starting Socket connection
03/17/26 18:05:04: EXCHANGE_TOKEN received, server token: 5b2ba239-bcc5-4d5b-9b17-fb649f207fd6, passed token: 5b2ba239-bcc5-4d5b-9b17-fb649f207fd6
03/17/26 18:05:04: DISPATCH_HANDLER: Adding handler from function makeHandler in library xv_system_diagram
03/17/26 18:05:04: SESSION_MGR: creating session with session uuid: '8b896977-1bf1-48df-a999-cc7bc6d278f8' and name 'v++_compile_knn_accelerator'
03/17/26 18:05:04: KERNEL_SVC: creating session with uuid: '8b896977-1bf1-48df-a999-cc7bc6d278f8' and name 'v++_compile_knn_accelerator'
03/17/26 18:05:04: GUIDANCE_SMGR: creating guidance session with uuid: '8b896977-1bf1-48df-a999-cc7bc6d278f8' and name 'v++_compile_knn_accelerator'
03/17/26 18:05:04: SYSTEM_DIAGRAM: creating session with uuid: '8b896977-1bf1-48df-a999-cc7bc6d278f8' and name 'v++_compile_knn_accelerator'
03/17/26 18:05:12: Dispatch Server: Accepted socket connection from client
03/17/26 18:05:12: Starting Socket connection
03/17/26 18:06:17: SESSION_MGR: closing session for UUID '8b896977-1bf1-48df-a999-cc7bc6d278f8' with name 'v++_compile_knn_accelerator'
03/17/26 18:06:17: KERNEL_SVC: closing session for UUID '8b896977-1bf1-48df-a999-cc7bc6d278f8' with name 'v++_compile_knn_accelerator'
03/17/26 18:06:17: GUIDANCE_SMGR: closing session for UUID '8b896977-1bf1-48df-a999-cc7bc6d278f8' with name 'v++_compile_knn_accelerator'
03/17/26 18:06:17: SYSTEM_DIAGRAM: closing session for UUID '8b896977-1bf1-48df-a999-cc7bc6d278f8' with name 'v++_compile_knn_accelerator'
03/17/26 18:06:17: STOP_SERVER received, server token: 5b2ba239-bcc5-4d5b-9b17-fb649f207fd6, passed token: 5b2ba239-bcc5-4d5b-9b17-fb649f207fd6
03/17/26 18:06:17: Socket received request to stop server.
03/17/26 18:06:17: Dispatch Server: do_await_stop
03/17/26 18:06:17: SERVER: destructor for server bound to port 58049
03/17/26 18:09:51: Running xcd server. This server was built by gradle.
03/17/26 18:09:51: Server was asked to start on port: '64305'
03/17/26 18:09:51: Server is using token UUID: '8c4e027e-c6ad-407e-b022-76117eaefccc'
03/17/26 18:09:51: SESSION_MGR: creating session with session uuid: '6d04a3e9-ade5-4ab9-8d63-1f78fcd2ec76' and name 'default'
03/17/26 18:09:51: Attempting to start server on port '64305'
03/17/26 18:09:51: Running Dispatch Server
03/17/26 18:09:51: Version 2.2.0
03/17/26 18:09:53: Dispatch Server: Accepted socket connection from client
03/17/26 18:09:53: Starting Socket connection
03/17/26 18:09:53: EXCHANGE_TOKEN received, server token: 8c4e027e-c6ad-407e-b022-76117eaefccc, passed token: 8c4e027e-c6ad-407e-b022-76117eaefccc
03/17/26 18:09:54: DISPATCH_HANDLER: Adding handler from function makeHandler in library xv_system_diagram
03/17/26 18:09:54: SESSION_MGR: creating session with session uuid: '6766e88d-5ad9-4093-b2df-b7517a50d90c' and name 'vitis-run_compile_knn_accelerator'
03/17/26 18:09:54: KERNEL_SVC: creating session with uuid: '6766e88d-5ad9-4093-b2df-b7517a50d90c' and name 'vitis-run_compile_knn_accelerator'
03/17/26 18:09:54: GUIDANCE_SMGR: creating guidance session with uuid: '6766e88d-5ad9-4093-b2df-b7517a50d90c' and name 'vitis-run_compile_knn_accelerator'
03/17/26 18:09:54: SYSTEM_DIAGRAM: creating session with uuid: '6766e88d-5ad9-4093-b2df-b7517a50d90c' and name 'vitis-run_compile_knn_accelerator'
03/17/26 18:10:03: Dispatch Server: Accepted socket connection from client
03/17/26 18:10:03: Starting Socket connection
03/17/26 19:30:56: Running xcd server. This server was built by gradle.
03/17/26 19:30:56: Server was asked to start on port: '60612'
03/17/26 19:30:56: Server is using token UUID: 'e28a577f-3311-4621-8d7b-1c8af8301014'
03/17/26 19:30:56: SESSION_MGR: creating session with session uuid: '6d04a3e9-ade5-4ab9-8d63-1f78fcd2ec76' and name 'default'
03/17/26 19:30:56: Attempting to start server on port '60612'
03/17/26 19:30:56: Running Dispatch Server
03/17/26 19:30:56: Version 2.2.0
03/17/26 19:30:58: Dispatch Server: Accepted socket connection from client
03/17/26 19:30:58: Starting Socket connection
03/17/26 19:30:59: EXCHANGE_TOKEN received, server token: e28a577f-3311-4621-8d7b-1c8af8301014, passed token: e28a577f-3311-4621-8d7b-1c8af8301014
03/17/26 19:30:59: DISPATCH_HANDLER: Adding handler from function makeHandler in library xv_system_diagram
03/17/26 19:30:59: SESSION_MGR: creating session with session uuid: 'd6a27540-987d-4513-b0f6-3d46e1354d33' and name 'vitis-run_compile_knn_accelerator'
03/17/26 19:30:59: KERNEL_SVC: creating session with uuid: 'd6a27540-987d-4513-b0f6-3d46e1354d33' and name 'vitis-run_compile_knn_accelerator'
03/17/26 19:30:59: GUIDANCE_SMGR: creating guidance session with uuid: 'd6a27540-987d-4513-b0f6-3d46e1354d33' and name 'vitis-run_compile_knn_accelerator'
03/17/26 19:30:59: SYSTEM_DIAGRAM: creating session with uuid: 'd6a27540-987d-4513-b0f6-3d46e1354d33' and name 'vitis-run_compile_knn_accelerator'
03/17/26 19:31:11: Dispatch Server: Accepted socket connection from client
03/17/26 19:31:11: Starting Socket connection
03/17/26 19:31:28: SESSION_MGR: closing session for UUID 'd6a27540-987d-4513-b0f6-3d46e1354d33' with name 'vitis-run_compile_knn_accelerator'
03/17/26 19:31:28: KERNEL_SVC: closing session for UUID 'd6a27540-987d-4513-b0f6-3d46e1354d33' with name 'vitis-run_compile_knn_accelerator'
03/17/26 19:31:28: GUIDANCE_SMGR: closing session for UUID 'd6a27540-987d-4513-b0f6-3d46e1354d33' with name 'vitis-run_compile_knn_accelerator'
03/17/26 19:31:28: SYSTEM_DIAGRAM: closing session for UUID 'd6a27540-987d-4513-b0f6-3d46e1354d33' with name 'vitis-run_compile_knn_accelerator'
03/17/26 19:31:28: STOP_SERVER received, server token: e28a577f-3311-4621-8d7b-1c8af8301014, passed token: e28a577f-3311-4621-8d7b-1c8af8301014
03/17/26 19:31:28: Socket received request to stop server.
03/17/26 19:31:28: Dispatch Server: do_await_stop
03/17/26 19:31:28: SERVER: destructor for server bound to port 60612
03/17/26 19:31:39: Running xcd server. This server was built by gradle.
03/17/26 19:31:39: Server was asked to start on port: '60624'
03/17/26 19:31:39: Server is using token UUID: 'dbcb51c1-41e3-4d94-88f9-2a655b8a2aae'
03/17/26 19:31:39: SESSION_MGR: creating session with session uuid: '6d04a3e9-ade5-4ab9-8d63-1f78fcd2ec76' and name 'default'
03/17/26 19:31:39: Attempting to start server on port '60624'
03/17/26 19:31:39: Running Dispatch Server
03/17/26 19:31:39: Version 2.2.0
03/17/26 19:31:41: Dispatch Server: Accepted socket connection from client
03/17/26 19:31:41: Starting Socket connection
03/17/26 19:31:41: EXCHANGE_TOKEN received, server token: dbcb51c1-41e3-4d94-88f9-2a655b8a2aae, passed token: dbcb51c1-41e3-4d94-88f9-2a655b8a2aae
03/17/26 19:31:42: DISPATCH_HANDLER: Adding handler from function makeHandler in library xv_system_diagram
03/17/26 19:31:42: SESSION_MGR: creating session with session uuid: '4ea65f44-73f2-4a97-83ad-ae36bd991b57' and name 'v++_compile_knn_accelerator'
03/17/26 19:31:42: KERNEL_SVC: creating session with uuid: '4ea65f44-73f2-4a97-83ad-ae36bd991b57' and name 'v++_compile_knn_accelerator'
03/17/26 19:31:42: GUIDANCE_SMGR: creating guidance session with uuid: '4ea65f44-73f2-4a97-83ad-ae36bd991b57' and name 'v++_compile_knn_accelerator'
03/17/26 19:31:42: SYSTEM_DIAGRAM: creating session with uuid: '4ea65f44-73f2-4a97-83ad-ae36bd991b57' and name 'v++_compile_knn_accelerator'
03/17/26 19:31:50: Dispatch Server: Accepted socket connection from client
03/17/26 19:31:50: Starting Socket connection
03/17/26 19:32:59: SESSION_MGR: closing session for UUID '4ea65f44-73f2-4a97-83ad-ae36bd991b57' with name 'v++_compile_knn_accelerator'
03/17/26 19:32:59: KERNEL_SVC: closing session for UUID '4ea65f44-73f2-4a97-83ad-ae36bd991b57' with name 'v++_compile_knn_accelerator'
03/17/26 19:32:59: GUIDANCE_SMGR: closing session for UUID '4ea65f44-73f2-4a97-83ad-ae36bd991b57' with name 'v++_compile_knn_accelerator'
03/17/26 19:32:59: SYSTEM_DIAGRAM: closing session for UUID '4ea65f44-73f2-4a97-83ad-ae36bd991b57' with name 'v++_compile_knn_accelerator'
03/17/26 19:32:59: STOP_SERVER received, server token: dbcb51c1-41e3-4d94-88f9-2a655b8a2aae, passed token: dbcb51c1-41e3-4d94-88f9-2a655b8a2aae
03/17/26 19:32:59: Socket received request to stop server.
03/17/26 19:32:59: Dispatch Server: do_await_stop
03/17/26 19:32:59: SERVER: destructor for server bound to port 60624
03/17/26 19:33:12: Running xcd server. This server was built by gradle.
03/17/26 19:33:12: Server was asked to start on port: '49691'
03/17/26 19:33:12: Server is using token UUID: '7e48f3cc-6c23-4af5-a56e-f29cc4282492'
03/17/26 19:33:12: SESSION_MGR: creating session with session uuid: '6d04a3e9-ade5-4ab9-8d63-1f78fcd2ec76' and name 'default'
03/17/26 19:33:12: Attempting to start server on port '49691'
03/17/26 19:33:12: Running Dispatch Server
03/17/26 19:33:12: Version 2.2.0
03/17/26 19:33:15: Dispatch Server: Accepted socket connection from client
03/17/26 19:33:15: Starting Socket connection
03/17/26 19:33:15: EXCHANGE_TOKEN received, server token: 7e48f3cc-6c23-4af5-a56e-f29cc4282492, passed token: 7e48f3cc-6c23-4af5-a56e-f29cc4282492
03/17/26 19:33:15: DISPATCH_HANDLER: Adding handler from function makeHandler in library xv_system_diagram
03/17/26 19:33:15: SESSION_MGR: creating session with session uuid: '4c566480-4def-4a97-a1f8-916da16944ba' and name 'vitis-run_compile_knn_accelerator'
03/17/26 19:33:15: KERNEL_SVC: creating session with uuid: '4c566480-4def-4a97-a1f8-916da16944ba' and name 'vitis-run_compile_knn_accelerator'
03/17/26 19:33:15: GUIDANCE_SMGR: creating guidance session with uuid: '4c566480-4def-4a97-a1f8-916da16944ba' and name 'vitis-run_compile_knn_accelerator'
03/17/26 19:33:15: SYSTEM_DIAGRAM: creating session with uuid: '4c566480-4def-4a97-a1f8-916da16944ba' and name 'vitis-run_compile_knn_accelerator'
03/17/26 19:33:22: Dispatch Server: Accepted socket connection from client
03/17/26 19:33:22: Starting Socket connection
03/17/26 19:40:29: SESSION_MGR: closing session for UUID '4c566480-4def-4a97-a1f8-916da16944ba' with name 'vitis-run_compile_knn_accelerator'
03/17/26 19:40:29: KERNEL_SVC: closing session for UUID '4c566480-4def-4a97-a1f8-916da16944ba' with name 'vitis-run_compile_knn_accelerator'
03/17/26 19:40:29: GUIDANCE_SMGR: closing session for UUID '4c566480-4def-4a97-a1f8-916da16944ba' with name 'vitis-run_compile_knn_accelerator'
03/17/26 19:40:29: SYSTEM_DIAGRAM: closing session for UUID '4c566480-4def-4a97-a1f8-916da16944ba' with name 'vitis-run_compile_knn_accelerator'
03/17/26 19:40:29: STOP_SERVER received, server token: 7e48f3cc-6c23-4af5-a56e-f29cc4282492, passed token: 7e48f3cc-6c23-4af5-a56e-f29cc4282492
03/17/26 19:40:29: Socket received request to stop server.
03/17/26 19:40:29: Dispatch Server: do_await_stop
03/17/26 19:40:29: SERVER: destructor for server bound to port 49691
03/20/26 09:22:27: Running xcd server. This server was built by gradle.
03/20/26 09:22:27: Server was asked to start on port: '63397'
03/20/26 09:22:27: Server is using token UUID: 'bd1d1004-0a07-4054-9079-e553780e8fb3'
03/20/26 09:22:27: SESSION_MGR: creating session with session uuid: '6d04a3e9-ade5-4ab9-8d63-1f78fcd2ec76' and name 'default'
03/20/26 09:22:27: Attempting to start server on port '63397'
03/20/26 09:22:27: Running Dispatch Server
03/20/26 09:22:27: Version 2.2.0
03/20/26 09:22:29: Dispatch Server: Accepted socket connection from client
03/20/26 09:22:29: Starting Socket connection
03/20/26 09:22:29: EXCHANGE_TOKEN received, server token: bd1d1004-0a07-4054-9079-e553780e8fb3, passed token: bd1d1004-0a07-4054-9079-e553780e8fb3
03/20/26 09:22:29: DISPATCH_HANDLER: Adding handler from function makeHandler in library xv_system_diagram
03/20/26 09:22:29: SESSION_MGR: creating session with session uuid: '782ef023-3cad-44fa-bec3-a2344ab474dc' and name 'vitis-run_compile_knn_accelerator'
03/20/26 09:22:29: KERNEL_SVC: creating session with uuid: '782ef023-3cad-44fa-bec3-a2344ab474dc' and name 'vitis-run_compile_knn_accelerator'
03/20/26 09:22:29: GUIDANCE_SMGR: creating guidance session with uuid: '782ef023-3cad-44fa-bec3-a2344ab474dc' and name 'vitis-run_compile_knn_accelerator'
03/20/26 09:22:29: SYSTEM_DIAGRAM: creating session with uuid: '782ef023-3cad-44fa-bec3-a2344ab474dc' and name 'vitis-run_compile_knn_accelerator'
03/20/26 09:22:38: Dispatch Server: Accepted socket connection from client
03/20/26 09:22:38: Starting Socket connection
03/20/26 09:22:52: SESSION_MGR: closing session for UUID '782ef023-3cad-44fa-bec3-a2344ab474dc' with name 'vitis-run_compile_knn_accelerator'
03/20/26 09:22:52: KERNEL_SVC: closing session for UUID '782ef023-3cad-44fa-bec3-a2344ab474dc' with name 'vitis-run_compile_knn_accelerator'
03/20/26 09:22:52: GUIDANCE_SMGR: closing session for UUID '782ef023-3cad-44fa-bec3-a2344ab474dc' with name 'vitis-run_compile_knn_accelerator'
03/20/26 09:22:52: SYSTEM_DIAGRAM: closing session for UUID '782ef023-3cad-44fa-bec3-a2344ab474dc' with name 'vitis-run_compile_knn_accelerator'
03/20/26 09:22:52: STOP_SERVER received, server token: bd1d1004-0a07-4054-9079-e553780e8fb3, passed token: bd1d1004-0a07-4054-9079-e553780e8fb3
03/20/26 09:22:52: Socket received request to stop server.
03/20/26 09:22:52: Dispatch Server: do_await_stop
03/20/26 09:22:52: SERVER: destructor for server bound to port 63397
03/20/26 09:22:57: Running xcd server. This server was built by gradle.
03/20/26 09:22:57: Server was asked to start on port: '63415'
03/20/26 09:22:57: Server is using token UUID: '669bda72-3763-4357-91ed-df7197680f7e'
03/20/26 09:22:57: SESSION_MGR: creating session with session uuid: '6d04a3e9-ade5-4ab9-8d63-1f78fcd2ec76' and name 'default'
03/20/26 09:22:57: Attempting to start server on port '63415'
03/20/26 09:22:57: Running Dispatch Server
03/20/26 09:22:57: Version 2.2.0
03/20/26 09:23:00: Dispatch Server: Accepted socket connection from client
03/20/26 09:23:00: Starting Socket connection
03/20/26 09:23:00: EXCHANGE_TOKEN received, server token: 669bda72-3763-4357-91ed-df7197680f7e, passed token: 669bda72-3763-4357-91ed-df7197680f7e
03/20/26 09:23:00: DISPATCH_HANDLER: Adding handler from function makeHandler in library xv_system_diagram
03/20/26 09:23:00: SESSION_MGR: creating session with session uuid: '73b4329c-309f-4d1a-881f-225b6062c3af' and name 'v++_compile_knn_accelerator'
03/20/26 09:23:00: KERNEL_SVC: creating session with uuid: '73b4329c-309f-4d1a-881f-225b6062c3af' and name 'v++_compile_knn_accelerator'
03/20/26 09:23:00: GUIDANCE_SMGR: creating guidance session with uuid: '73b4329c-309f-4d1a-881f-225b6062c3af' and name 'v++_compile_knn_accelerator'
03/20/26 09:23:00: SYSTEM_DIAGRAM: creating session with uuid: '73b4329c-309f-4d1a-881f-225b6062c3af' and name 'v++_compile_knn_accelerator'
03/20/26 09:23:05: Dispatch Server: Accepted socket connection from client
03/20/26 09:23:05: Starting Socket connection
03/20/26 09:24:24: SESSION_MGR: closing session for UUID '73b4329c-309f-4d1a-881f-225b6062c3af' with name 'v++_compile_knn_accelerator'
03/20/26 09:24:24: KERNEL_SVC: closing session for UUID '73b4329c-309f-4d1a-881f-225b6062c3af' with name 'v++_compile_knn_accelerator'
03/20/26 09:24:24: GUIDANCE_SMGR: closing session for UUID '73b4329c-309f-4d1a-881f-225b6062c3af' with name 'v++_compile_knn_accelerator'
03/20/26 09:24:24: SYSTEM_DIAGRAM: closing session for UUID '73b4329c-309f-4d1a-881f-225b6062c3af' with name 'v++_compile_knn_accelerator'
03/20/26 09:24:24: STOP_SERVER received, server token: 669bda72-3763-4357-91ed-df7197680f7e, passed token: 669bda72-3763-4357-91ed-df7197680f7e
03/20/26 09:24:24: Socket received request to stop server.
03/20/26 09:24:24: Dispatch Server: do_await_stop
03/20/26 09:24:24: SERVER: destructor for server bound to port 63415
03/20/26 09:24:33: Running xcd server. This server was built by gradle.
03/20/26 09:24:33: Server was asked to start on port: '57696'
03/20/26 09:24:33: Server is using token UUID: '22e9c397-9fae-47dc-baeb-665b30a42b5f'
03/20/26 09:24:33: SESSION_MGR: creating session with session uuid: '6d04a3e9-ade5-4ab9-8d63-1f78fcd2ec76' and name 'default'
03/20/26 09:24:33: Attempting to start server on port '57696'
03/20/26 09:24:33: Running Dispatch Server
03/20/26 09:24:33: Version 2.2.0
03/20/26 09:24:35: Dispatch Server: Accepted socket connection from client
03/20/26 09:24:35: Starting Socket connection
03/20/26 09:24:35: EXCHANGE_TOKEN received, server token: 22e9c397-9fae-47dc-baeb-665b30a42b5f, passed token: 22e9c397-9fae-47dc-baeb-665b30a42b5f
03/20/26 09:24:35: DISPATCH_HANDLER: Adding handler from function makeHandler in library xv_system_diagram
03/20/26 09:24:35: SESSION_MGR: creating session with session uuid: '94c04e9d-d02f-4ab7-a2ea-5ba53e693783' and name 'vitis-run_compile_knn_accelerator'
03/20/26 09:24:35: KERNEL_SVC: creating session with uuid: '94c04e9d-d02f-4ab7-a2ea-5ba53e693783' and name 'vitis-run_compile_knn_accelerator'
03/20/26 09:24:35: GUIDANCE_SMGR: creating guidance session with uuid: '94c04e9d-d02f-4ab7-a2ea-5ba53e693783' and name 'vitis-run_compile_knn_accelerator'
03/20/26 09:24:35: SYSTEM_DIAGRAM: creating session with uuid: '94c04e9d-d02f-4ab7-a2ea-5ba53e693783' and name 'vitis-run_compile_knn_accelerator'
03/20/26 09:24:40: Dispatch Server: Accepted socket connection from client
03/20/26 09:24:40: Starting Socket connection
03/20/26 09:26:14: SESSION_MGR: closing session for UUID '94c04e9d-d02f-4ab7-a2ea-5ba53e693783' with name 'vitis-run_compile_knn_accelerator'
03/20/26 09:26:14: KERNEL_SVC: closing session for UUID '94c04e9d-d02f-4ab7-a2ea-5ba53e693783' with name 'vitis-run_compile_knn_accelerator'
03/20/26 09:26:14: GUIDANCE_SMGR: closing session for UUID '94c04e9d-d02f-4ab7-a2ea-5ba53e693783' with name 'vitis-run_compile_knn_accelerator'
03/20/26 09:26:14: SYSTEM_DIAGRAM: closing session for UUID '94c04e9d-d02f-4ab7-a2ea-5ba53e693783' with name 'vitis-run_compile_knn_accelerator'
03/20/26 09:26:14: STOP_SERVER received, server token: 22e9c397-9fae-47dc-baeb-665b30a42b5f, passed token: 22e9c397-9fae-47dc-baeb-665b30a42b5f
03/20/26 09:26:14: Socket received request to stop server.
03/20/26 09:26:14: Dispatch Server: do_await_stop
03/20/26 09:26:14: SERVER: destructor for server bound to port 57696
03/20/26 09:28:25: Running xcd server. This server was built by gradle.
03/20/26 09:28:25: Server was asked to start on port: '53872'
03/20/26 09:28:25: Server is using token UUID: 'dcf5732e-9ba0-4361-a90d-ef8242065b89'
03/20/26 09:28:25: SESSION_MGR: creating session with session uuid: '6d04a3e9-ade5-4ab9-8d63-1f78fcd2ec76' and name 'default'
03/20/26 09:28:25: Attempting to start server on port '53872'
03/20/26 09:28:25: Running Dispatch Server
03/20/26 09:28:25: Version 2.2.0
03/20/26 09:28:28: Dispatch Server: Accepted socket connection from client
03/20/26 09:28:28: Starting Socket connection
03/20/26 09:28:28: EXCHANGE_TOKEN received, server token: dcf5732e-9ba0-4361-a90d-ef8242065b89, passed token: dcf5732e-9ba0-4361-a90d-ef8242065b89
03/20/26 09:28:28: DISPATCH_HANDLER: Adding handler from function makeHandler in library xv_system_diagram
03/20/26 09:28:28: SESSION_MGR: creating session with session uuid: '343d4f96-a8cd-4d1c-a880-2872add986cc' and name 'vitis-run_compile_knn_accelerator'
03/20/26 09:28:28: KERNEL_SVC: creating session with uuid: '343d4f96-a8cd-4d1c-a880-2872add986cc' and name 'vitis-run_compile_knn_accelerator'
03/20/26 09:28:28: GUIDANCE_SMGR: creating guidance session with uuid: '343d4f96-a8cd-4d1c-a880-2872add986cc' and name 'vitis-run_compile_knn_accelerator'
03/20/26 09:28:28: SYSTEM_DIAGRAM: creating session with uuid: '343d4f96-a8cd-4d1c-a880-2872add986cc' and name 'vitis-run_compile_knn_accelerator'
03/20/26 09:28:33: Dispatch Server: Accepted socket connection from client
03/20/26 09:28:33: Starting Socket connection
03/20/26 09:28:41: SESSION_MGR: closing session for UUID '343d4f96-a8cd-4d1c-a880-2872add986cc' with name 'vitis-run_compile_knn_accelerator'
03/20/26 09:28:41: KERNEL_SVC: closing session for UUID '343d4f96-a8cd-4d1c-a880-2872add986cc' with name 'vitis-run_compile_knn_accelerator'
03/20/26 09:28:41: GUIDANCE_SMGR: closing session for UUID '343d4f96-a8cd-4d1c-a880-2872add986cc' with name 'vitis-run_compile_knn_accelerator'
03/20/26 09:28:41: SYSTEM_DIAGRAM: closing session for UUID '343d4f96-a8cd-4d1c-a880-2872add986cc' with name 'vitis-run_compile_knn_accelerator'
03/20/26 09:28:41: STOP_SERVER received, server token: dcf5732e-9ba0-4361-a90d-ef8242065b89, passed token: dcf5732e-9ba0-4361-a90d-ef8242065b89
03/20/26 09:28:41: Socket received request to stop server.
03/20/26 09:28:41: Dispatch Server: do_await_stop
03/20/26 09:28:41: SERVER: destructor for server bound to port 53872
03/20/26 09:29:44: Running xcd server. This server was built by gradle.
03/20/26 09:29:44: Server was asked to start on port: '53920'
03/20/26 09:29:44: Server is using token UUID: 'ab793884-dd7b-4551-a9da-a764704fd7e1'
03/20/26 09:29:44: SESSION_MGR: creating session with session uuid: '6d04a3e9-ade5-4ab9-8d63-1f78fcd2ec76' and name 'default'
03/20/26 09:29:44: Attempting to start server on port '53920'
03/20/26 09:29:44: Running Dispatch Server
03/20/26 09:29:44: Version 2.2.0
03/20/26 09:29:46: Dispatch Server: Accepted socket connection from client
03/20/26 09:29:46: Starting Socket connection
03/20/26 09:29:46: EXCHANGE_TOKEN received, server token: ab793884-dd7b-4551-a9da-a764704fd7e1, passed token: ab793884-dd7b-4551-a9da-a764704fd7e1
03/20/26 09:29:46: DISPATCH_HANDLER: Adding handler from function makeHandler in library xv_system_diagram
03/20/26 09:29:46: SESSION_MGR: creating session with session uuid: 'ad2edf91-8bda-4f38-aae1-f9776859e5a7' and name 'vitis-run_compile_knn_accelerator'
03/20/26 09:29:46: KERNEL_SVC: creating session with uuid: 'ad2edf91-8bda-4f38-aae1-f9776859e5a7' and name 'vitis-run_compile_knn_accelerator'
03/20/26 09:29:46: GUIDANCE_SMGR: creating guidance session with uuid: 'ad2edf91-8bda-4f38-aae1-f9776859e5a7' and name 'vitis-run_compile_knn_accelerator'
03/20/26 09:29:46: SYSTEM_DIAGRAM: creating session with uuid: 'ad2edf91-8bda-4f38-aae1-f9776859e5a7' and name 'vitis-run_compile_knn_accelerator'
03/20/26 09:29:51: Dispatch Server: Accepted socket connection from client
03/20/26 09:29:51: Starting Socket connection
03/20/26 09:30:04: SESSION_MGR: closing session for UUID 'ad2edf91-8bda-4f38-aae1-f9776859e5a7' with name 'vitis-run_compile_knn_accelerator'
03/20/26 09:30:04: KERNEL_SVC: closing session for UUID 'ad2edf91-8bda-4f38-aae1-f9776859e5a7' with name 'vitis-run_compile_knn_accelerator'
03/20/26 09:30:04: GUIDANCE_SMGR: closing session for UUID 'ad2edf91-8bda-4f38-aae1-f9776859e5a7' with name 'vitis-run_compile_knn_accelerator'
03/20/26 09:30:04: SYSTEM_DIAGRAM: closing session for UUID 'ad2edf91-8bda-4f38-aae1-f9776859e5a7' with name 'vitis-run_compile_knn_accelerator'
03/20/26 09:30:04: STOP_SERVER received, server token: ab793884-dd7b-4551-a9da-a764704fd7e1, passed token: ab793884-dd7b-4551-a9da-a764704fd7e1
03/20/26 09:30:04: Socket received request to stop server.
03/20/26 09:30:04: Dispatch Server: do_await_stop
03/20/26 09:30:04: SERVER: destructor for server bound to port 53920
03/20/26 09:30:21: Running xcd server. This server was built by gradle.
03/20/26 09:30:21: Server was asked to start on port: '49235'
03/20/26 09:30:21: Server is using token UUID: 'bea5b4fd-f9e1-4a12-a79f-ef7dfcea7166'
03/20/26 09:30:21: SESSION_MGR: creating session with session uuid: '6d04a3e9-ade5-4ab9-8d63-1f78fcd2ec76' and name 'default'
03/20/26 09:30:21: Attempting to start server on port '49235'
03/20/26 09:30:21: Running Dispatch Server
03/20/26 09:30:21: Version 2.2.0
03/20/26 09:30:23: Dispatch Server: Accepted socket connection from client
03/20/26 09:30:23: Starting Socket connection
03/20/26 09:30:23: EXCHANGE_TOKEN received, server token: bea5b4fd-f9e1-4a12-a79f-ef7dfcea7166, passed token: bea5b4fd-f9e1-4a12-a79f-ef7dfcea7166
03/20/26 09:30:24: DISPATCH_HANDLER: Adding handler from function makeHandler in library xv_system_diagram
03/20/26 09:30:24: SESSION_MGR: creating session with session uuid: '56f54817-f35b-4b78-8cbf-ee2dd3ef97b9' and name 'vitis-run_compile_knn_accelerator'
03/20/26 09:30:24: KERNEL_SVC: creating session with uuid: '56f54817-f35b-4b78-8cbf-ee2dd3ef97b9' and name 'vitis-run_compile_knn_accelerator'
03/20/26 09:30:24: GUIDANCE_SMGR: creating guidance session with uuid: '56f54817-f35b-4b78-8cbf-ee2dd3ef97b9' and name 'vitis-run_compile_knn_accelerator'
03/20/26 09:30:24: SYSTEM_DIAGRAM: creating session with uuid: '56f54817-f35b-4b78-8cbf-ee2dd3ef97b9' and name 'vitis-run_compile_knn_accelerator'
03/20/26 09:30:28: Dispatch Server: Accepted socket connection from client
03/20/26 09:30:28: Starting Socket connection
03/20/26 09:32:59: SESSION_MGR: closing session for UUID '56f54817-f35b-4b78-8cbf-ee2dd3ef97b9' with name 'vitis-run_compile_knn_accelerator'
03/20/26 09:32:59: KERNEL_SVC: closing session for UUID '56f54817-f35b-4b78-8cbf-ee2dd3ef97b9' with name 'vitis-run_compile_knn_accelerator'
03/20/26 09:32:59: GUIDANCE_SMGR: closing session for UUID '56f54817-f35b-4b78-8cbf-ee2dd3ef97b9' with name 'vitis-run_compile_knn_accelerator'
03/20/26 09:32:59: SYSTEM_DIAGRAM: closing session for UUID '56f54817-f35b-4b78-8cbf-ee2dd3ef97b9' with name 'vitis-run_compile_knn_accelerator'
03/20/26 09:32:59: STOP_SERVER received, server token: bea5b4fd-f9e1-4a12-a79f-ef7dfcea7166, passed token: bea5b4fd-f9e1-4a12-a79f-ef7dfcea7166
03/20/26 09:32:59: Socket received request to stop server.
03/20/26 09:32:59: Dispatch Server: do_await_stop
03/20/26 09:32:59: SERVER: destructor for server bound to port 49235
03/20/26 09:33:20: Running xcd server. This server was built by gradle.
03/20/26 09:33:20: Server was asked to start on port: '49348'
03/20/26 09:33:20: Server is using token UUID: 'e0bd6201-413f-4015-8cc7-3f46edc70b96'
03/20/26 09:33:20: SESSION_MGR: creating session with session uuid: '6d04a3e9-ade5-4ab9-8d63-1f78fcd2ec76' and name 'default'
03/20/26 09:33:20: Attempting to start server on port '49348'
03/20/26 09:33:20: Running Dispatch Server
03/20/26 09:33:20: Version 2.2.0
03/20/26 09:33:23: Dispatch Server: Accepted socket connection from client
03/20/26 09:33:23: Starting Socket connection
03/20/26 09:33:23: EXCHANGE_TOKEN received, server token: e0bd6201-413f-4015-8cc7-3f46edc70b96, passed token: e0bd6201-413f-4015-8cc7-3f46edc70b96
03/20/26 09:33:23: DISPATCH_HANDLER: Adding handler from function makeHandler in library xv_system_diagram
03/20/26 09:33:23: SESSION_MGR: creating session with session uuid: '4f585b70-650d-45f8-b106-a17d90a624e9' and name 'vitis-run_compile_knn_accelerator'
03/20/26 09:33:23: KERNEL_SVC: creating session with uuid: '4f585b70-650d-45f8-b106-a17d90a624e9' and name 'vitis-run_compile_knn_accelerator'
03/20/26 09:33:23: GUIDANCE_SMGR: creating guidance session with uuid: '4f585b70-650d-45f8-b106-a17d90a624e9' and name 'vitis-run_compile_knn_accelerator'
03/20/26 09:33:23: SYSTEM_DIAGRAM: creating session with uuid: '4f585b70-650d-45f8-b106-a17d90a624e9' and name 'vitis-run_compile_knn_accelerator'
03/20/26 09:33:27: Dispatch Server: Accepted socket connection from client
03/20/26 09:33:27: Starting Socket connection
03/20/26 09:35:16: SESSION_MGR: closing session for UUID '4f585b70-650d-45f8-b106-a17d90a624e9' with name 'vitis-run_compile_knn_accelerator'
03/20/26 09:35:16: KERNEL_SVC: closing session for UUID '4f585b70-650d-45f8-b106-a17d90a624e9' with name 'vitis-run_compile_knn_accelerator'
03/20/26 09:35:16: GUIDANCE_SMGR: closing session for UUID '4f585b70-650d-45f8-b106-a17d90a624e9' with name 'vitis-run_compile_knn_accelerator'
03/20/26 09:35:16: SYSTEM_DIAGRAM: closing session for UUID '4f585b70-650d-45f8-b106-a17d90a624e9' with name 'vitis-run_compile_knn_accelerator'
03/20/26 09:35:16: STOP_SERVER received, server token: e0bd6201-413f-4015-8cc7-3f46edc70b96, passed token: e0bd6201-413f-4015-8cc7-3f46edc70b96
03/20/26 09:35:16: Socket received request to stop server.
03/20/26 09:35:16: Dispatch Server: do_await_stop
03/20/26 09:35:16: SERVER: destructor for server bound to port 49348
03/20/26 09:36:09: Running xcd server. This server was built by gradle.
03/20/26 09:36:09: Server was asked to start on port: '59490'
03/20/26 09:36:09: Server is using token UUID: '52cb3796-46f9-4fe2-bfa9-7304c10d8872'
03/20/26 09:36:09: SESSION_MGR: creating session with session uuid: '6d04a3e9-ade5-4ab9-8d63-1f78fcd2ec76' and name 'default'
03/20/26 09:36:09: Attempting to start server on port '59490'
03/20/26 09:36:09: Running Dispatch Server
03/20/26 09:36:09: Version 2.2.0
03/20/26 09:36:12: Dispatch Server: Accepted socket connection from client
03/20/26 09:36:12: Starting Socket connection
03/20/26 09:36:12: EXCHANGE_TOKEN received, server token: 52cb3796-46f9-4fe2-bfa9-7304c10d8872, passed token: 52cb3796-46f9-4fe2-bfa9-7304c10d8872
03/20/26 09:36:12: DISPATCH_HANDLER: Adding handler from function makeHandler in library xv_system_diagram
03/20/26 09:36:12: SESSION_MGR: creating session with session uuid: 'bb187212-c3f3-4a98-8c83-8e102d4cb92c' and name 'v++_compile_knn_accelerator'
03/20/26 09:36:12: KERNEL_SVC: creating session with uuid: 'bb187212-c3f3-4a98-8c83-8e102d4cb92c' and name 'v++_compile_knn_accelerator'
03/20/26 09:36:12: GUIDANCE_SMGR: creating guidance session with uuid: 'bb187212-c3f3-4a98-8c83-8e102d4cb92c' and name 'v++_compile_knn_accelerator'
03/20/26 09:36:12: SYSTEM_DIAGRAM: creating session with uuid: 'bb187212-c3f3-4a98-8c83-8e102d4cb92c' and name 'v++_compile_knn_accelerator'
03/20/26 09:36:17: Dispatch Server: Accepted socket connection from client
03/20/26 09:36:17: Starting Socket connection
03/20/26 09:37:29: SESSION_MGR: closing session for UUID 'bb187212-c3f3-4a98-8c83-8e102d4cb92c' with name 'v++_compile_knn_accelerator'
03/20/26 09:37:29: KERNEL_SVC: closing session for UUID 'bb187212-c3f3-4a98-8c83-8e102d4cb92c' with name 'v++_compile_knn_accelerator'
03/20/26 09:37:29: GUIDANCE_SMGR: closing session for UUID 'bb187212-c3f3-4a98-8c83-8e102d4cb92c' with name 'v++_compile_knn_accelerator'
03/20/26 09:37:29: SYSTEM_DIAGRAM: closing session for UUID 'bb187212-c3f3-4a98-8c83-8e102d4cb92c' with name 'v++_compile_knn_accelerator'
03/20/26 09:37:29: STOP_SERVER received, server token: 52cb3796-46f9-4fe2-bfa9-7304c10d8872, passed token: 52cb3796-46f9-4fe2-bfa9-7304c10d8872
03/20/26 09:37:29: Socket received request to stop server.
03/20/26 09:37:29: Dispatch Server: do_await_stop
03/20/26 09:37:29: SERVER: destructor for server bound to port 59490
03/21/26 23:44:42: Running xcd server. This server was built by gradle.
03/21/26 23:44:42: Server was asked to start on port: '54666'
03/21/26 23:44:42: Server is using token UUID: '2a331b75-45e4-41ba-afde-19edb0529ef0'
03/21/26 23:44:42: SESSION_MGR: creating session with session uuid: '6d04a3e9-ade5-4ab9-8d63-1f78fcd2ec76' and name 'default'
03/21/26 23:44:42: Attempting to start server on port '54666'
03/21/26 23:44:42: Running Dispatch Server
03/21/26 23:44:42: Version 2.2.0
03/21/26 23:44:45: Dispatch Server: Accepted socket connection from client
03/21/26 23:44:45: Starting Socket connection
03/21/26 23:44:45: EXCHANGE_TOKEN received, server token: 2a331b75-45e4-41ba-afde-19edb0529ef0, passed token: 2a331b75-45e4-41ba-afde-19edb0529ef0
03/21/26 23:44:45: DISPATCH_HANDLER: Adding handler from function makeHandler in library xv_system_diagram
03/21/26 23:44:45: SESSION_MGR: creating session with session uuid: '62c69dd2-aea0-47cb-8ad9-93eb12a795c5' and name 'vitis-run_compile_knn_accelerator'
03/21/26 23:44:45: KERNEL_SVC: creating session with uuid: '62c69dd2-aea0-47cb-8ad9-93eb12a795c5' and name 'vitis-run_compile_knn_accelerator'
03/21/26 23:44:45: GUIDANCE_SMGR: creating guidance session with uuid: '62c69dd2-aea0-47cb-8ad9-93eb12a795c5' and name 'vitis-run_compile_knn_accelerator'
03/21/26 23:44:45: SYSTEM_DIAGRAM: creating session with uuid: '62c69dd2-aea0-47cb-8ad9-93eb12a795c5' and name 'vitis-run_compile_knn_accelerator'
03/21/26 23:44:55: Dispatch Server: Accepted socket connection from client
03/21/26 23:44:55: Starting Socket connection
03/21/26 23:45:10: SESSION_MGR: closing session for UUID '62c69dd2-aea0-47cb-8ad9-93eb12a795c5' with name 'vitis-run_compile_knn_accelerator'
03/21/26 23:45:10: KERNEL_SVC: closing session for UUID '62c69dd2-aea0-47cb-8ad9-93eb12a795c5' with name 'vitis-run_compile_knn_accelerator'
03/21/26 23:45:10: GUIDANCE_SMGR: closing session for UUID '62c69dd2-aea0-47cb-8ad9-93eb12a795c5' with name 'vitis-run_compile_knn_accelerator'
03/21/26 23:45:10: SYSTEM_DIAGRAM: closing session for UUID '62c69dd2-aea0-47cb-8ad9-93eb12a795c5' with name 'vitis-run_compile_knn_accelerator'
03/21/26 23:45:10: STOP_SERVER received, server token: 2a331b75-45e4-41ba-afde-19edb0529ef0, passed token: 2a331b75-45e4-41ba-afde-19edb0529ef0
03/21/26 23:45:10: Socket received request to stop server.
03/21/26 23:45:10: Dispatch Server: do_await_stop
03/21/26 23:45:10: SERVER: destructor for server bound to port 54666
03/21/26 23:45:26: Running xcd server. This server was built by gradle.
03/21/26 23:45:26: Server was asked to start on port: '54689'
03/21/26 23:45:26: Server is using token UUID: 'dcc2eff4-f796-4770-b302-dbaef4f5abcc'
03/21/26 23:45:26: SESSION_MGR: creating session with session uuid: '6d04a3e9-ade5-4ab9-8d63-1f78fcd2ec76' and name 'default'
03/21/26 23:45:26: Attempting to start server on port '54689'
03/21/26 23:45:26: Running Dispatch Server
03/21/26 23:45:26: Version 2.2.0
03/21/26 23:45:28: Dispatch Server: Accepted socket connection from client
03/21/26 23:45:28: Starting Socket connection
03/21/26 23:45:28: EXCHANGE_TOKEN received, server token: dcc2eff4-f796-4770-b302-dbaef4f5abcc, passed token: dcc2eff4-f796-4770-b302-dbaef4f5abcc
03/21/26 23:45:29: DISPATCH_HANDLER: Adding handler from function makeHandler in library xv_system_diagram
03/21/26 23:45:29: SESSION_MGR: creating session with session uuid: 'c3243c9f-7a9e-4eda-acfc-26d2c6a998da' and name 'v++_compile_knn_accelerator'
03/21/26 23:45:29: KERNEL_SVC: creating session with uuid: 'c3243c9f-7a9e-4eda-acfc-26d2c6a998da' and name 'v++_compile_knn_accelerator'
03/21/26 23:45:29: GUIDANCE_SMGR: creating guidance session with uuid: 'c3243c9f-7a9e-4eda-acfc-26d2c6a998da' and name 'v++_compile_knn_accelerator'
03/21/26 23:45:29: SYSTEM_DIAGRAM: creating session with uuid: 'c3243c9f-7a9e-4eda-acfc-26d2c6a998da' and name 'v++_compile_knn_accelerator'
03/21/26 23:45:33: Dispatch Server: Accepted socket connection from client
03/21/26 23:45:33: Starting Socket connection
03/21/26 23:46:51: SESSION_MGR: closing session for UUID 'c3243c9f-7a9e-4eda-acfc-26d2c6a998da' with name 'v++_compile_knn_accelerator'
03/21/26 23:46:51: KERNEL_SVC: closing session for UUID 'c3243c9f-7a9e-4eda-acfc-26d2c6a998da' with name 'v++_compile_knn_accelerator'
03/21/26 23:46:51: GUIDANCE_SMGR: closing session for UUID 'c3243c9f-7a9e-4eda-acfc-26d2c6a998da' with name 'v++_compile_knn_accelerator'
03/21/26 23:46:51: SYSTEM_DIAGRAM: closing session for UUID 'c3243c9f-7a9e-4eda-acfc-26d2c6a998da' with name 'v++_compile_knn_accelerator'
03/21/26 23:46:51: STOP_SERVER received, server token: dcc2eff4-f796-4770-b302-dbaef4f5abcc, passed token: dcc2eff4-f796-4770-b302-dbaef4f5abcc
03/21/26 23:46:51: Socket received request to stop server.
03/21/26 23:46:51: Dispatch Server: do_await_stop
03/21/26 23:46:51: SERVER: destructor for server bound to port 54689
03/21/26 23:50:11: Running xcd server. This server was built by gradle.
03/21/26 23:50:11: Server was asked to start on port: '57920'
03/21/26 23:50:11: Server is using token UUID: '01a23878-6a35-41a7-8bd0-f1d5cfd3c11c'
03/21/26 23:50:11: SESSION_MGR: creating session with session uuid: '6d04a3e9-ade5-4ab9-8d63-1f78fcd2ec76' and name 'default'
03/21/26 23:50:11: Attempting to start server on port '57920'
03/21/26 23:50:11: Running Dispatch Server
03/21/26 23:50:11: Version 2.2.0
03/21/26 23:50:13: Dispatch Server: Accepted socket connection from client
03/21/26 23:50:13: Starting Socket connection
03/21/26 23:50:13: EXCHANGE_TOKEN received, server token: 01a23878-6a35-41a7-8bd0-f1d5cfd3c11c, passed token: 01a23878-6a35-41a7-8bd0-f1d5cfd3c11c
03/21/26 23:50:14: DISPATCH_HANDLER: Adding handler from function makeHandler in library xv_system_diagram
03/21/26 23:50:14: SESSION_MGR: creating session with session uuid: '0baf0dbd-b05d-404d-adbe-30fe4d464b5f' and name 'vitis-run_compile_knn_accelerator'
03/21/26 23:50:14: KERNEL_SVC: creating session with uuid: '0baf0dbd-b05d-404d-adbe-30fe4d464b5f' and name 'vitis-run_compile_knn_accelerator'
03/21/26 23:50:14: GUIDANCE_SMGR: creating guidance session with uuid: '0baf0dbd-b05d-404d-adbe-30fe4d464b5f' and name 'vitis-run_compile_knn_accelerator'
03/21/26 23:50:14: SYSTEM_DIAGRAM: creating session with uuid: '0baf0dbd-b05d-404d-adbe-30fe4d464b5f' and name 'vitis-run_compile_knn_accelerator'
03/21/26 23:50:18: Dispatch Server: Accepted socket connection from client
03/21/26 23:50:18: Starting Socket connection
03/21/26 23:50:26: SESSION_MGR: closing session for UUID '0baf0dbd-b05d-404d-adbe-30fe4d464b5f' with name 'vitis-run_compile_knn_accelerator'
03/21/26 23:50:26: KERNEL_SVC: closing session for UUID '0baf0dbd-b05d-404d-adbe-30fe4d464b5f' with name 'vitis-run_compile_knn_accelerator'
03/21/26 23:50:26: GUIDANCE_SMGR: closing session for UUID '0baf0dbd-b05d-404d-adbe-30fe4d464b5f' with name 'vitis-run_compile_knn_accelerator'
03/21/26 23:50:26: SYSTEM_DIAGRAM: closing session for UUID '0baf0dbd-b05d-404d-adbe-30fe4d464b5f' with name 'vitis-run_compile_knn_accelerator'
03/21/26 23:50:26: STOP_SERVER received, server token: 01a23878-6a35-41a7-8bd0-f1d5cfd3c11c, passed token: 01a23878-6a35-41a7-8bd0-f1d5cfd3c11c
03/21/26 23:50:26: Socket received request to stop server.
03/21/26 23:50:26: Dispatch Server: do_await_stop
03/21/26 23:50:26: SERVER: destructor for server bound to port 57920
03/21/26 23:50:32: Running xcd server. This server was built by gradle.
03/21/26 23:50:32: Server was asked to start on port: '57933'
03/21/26 23:50:32: Server is using token UUID: 'e1d4cff3-b375-4770-93ff-982a29dd53c6'
03/21/26 23:50:32: SESSION_MGR: creating session with session uuid: '6d04a3e9-ade5-4ab9-8d63-1f78fcd2ec76' and name 'default'
03/21/26 23:50:32: Attempting to start server on port '57933'
03/21/26 23:50:32: Running Dispatch Server
03/21/26 23:50:32: Version 2.2.0
03/21/26 23:50:35: Dispatch Server: Accepted socket connection from client
03/21/26 23:50:35: Starting Socket connection
03/21/26 23:50:35: EXCHANGE_TOKEN received, server token: e1d4cff3-b375-4770-93ff-982a29dd53c6, passed token: e1d4cff3-b375-4770-93ff-982a29dd53c6
03/21/26 23:50:35: DISPATCH_HANDLER: Adding handler from function makeHandler in library xv_system_diagram
03/21/26 23:50:35: SESSION_MGR: creating session with session uuid: '56b3f4b6-5101-4736-9d3d-8f7ec695e03b' and name 'v++_compile_knn_accelerator'
03/21/26 23:50:35: KERNEL_SVC: creating session with uuid: '56b3f4b6-5101-4736-9d3d-8f7ec695e03b' and name 'v++_compile_knn_accelerator'
03/21/26 23:50:35: GUIDANCE_SMGR: creating guidance session with uuid: '56b3f4b6-5101-4736-9d3d-8f7ec695e03b' and name 'v++_compile_knn_accelerator'
03/21/26 23:50:35: SYSTEM_DIAGRAM: creating session with uuid: '56b3f4b6-5101-4736-9d3d-8f7ec695e03b' and name 'v++_compile_knn_accelerator'
03/21/26 23:50:40: Dispatch Server: Accepted socket connection from client
03/21/26 23:50:40: Starting Socket connection
03/21/26 23:51:34: SESSION_MGR: closing session for UUID '56b3f4b6-5101-4736-9d3d-8f7ec695e03b' with name 'v++_compile_knn_accelerator'
03/21/26 23:51:34: KERNEL_SVC: closing session for UUID '56b3f4b6-5101-4736-9d3d-8f7ec695e03b' with name 'v++_compile_knn_accelerator'
03/21/26 23:51:34: GUIDANCE_SMGR: closing session for UUID '56b3f4b6-5101-4736-9d3d-8f7ec695e03b' with name 'v++_compile_knn_accelerator'
03/21/26 23:51:34: SYSTEM_DIAGRAM: closing session for UUID '56b3f4b6-5101-4736-9d3d-8f7ec695e03b' with name 'v++_compile_knn_accelerator'
03/21/26 23:51:34: STOP_SERVER received, server token: e1d4cff3-b375-4770-93ff-982a29dd53c6, passed token: e1d4cff3-b375-4770-93ff-982a29dd53c6
03/21/26 23:51:34: Socket received request to stop server.
03/21/26 23:51:34: Dispatch Server: do_await_stop
03/21/26 23:51:34: SERVER: destructor for server bound to port 57933
03/21/26 23:51:49: Running xcd server. This server was built by gradle.
03/21/26 23:51:49: Server was asked to start on port: '57970'
03/21/26 23:51:49: Server is using token UUID: 'c34c5951-c018-4c53-b2da-d8db37134f17'
03/21/26 23:51:49: SESSION_MGR: creating session with session uuid: '6d04a3e9-ade5-4ab9-8d63-1f78fcd2ec76' and name 'default'
03/21/26 23:51:49: Attempting to start server on port '57970'
03/21/26 23:51:49: Running Dispatch Server
03/21/26 23:51:49: Version 2.2.0
03/21/26 23:51:51: Dispatch Server: Accepted socket connection from client
03/21/26 23:51:51: Starting Socket connection
03/21/26 23:51:51: EXCHANGE_TOKEN received, server token: c34c5951-c018-4c53-b2da-d8db37134f17, passed token: c34c5951-c018-4c53-b2da-d8db37134f17
03/21/26 23:51:51: DISPATCH_HANDLER: Adding handler from function makeHandler in library xv_system_diagram
03/21/26 23:51:51: SESSION_MGR: creating session with session uuid: 'b0d763e6-12e2-4929-abd8-7a5ea4fc8e43' and name 'vitis-run_compile_knn_accelerator'
03/21/26 23:51:51: KERNEL_SVC: creating session with uuid: 'b0d763e6-12e2-4929-abd8-7a5ea4fc8e43' and name 'vitis-run_compile_knn_accelerator'
03/21/26 23:51:51: GUIDANCE_SMGR: creating guidance session with uuid: 'b0d763e6-12e2-4929-abd8-7a5ea4fc8e43' and name 'vitis-run_compile_knn_accelerator'
03/21/26 23:51:51: SYSTEM_DIAGRAM: creating session with uuid: 'b0d763e6-12e2-4929-abd8-7a5ea4fc8e43' and name 'vitis-run_compile_knn_accelerator'
03/21/26 23:51:56: Dispatch Server: Accepted socket connection from client
03/21/26 23:51:56: Starting Socket connection
03/21/26 23:56:13: SESSION_MGR: closing session for UUID 'b0d763e6-12e2-4929-abd8-7a5ea4fc8e43' with name 'vitis-run_compile_knn_accelerator'
03/21/26 23:56:13: KERNEL_SVC: closing session for UUID 'b0d763e6-12e2-4929-abd8-7a5ea4fc8e43' with name 'vitis-run_compile_knn_accelerator'
03/21/26 23:56:13: GUIDANCE_SMGR: closing session for UUID 'b0d763e6-12e2-4929-abd8-7a5ea4fc8e43' with name 'vitis-run_compile_knn_accelerator'
03/21/26 23:56:13: SYSTEM_DIAGRAM: closing session for UUID 'b0d763e6-12e2-4929-abd8-7a5ea4fc8e43' with name 'vitis-run_compile_knn_accelerator'
03/21/26 23:56:13: STOP_SERVER received, server token: c34c5951-c018-4c53-b2da-d8db37134f17, passed token: c34c5951-c018-4c53-b2da-d8db37134f17
03/21/26 23:56:13: Socket received request to stop server.
03/21/26 23:56:13: Dispatch Server: do_await_stop
03/21/26 23:56:13: SERVER: destructor for server bound to port 57970
