================================================================
== Vivado Place & Route Results
================================================================
+ General Information:
    * Date:            Sun Mar 22 00:48:36 -0700 2026
    * Version:         2025.2 (Build 6295257 on Nov 14 2025)
    * Project:         knn_accelerator
    * Solution:        hls (Vivado IP Flow Target)
    * Product family:  zynq
    * Target device:   xc7z020-clg400-1


================================================================
== Run Constraints & Options
================================================================
+ Design Constraints & Options:
    * Place & Route target clock:  10 ns
    * C-Synthesis uncertainty:     27%

+ RTL Synthesis Options:
    * config_export -vivado_synth_strategy:     default
    * config_export -vivado_synth_design_args:  -directive sdx_optimization_effort_high

+ Place & Route Options:
    * config_export -vivado_impl_strategy:  default
    * config_export -vivado_phys_opt:       auto

+ Reporting Options:
    * config_export -vivado_report_level:      2
    * config_export -vivado_max_timing_paths:  10


================================================================
== Place & Route Resource Summary
================================================================
LUT:              5215
FF:               8962
DSP:              14
BRAM:             10
URAM:             0
SRL:              286


================================================================
== Place & Route Timing Summary
================================================================
* Timing was met
+----------------+-------------+
| Timing         | Period (ns) |
+----------------+-------------+
| Target         | 10.000      |
| Post-Synthesis | 7.458       |
| Post-Route     | 8.132       |
+----------------+-------------+


================================================================
== Place & Route Resources
================================================================
+-------------------------------------------------------------+-----+----+-----+------+------+-----+--------+------+---------+----------+--------+
| Name                                                        | LUT | FF | DSP | BRAM | URAM | SRL | Pragma | Impl | Latency | Variable | Source |
+-------------------------------------------------------------+-----+----+-----+------+------+-----+--------+------+---------+----------+--------+
| inst                                                        |     |    |     |      |      | 286 |        |      |         |          |        |
|   (inst)                                                    |     |    |     |      |      | 4   |        |      |         |          |        |
|   control_r_s_axi_U                                         |     |    |     |      |      |     |        |      |         |          |        |
|   control_s_axi_U                                           |     |    |     |      |      |     |        |      |         |          |        |
|   gmem_x_test_m_axi_U                                       |     |    |     |      |      | 34  |        |      |         |          |        |
|   gmem_x_train_m_axi_U                                      |     |    |     |      |      | 38  |        |      |         |          |        |
|   gmem_y_test_m_axi_U                                       |     |    |     |      |      | 80  |        |      |         |          |        |
|   gmem_y_train_m_axi_U                                      |     |    |     |      |      | 34  |        |      |         |          |        |
|   grp_knn_distance_and_sort_fu_178                          |     |    |     |      |      | 96  |        |      |         |          |        |
|     (grp_knn_distance_and_sort_fu_178)                      |     |    |     |      |      |     |        |      |         |          |        |
|     distances_U                                             |     |    |     |      |      |     |        |      |         |          |        |
|     grp_knn_distance_and_sort_Outline_init_top_k_fu_190     |     |    |     |      |      |     |        |      |         |          |        |
|     grp_knn_distance_and_sort_Outline_sort_loop_i_fu_215    |     |    |     |      |      |     |        |      |         |          |        |
|       dcmp_64ns_64ns_1_2_no_dsp_1_U18                       |     |    |     |      |      |     |        |      |         |          |        |
|     grp_knn_distance_and_sort_Outline_train_loop_fu_200     |     |    |     |      |      | 96  |        |      |         |          |        |
|       (grp_knn_distance_and_sort_Outline_train_loop_fu_200) |     |    |     |      |      | 2   |        |      |         |          |        |
|       dadddsub_64ns_64ns_64_7_full_dsp_1_U4                 |     |    |     |      |      | 7   |        |      |         |          |        |
|         (dadddsub_64ns_64ns_64_7_full_dsp_1_U4)             |     |    |     |      |      |     |        |      |         |          |        |
|       dmul_64ns_64ns_64_7_max_dsp_1_U5                      |     |    |     |      |      | 11  |        |      |         |          |        |
|       dsqrt_64ns_64ns_64_57_no_dsp_1_U6                     |     |    |     |      |      | 76  |        |      |         |          |        |
|         (dsqrt_64ns_64ns_64_57_no_dsp_1_U6)                 |     |    |     |      |      |     |        |      |         |          |        |
|     labels_U                                                |     |    |     |      |      |     |        |      |         |          |        |
|   grp_knn_majority_vote_fu_195                              |     |    |     |      |      |     |        |      |         |          |        |
|     (grp_knn_majority_vote_fu_195)                          |     |    |     |      |      |     |        |      |         |          |        |
|     counts_U                                                |     |    |     |      |      |     |        |      |         |          |        |
+-------------------------------------------------------------+-----+----+-----+------+------+-----+--------+------+---------+----------+--------+


================================================================
== Place & Route Fail Fast
================================================================
+-----------------------------------------------------------+-----------+--------+--------+
| Criteria                                                  | Guideline | Actual | Status |
+-----------------------------------------------------------+-----------+--------+--------+
| LUT                                                       | 70%       | 9.80%  | OK     |
| FD                                                        | 50%       | 8.42%  | OK     |
| LUTRAM+SRL                                                | 25%       | 1.83%  | OK     |
| MUXF7                                                     | 15%       | 0.20%  | OK     |
| DSP                                                       | 80%       | 6.36%  | OK     |
| RAMB/FIFO                                                 | 80%       | 3.57%  | OK     |
| DSP+RAMB+URAM (Avg)                                       | 70%       | 4.96%  | OK     |
| BUFGCE* + BUFGCTRL                                        | 24        | 0      | OK     |
| DONT_TOUCH (cells/nets)                                   | 0         | 8      | REVIEW |
| MARK_DEBUG (nets)                                         | 0         | 0      | OK     |
| Control Sets                                              | 998       | 187    | OK     |
| Average Fanout for modules > 100k cells                   | 4         | 2.49   | OK     |
| Max Average Fanout for modules > 100k cells               | 4         | 0      | OK     |
| Non-FD high fanout nets > 10k loads                       | 0         | 0      | OK     |
+-----------------------------------------------------------+-----------+--------+--------+
| TIMING-6 (No common primary clock between related clocks) | 0         | 0      | OK     |
| TIMING-7 (No common node between related clocks)          | 0         | 0      | OK     |
| TIMING-8 (No common period between related clocks)        | 0         | 0      | OK     |
| TIMING-14 (LUT on the clock tree)                         | 0         | 0      | OK     |
| TIMING-35 (No common node in paths with the same clock)   | 0         | 0      | OK     |
+-----------------------------------------------------------+-----------+--------+--------+
| Number of paths above max LUT budgeting (0.575ns)         | 0         | 0      | OK     |
| Number of paths above max Net budgeting (0.403ns)         | 0         | 0      | OK     |
+-----------------------------------------------------------+-----------+--------+--------+


================================================================
== Place & Route Timing Paths
================================================================
* Timing was met
+-------+---------------------+-----------------------------------------------------------------------------------------------------------------------------------+--------------------------------------------------------------------------------------------------------------------------------------------------------------------------------------------------------------------------------------------------------------------------------+--------------+------------+---------------------+---------------------+---------------------+
| Path  |               SLACK | STARTPOINT PIN                                                                                                                    | ENDPOINT PIN                                                                                                                                                                                                                                                                   | LOGIC LEVELS | MAX FANOUT |      DATAPATH DELAY |      DATAPATH LOGIC |        DATAPATH NET |
|       |                     |                                                                                                                                   |                                                                                                                                                                                                                                                                                |              |            |                     |               DELAY |               DELAY |
+-------+---------------------+-----------------------------------------------------------------------------------------------------------------------------------+--------------------------------------------------------------------------------------------------------------------------------------------------------------------------------------------------------------------------------------------------------------------------------+--------------+------------+---------------------+---------------------+---------------------+
| Path1 | 1.86814653873443604 | grp_knn_distance_and_sort_fu_178/grp_knn_distance_and_sort_Outline_train_loop_fu_200/dsqrt_64ns_64ns_64_57_no_dsp_1_U6/ce_r_reg/C | grp_knn_distance_and_sort_fu_178/grp_knn_distance_and_sort_Outline_train_loop_fu_200/dsqrt_64ns_64ns_64_57_no_dsp_1_U6/knn_accelerator_dsqrt_64ns_64ns_64_57_no_dsp_1_ip_u/U0/i_synth/SQRT_OP.SPD.OP/i_mant_calc.MANT_SQRT/RT[50].Q_DEL/i_pipe/opt_has_pipe.first_q_reg[0]/CE  |            0 |       3372 | 7.87884759902954102 | 0.45600003004074097 | 7.42284822463989258 |
| Path2 | 1.86814653873443604 | grp_knn_distance_and_sort_fu_178/grp_knn_distance_and_sort_Outline_train_loop_fu_200/dsqrt_64ns_64ns_64_57_no_dsp_1_U6/ce_r_reg/C | grp_knn_distance_and_sort_fu_178/grp_knn_distance_and_sort_Outline_train_loop_fu_200/dsqrt_64ns_64ns_64_57_no_dsp_1_U6/knn_accelerator_dsqrt_64ns_64ns_64_57_no_dsp_1_ip_u/U0/i_synth/SQRT_OP.SPD.OP/i_mant_calc.MANT_SQRT/RT[50].Q_DEL/i_pipe/opt_has_pipe.first_q_reg[1]/CE  |            0 |       3372 | 7.87884759902954102 | 0.45600003004074097 | 7.42284822463989258 |
| Path3 | 1.86814653873443604 | grp_knn_distance_and_sort_fu_178/grp_knn_distance_and_sort_Outline_train_loop_fu_200/dsqrt_64ns_64ns_64_57_no_dsp_1_U6/ce_r_reg/C | grp_knn_distance_and_sort_fu_178/grp_knn_distance_and_sort_Outline_train_loop_fu_200/dsqrt_64ns_64ns_64_57_no_dsp_1_U6/knn_accelerator_dsqrt_64ns_64ns_64_57_no_dsp_1_ip_u/U0/i_synth/SQRT_OP.SPD.OP/i_mant_calc.MANT_SQRT/RT[50].Q_DEL/i_pipe/opt_has_pipe.first_q_reg[2]/CE  |            0 |       3372 | 7.87884759902954102 | 0.45600003004074097 | 7.42284822463989258 |
| Path4 | 1.86814653873443604 | grp_knn_distance_and_sort_fu_178/grp_knn_distance_and_sort_Outline_train_loop_fu_200/dsqrt_64ns_64ns_64_57_no_dsp_1_U6/ce_r_reg/C | grp_knn_distance_and_sort_fu_178/grp_knn_distance_and_sort_Outline_train_loop_fu_200/dsqrt_64ns_64ns_64_57_no_dsp_1_U6/knn_accelerator_dsqrt_64ns_64ns_64_57_no_dsp_1_ip_u/U0/i_synth/SQRT_OP.SPD.OP/i_mant_calc.MANT_SQRT/RT[50].Q_DEL/i_pipe/opt_has_pipe.first_q_reg[4]/CE  |            0 |       3372 | 7.87884759902954102 | 0.45600003004074097 | 7.42284822463989258 |
| Path5 | 1.87312388420104980 | grp_knn_distance_and_sort_fu_178/grp_knn_distance_and_sort_Outline_train_loop_fu_200/dsqrt_64ns_64ns_64_57_no_dsp_1_U6/ce_r_reg/C | grp_knn_distance_and_sort_fu_178/grp_knn_distance_and_sort_Outline_train_loop_fu_200/dsqrt_64ns_64ns_64_57_no_dsp_1_U6/knn_accelerator_dsqrt_64ns_64ns_64_57_no_dsp_1_ip_u/U0/i_synth/SQRT_OP.SPD.OP/i_mant_calc.MANT_SQRT/RT[50].Q_DEL/i_pipe/opt_has_pipe.first_q_reg[46]/CE |            0 |       3372 | 7.83787059783935547 | 0.45600003004074097 | 7.38187122344970703 |
+-------+---------------------+-----------------------------------------------------------------------------------------------------------------------------------+--------------------------------------------------------------------------------------------------------------------------------------------------------------------------------------------------------------------------------------------------------------------------------+--------------+------------+---------------------+---------------------+---------------------+

    +----------------------------------------------------------------------------------------------------------------------------------------------------------------------------------------------------------------------------------------------------------------------------+----------------------+
    | Path1 Cells                                                                                                                                                                                                                                                                | Primitive Type       |
    +----------------------------------------------------------------------------------------------------------------------------------------------------------------------------------------------------------------------------------------------------------------------------+----------------------+
    | grp_knn_distance_and_sort_fu_178/grp_knn_distance_and_sort_Outline_train_loop_fu_200/dsqrt_64ns_64ns_64_57_no_dsp_1_U6/ce_r_reg                                                                                                                                            | FLOP_LATCH.flop.FDRE |
    | grp_knn_distance_and_sort_fu_178/grp_knn_distance_and_sort_Outline_train_loop_fu_200/dsqrt_64ns_64ns_64_57_no_dsp_1_U6/knn_accelerator_dsqrt_64ns_64ns_64_57_no_dsp_1_ip_u/U0/i_synth/SQRT_OP.SPD.OP/i_mant_calc.MANT_SQRT/RT[50].Q_DEL/i_pipe/opt_has_pipe.first_q_reg[0] | FLOP_LATCH.flop.FDRE |
    +----------------------------------------------------------------------------------------------------------------------------------------------------------------------------------------------------------------------------------------------------------------------------+----------------------+

    +----------------------------------------------------------------------------------------------------------------------------------------------------------------------------------------------------------------------------------------------------------------------------+----------------------+
    | Path2 Cells                                                                                                                                                                                                                                                                | Primitive Type       |
    +----------------------------------------------------------------------------------------------------------------------------------------------------------------------------------------------------------------------------------------------------------------------------+----------------------+
    | grp_knn_distance_and_sort_fu_178/grp_knn_distance_and_sort_Outline_train_loop_fu_200/dsqrt_64ns_64ns_64_57_no_dsp_1_U6/ce_r_reg                                                                                                                                            | FLOP_LATCH.flop.FDRE |
    | grp_knn_distance_and_sort_fu_178/grp_knn_distance_and_sort_Outline_train_loop_fu_200/dsqrt_64ns_64ns_64_57_no_dsp_1_U6/knn_accelerator_dsqrt_64ns_64ns_64_57_no_dsp_1_ip_u/U0/i_synth/SQRT_OP.SPD.OP/i_mant_calc.MANT_SQRT/RT[50].Q_DEL/i_pipe/opt_has_pipe.first_q_reg[1] | FLOP_LATCH.flop.FDRE |
    +----------------------------------------------------------------------------------------------------------------------------------------------------------------------------------------------------------------------------------------------------------------------------+----------------------+

    +----------------------------------------------------------------------------------------------------------------------------------------------------------------------------------------------------------------------------------------------------------------------------+----------------------+
    | Path3 Cells                                                                                                                                                                                                                                                                | Primitive Type       |
    +----------------------------------------------------------------------------------------------------------------------------------------------------------------------------------------------------------------------------------------------------------------------------+----------------------+
    | grp_knn_distance_and_sort_fu_178/grp_knn_distance_and_sort_Outline_train_loop_fu_200/dsqrt_64ns_64ns_64_57_no_dsp_1_U6/ce_r_reg                                                                                                                                            | FLOP_LATCH.flop.FDRE |
    | grp_knn_distance_and_sort_fu_178/grp_knn_distance_and_sort_Outline_train_loop_fu_200/dsqrt_64ns_64ns_64_57_no_dsp_1_U6/knn_accelerator_dsqrt_64ns_64ns_64_57_no_dsp_1_ip_u/U0/i_synth/SQRT_OP.SPD.OP/i_mant_calc.MANT_SQRT/RT[50].Q_DEL/i_pipe/opt_has_pipe.first_q_reg[2] | FLOP_LATCH.flop.FDRE |
    +----------------------------------------------------------------------------------------------------------------------------------------------------------------------------------------------------------------------------------------------------------------------------+----------------------+

    +----------------------------------------------------------------------------------------------------------------------------------------------------------------------------------------------------------------------------------------------------------------------------+----------------------+
    | Path4 Cells                                                                                                                                                                                                                                                                | Primitive Type       |
    +----------------------------------------------------------------------------------------------------------------------------------------------------------------------------------------------------------------------------------------------------------------------------+----------------------+
    | grp_knn_distance_and_sort_fu_178/grp_knn_distance_and_sort_Outline_train_loop_fu_200/dsqrt_64ns_64ns_64_57_no_dsp_1_U6/ce_r_reg                                                                                                                                            | FLOP_LATCH.flop.FDRE |
    | grp_knn_distance_and_sort_fu_178/grp_knn_distance_and_sort_Outline_train_loop_fu_200/dsqrt_64ns_64ns_64_57_no_dsp_1_U6/knn_accelerator_dsqrt_64ns_64ns_64_57_no_dsp_1_ip_u/U0/i_synth/SQRT_OP.SPD.OP/i_mant_calc.MANT_SQRT/RT[50].Q_DEL/i_pipe/opt_has_pipe.first_q_reg[4] | FLOP_LATCH.flop.FDRE |
    +----------------------------------------------------------------------------------------------------------------------------------------------------------------------------------------------------------------------------------------------------------------------------+----------------------+

    +-----------------------------------------------------------------------------------------------------------------------------------------------------------------------------------------------------------------------------------------------------------------------------+----------------------+
    | Path5 Cells                                                                                                                                                                                                                                                                 | Primitive Type       |
    +-----------------------------------------------------------------------------------------------------------------------------------------------------------------------------------------------------------------------------------------------------------------------------+----------------------+
    | grp_knn_distance_and_sort_fu_178/grp_knn_distance_and_sort_Outline_train_loop_fu_200/dsqrt_64ns_64ns_64_57_no_dsp_1_U6/ce_r_reg                                                                                                                                             | FLOP_LATCH.flop.FDRE |
    | grp_knn_distance_and_sort_fu_178/grp_knn_distance_and_sort_Outline_train_loop_fu_200/dsqrt_64ns_64ns_64_57_no_dsp_1_U6/knn_accelerator_dsqrt_64ns_64ns_64_57_no_dsp_1_ip_u/U0/i_synth/SQRT_OP.SPD.OP/i_mant_calc.MANT_SQRT/RT[50].Q_DEL/i_pipe/opt_has_pipe.first_q_reg[46] | FLOP_LATCH.flop.FDRE |
    +-----------------------------------------------------------------------------------------------------------------------------------------------------------------------------------------------------------------------------------------------------------------------------+----------------------+


================================================================
== Place & Route Vivado Reports
================================================================
+--------------------------+-------------------------------------------------------------------------+
| Report Type              | Report Location                                                         |
+--------------------------+-------------------------------------------------------------------------+
| design_analysis          | impl/verilog/report/knn_accelerator_design_analysis_routed.rpt          |
| failfast                 | impl/verilog/report/knn_accelerator_failfast_routed.rpt                 |
| power                    | impl/verilog/report/knn_accelerator_power_routed.rpt                    |
| status                   | impl/verilog/report/knn_accelerator_status_routed.rpt                   |
| timing                   | impl/verilog/report/knn_accelerator_timing_routed.rpt                   |
| timing_paths             | impl/verilog/report/knn_accelerator_timing_paths_routed.rpt             |
| utilization              | impl/verilog/report/knn_accelerator_utilization_routed.rpt              |
| utilization_hierarchical | impl/verilog/report/knn_accelerator_utilization_hierarchical_routed.rpt |
+--------------------------+-------------------------------------------------------------------------+


