

Implementation tool: Xilinx Vivado v.2025.2
Project:             knn_accelerator
Solution:            hls
Device target:       xc7z020-clg400-1
Report date:         Sun Mar 22 00:48:34 -0700 2026

#=== Post-Implementation Resource usage ===
SLICE:         2606
LUT:           5215
FF:            8962
DSP:             14
BRAM:            10
URAM:             0
LATCH:            0
SRL:            286
CLB:              0

#=== Final timing ===
CP required:                     10.000
CP achieved post-synthesis:      7.458
CP achieved post-implementation: 8.132
Timing met
