#-----------------------------------------------------------
# Vivado v2025.2 (64-bit)
# SW Build 6299465 on Fri Nov 14 19:35:11 GMT 2025
# IP Build 6300035 on Fri Nov 14 10:48:45 MST 2025
# SharedData Build 6298862 on Thu Nov 13 04:50:51 MST 2025
# Start of session at: Sat Mar 21 23:52:21 2026
# Process ID         : 9060
# Current directory  : T:/Documents/ECE574/Labs/digit_classifier_accelerator/knn_accelerator/knn_accelerator/hls/.autopilot/db/ip_tmp
# Command line       : vivado.exe -notrace -log vivado.log -mode batch -source run_vivado_gen_ip.tcl
# Log file           : T:/Documents/ECE574/Labs/digit_classifier_accelerator/knn_accelerator/knn_accelerator/hls/.autopilot/db/ip_tmp/vivado.log
# Journal file       : T:/Documents/ECE574/Labs/digit_classifier_accelerator/knn_accelerator/knn_accelerator/hls/.autopilot/db/ip_tmp\vivado.jou
# Running On         : jwood_Win_PC
# Platform           : Windows Server 2016 or Windows 10
# Operating System   : 26200
# Processor Detail   : AMD Ryzen 9 5900HS with Radeon Graphics        
# CPU Frequency      : 3294 MHz
# CPU Physical cores : 8
# CPU Logical cores  : 16
# Host memory        : 16541 MB
# Swap memory        : 14102 MB
# Total Virtual      : 30643 MB
# Available Virtual  : 966 MB
#-----------------------------------------------------------
source run_vivado_gen_ip.tcl -notrace
INFO: [ProjectBase 1-489] The host OS only allows 260 characters in a normal path. The project is stored in a path with more than 80 characters. If you experience issues with IP, Block Designs, or files not being found, please consider moving the project to a location with a shorter path. Alternately consider using the OS subst command to map part of the path to a drive letter.
Current project path is 'T:/Documents/ECE574/Labs/digit_classifier_accelerator/knn_accelerator/knn_accelerator/hls/.autopilot/db/ip_tmp'
create_project: Time (s): cpu = 00:00:10 ; elapsed = 00:00:07 . Memory (MB): peak = 557.734 ; gain = 221.070
INFO: [IP_Flow 19-234] Refreshing IP repositories
INFO: [IP_Flow 19-1704] No user IP repositories specified
INFO: [IP_Flow 19-2313] Loaded Vivado IP repository 'T:/AMDDesignTools/2025.2/Vivado/data/ip'.
WARNING: [IP_Flow 19-4832] The IP name 'knn_accelerator_dadddsub_64ns_64ns_64_7_full_dsp_1_ip' you have specified is long. The Windows operating system has path length limitations. It is recommended you use shorter names to reduce the likelihood of issues.
INFO: [IP_Flow 19-1686] Generating 'Synthesis' target for IP 'knn_accelerator_dadddsub_64ns_64ns_64_7_full_dsp_1_ip'...
INFO: [IP_Flow 19-1686] Generating 'Simulation' target for IP 'knn_accelerator_dadddsub_64ns_64ns_64_7_full_dsp_1_ip'...
WARNING: [IP_Flow 19-4832] The IP name 'knn_accelerator_dcmp_64ns_64ns_1_2_no_dsp_1_ip' you have specified is long. The Windows operating system has path length limitations. It is recommended you use shorter names to reduce the likelihood of issues.
INFO: [IP_Flow 19-1686] Generating 'Synthesis' target for IP 'knn_accelerator_dcmp_64ns_64ns_1_2_no_dsp_1_ip'...
INFO: [IP_Flow 19-1686] Generating 'Simulation' target for IP 'knn_accelerator_dcmp_64ns_64ns_1_2_no_dsp_1_ip'...
WARNING: [IP_Flow 19-4832] The IP name 'knn_accelerator_dmul_64ns_64ns_64_7_max_dsp_1_ip' you have specified is long. The Windows operating system has path length limitations. It is recommended you use shorter names to reduce the likelihood of issues.
INFO: [IP_Flow 19-1686] Generating 'Synthesis' target for IP 'knn_accelerator_dmul_64ns_64ns_64_7_max_dsp_1_ip'...
INFO: [IP_Flow 19-1686] Generating 'Simulation' target for IP 'knn_accelerator_dmul_64ns_64ns_64_7_max_dsp_1_ip'...
WARNING: [IP_Flow 19-4832] The IP name 'knn_accelerator_dsqrt_64ns_64ns_64_57_no_dsp_1_ip' you have specified is long. The Windows operating system has path length limitations. It is recommended you use shorter names to reduce the likelihood of issues.
INFO: [IP_Flow 19-1686] Generating 'Synthesis' target for IP 'knn_accelerator_dsqrt_64ns_64ns_64_57_no_dsp_1_ip'...
INFO: [IP_Flow 19-1686] Generating 'Simulation' target for IP 'knn_accelerator_dsqrt_64ns_64ns_64_57_no_dsp_1_ip'...
INFO: [Common 17-206] Exiting Vivado at Sat Mar 21 23:52:50 2026...
