T:\Documents\ECE574\Labs\digit_classifier_accelerator\knn_accelerator\knn_accelerator\hls\.autopilot\db\knn.pp.0.cpp:2254:5: remark: Added loop label VITIS_LOOP_676_1:   [xilinx-label-all-loops]
    for (unsigned i = low; i != high+1; ++i) {
    ^
    VITIS_LOOP_676_1: 
T:\Documents\ECE574\Labs\digit_classifier_accelerator\knn_accelerator\knn_accelerator\hls\.autopilot\db\knn.pp.0.cpp:2254:5: note: FIX-IT applied suggested code changes
T:\Documents\ECE574\Labs\digit_classifier_accelerator\knn_accelerator\knn_accelerator\hls\.autopilot\db\knn.pp.0.cpp:2268:5: remark: Added loop label VITIS_LOOP_690_1:   [xilinx-label-all-loops]
    for (unsigned i = low; i != high+1; ++i) {
    ^
    VITIS_LOOP_690_1: 
T:\Documents\ECE574\Labs\digit_classifier_accelerator\knn_accelerator\knn_accelerator\hls\.autopilot\db\knn.pp.0.cpp:2268:5: note: FIX-IT applied suggested code changes
T:\Documents\ECE574\Labs\digit_classifier_accelerator\knn_accelerator\knn_accelerator\hls\.autopilot\db\knn.pp.0.cpp:2282:5: remark: Added loop label VITIS_LOOP_704_1:   [xilinx-label-all-loops]
    for (unsigned i = low; i != high+1; ++i) {
    ^
    VITIS_LOOP_704_1: 
T:\Documents\ECE574\Labs\digit_classifier_accelerator\knn_accelerator\knn_accelerator\hls\.autopilot\db\knn.pp.0.cpp:2282:5: note: FIX-IT applied suggested code changes
T:\Documents\ECE574\Labs\digit_classifier_accelerator\knn_accelerator\knn_accelerator\hls\.autopilot\db\knn.pp.0.cpp:5802:7: remark: Added loop label VITIS_LOOP_1251_1:   [xilinx-label-all-loops]
      for (i = 0; i < __N - 1; ++i) {
      ^
      VITIS_LOOP_1251_1: 
T:\Documents\ECE574\Labs\digit_classifier_accelerator\knn_accelerator\knn_accelerator\hls\.autopilot\db\knn.pp.0.cpp:5802:7: note: FIX-IT applied suggested code changes
T:\Documents\ECE574\Labs\digit_classifier_accelerator\knn_accelerator\knn_accelerator\hls\.autopilot\db\knn.pp.0.cpp:51904:5: remark: Added loop label VITIS_LOOP_61_1:   [xilinx-label-all-loops]
    for (int n=0; n<Nmax; n++){
    ^
    VITIS_LOOP_61_1: 
T:\Documents\ECE574\Labs\digit_classifier_accelerator\knn_accelerator\knn_accelerator\hls\.autopilot\db\knn.pp.0.cpp:51904:5: note: FIX-IT applied suggested code changes
T:\Documents\ECE574\Labs\digit_classifier_accelerator\knn_accelerator\knn_accelerator\hls\.autopilot\db\knn.pp.0.cpp:51950:5: remark: Added loop label VITIS_LOOP_117_1:   [xilinx-label-all-loops]
    for (int n=0; n<Nmax; n++){
    ^
    VITIS_LOOP_117_1: 
T:\Documents\ECE574\Labs\digit_classifier_accelerator\knn_accelerator\knn_accelerator\hls\.autopilot\db\knn.pp.0.cpp:51950:5: note: FIX-IT applied suggested code changes
T:\Documents\ECE574\Labs\digit_classifier_accelerator\knn_accelerator\knn_accelerator\hls\.autopilot\db\knn.pp.0.cpp:52113:9: remark: Added loop label VITIS_LOOP_289_1:   [xilinx-label-all-loops]
        for(int i=0;i<W-1;i++){
        ^
        VITIS_LOOP_289_1: 
T:\Documents\ECE574\Labs\digit_classifier_accelerator\knn_accelerator\knn_accelerator\hls\.autopilot\db\knn.pp.0.cpp:52113:9: note: FIX-IT applied suggested code changes
T:\Documents\ECE574\Labs\digit_classifier_accelerator\knn_accelerator\knn_accelerator\hls\.autopilot\db\knn.pp.0.cpp:52265:9: remark: Added loop label VITIS_LOOP_449_1:   [xilinx-label-all-loops]
        for(int i=0;i<W-1;i++){
        ^
        VITIS_LOOP_449_1: 
T:\Documents\ECE574\Labs\digit_classifier_accelerator\knn_accelerator\knn_accelerator\hls\.autopilot\db\knn.pp.0.cpp:52265:9: note: FIX-IT applied suggested code changes
T:\Documents\ECE574\Labs\digit_classifier_accelerator\knn_accelerator\knn_accelerator\hls\.autopilot\db\knn.pp.0.cpp:52445:5: remark: Added loop label VITIS_LOOP_629_1:   [xilinx-label-all-loops]
    for(int i=0;i<W+1;i++){
    ^
    VITIS_LOOP_629_1: 
T:\Documents\ECE574\Labs\digit_classifier_accelerator\knn_accelerator\knn_accelerator\hls\.autopilot\db\knn.pp.0.cpp:52445:5: note: FIX-IT applied suggested code changes
T:\Documents\ECE574\Labs\digit_classifier_accelerator\knn_accelerator\knn_accelerator\hls\.autopilot\db\knn.pp.0.cpp:52449:5: remark: Added loop label VITIS_LOOP_633_2:   [xilinx-label-all-loops]
    for(int i=0;i<W+1;i++){
    ^
    VITIS_LOOP_633_2: 
T:\Documents\ECE574\Labs\digit_classifier_accelerator\knn_accelerator\knn_accelerator\hls\.autopilot\db\knn.pp.0.cpp:52449:5: note: FIX-IT applied suggested code changes
T:\Documents\ECE574\Labs\digit_classifier_accelerator\knn_accelerator\knn_accelerator\hls\.autopilot\db\knn.pp.0.cpp:52559:5: remark: Added loop label VITIS_LOOP_743_1:   [xilinx-label-all-loops]
    for (int n=0; n<Nmax; n++){
    ^
    VITIS_LOOP_743_1: 
T:\Documents\ECE574\Labs\digit_classifier_accelerator\knn_accelerator\knn_accelerator\hls\.autopilot\db\knn.pp.0.cpp:52559:5: note: FIX-IT applied suggested code changes
T:\Documents\ECE574\Labs\digit_classifier_accelerator\knn_accelerator\knn_accelerator\hls\.autopilot\db\knn.pp.0.cpp:52649:7: remark: Added loop label VITIS_LOOP_840_1:   [xilinx-label-all-loops]
      for(int i=0;i<W-1;i++){
      ^
      VITIS_LOOP_840_1: 
T:\Documents\ECE574\Labs\digit_classifier_accelerator\knn_accelerator\knn_accelerator\hls\.autopilot\db\knn.pp.0.cpp:52649:7: note: FIX-IT applied suggested code changes
T:\Documents\ECE574\Labs\digit_classifier_accelerator\knn_accelerator\knn_accelerator\hls\.autopilot\db\knn.pp.0.cpp:52668:7: remark: Added loop label VITIS_LOOP_859_2:   [xilinx-label-all-loops]
      for(int i=0;i<W-1;i++){
      ^
      VITIS_LOOP_859_2: 
T:\Documents\ECE574\Labs\digit_classifier_accelerator\knn_accelerator\knn_accelerator\hls\.autopilot\db\knn.pp.0.cpp:52668:7: note: FIX-IT applied suggested code changes
T:\Documents\ECE574\Labs\digit_classifier_accelerator\knn_accelerator\knn_accelerator\hls\.autopilot\db\knn.pp.0.cpp:52961:5: remark: Added loop label VITIS_LOOP_1176_1:   [xilinx-label-all-loops]
    for(int i=0; i<Nmax; i++) {
    ^
    VITIS_LOOP_1176_1: 
T:\Documents\ECE574\Labs\digit_classifier_accelerator\knn_accelerator\knn_accelerator\hls\.autopilot\db\knn.pp.0.cpp:52961:5: note: FIX-IT applied suggested code changes
T:\Documents\ECE574\Labs\digit_classifier_accelerator\knn_accelerator\knn_accelerator\hls\.autopilot\db\knn.pp.0.cpp:53044:5: remark: Added loop label VITIS_LOOP_1259_1:   [xilinx-label-all-loops]
    for(int i=0; i<Nmax; i++) {
    ^
    VITIS_LOOP_1259_1: 
T:\Documents\ECE574\Labs\digit_classifier_accelerator\knn_accelerator\knn_accelerator\hls\.autopilot\db\knn.pp.0.cpp:53044:5: note: FIX-IT applied suggested code changes
T:\Documents\ECE574\Labs\digit_classifier_accelerator\knn_accelerator\knn_accelerator\hls\.autopilot\db\knn.pp.0.cpp:53450:13: remark: Added loop label VITIS_LOOP_68_1:   [xilinx-label-all-loops]
            for (int j = 3; j >= I_+1; j--) {
            ^
            VITIS_LOOP_68_1: 
T:\Documents\ECE574\Labs\digit_classifier_accelerator\knn_accelerator\knn_accelerator\hls\.autopilot\db\knn.pp.0.cpp:53450:13: note: FIX-IT applied suggested code changes
T:\Documents\ECE574\Labs\digit_classifier_accelerator\knn_accelerator\knn_accelerator\hls\.autopilot\db\knn.pp.0.cpp:53456:17: remark: Added loop label VITIS_LOOP_74_2:   [xilinx-label-all-loops]
                for (int j = 3; j >= I_+1; j--){
                ^
                VITIS_LOOP_74_2: 
T:\Documents\ECE574\Labs\digit_classifier_accelerator\knn_accelerator\knn_accelerator\hls\.autopilot\db\knn.pp.0.cpp:53456:17: note: FIX-IT applied suggested code changes
T:\Documents\ECE574\Labs\digit_classifier_accelerator\knn_accelerator\knn_accelerator\hls\.autopilot\db\knn.pp.0.cpp:53460:17: remark: Added loop label VITIS_LOOP_78_3:   [xilinx-label-all-loops]
                for (int j = I_; j >= 0; j--){
                ^
                VITIS_LOOP_78_3: 
T:\Documents\ECE574\Labs\digit_classifier_accelerator\knn_accelerator\knn_accelerator\hls\.autopilot\db\knn.pp.0.cpp:53460:17: note: FIX-IT applied suggested code changes
T:\Documents\ECE574\Labs\digit_classifier_accelerator\knn_accelerator\knn_accelerator\hls\.autopilot\db\knn.pp.0.cpp:53507:13: remark: Added loop label VITIS_LOOP_145_4:   [xilinx-label-all-loops]
            for (int j = 9; j >= I_+4; j--) {
            ^
            VITIS_LOOP_145_4: 
T:\Documents\ECE574\Labs\digit_classifier_accelerator\knn_accelerator\knn_accelerator\hls\.autopilot\db\knn.pp.0.cpp:53507:13: note: FIX-IT applied suggested code changes
T:\Documents\ECE574\Labs\digit_classifier_accelerator\knn_accelerator\knn_accelerator\hls\.autopilot\db\knn.pp.0.cpp:53513:17: remark: Added loop label VITIS_LOOP_151_5:   [xilinx-label-all-loops]
                for (int j = 9; j >= I_+4; j--){
                ^
                VITIS_LOOP_151_5: 
T:\Documents\ECE574\Labs\digit_classifier_accelerator\knn_accelerator\knn_accelerator\hls\.autopilot\db\knn.pp.0.cpp:53513:17: note: FIX-IT applied suggested code changes
T:\Documents\ECE574\Labs\digit_classifier_accelerator\knn_accelerator\knn_accelerator\hls\.autopilot\db\knn.pp.0.cpp:53517:17: remark: Added loop label VITIS_LOOP_155_6:   [xilinx-label-all-loops]
                for (int j = I_+3; j >= 0; j--){
                ^
                VITIS_LOOP_155_6: 
T:\Documents\ECE574\Labs\digit_classifier_accelerator\knn_accelerator\knn_accelerator\hls\.autopilot\db\knn.pp.0.cpp:53517:17: note: FIX-IT applied suggested code changes
T:\Documents\ECE574\Labs\digit_classifier_accelerator\knn_accelerator\knn_accelerator\hls\.autopilot\db\knn.pp.0.cpp:53532:9: remark: Added loop label VITIS_LOOP_170_7:   [xilinx-label-all-loops]
        for (int j = 14; j < 22; j++){
        ^
        VITIS_LOOP_170_7: 
T:\Documents\ECE574\Labs\digit_classifier_accelerator\knn_accelerator\knn_accelerator\hls\.autopilot\db\knn.pp.0.cpp:53532:9: note: FIX-IT applied suggested code changes
T:\Documents\ECE574\Labs\digit_classifier_accelerator\knn_accelerator\knn_accelerator\hls\.autopilot\db\knn.pp.0.cpp:53540:17: remark: Added loop label VITIS_LOOP_178_8:   [xilinx-label-all-loops]
                for (int j = 0; j < 22; j++){
                ^
                VITIS_LOOP_178_8: 
T:\Documents\ECE574\Labs\digit_classifier_accelerator\knn_accelerator\knn_accelerator\hls\.autopilot\db\knn.pp.0.cpp:53540:17: note: FIX-IT applied suggested code changes
T:\Documents\ECE574\Labs\digit_classifier_accelerator\knn_accelerator\knn_accelerator\hls\.autopilot\db\knn.pp.0.cpp:53605:13: remark: Added loop label VITIS_LOOP_243_9:   [xilinx-label-all-loops]
            for (int j = 21; j >= I_+10; j--) {
            ^
            VITIS_LOOP_243_9: 
T:\Documents\ECE574\Labs\digit_classifier_accelerator\knn_accelerator\knn_accelerator\hls\.autopilot\db\knn.pp.0.cpp:53605:13: note: FIX-IT applied suggested code changes
T:\Documents\ECE574\Labs\digit_classifier_accelerator\knn_accelerator\knn_accelerator\hls\.autopilot\db\knn.pp.0.cpp:53611:17: remark: Added loop label VITIS_LOOP_249_10:   [xilinx-label-all-loops]
                for (int j = 21; j >= I_+10; j--) {
                ^
                VITIS_LOOP_249_10: 
T:\Documents\ECE574\Labs\digit_classifier_accelerator\knn_accelerator\knn_accelerator\hls\.autopilot\db\knn.pp.0.cpp:53611:17: note: FIX-IT applied suggested code changes
T:\Documents\ECE574\Labs\digit_classifier_accelerator\knn_accelerator\knn_accelerator\hls\.autopilot\db\knn.pp.0.cpp:53615:17: remark: Added loop label VITIS_LOOP_253_11:   [xilinx-label-all-loops]
                for (int j = I_+9; j >= 0; j--) {
                ^
                VITIS_LOOP_253_11: 
T:\Documents\ECE574\Labs\digit_classifier_accelerator\knn_accelerator\knn_accelerator\hls\.autopilot\db\knn.pp.0.cpp:53615:17: note: FIX-IT applied suggested code changes
T:\Documents\ECE574\Labs\digit_classifier_accelerator\knn_accelerator\knn_accelerator\hls\.autopilot\db\knn.pp.0.cpp:53630:9: remark: Added loop label VITIS_LOOP_268_12:   [xilinx-label-all-loops]
        for (int j = 27; j < 46; j++){
        ^
        VITIS_LOOP_268_12: 
T:\Documents\ECE574\Labs\digit_classifier_accelerator\knn_accelerator\knn_accelerator\hls\.autopilot\db\knn.pp.0.cpp:53630:9: note: FIX-IT applied suggested code changes
T:\Documents\ECE574\Labs\digit_classifier_accelerator\knn_accelerator\knn_accelerator\hls\.autopilot\db\knn.pp.0.cpp:53638:17: remark: Added loop label VITIS_LOOP_276_13:   [xilinx-label-all-loops]
                for (int j = 0; j < 46; j++) {
                ^
                VITIS_LOOP_276_13: 
T:\Documents\ECE574\Labs\digit_classifier_accelerator\knn_accelerator\knn_accelerator\hls\.autopilot\db\knn.pp.0.cpp:53638:17: note: FIX-IT applied suggested code changes
T:\Documents\ECE574\Labs\digit_classifier_accelerator\knn_accelerator\knn_accelerator\hls\.autopilot\db\knn.pp.0.cpp:53867:13: remark: Added loop label VITIS_LOOP_505_14:   [xilinx-label-all-loops]
            for (int j = 45; j >= I_+22; j--) {
            ^
            VITIS_LOOP_505_14: 
T:\Documents\ECE574\Labs\digit_classifier_accelerator\knn_accelerator\knn_accelerator\hls\.autopilot\db\knn.pp.0.cpp:53867:13: note: FIX-IT applied suggested code changes
T:\Documents\ECE574\Labs\digit_classifier_accelerator\knn_accelerator\knn_accelerator\hls\.autopilot\db\knn.pp.0.cpp:53873:17: remark: Added loop label VITIS_LOOP_511_15:   [xilinx-label-all-loops]
                for (int j = 45; j >= I_+22; j--){
                ^
                VITIS_LOOP_511_15: 
T:\Documents\ECE574\Labs\digit_classifier_accelerator\knn_accelerator\knn_accelerator\hls\.autopilot\db\knn.pp.0.cpp:53873:17: note: FIX-IT applied suggested code changes
T:\Documents\ECE574\Labs\digit_classifier_accelerator\knn_accelerator\knn_accelerator\hls\.autopilot\db\knn.pp.0.cpp:53877:17: remark: Added loop label VITIS_LOOP_515_16:   [xilinx-label-all-loops]
                for (int j = I_+21; j >= 0; j--) {
                ^
                VITIS_LOOP_515_16: 
T:\Documents\ECE574\Labs\digit_classifier_accelerator\knn_accelerator\knn_accelerator\hls\.autopilot\db\knn.pp.0.cpp:53877:17: note: FIX-IT applied suggested code changes
T:\Documents\ECE574\Labs\digit_classifier_accelerator\knn_accelerator\knn_accelerator\hls\.autopilot\db\knn.pp.0.cpp:53887:9: remark: Added loop label VITIS_LOOP_525_17:   [xilinx-label-all-loops]
        for (int j = 32-F_; j < 32+I_; j++){
        ^
        VITIS_LOOP_525_17: 
T:\Documents\ECE574\Labs\digit_classifier_accelerator\knn_accelerator\knn_accelerator\hls\.autopilot\db\knn.pp.0.cpp:53887:9: note: FIX-IT applied suggested code changes
T:\Documents\ECE574\Labs\digit_classifier_accelerator\knn_accelerator\knn_accelerator\hls\.autopilot\db\knn.pp.0.cpp:53891:9: remark: Added loop label VITIS_LOOP_529_18:   [xilinx-label-all-loops]
        for (int j = 32+I_; j <= 64; j++){
        ^
        VITIS_LOOP_529_18: 
T:\Documents\ECE574\Labs\digit_classifier_accelerator\knn_accelerator\knn_accelerator\hls\.autopilot\db\knn.pp.0.cpp:53891:9: note: FIX-IT applied suggested code changes
T:\Documents\ECE574\Labs\digit_classifier_accelerator\knn_accelerator\knn_accelerator\hls\.autopilot\db\knn.pp.0.cpp:53901:9: remark: Added loop label VITIS_LOOP_539_19:   [xilinx-label-all-loops]
        for (int j = 37; j < 64; j++) {
        ^
        VITIS_LOOP_539_19: 
T:\Documents\ECE574\Labs\digit_classifier_accelerator\knn_accelerator\knn_accelerator\hls\.autopilot\db\knn.pp.0.cpp:53901:9: note: FIX-IT applied suggested code changes
T:\Documents\ECE574\Labs\digit_classifier_accelerator\knn_accelerator\knn_accelerator\hls\.autopilot\db\knn.pp.0.cpp:53909:17: remark: Added loop label VITIS_LOOP_547_20:   [xilinx-label-all-loops]
                for (int j = 0; j < 64; j++){
                ^
                VITIS_LOOP_547_20: 
T:\Documents\ECE574\Labs\digit_classifier_accelerator\knn_accelerator\knn_accelerator\hls\.autopilot\db\knn.pp.0.cpp:53909:17: note: FIX-IT applied suggested code changes
T:\Documents\ECE574\Labs\digit_classifier_accelerator\knn_accelerator\knn_accelerator\hls\.autopilot\db\knn.pp.0.cpp:54270:13: remark: Added loop label VITIS_LOOP_908_21:   [xilinx-label-all-loops]
            for (int j = 63; j >= I_+31; j--) {
            ^
            VITIS_LOOP_908_21: 
T:\Documents\ECE574\Labs\digit_classifier_accelerator\knn_accelerator\knn_accelerator\hls\.autopilot\db\knn.pp.0.cpp:54270:13: note: FIX-IT applied suggested code changes
T:\Documents\ECE574\Labs\digit_classifier_accelerator\knn_accelerator\knn_accelerator\hls\.autopilot\db\knn.pp.0.cpp:54276:17: remark: Added loop label VITIS_LOOP_914_22:   [xilinx-label-all-loops]
                for (int j = 63; j >= I_+31; j--) {
                ^
                VITIS_LOOP_914_22: 
T:\Documents\ECE574\Labs\digit_classifier_accelerator\knn_accelerator\knn_accelerator\hls\.autopilot\db\knn.pp.0.cpp:54276:17: note: FIX-IT applied suggested code changes
T:\Documents\ECE574\Labs\digit_classifier_accelerator\knn_accelerator\knn_accelerator\hls\.autopilot\db\knn.pp.0.cpp:54280:17: remark: Added loop label VITIS_LOOP_918_23:   [xilinx-label-all-loops]
                for (int j = I_+30; j >= 0; j--) {
                ^
                VITIS_LOOP_918_23: 
T:\Documents\ECE574\Labs\digit_classifier_accelerator\knn_accelerator\knn_accelerator\hls\.autopilot\db\knn.pp.0.cpp:54280:17: note: FIX-IT applied suggested code changes
T:\Documents\ECE574\Labs\digit_classifier_accelerator\knn_accelerator\knn_accelerator\hls\.autopilot\db\knn.pp.0.cpp:54396:13: remark: Added loop label VITIS_LOOP_1034_1:   [xilinx-label-all-loops]
            for (int j = 4; j >= I_+1; j--) {
            ^
            VITIS_LOOP_1034_1: 
T:\Documents\ECE574\Labs\digit_classifier_accelerator\knn_accelerator\knn_accelerator\hls\.autopilot\db\knn.pp.0.cpp:54396:13: note: FIX-IT applied suggested code changes
T:\Documents\ECE574\Labs\digit_classifier_accelerator\knn_accelerator\knn_accelerator\hls\.autopilot\db\knn.pp.0.cpp:54402:17: remark: Added loop label VITIS_LOOP_1040_2:   [xilinx-label-all-loops]
                for (int j = 4; j >= I_+1; j--) {
                ^
                VITIS_LOOP_1040_2: 
T:\Documents\ECE574\Labs\digit_classifier_accelerator\knn_accelerator\knn_accelerator\hls\.autopilot\db\knn.pp.0.cpp:54402:17: note: FIX-IT applied suggested code changes
T:\Documents\ECE574\Labs\digit_classifier_accelerator\knn_accelerator\knn_accelerator\hls\.autopilot\db\knn.pp.0.cpp:54406:17: remark: Added loop label VITIS_LOOP_1044_3:   [xilinx-label-all-loops]
                for (int j = I_; j >= 0; j--) {
                ^
                VITIS_LOOP_1044_3: 
T:\Documents\ECE574\Labs\digit_classifier_accelerator\knn_accelerator\knn_accelerator\hls\.autopilot\db\knn.pp.0.cpp:54406:17: note: FIX-IT applied suggested code changes
T:\Documents\ECE574\Labs\digit_classifier_accelerator\knn_accelerator\knn_accelerator\hls\.autopilot\db\knn.pp.0.cpp:54493:13: remark: Added loop label VITIS_LOOP_1131_4:   [xilinx-label-all-loops]
            for (int j = 10; j >= I_+4; j--) {
            ^
            VITIS_LOOP_1131_4: 
T:\Documents\ECE574\Labs\digit_classifier_accelerator\knn_accelerator\knn_accelerator\hls\.autopilot\db\knn.pp.0.cpp:54493:13: note: FIX-IT applied suggested code changes
T:\Documents\ECE574\Labs\digit_classifier_accelerator\knn_accelerator\knn_accelerator\hls\.autopilot\db\knn.pp.0.cpp:54499:17: remark: Added loop label VITIS_LOOP_1137_5:   [xilinx-label-all-loops]
                for (int j = 10; j >= I_+4; j--) {
                ^
                VITIS_LOOP_1137_5: 
T:\Documents\ECE574\Labs\digit_classifier_accelerator\knn_accelerator\knn_accelerator\hls\.autopilot\db\knn.pp.0.cpp:54499:17: note: FIX-IT applied suggested code changes
T:\Documents\ECE574\Labs\digit_classifier_accelerator\knn_accelerator\knn_accelerator\hls\.autopilot\db\knn.pp.0.cpp:54503:17: remark: Added loop label VITIS_LOOP_1141_6:   [xilinx-label-all-loops]
                for (int j = I_+3; j >= 0; j--) {
                ^
                VITIS_LOOP_1141_6: 
T:\Documents\ECE574\Labs\digit_classifier_accelerator\knn_accelerator\knn_accelerator\hls\.autopilot\db\knn.pp.0.cpp:54503:17: note: FIX-IT applied suggested code changes
T:\Documents\ECE574\Labs\digit_classifier_accelerator\knn_accelerator\knn_accelerator\hls\.autopilot\db\knn.pp.0.cpp:54522:9: remark: Added loop label VITIS_LOOP_1160_7:   [xilinx-label-all-loops]
        for (int j = wf+3; j < w-1; j++) {
        ^
        VITIS_LOOP_1160_7: 
T:\Documents\ECE574\Labs\digit_classifier_accelerator\knn_accelerator\knn_accelerator\hls\.autopilot\db\knn.pp.0.cpp:54522:9: note: FIX-IT applied suggested code changes
T:\Documents\ECE574\Labs\digit_classifier_accelerator\knn_accelerator\knn_accelerator\hls\.autopilot\db\knn.pp.0.cpp:54529:17: remark: Added loop label VITIS_LOOP_1167_8:   [xilinx-label-all-loops]
                for (int j = 0; j < 22; j++) {
                ^
                VITIS_LOOP_1167_8: 
T:\Documents\ECE574\Labs\digit_classifier_accelerator\knn_accelerator\knn_accelerator\hls\.autopilot\db\knn.pp.0.cpp:54529:17: note: FIX-IT applied suggested code changes
T:\Documents\ECE574\Labs\digit_classifier_accelerator\knn_accelerator\knn_accelerator\hls\.autopilot\db\knn.pp.0.cpp:54645:13: remark: Added loop label VITIS_LOOP_1283_9:   [xilinx-label-all-loops]
            for (int j = 22; j >= I_+10; j--) {
            ^
            VITIS_LOOP_1283_9: 
T:\Documents\ECE574\Labs\digit_classifier_accelerator\knn_accelerator\knn_accelerator\hls\.autopilot\db\knn.pp.0.cpp:54645:13: note: FIX-IT applied suggested code changes
T:\Documents\ECE574\Labs\digit_classifier_accelerator\knn_accelerator\knn_accelerator\hls\.autopilot\db\knn.pp.0.cpp:54651:17: remark: Added loop label VITIS_LOOP_1289_10:   [xilinx-label-all-loops]
                for (int j = 22; j >= I_+10; j--){
                ^
                VITIS_LOOP_1289_10: 
T:\Documents\ECE574\Labs\digit_classifier_accelerator\knn_accelerator\knn_accelerator\hls\.autopilot\db\knn.pp.0.cpp:54651:17: note: FIX-IT applied suggested code changes
T:\Documents\ECE574\Labs\digit_classifier_accelerator\knn_accelerator\knn_accelerator\hls\.autopilot\db\knn.pp.0.cpp:54655:17: remark: Added loop label VITIS_LOOP_1293_11:   [xilinx-label-all-loops]
                for (int j = I_+9; j >= 0; j--) {
                ^
                VITIS_LOOP_1293_11: 
T:\Documents\ECE574\Labs\digit_classifier_accelerator\knn_accelerator\knn_accelerator\hls\.autopilot\db\knn.pp.0.cpp:54655:17: note: FIX-IT applied suggested code changes
T:\Documents\ECE574\Labs\digit_classifier_accelerator\knn_accelerator\knn_accelerator\hls\.autopilot\db\knn.pp.0.cpp:54675:9: remark: Added loop label VITIS_LOOP_1313_12:   [xilinx-label-all-loops]
        for (int j = wf+4; j < w-1; j++){
        ^
        VITIS_LOOP_1313_12: 
T:\Documents\ECE574\Labs\digit_classifier_accelerator\knn_accelerator\knn_accelerator\hls\.autopilot\db\knn.pp.0.cpp:54675:9: note: FIX-IT applied suggested code changes
T:\Documents\ECE574\Labs\digit_classifier_accelerator\knn_accelerator\knn_accelerator\hls\.autopilot\db\knn.pp.0.cpp:54682:17: remark: Added loop label VITIS_LOOP_1320_13:   [xilinx-label-all-loops]
                for (int j = 0; j < 46; j++) {
                ^
                VITIS_LOOP_1320_13: 
T:\Documents\ECE574\Labs\digit_classifier_accelerator\knn_accelerator\knn_accelerator\hls\.autopilot\db\knn.pp.0.cpp:54682:17: note: FIX-IT applied suggested code changes
T:\Documents\ECE574\Labs\digit_classifier_accelerator\knn_accelerator\knn_accelerator\hls\.autopilot\db\knn.pp.0.cpp:54944:13: remark: Added loop label VITIS_LOOP_1582_14:   [xilinx-label-all-loops]
            for (int j = 46; j >= I_+22; j--) {
            ^
            VITIS_LOOP_1582_14: 
T:\Documents\ECE574\Labs\digit_classifier_accelerator\knn_accelerator\knn_accelerator\hls\.autopilot\db\knn.pp.0.cpp:54944:13: note: FIX-IT applied suggested code changes
T:\Documents\ECE574\Labs\digit_classifier_accelerator\knn_accelerator\knn_accelerator\hls\.autopilot\db\knn.pp.0.cpp:54950:17: remark: Added loop label VITIS_LOOP_1588_15:   [xilinx-label-all-loops]
                for (int j = 46; j >= I_+22; j--) {
                ^
                VITIS_LOOP_1588_15: 
T:\Documents\ECE574\Labs\digit_classifier_accelerator\knn_accelerator\knn_accelerator\hls\.autopilot\db\knn.pp.0.cpp:54950:17: note: FIX-IT applied suggested code changes
T:\Documents\ECE574\Labs\digit_classifier_accelerator\knn_accelerator\knn_accelerator\hls\.autopilot\db\knn.pp.0.cpp:54954:17: remark: Added loop label VITIS_LOOP_1592_16:   [xilinx-label-all-loops]
                for (int j = I_+21; j >= 0; j--) {
                ^
                VITIS_LOOP_1592_16: 
T:\Documents\ECE574\Labs\digit_classifier_accelerator\knn_accelerator\knn_accelerator\hls\.autopilot\db\knn.pp.0.cpp:54954:17: note: FIX-IT applied suggested code changes
T:\Documents\ECE574\Labs\digit_classifier_accelerator\knn_accelerator\knn_accelerator\hls\.autopilot\db\knn.pp.0.cpp:54978:9: remark: Added loop label VITIS_LOOP_1616_17:   [xilinx-label-all-loops]
        for (int j = wf+5; j < w-1; j++){
        ^
        VITIS_LOOP_1616_17: 
T:\Documents\ECE574\Labs\digit_classifier_accelerator\knn_accelerator\knn_accelerator\hls\.autopilot\db\knn.pp.0.cpp:54978:9: note: FIX-IT applied suggested code changes
T:\Documents\ECE574\Labs\digit_classifier_accelerator\knn_accelerator\knn_accelerator\hls\.autopilot\db\knn.pp.0.cpp:54985:17: remark: Added loop label VITIS_LOOP_1623_18:   [xilinx-label-all-loops]
                for (int j = 0; j < 64; j++) {
                ^
                VITIS_LOOP_1623_18: 
T:\Documents\ECE574\Labs\digit_classifier_accelerator\knn_accelerator\knn_accelerator\hls\.autopilot\db\knn.pp.0.cpp:54985:17: note: FIX-IT applied suggested code changes
T:\Documents\ECE574\Labs\digit_classifier_accelerator\knn_accelerator\knn_accelerator\hls\.autopilot\db\knn.pp.0.cpp:55415:13: remark: Added loop label VITIS_LOOP_2053_19:   [xilinx-label-all-loops]
            for (int j = 64; j >= I_+31; j--) {
            ^
            VITIS_LOOP_2053_19: 
T:\Documents\ECE574\Labs\digit_classifier_accelerator\knn_accelerator\knn_accelerator\hls\.autopilot\db\knn.pp.0.cpp:55415:13: note: FIX-IT applied suggested code changes
T:\Documents\ECE574\Labs\digit_classifier_accelerator\knn_accelerator\knn_accelerator\hls\.autopilot\db\knn.pp.0.cpp:55421:17: remark: Added loop label VITIS_LOOP_2059_20:   [xilinx-label-all-loops]
                for (int j = 64; j >= I_+31; j--) {
                ^
                VITIS_LOOP_2059_20: 
T:\Documents\ECE574\Labs\digit_classifier_accelerator\knn_accelerator\knn_accelerator\hls\.autopilot\db\knn.pp.0.cpp:55421:17: note: FIX-IT applied suggested code changes
T:\Documents\ECE574\Labs\digit_classifier_accelerator\knn_accelerator\knn_accelerator\hls\.autopilot\db\knn.pp.0.cpp:55425:17: remark: Added loop label VITIS_LOOP_2063_21:   [xilinx-label-all-loops]
                for (int j = I_+30; j >= 0; j--) {
                ^
                VITIS_LOOP_2063_21: 
T:\Documents\ECE574\Labs\digit_classifier_accelerator\knn_accelerator\knn_accelerator\hls\.autopilot\db\knn.pp.0.cpp:55425:17: note: FIX-IT applied suggested code changes
T:\Documents\ECE574\Labs\digit_classifier_accelerator\knn_accelerator\knn_accelerator\hls\.autopilot\db\knn.pp.0.cpp:55554:13: remark: Added loop label VITIS_LOOP_2192_1:   [xilinx-label-all-loops]
            for(int j=3; j>=I+1; j--) {
            ^
            VITIS_LOOP_2192_1: 
T:\Documents\ECE574\Labs\digit_classifier_accelerator\knn_accelerator\knn_accelerator\hls\.autopilot\db\knn.pp.0.cpp:55554:13: note: FIX-IT applied suggested code changes
T:\Documents\ECE574\Labs\digit_classifier_accelerator\knn_accelerator\knn_accelerator\hls\.autopilot\db\knn.pp.0.cpp:55561:17: remark: Added loop label VITIS_LOOP_2199_2:   [xilinx-label-all-loops]
                for(int j=3; j>=I+1; j--) {
                ^
                VITIS_LOOP_2199_2: 
T:\Documents\ECE574\Labs\digit_classifier_accelerator\knn_accelerator\knn_accelerator\hls\.autopilot\db\knn.pp.0.cpp:55561:17: note: FIX-IT applied suggested code changes
T:\Documents\ECE574\Labs\digit_classifier_accelerator\knn_accelerator\knn_accelerator\hls\.autopilot\db\knn.pp.0.cpp:55565:17: remark: Added loop label VITIS_LOOP_2203_3:   [xilinx-label-all-loops]
                for(int j=I; j>=0; j--) {
                ^
                VITIS_LOOP_2203_3: 
T:\Documents\ECE574\Labs\digit_classifier_accelerator\knn_accelerator\knn_accelerator\hls\.autopilot\db\knn.pp.0.cpp:55565:17: note: FIX-IT applied suggested code changes
T:\Documents\ECE574\Labs\digit_classifier_accelerator\knn_accelerator\knn_accelerator\hls\.autopilot\db\knn.pp.0.cpp:55612:13: remark: Added loop label VITIS_LOOP_2250_4:   [xilinx-label-all-loops]
            for(int j=7; j>=3+I; j--) {
            ^
            VITIS_LOOP_2250_4: 
T:\Documents\ECE574\Labs\digit_classifier_accelerator\knn_accelerator\knn_accelerator\hls\.autopilot\db\knn.pp.0.cpp:55612:13: note: FIX-IT applied suggested code changes
T:\Documents\ECE574\Labs\digit_classifier_accelerator\knn_accelerator\knn_accelerator\hls\.autopilot\db\knn.pp.0.cpp:55619:17: remark: Added loop label VITIS_LOOP_2257_5:   [xilinx-label-all-loops]
                for(int j=7; j>=3+I; j--) {
                ^
                VITIS_LOOP_2257_5: 
T:\Documents\ECE574\Labs\digit_classifier_accelerator\knn_accelerator\knn_accelerator\hls\.autopilot\db\knn.pp.0.cpp:55619:17: note: FIX-IT applied suggested code changes
T:\Documents\ECE574\Labs\digit_classifier_accelerator\knn_accelerator\knn_accelerator\hls\.autopilot\db\knn.pp.0.cpp:55623:17: remark: Added loop label VITIS_LOOP_2261_6:   [xilinx-label-all-loops]
                for(int j=I+2; j>=0; j--) {
                ^
                VITIS_LOOP_2261_6: 
T:\Documents\ECE574\Labs\digit_classifier_accelerator\knn_accelerator\knn_accelerator\hls\.autopilot\db\knn.pp.0.cpp:55623:17: note: FIX-IT applied suggested code changes
T:\Documents\ECE574\Labs\digit_classifier_accelerator\knn_accelerator\knn_accelerator\hls\.autopilot\db\knn.pp.0.cpp:55641:9: remark: Added loop label VITIS_LOOP_2279_7:   [xilinx-label-all-loops]
        for(int j=11; j<16; j++) {
        ^
        VITIS_LOOP_2279_7: 
T:\Documents\ECE574\Labs\digit_classifier_accelerator\knn_accelerator\knn_accelerator\hls\.autopilot\db\knn.pp.0.cpp:55641:9: note: FIX-IT applied suggested code changes
T:\Documents\ECE574\Labs\digit_classifier_accelerator\knn_accelerator\knn_accelerator\hls\.autopilot\db\knn.pp.0.cpp:55696:13: remark: Added loop label VITIS_LOOP_2334_8:   [xilinx-label-all-loops]
            for(int j=15; j>=7+I; j--) {
            ^
            VITIS_LOOP_2334_8: 
T:\Documents\ECE574\Labs\digit_classifier_accelerator\knn_accelerator\knn_accelerator\hls\.autopilot\db\knn.pp.0.cpp:55696:13: note: FIX-IT applied suggested code changes
T:\Documents\ECE574\Labs\digit_classifier_accelerator\knn_accelerator\knn_accelerator\hls\.autopilot\db\knn.pp.0.cpp:55703:17: remark: Added loop label VITIS_LOOP_2341_9:   [xilinx-label-all-loops]
                for(int j=15; j>=7+I; j--) {
                ^
                VITIS_LOOP_2341_9: 
T:\Documents\ECE574\Labs\digit_classifier_accelerator\knn_accelerator\knn_accelerator\hls\.autopilot\db\knn.pp.0.cpp:55703:17: note: FIX-IT applied suggested code changes
T:\Documents\ECE574\Labs\digit_classifier_accelerator\knn_accelerator\knn_accelerator\hls\.autopilot\db\knn.pp.0.cpp:55707:17: remark: Added loop label VITIS_LOOP_2345_10:   [xilinx-label-all-loops]
                for(int j=6+I; j>=0; j--) {
                ^
                VITIS_LOOP_2345_10: 
T:\Documents\ECE574\Labs\digit_classifier_accelerator\knn_accelerator\knn_accelerator\hls\.autopilot\db\knn.pp.0.cpp:55707:17: note: FIX-IT applied suggested code changes
T:\Documents\ECE574\Labs\digit_classifier_accelerator\knn_accelerator\knn_accelerator\hls\.autopilot\db\knn.pp.0.cpp:55725:9: remark: Added loop label VITIS_LOOP_2363_11:   [xilinx-label-all-loops]
        for(int j=20; j<32; j++) {
        ^
        VITIS_LOOP_2363_11: 
T:\Documents\ECE574\Labs\digit_classifier_accelerator\knn_accelerator\knn_accelerator\hls\.autopilot\db\knn.pp.0.cpp:55725:9: note: FIX-IT applied suggested code changes
T:\Documents\ECE574\Labs\digit_classifier_accelerator\knn_accelerator\knn_accelerator\hls\.autopilot\db\knn.pp.0.cpp:55814:13: remark: Added loop label VITIS_LOOP_2452_12:   [xilinx-label-all-loops]
            for(int j=31; j>=I+15; j--) {
            ^
            VITIS_LOOP_2452_12: 
T:\Documents\ECE574\Labs\digit_classifier_accelerator\knn_accelerator\knn_accelerator\hls\.autopilot\db\knn.pp.0.cpp:55814:13: note: FIX-IT applied suggested code changes
T:\Documents\ECE574\Labs\digit_classifier_accelerator\knn_accelerator\knn_accelerator\hls\.autopilot\db\knn.pp.0.cpp:55821:17: remark: Added loop label VITIS_LOOP_2459_13:   [xilinx-label-all-loops]
                for(int j=31; j>=I+15; j--) {
                ^
                VITIS_LOOP_2459_13: 
T:\Documents\ECE574\Labs\digit_classifier_accelerator\knn_accelerator\knn_accelerator\hls\.autopilot\db\knn.pp.0.cpp:55821:17: note: FIX-IT applied suggested code changes
T:\Documents\ECE574\Labs\digit_classifier_accelerator\knn_accelerator\knn_accelerator\hls\.autopilot\db\knn.pp.0.cpp:55825:17: remark: Added loop label VITIS_LOOP_2463_14:   [xilinx-label-all-loops]
                for(int j=I+14; j>=0; j--) {
                ^
                VITIS_LOOP_2463_14: 
T:\Documents\ECE574\Labs\digit_classifier_accelerator\knn_accelerator\knn_accelerator\hls\.autopilot\db\knn.pp.0.cpp:55825:17: note: FIX-IT applied suggested code changes
T:\Documents\ECE574\Labs\digit_classifier_accelerator\knn_accelerator\knn_accelerator\hls\.autopilot\db\knn.pp.0.cpp:55835:9: remark: Added loop label VITIS_LOOP_2473_15:   [xilinx-label-all-loops]
        for(int j=32-F; j<32+I; j++) {
        ^
        VITIS_LOOP_2473_15: 
T:\Documents\ECE574\Labs\digit_classifier_accelerator\knn_accelerator\knn_accelerator\hls\.autopilot\db\knn.pp.0.cpp:55835:9: note: FIX-IT applied suggested code changes
T:\Documents\ECE574\Labs\digit_classifier_accelerator\knn_accelerator\knn_accelerator\hls\.autopilot\db\knn.pp.0.cpp:55839:9: remark: Added loop label VITIS_LOOP_2477_16:   [xilinx-label-all-loops]
        for(int j=32+I; j<=64; j++) {
        ^
        VITIS_LOOP_2477_16: 
T:\Documents\ECE574\Labs\digit_classifier_accelerator\knn_accelerator\knn_accelerator\hls\.autopilot\db\knn.pp.0.cpp:55839:9: note: FIX-IT applied suggested code changes
T:\Documents\ECE574\Labs\digit_classifier_accelerator\knn_accelerator\knn_accelerator\hls\.autopilot\db\knn.pp.0.cpp:55850:9: remark: Added loop label VITIS_LOOP_2488_17:   [xilinx-label-all-loops]
        for(int j=37; j<64; j++) {
        ^
        VITIS_LOOP_2488_17: 
T:\Documents\ECE574\Labs\digit_classifier_accelerator\knn_accelerator\knn_accelerator\hls\.autopilot\db\knn.pp.0.cpp:55850:9: note: FIX-IT applied suggested code changes
T:\Documents\ECE574\Labs\digit_classifier_accelerator\knn_accelerator\knn_accelerator\hls\.autopilot\db\knn.pp.0.cpp:55858:17: remark: Added loop label VITIS_LOOP_2496_18:   [xilinx-label-all-loops]
                for(int j=0; j<64; j++) {
                ^
                VITIS_LOOP_2496_18: 
T:\Documents\ECE574\Labs\digit_classifier_accelerator\knn_accelerator\knn_accelerator\hls\.autopilot\db\knn.pp.0.cpp:55858:17: note: FIX-IT applied suggested code changes
T:\Documents\ECE574\Labs\digit_classifier_accelerator\knn_accelerator\knn_accelerator\hls\.autopilot\db\knn.pp.0.cpp:56183:13: remark: Added loop label VITIS_LOOP_2821_19:   [xilinx-label-all-loops]
            for(int j=63; j>=I+31; j--) {
            ^
            VITIS_LOOP_2821_19: 
T:\Documents\ECE574\Labs\digit_classifier_accelerator\knn_accelerator\knn_accelerator\hls\.autopilot\db\knn.pp.0.cpp:56183:13: note: FIX-IT applied suggested code changes
T:\Documents\ECE574\Labs\digit_classifier_accelerator\knn_accelerator\knn_accelerator\hls\.autopilot\db\knn.pp.0.cpp:56190:17: remark: Added loop label VITIS_LOOP_2828_20:   [xilinx-label-all-loops]
                for(int j=63; j>=I+31; j--) {
                ^
                VITIS_LOOP_2828_20: 
T:\Documents\ECE574\Labs\digit_classifier_accelerator\knn_accelerator\knn_accelerator\hls\.autopilot\db\knn.pp.0.cpp:56190:17: note: FIX-IT applied suggested code changes
T:\Documents\ECE574\Labs\digit_classifier_accelerator\knn_accelerator\knn_accelerator\hls\.autopilot\db\knn.pp.0.cpp:56194:17: remark: Added loop label VITIS_LOOP_2832_21:   [xilinx-label-all-loops]
                for(int j=I+30; j>=0; j--) {
                ^
                VITIS_LOOP_2832_21: 
T:\Documents\ECE574\Labs\digit_classifier_accelerator\knn_accelerator\knn_accelerator\hls\.autopilot\db\knn.pp.0.cpp:56194:17: note: FIX-IT applied suggested code changes
T:\Documents\ECE574\Labs\digit_classifier_accelerator\knn_accelerator\knn_accelerator\hls\.autopilot\db\knn.pp.0.cpp:56282:4: remark: Added loop label VITIS_LOOP_2920_1:   [xilinx-label-all-loops]
   for(int j = 5; j>=I_+2; j--) {
   ^
   VITIS_LOOP_2920_1: 
T:\Documents\ECE574\Labs\digit_classifier_accelerator\knn_accelerator\knn_accelerator\hls\.autopilot\db\knn.pp.0.cpp:56282:4: note: FIX-IT applied suggested code changes
T:\Documents\ECE574\Labs\digit_classifier_accelerator\knn_accelerator\knn_accelerator\hls\.autopilot\db\knn.pp.0.cpp:56289:5: remark: Added loop label VITIS_LOOP_2927_2:   [xilinx-label-all-loops]
    for(int j = 5; j>=I_+2; j--) {
    ^
    VITIS_LOOP_2927_2: 
T:\Documents\ECE574\Labs\digit_classifier_accelerator\knn_accelerator\knn_accelerator\hls\.autopilot\db\knn.pp.0.cpp:56289:5: note: FIX-IT applied suggested code changes
T:\Documents\ECE574\Labs\digit_classifier_accelerator\knn_accelerator\knn_accelerator\hls\.autopilot\db\knn.pp.0.cpp:56293:5: remark: Added loop label VITIS_LOOP_2931_3:   [xilinx-label-all-loops]
    for(int j = I_+1; j>=0; j--) {
    ^
    VITIS_LOOP_2931_3: 
T:\Documents\ECE574\Labs\digit_classifier_accelerator\knn_accelerator\knn_accelerator\hls\.autopilot\db\knn.pp.0.cpp:56293:5: note: FIX-IT applied suggested code changes
T:\Documents\ECE574\Labs\digit_classifier_accelerator\knn_accelerator\knn_accelerator\hls\.autopilot\db\knn.pp.0.cpp:56308:3: remark: Added loop label VITIS_LOOP_2946_4:   [xilinx-label-all-loops]
  for(int j = 11; j >=7; j--) {
  ^
  VITIS_LOOP_2946_4: 
T:\Documents\ECE574\Labs\digit_classifier_accelerator\knn_accelerator\knn_accelerator\hls\.autopilot\db\knn.pp.0.cpp:56308:3: note: FIX-IT applied suggested code changes
T:\Documents\ECE574\Labs\digit_classifier_accelerator\knn_accelerator\knn_accelerator\hls\.autopilot\db\knn.pp.0.cpp:56340:4: remark: Added loop label VITIS_LOOP_2978_5:   [xilinx-label-all-loops]
   for(int j = 11; j >= I_+5; j--) {
   ^
   VITIS_LOOP_2978_5: 
T:\Documents\ECE574\Labs\digit_classifier_accelerator\knn_accelerator\knn_accelerator\hls\.autopilot\db\knn.pp.0.cpp:56340:4: note: FIX-IT applied suggested code changes
T:\Documents\ECE574\Labs\digit_classifier_accelerator\knn_accelerator\knn_accelerator\hls\.autopilot\db\knn.pp.0.cpp:56347:5: remark: Added loop label VITIS_LOOP_2985_6:   [xilinx-label-all-loops]
    for(int j = 11; j>= I_+5; j--) {
    ^
    VITIS_LOOP_2985_6: 
T:\Documents\ECE574\Labs\digit_classifier_accelerator\knn_accelerator\knn_accelerator\hls\.autopilot\db\knn.pp.0.cpp:56347:5: note: FIX-IT applied suggested code changes
T:\Documents\ECE574\Labs\digit_classifier_accelerator\knn_accelerator\knn_accelerator\hls\.autopilot\db\knn.pp.0.cpp:56351:5: remark: Added loop label VITIS_LOOP_2989_7:   [xilinx-label-all-loops]
    for(int j = I_+4; j>=0; j--) {
    ^
    VITIS_LOOP_2989_7: 
T:\Documents\ECE574\Labs\digit_classifier_accelerator\knn_accelerator\knn_accelerator\hls\.autopilot\db\knn.pp.0.cpp:56351:5: note: FIX-IT applied suggested code changes
T:\Documents\ECE574\Labs\digit_classifier_accelerator\knn_accelerator\knn_accelerator\hls\.autopilot\db\knn.pp.0.cpp:56366:3: remark: Added loop label VITIS_LOOP_3004_8:   [xilinx-label-all-loops]
  for(int j = 25; j>=15; j--) {
  ^
  VITIS_LOOP_3004_8: 
T:\Documents\ECE574\Labs\digit_classifier_accelerator\knn_accelerator\knn_accelerator\hls\.autopilot\db\knn.pp.0.cpp:56366:3: note: FIX-IT applied suggested code changes
T:\Documents\ECE574\Labs\digit_classifier_accelerator\knn_accelerator\knn_accelerator\hls\.autopilot\db\knn.pp.0.cpp:56416:4: remark: Added loop label VITIS_LOOP_3054_9:   [xilinx-label-all-loops]
   for(int j = 25; j>= I_+12; j--) {
   ^
   VITIS_LOOP_3054_9: 
T:\Documents\ECE574\Labs\digit_classifier_accelerator\knn_accelerator\knn_accelerator\hls\.autopilot\db\knn.pp.0.cpp:56416:4: note: FIX-IT applied suggested code changes
T:\Documents\ECE574\Labs\digit_classifier_accelerator\knn_accelerator\knn_accelerator\hls\.autopilot\db\knn.pp.0.cpp:56423:5: remark: Added loop label VITIS_LOOP_3061_10:   [xilinx-label-all-loops]
    for(int j = 25; j>=I_+12; j--) {
    ^
    VITIS_LOOP_3061_10: 
T:\Documents\ECE574\Labs\digit_classifier_accelerator\knn_accelerator\knn_accelerator\hls\.autopilot\db\knn.pp.0.cpp:56423:5: note: FIX-IT applied suggested code changes
T:\Documents\ECE574\Labs\digit_classifier_accelerator\knn_accelerator\knn_accelerator\hls\.autopilot\db\knn.pp.0.cpp:56427:5: remark: Added loop label VITIS_LOOP_3065_11:   [xilinx-label-all-loops]
    for(int j = I_+11; j>=0; j--) {
    ^
    VITIS_LOOP_3065_11: 
T:\Documents\ECE574\Labs\digit_classifier_accelerator\knn_accelerator\knn_accelerator\hls\.autopilot\db\knn.pp.0.cpp:56427:5: note: FIX-IT applied suggested code changes
T:\Documents\ECE574\Labs\digit_classifier_accelerator\knn_accelerator\knn_accelerator\hls\.autopilot\db\knn.pp.0.cpp:56442:3: remark: Added loop label VITIS_LOOP_3080_12:   [xilinx-label-all-loops]
  for(int j = 51; j >= 29; j--) {
  ^
  VITIS_LOOP_3080_12: 
T:\Documents\ECE574\Labs\digit_classifier_accelerator\knn_accelerator\knn_accelerator\hls\.autopilot\db\knn.pp.0.cpp:56442:3: note: FIX-IT applied suggested code changes
T:\Documents\ECE574\Labs\digit_classifier_accelerator\knn_accelerator\knn_accelerator\hls\.autopilot\db\knn.pp.0.cpp:56579:4: remark: Added loop label VITIS_LOOP_3217_13:   [xilinx-label-all-loops]
   for(int j = 51; j >= 25 + I_; j--) {
   ^
   VITIS_LOOP_3217_13: 
T:\Documents\ECE574\Labs\digit_classifier_accelerator\knn_accelerator\knn_accelerator\hls\.autopilot\db\knn.pp.0.cpp:56579:4: note: FIX-IT applied suggested code changes
T:\Documents\ECE574\Labs\digit_classifier_accelerator\knn_accelerator\knn_accelerator\hls\.autopilot\db\knn.pp.0.cpp:56586:5: remark: Added loop label VITIS_LOOP_3224_14:   [xilinx-label-all-loops]
    for(int j = 51; j>=25 + I_; j--) {
    ^
    VITIS_LOOP_3224_14: 
T:\Documents\ECE574\Labs\digit_classifier_accelerator\knn_accelerator\knn_accelerator\hls\.autopilot\db\knn.pp.0.cpp:56586:5: note: FIX-IT applied suggested code changes
T:\Documents\ECE574\Labs\digit_classifier_accelerator\knn_accelerator\knn_accelerator\hls\.autopilot\db\knn.pp.0.cpp:56590:5: remark: Added loop label VITIS_LOOP_3228_15:   [xilinx-label-all-loops]
    for(int j = 24 + I_; j >= 0; j--) {
    ^
    VITIS_LOOP_3228_15: 
T:\Documents\ECE574\Labs\digit_classifier_accelerator\knn_accelerator\knn_accelerator\hls\.autopilot\db\knn.pp.0.cpp:56590:5: note: FIX-IT applied suggested code changes
T:\Documents\ECE574\Labs\digit_classifier_accelerator\knn_accelerator\knn_accelerator\hls\.autopilot\db\knn.pp.0.cpp:56605:3: remark: Added loop label VITIS_LOOP_3243_16:   [xilinx-label-all-loops]
  for(int j = 63; j >= 36; j--) {
  ^
  VITIS_LOOP_3243_16: 
T:\Documents\ECE574\Labs\digit_classifier_accelerator\knn_accelerator\knn_accelerator\hls\.autopilot\db\knn.pp.0.cpp:56605:3: note: FIX-IT applied suggested code changes
T:\Documents\ECE574\Labs\digit_classifier_accelerator\knn_accelerator\knn_accelerator\hls\.autopilot\db\knn.pp.0.cpp:56765:4: remark: Added loop label VITIS_LOOP_3403_17:   [xilinx-label-all-loops]
   for(int j = 63; j >= 31 + I_; j--) {
   ^
   VITIS_LOOP_3403_17: 
T:\Documents\ECE574\Labs\digit_classifier_accelerator\knn_accelerator\knn_accelerator\hls\.autopilot\db\knn.pp.0.cpp:56765:4: note: FIX-IT applied suggested code changes
T:\Documents\ECE574\Labs\digit_classifier_accelerator\knn_accelerator\knn_accelerator\hls\.autopilot\db\knn.pp.0.cpp:56772:5: remark: Added loop label VITIS_LOOP_3410_18:   [xilinx-label-all-loops]
    for(int j = 63; j >= 31 + I_; j--) {
    ^
    VITIS_LOOP_3410_18: 
T:\Documents\ECE574\Labs\digit_classifier_accelerator\knn_accelerator\knn_accelerator\hls\.autopilot\db\knn.pp.0.cpp:56772:5: note: FIX-IT applied suggested code changes
T:\Documents\ECE574\Labs\digit_classifier_accelerator\knn_accelerator\knn_accelerator\hls\.autopilot\db\knn.pp.0.cpp:56776:5: remark: Added loop label VITIS_LOOP_3414_19:   [xilinx-label-all-loops]
    for(int j = 30 + I_; j >= 0; j--) {
    ^
    VITIS_LOOP_3414_19: 
T:\Documents\ECE574\Labs\digit_classifier_accelerator\knn_accelerator\knn_accelerator\hls\.autopilot\db\knn.pp.0.cpp:56776:5: note: FIX-IT applied suggested code changes
T:\Documents\ECE574\Labs\digit_classifier_accelerator\knn_accelerator\knn_accelerator\hls\.autopilot\db\knn.pp.0.cpp:57491:13: remark: Added loop label VITIS_LOOP_703_1:   [xilinx-label-all-loops]
            for (b_exp = I_-1; b_exp >= -F_; b_exp--) {
            ^
            VITIS_LOOP_703_1: 
T:\Documents\ECE574\Labs\digit_classifier_accelerator\knn_accelerator\knn_accelerator\hls\.autopilot\db\knn.pp.0.cpp:57491:13: note: FIX-IT applied suggested code changes
T:\Documents\ECE574\Labs\digit_classifier_accelerator\knn_accelerator\knn_accelerator\hls\.autopilot\db\knn.pp.0.cpp:57709:13: remark: Added loop label VITIS_LOOP_921_1:   [xilinx-label-all-loops]
            for (b_exp = I_-1; b_exp >= -F_; b_exp--) {
            ^
            VITIS_LOOP_921_1: 
T:\Documents\ECE574\Labs\digit_classifier_accelerator\knn_accelerator\knn_accelerator\hls\.autopilot\db\knn.pp.0.cpp:57709:13: note: FIX-IT applied suggested code changes
T:\Documents\ECE574\Labs\digit_classifier_accelerator\knn_accelerator\knn_accelerator\hls\.autopilot\db\knn.pp.0.cpp:58126:13: remark: Added loop label VITIS_LOOP_1345_1:   [xilinx-label-all-loops]
            for (b_exp = I_-1; b_exp >= -F_; b_exp--) {
            ^
            VITIS_LOOP_1345_1: 
T:\Documents\ECE574\Labs\digit_classifier_accelerator\knn_accelerator\knn_accelerator\hls\.autopilot\db\knn.pp.0.cpp:58126:13: note: FIX-IT applied suggested code changes
T:\Documents\ECE574\Labs\digit_classifier_accelerator\knn_accelerator\knn_accelerator\hls\.autopilot\db\knn.pp.0.cpp:58449:9: remark: Added loop label VITIS_LOOP_243_1:   [xilinx-label-all-loops]
        for ( int pos = msbr-1; pos >= 0; pos-- ) {
        ^
        VITIS_LOOP_243_1: 
T:\Documents\ECE574\Labs\digit_classifier_accelerator\knn_accelerator\knn_accelerator\hls\.autopilot\db\knn.pp.0.cpp:58449:9: note: FIX-IT applied suggested code changes
T:\Documents\ECE574\Labs\digit_classifier_accelerator\knn_accelerator\knn_accelerator\hls\.autopilot\db\knn.pp.0.cpp:58477:9: remark: Added loop label VITIS_LOOP_271_2:   [xilinx-label-all-loops]
        for ( int pos = -1; pos >= -F_-1; pos-- ) {
        ^
        VITIS_LOOP_271_2: 
T:\Documents\ECE574\Labs\digit_classifier_accelerator\knn_accelerator\knn_accelerator\hls\.autopilot\db\knn.pp.0.cpp:58477:9: note: FIX-IT applied suggested code changes
T:\Documents\ECE574\Labs\digit_classifier_accelerator\knn_accelerator\knn_accelerator\hls\.autopilot\db\knn.pp.0.cpp:59181:13: remark: Added loop label VITIS_LOOP_48_1:   [xilinx-label-all-loops]
            for (int j = 0; j < W_-1; j++){
            ^
            VITIS_LOOP_48_1: 
T:\Documents\ECE574\Labs\digit_classifier_accelerator\knn_accelerator\knn_accelerator\hls\.autopilot\db\knn.pp.0.cpp:59181:13: note: FIX-IT applied suggested code changes
T:\Documents\ECE574\Labs\digit_classifier_accelerator\knn_accelerator\knn_accelerator\hls\.autopilot\db\knn.pp.0.cpp:59234:5: remark: Added loop label VITIS_LOOP_109_2:   [xilinx-label-all-loops]
    for (int j = F_l+F_+I_m-1; j < F_l+W_+5; j++){
    ^
    VITIS_LOOP_109_2: 
T:\Documents\ECE574\Labs\digit_classifier_accelerator\knn_accelerator\knn_accelerator\hls\.autopilot\db\knn.pp.0.cpp:59234:5: note: FIX-IT applied suggested code changes
T:\Documents\ECE574\Labs\digit_classifier_accelerator\knn_accelerator\knn_accelerator\hls\.autopilot\db\knn.pp.0.cpp:59248:13: remark: Added loop label VITIS_LOOP_123_3:   [xilinx-label-all-loops]
            for (int j = WO_m-1; j >= W_-1; j--) {
            ^
            VITIS_LOOP_123_3: 
T:\Documents\ECE574\Labs\digit_classifier_accelerator\knn_accelerator\knn_accelerator\hls\.autopilot\db\knn.pp.0.cpp:59248:13: note: FIX-IT applied suggested code changes
T:\Documents\ECE574\Labs\digit_classifier_accelerator\knn_accelerator\knn_accelerator\hls\.autopilot\db\knn.pp.0.cpp:59278:13: remark: Added loop label VITIS_LOOP_153_4:   [xilinx-label-all-loops]
            for (int j = W_-2; j >= 0; j--){
            ^
            VITIS_LOOP_153_4: 
T:\Documents\ECE574\Labs\digit_classifier_accelerator\knn_accelerator\knn_accelerator\hls\.autopilot\db\knn.pp.0.cpp:59278:13: note: FIX-IT applied suggested code changes
T:\Documents\ECE574\Labs\digit_classifier_accelerator\knn_accelerator\knn_accelerator\hls\.autopilot\db\knn.pp.0.cpp:59363:12: remark: Added loop label VITIS_LOOP_281_1:   [xilinx-label-all-loops]
           for(int i = wf_log+we_log-2; i > WI_e - 2; --i) {
           ^
           VITIS_LOOP_281_1: 
T:\Documents\ECE574\Labs\digit_classifier_accelerator\knn_accelerator\knn_accelerator\hls\.autopilot\db\knn.pp.0.cpp:59363:12: note: FIX-IT applied suggested code changes
T:\Documents\ECE574\Labs\digit_classifier_accelerator\knn_accelerator\knn_accelerator\hls\.autopilot\db\knn.pp.0.cpp:59383:16: remark: Added loop label VITIS_LOOP_301_2:   [xilinx-label-all-loops]
               for (int j = WO_e-1; j >= W_-1; j--) {
               ^
               VITIS_LOOP_301_2: 
T:\Documents\ECE574\Labs\digit_classifier_accelerator\knn_accelerator\knn_accelerator\hls\.autopilot\db\knn.pp.0.cpp:59383:16: note: FIX-IT applied suggested code changes
T:\Documents\ECE574\Labs\digit_classifier_accelerator\knn_accelerator\knn_accelerator\hls\.autopilot\db\knn.pp.0.cpp:59397:20: remark: Added loop label VITIS_LOOP_315_3:   [xilinx-label-all-loops]
                   for(int i = 0; i < W_-1; ++i) {
                   ^
                   VITIS_LOOP_315_3: 
T:\Documents\ECE574\Labs\digit_classifier_accelerator\knn_accelerator\knn_accelerator\hls\.autopilot\db\knn.pp.0.cpp:59397:20: note: FIX-IT applied suggested code changes
T:\Documents\ECE574\Labs\digit_classifier_accelerator\knn_accelerator\knn_accelerator\hls\.autopilot\db\knn.pp.0.cpp:59490:12: remark: Added loop label VITIS_LOOP_433_1:   [xilinx-label-all-loops]
           for (int j =WO_d-1; j >= W_-1; j--) {
           ^
           VITIS_LOOP_433_1: 
T:\Documents\ECE574\Labs\digit_classifier_accelerator\knn_accelerator\knn_accelerator\hls\.autopilot\db\knn.pp.0.cpp:59490:12: note: FIX-IT applied suggested code changes
T:\Documents\ECE574\Labs\digit_classifier_accelerator\knn_accelerator\knn_accelerator\hls\.autopilot\db\knn.pp.0.cpp:59504:15: remark: Added loop label VITIS_LOOP_447_2:   [xilinx-label-all-loops]
              for(int i = 0; i < W_-1; ++i) {
              ^
              VITIS_LOOP_447_2: 
T:\Documents\ECE574\Labs\digit_classifier_accelerator\knn_accelerator\knn_accelerator\hls\.autopilot\db\knn.pp.0.cpp:59504:15: note: FIX-IT applied suggested code changes
T:\Documents\ECE574\Labs\digit_classifier_accelerator\knn_accelerator\knn_accelerator\hls\.autopilot\db\knn.pp.0.cpp:59624:13: remark: Added loop label VITIS_LOOP_33_1:   [xilinx-label-all-loops]
            for (int i = 0; i < W_-1; i++){
            ^
            VITIS_LOOP_33_1: 
T:\Documents\ECE574\Labs\digit_classifier_accelerator\knn_accelerator\knn_accelerator\hls\.autopilot\db\knn.pp.0.cpp:59624:13: note: FIX-IT applied suggested code changes
T:\Documents\ECE574\Labs\digit_classifier_accelerator\knn_accelerator\knn_accelerator\hls\.autopilot\db\knn.pp.0.cpp:59748:13: remark: Added loop label VITIS_LOOP_183_1:   [xilinx-label-all-loops]
            for (int i = 0; i < W_-1; i++){
            ^
            VITIS_LOOP_183_1: 
T:\Documents\ECE574\Labs\digit_classifier_accelerator\knn_accelerator\knn_accelerator\hls\.autopilot\db\knn.pp.0.cpp:59748:13: note: FIX-IT applied suggested code changes
T:\Documents\ECE574\Labs\digit_classifier_accelerator\knn_accelerator\knn_accelerator\hls\.autopilot\db\knn.pp.0.cpp:59803:13: remark: Added loop label VITIS_LOOP_248_1:   [xilinx-label-all-loops]
            for (int i = 0; i < W_-1; i++){
            ^
            VITIS_LOOP_248_1: 
T:\Documents\ECE574\Labs\digit_classifier_accelerator\knn_accelerator\knn_accelerator\hls\.autopilot\db\knn.pp.0.cpp:59803:13: note: FIX-IT applied suggested code changes
T:\Documents\ECE574\Labs\digit_classifier_accelerator\knn_accelerator\knn_accelerator\hls\.autopilot\db\knn.pp.0.cpp:60070:5: remark: Added loop label VITIS_LOOP_44_1:   [xilinx-label-all-loops]
    for(int l = loop_nm; l > 0; --l){
    ^
    VITIS_LOOP_44_1: 
T:\Documents\ECE574\Labs\digit_classifier_accelerator\knn_accelerator\knn_accelerator\hls\.autopilot\db\knn.pp.0.cpp:60070:5: note: FIX-IT applied suggested code changes
T:\Documents\ECE574\Labs\digit_classifier_accelerator\knn_accelerator\knn_accelerator\hls\.autopilot\db\knn.pp.0.cpp:60321:5: remark: Added loop label VITIS_LOOP_16_1:   [xilinx-label-all-loops]
    for (int i=0; i<W_;i++)
    ^
    VITIS_LOOP_16_1: 
T:\Documents\ECE574\Labs\digit_classifier_accelerator\knn_accelerator\knn_accelerator\hls\.autopilot\db\knn.pp.0.cpp:60321:5: note: FIX-IT applied suggested code changes
T:\Documents\ECE574\Labs\digit_classifier_accelerator\knn_accelerator\knn_accelerator\hls\.autopilot\db\knn.pp.0.cpp:60332:5: remark: Added loop label VITIS_LOOP_27_1:   [xilinx-label-all-loops]
    for (int i=0; i<W_;i++)
    ^
    VITIS_LOOP_27_1: 
T:\Documents\ECE574\Labs\digit_classifier_accelerator\knn_accelerator\knn_accelerator\hls\.autopilot\db\knn.pp.0.cpp:60332:5: note: FIX-IT applied suggested code changes
T:\Documents\ECE574\Labs\digit_classifier_accelerator\knn_accelerator\knn_accelerator\hls\.autopilot\db\knn.pp.0.cpp:60343:5: remark: Added loop label VITIS_LOOP_38_1:   [xilinx-label-all-loops]
    for (int i=0; i<I_;i++)
    ^
    VITIS_LOOP_38_1: 
T:\Documents\ECE574\Labs\digit_classifier_accelerator\knn_accelerator\knn_accelerator\hls\.autopilot\db\knn.pp.0.cpp:60343:5: note: FIX-IT applied suggested code changes
T:\Documents\ECE574\Labs\digit_classifier_accelerator\knn_accelerator\knn_accelerator\hls\.autopilot\db\knn.pp.0.cpp:60354:5: remark: Added loop label VITIS_LOOP_49_1:   [xilinx-label-all-loops]
    for (int i=0; i<I_;i++)
    ^
    VITIS_LOOP_49_1: 
T:\Documents\ECE574\Labs\digit_classifier_accelerator\knn_accelerator\knn_accelerator\hls\.autopilot\db\knn.pp.0.cpp:60354:5: note: FIX-IT applied suggested code changes
T:\Documents\ECE574\Labs\digit_classifier_accelerator\knn_accelerator\knn_accelerator\hls\.autopilot\db\knn.pp.0.cpp:60365:5: remark: Added loop label VITIS_LOOP_60_1:   [xilinx-label-all-loops]
    for (int i=0; i<W_;i++)
    ^
    VITIS_LOOP_60_1: 
T:\Documents\ECE574\Labs\digit_classifier_accelerator\knn_accelerator\knn_accelerator\hls\.autopilot\db\knn.pp.0.cpp:60365:5: note: FIX-IT applied suggested code changes
T:\Documents\ECE574\Labs\digit_classifier_accelerator\knn_accelerator\knn_accelerator\hls\.autopilot\db\knn.pp.0.cpp:60376:5: remark: Added loop label VITIS_LOOP_71_1:   [xilinx-label-all-loops]
    for (int i=0; i<W_;i++)
    ^
    VITIS_LOOP_71_1: 
T:\Documents\ECE574\Labs\digit_classifier_accelerator\knn_accelerator\knn_accelerator\hls\.autopilot\db\knn.pp.0.cpp:60376:5: note: FIX-IT applied suggested code changes
T:\Documents\ECE574\Labs\digit_classifier_accelerator\knn_accelerator\knn_accelerator\hls\.autopilot\db\knn.pp.0.cpp:60387:5: remark: Added loop label VITIS_LOOP_82_1:   [xilinx-label-all-loops]
    for (int i=0; i<I_;i++)
    ^
    VITIS_LOOP_82_1: 
T:\Documents\ECE574\Labs\digit_classifier_accelerator\knn_accelerator\knn_accelerator\hls\.autopilot\db\knn.pp.0.cpp:60387:5: note: FIX-IT applied suggested code changes
T:\Documents\ECE574\Labs\digit_classifier_accelerator\knn_accelerator\knn_accelerator\hls\.autopilot\db\knn.pp.0.cpp:60398:5: remark: Added loop label VITIS_LOOP_93_1:   [xilinx-label-all-loops]
    for (int i=0; i<I_;i++)
    ^
    VITIS_LOOP_93_1: 
T:\Documents\ECE574\Labs\digit_classifier_accelerator\knn_accelerator\knn_accelerator\hls\.autopilot\db\knn.pp.0.cpp:60398:5: note: FIX-IT applied suggested code changes
T:\Documents\ECE574\Labs\digit_classifier_accelerator\knn_accelerator\knn_accelerator\hls\.autopilot\db\knn.pp.0.cpp:62757:12: remark: Added loop label VITIS_LOOP_26_1:   [xilinx-label-all-loops]
           for(int i = 0; i < W_-1; ++i) {
           ^
           VITIS_LOOP_26_1: 
T:\Documents\ECE574\Labs\digit_classifier_accelerator\knn_accelerator\knn_accelerator\hls\.autopilot\db\knn.pp.0.cpp:62757:12: note: FIX-IT applied suggested code changes
T:\Documents\ECE574\Labs\digit_classifier_accelerator\knn_accelerator\knn_accelerator\hls\.autopilot\db\knn.pp.0.cpp:62821:7: remark: Added loop label VITIS_LOOP_40_1:   [xilinx-label-all-loops]
      for(int pos = msbr - 1 ; pos >= -F-1; pos--) {
      ^
      VITIS_LOOP_40_1: 
T:\Documents\ECE574\Labs\digit_classifier_accelerator\knn_accelerator\knn_accelerator\hls\.autopilot\db\knn.pp.0.cpp:62821:7: note: FIX-IT applied suggested code changes
T:\Documents\ECE574\Labs\digit_classifier_accelerator\knn_accelerator\knn_accelerator\hls\.autopilot\db\knn.pp.0.cpp:62938:9: remark: Added loop label VITIS_LOOP_49_1:   [xilinx-label-all-loops]
        for(int pos = msbr - 1; pos >= 0; pos--) {
        ^
        VITIS_LOOP_49_1: 
T:\Documents\ECE574\Labs\digit_classifier_accelerator\knn_accelerator\knn_accelerator\hls\.autopilot\db\knn.pp.0.cpp:62938:9: note: FIX-IT applied suggested code changes
T:\Documents\ECE574\Labs\digit_classifier_accelerator\knn_accelerator\knn_accelerator\hls\.autopilot\db\knn.pp.0.cpp:62963:5: remark: Added loop label VITIS_LOOP_81_2:   [xilinx-label-all-loops]
    for(int pos = -1; pos >= -F-1; pos--) {
    ^
    VITIS_LOOP_81_2: 
T:\Documents\ECE574\Labs\digit_classifier_accelerator\knn_accelerator\knn_accelerator\hls\.autopilot\db\knn.pp.0.cpp:62963:5: note: FIX-IT applied suggested code changes
T:\Documents\ECE574\Labs\digit_classifier_accelerator\knn_accelerator\knn_accelerator\hls\.autopilot\db\knn.pp.0.cpp:63033:8: remark: Added loop label VITIS_LOOP_169_3:   [xilinx-label-all-loops]
       for(int i = 0; i < W - 1; ++i) {
       ^
       VITIS_LOOP_169_3: 
T:\Documents\ECE574\Labs\digit_classifier_accelerator\knn_accelerator\knn_accelerator\hls\.autopilot\db\knn.pp.0.cpp:63033:8: note: FIX-IT applied suggested code changes
