

================================================================
== Vitis HLS Report for 'knn_majority_vote_Pipeline_VITIS_LOOP_119_3'
================================================================
* Date:           Tue Mar 17 19:32:53 2026

* Version:        2025.1 (Build 6135595 on May 21 2025)
* Project:        knn_accelerator
* Solution:       hls (Vivado IP Flow Target)
* Product family: zynq
* Target device:  xc7z020-clg400-1


================================================================
== Performance Estimates
================================================================
+ Timing: 
    * Summary: 
    +--------+----------+----------+------------+
    |  Clock |  Target  | Estimated| Uncertainty|
    +--------+----------+----------+------------+
    |ap_clk  |  10.00 ns|  7.160 ns|     2.70 ns|
    +--------+----------+----------+------------+

+ Latency: 
    * Summary: 
    +---------+---------+----------+----------+-----+-----+------------------------------------------------+
    |  Latency (cycles) |  Latency (absolute) |  Interval |                    Pipeline                    |
    |   min   |   max   |    min   |    max   | min | max |                      Type                      |
    +---------+---------+----------+----------+-----+-----+------------------------------------------------+
    |       12|       12|  0.120 us|  0.120 us|   11|   11|  loop auto-rewind stp (delay=0 clock cycles(s))|
    +---------+---------+----------+----------+-----+-----+------------------------------------------------+

    + Detail: 
        * Instance: 
        N/A

        * Loop: 
        +--------------------+---------+---------+----------+-----------+-----------+------+----------+
        |                    |  Latency (cycles) | Iteration|  Initiation Interval  | Trip |          |
        |      Loop Name     |   min   |   max   |  Latency |  achieved |   target  | Count| Pipelined|
        +--------------------+---------+---------+----------+-----------+-----------+------+----------+
        |- VITIS_LOOP_119_3  |       10|       10|         2|          1|          1|    10|       yes|
        +--------------------+---------+---------+----------+-----------+-----------+------+----------+



================================================================
== Utilization Estimates
================================================================
* Summary: 
+-----------------+---------+-----+--------+-------+-----+
|       Name      | BRAM_18K| DSP |   FF   |  LUT  | URAM|
+-----------------+---------+-----+--------+-------+-----+
|DSP              |        -|    -|       -|      -|    -|
|Expression       |        -|    -|       0|    131|    -|
|FIFO             |        -|    -|       -|      -|    -|
|Instance         |        -|    -|       -|      -|    -|
|Memory           |        -|    -|       -|      -|    -|
|Multiplexer      |        -|    -|       0|     45|    -|
|Register         |        -|    -|      75|      -|    -|
+-----------------+---------+-----+--------+-------+-----+
|Total            |        0|    0|      75|    176|    0|
+-----------------+---------+-----+--------+-------+-----+
|Available        |      280|  220|  106400|  53200|    0|
+-----------------+---------+-----+--------+-------+-----+
|Utilization (%)  |        0|    0|      ~0|     ~0|    0|
+-----------------+---------+-----+--------+-------+-----+

+ Detail: 
    * Instance: 
    N/A

    * DSP: 
    N/A

    * Memory: 
    N/A

    * FIFO: 
    N/A

    * Expression: 
    +-----------------------+----------+----+---+----+------------+------------+
    |     Variable Name     | Operation| DSP| FF| LUT| Bitwidth P0| Bitwidth P1|
    +-----------------------+----------+----+---+----+------------+------------+
    |add_ln119_fu_83_p2     |         +|   0|  0|  13|           4|           1|
    |icmp_ln119_fu_77_p2    |      icmp|   0|  0|  13|           4|           4|
    |icmp_ln120_fu_105_p2   |      icmp|   0|  0|  39|          32|          32|
    |max_1_fu_111_p3        |    select|   0|  0|  32|           1|          32|
    |max_label_1_fu_122_p3  |    select|   0|  0|  32|           1|          32|
    |ap_enable_pp0          |       xor|   0|  0|   2|           1|           2|
    +-----------------------+----------+----+---+----+------------+------------+
    |Total                  |          |   0|  0| 131|          43|         103|
    +-----------------------+----------+----+---+----+------------+------------+

    * Multiplexer: 
    +-------------------------+----+-----------+-----+-----------+
    |           Name          | LUT| Input Size| Bits| Total Bits|
    +-------------------------+----+-----------+-----+-----------+
    |ap_done_int              |   9|          2|    1|          2|
    |ap_enable_reg_pp0_iter1  |   9|          2|    1|          2|
    |ap_sig_allocacmp_i_2     |   9|          2|    4|          8|
    |i_fu_40                  |   9|          2|    4|          8|
    |max_fu_32                |   9|          2|   32|         64|
    +-------------------------+----+-----------+-----+-----------+
    |Total                    |  45|         10|   42|         84|
    +-------------------------+----+-----------+-----+-----------+

    * Register: 
    +-------------------------+----+----+-----+-----------+
    |           Name          | FF | LUT| Bits| Const Bits|
    +-------------------------+----+----+-----+-----------+
    |ap_CS_fsm                |   1|   0|    1|          0|
    |ap_done_reg              |   1|   0|    1|          0|
    |ap_enable_reg_pp0_iter1  |   1|   0|    1|          0|
    |i_2_reg_165              |   4|   0|    4|          0|
    |i_fu_40                  |   4|   0|    4|          0|
    |max_fu_32                |  32|   0|   32|          0|
    |max_label_fu_36          |  32|   0|   32|          0|
    +-------------------------+----+----+-----+-----------+
    |Total                    |  75|   0|   75|          0|
    +-------------------------+----+----+-----+-----------+



================================================================
== Interface
================================================================
* Summary: 
+----------------------+-----+-----+------------+---------------------------------------------+--------------+
|       RTL Ports      | Dir | Bits|  Protocol  |                Source Object                |    C Type    |
+----------------------+-----+-----+------------+---------------------------------------------+--------------+
|ap_clk                |   in|    1|  ap_ctrl_hs|  knn_majority_vote_Pipeline_VITIS_LOOP_119_3|  return value|
|ap_rst                |   in|    1|  ap_ctrl_hs|  knn_majority_vote_Pipeline_VITIS_LOOP_119_3|  return value|
|ap_start              |   in|    1|  ap_ctrl_hs|  knn_majority_vote_Pipeline_VITIS_LOOP_119_3|  return value|
|ap_done               |  out|    1|  ap_ctrl_hs|  knn_majority_vote_Pipeline_VITIS_LOOP_119_3|  return value|
|ap_idle               |  out|    1|  ap_ctrl_hs|  knn_majority_vote_Pipeline_VITIS_LOOP_119_3|  return value|
|ap_ready              |  out|    1|  ap_ctrl_hs|  knn_majority_vote_Pipeline_VITIS_LOOP_119_3|  return value|
|counts_address0       |  out|    4|   ap_memory|                                       counts|         array|
|counts_ce0            |  out|    1|   ap_memory|                                       counts|         array|
|counts_q0             |   in|   32|   ap_memory|                                       counts|         array|
|max_label_out         |  out|   32|      ap_vld|                                max_label_out|       pointer|
|max_label_out_ap_vld  |  out|    1|      ap_vld|                                max_label_out|       pointer|
+----------------------+-----+-----+------------+---------------------------------------------+--------------+

============================================================
+ Verbose Summary: Synthesis Manager
============================================================
InlineROM: 1
ExposeGlobal: 0
============================================================
+ Verbose Summary: CDFG Model
============================================================
IsTopModel: 0
ResetActiveHigh: 1
IsCombinational: 2
IsDatapathOnly: 2
HasWiredReturn: 1
HasMFsm: 2
HasVarLatency: 1
IsPipeline: 0
IsRtlPipelined: 0
IsInstanceOverlapped: 0
IsDontTouch: 0
HasImplIP: 0
IsGatedGlobalClock: 0

+ Individual pipeline summary: 
  * Pipeline-0: initiation interval (II) = 1, depth = 2


============================================================
+ Verbose Summary: Schedule
============================================================
* Number of FSM states : 2
* Pipeline : 1
  Pipeline-0 : II = 1, D = 2, States = { 1 2 }
* Dataflow Pipeline: 0

* FSM state transitions: 
1 --> 2 
2 --> 

* FSM state operations: 

State 1 <SV = 0> <Delay = 4.91>
ST_1 : Operation 5 [1/1] (0.00ns)   --->   "%max = alloca i32 1" [../src/knn.cpp:117]   --->   Operation 5 'alloca' 'max' <Predicate = true> <Delay = 0.00>
ST_1 : Operation 6 [1/1] (0.00ns)   --->   "%max_label = alloca i32 1" [../src/knn.cpp:118]   --->   Operation 6 'alloca' 'max_label' <Predicate = true> <Delay = 0.00>
ST_1 : Operation 7 [1/1] (0.00ns)   --->   "%i = alloca i32 1" [../src/knn.cpp:119]   --->   Operation 7 'alloca' 'i' <Predicate = true> <Delay = 0.00>
ST_1 : Operation 8 [1/1] (1.58ns)   --->   "%store_ln119 = store i4 0, i4 %i" [../src/knn.cpp:119]   --->   Operation 8 'store' 'store_ln119' <Predicate = true> <Delay = 1.58>
ST_1 : Operation 9 [1/1] (1.58ns)   --->   "%store_ln117 = store i32 0, i32 %max" [../src/knn.cpp:117]   --->   Operation 9 'store' 'store_ln117' <Predicate = true> <Delay = 1.58>
ST_1 : Operation 10 [1/1] (0.00ns)   --->   "%br_ln0 = br void %for.body18"   --->   Operation 10 'br' 'br_ln0' <Predicate = true> <Delay = 0.00>
ST_1 : Operation 11 [1/1] (0.00ns)   --->   "%i_2 = load i4 %i" [../src/knn.cpp:119]   --->   Operation 11 'load' 'i_2' <Predicate = true> <Delay = 0.00>
ST_1 : Operation 12 [1/1] (1.73ns)   --->   "%icmp_ln119 = icmp_eq  i4 %i_2, i4 10" [../src/knn.cpp:119]   --->   Operation 12 'icmp' 'icmp_ln119' <Predicate = true> <Delay = 1.73> <CoreInst = "Cmp">   --->   Core 9 'Cmp' <Latency = 0> <II = 1> <Delay = 1.73> <FuncUnit> <Opcode : 'seteq' 'setne' 'setle' 'setge' 'setlt' 'setgt'> <InPorts = 2> <OutPorts = 1>
ST_1 : Operation 13 [1/1] (1.73ns)   --->   "%add_ln119 = add i4 %i_2, i4 1" [../src/knn.cpp:119]   --->   Operation 13 'add' 'add_ln119' <Predicate = true> <Delay = 1.73> <CoreInst = "Adder">   --->   Core 1 'Adder' <Latency = 0> <II = 1> <Delay = 1.73> <FuncUnit> <Opcode : 'add' 'sub'> <InPorts = 2> <OutPorts = 1>
ST_1 : Operation 14 [1/1] (0.00ns)   --->   "%br_ln119 = br i1 %icmp_ln119, void %for.body18.split, void %for.end26.exitStub" [../src/knn.cpp:119]   --->   Operation 14 'br' 'br_ln119' <Predicate = true> <Delay = 0.00>
ST_1 : Operation 15 [1/1] (0.00ns)   --->   "%zext_ln119 = zext i4 %i_2" [../src/knn.cpp:119]   --->   Operation 15 'zext' 'zext_ln119' <Predicate = (!icmp_ln119)> <Delay = 0.00>
ST_1 : Operation 16 [1/1] (0.00ns)   --->   "%counts_addr = getelementptr i32 %counts, i64 0, i64 %zext_ln119" [../src/knn.cpp:120]   --->   Operation 16 'getelementptr' 'counts_addr' <Predicate = (!icmp_ln119)> <Delay = 0.00>
ST_1 : Operation 17 [2/2] (2.32ns)   --->   "%counts_load = load i4 %counts_addr" [../src/knn.cpp:120]   --->   Operation 17 'load' 'counts_load' <Predicate = (!icmp_ln119)> <Delay = 2.32> <CoreInst = "RAM">   --->   Core 81 'RAM' <Latency = 1> <II = 1> <Delay = 2.32> <Storage> <Opcode : 'load' 'store'> <Ports = 2> <Width = 32> <Depth = 10> <RAM>
ST_1 : Operation 18 [1/1] (1.58ns)   --->   "%store_ln119 = store i4 %add_ln119, i4 %i" [../src/knn.cpp:119]   --->   Operation 18 'store' 'store_ln119' <Predicate = (!icmp_ln119)> <Delay = 1.58>
ST_1 : Operation 32 [1/1] (0.00ns)   --->   "%max_label_load = load i32 %max_label"   --->   Operation 32 'load' 'max_label_load' <Predicate = (icmp_ln119)> <Delay = 0.00>
ST_1 : Operation 33 [1/1] (0.00ns)   --->   "%write_ln0 = write void @_ssdm_op_Write.ap_auto.i32P0A, i32 %max_label_out, i32 %max_label_load"   --->   Operation 33 'write' 'write_ln0' <Predicate = (icmp_ln119)> <Delay = 0.00>
ST_1 : Operation 34 [1/1] (1.58ns)   --->   "%ret_ln0 = ret"   --->   Operation 34 'ret' 'ret_ln0' <Predicate = (icmp_ln119)> <Delay = 1.58>

State 2 <SV = 1> <Delay = 7.16>
ST_2 : Operation 19 [1/1] (0.00ns)   --->   "%max_load = load i32 %max" [../src/knn.cpp:120]   --->   Operation 19 'load' 'max_load' <Predicate = true> <Delay = 0.00>
ST_2 : Operation 20 [1/1] (0.00ns)   --->   "%max_label_load_1 = load i32 %max_label" [../src/knn.cpp:120]   --->   Operation 20 'load' 'max_label_load_1' <Predicate = true> <Delay = 0.00>
ST_2 : Operation 21 [1/1] (0.00ns)   --->   "%specpipeline_ln117 = specpipeline void @_ssdm_op_SpecPipeline, i32 4294967295, i32 0, i32 0, i32 0, void @empty_0" [../src/knn.cpp:117]   --->   Operation 21 'specpipeline' 'specpipeline_ln117' <Predicate = true> <Delay = 0.00>
ST_2 : Operation 22 [1/1] (0.00ns)   --->   "%speclooptripcount_ln117 = speclooptripcount void @_ssdm_op_SpecLoopTripCount, i64 10, i64 10, i64 10" [../src/knn.cpp:117]   --->   Operation 22 'speclooptripcount' 'speclooptripcount_ln117' <Predicate = true> <Delay = 0.00>
ST_2 : Operation 23 [1/1] (0.00ns)   --->   "%specloopname_ln119 = specloopname void @_ssdm_op_SpecLoopName, void @empty_17" [../src/knn.cpp:119]   --->   Operation 23 'specloopname' 'specloopname_ln119' <Predicate = true> <Delay = 0.00>
ST_2 : Operation 24 [1/2] ( I:2.32ns O:2.32ns )   --->   "%counts_load = load i4 %counts_addr" [../src/knn.cpp:120]   --->   Operation 24 'load' 'counts_load' <Predicate = true> <Delay = 2.32> <CoreInst = "RAM">   --->   Core 81 'RAM' <Latency = 1> <II = 1> <Delay = 2.32> <Storage> <Opcode : 'load' 'store'> <Ports = 2> <Width = 32> <Depth = 10> <RAM>
ST_2 : Operation 25 [1/1] (2.55ns)   --->   "%icmp_ln120 = icmp_sgt  i32 %counts_load, i32 %max_load" [../src/knn.cpp:120]   --->   Operation 25 'icmp' 'icmp_ln120' <Predicate = true> <Delay = 2.55> <CoreInst = "Cmp">   --->   Core 9 'Cmp' <Latency = 0> <II = 1> <Delay = 2.55> <FuncUnit> <Opcode : 'seteq' 'setne' 'setle' 'setge' 'setlt' 'setgt'> <InPorts = 2> <OutPorts = 1>
ST_2 : Operation 26 [1/1] (0.69ns)   --->   "%max_1 = select i1 %icmp_ln120, i32 %counts_load, i32 %max_load" [../src/knn.cpp:120]   --->   Operation 26 'select' 'max_1' <Predicate = true> <Delay = 0.69> <CoreInst = "Sel">   --->   Core 73 'Sel' <Latency = 0> <II = 1> <Delay = 0.69> <FuncUnit> <Opcode : 'select'> <InPorts = 3> <OutPorts = 1>
ST_2 : Operation 27 [1/1] (0.00ns)   --->   "%zext_ln120 = zext i4 %i_2" [../src/knn.cpp:120]   --->   Operation 27 'zext' 'zext_ln120' <Predicate = true> <Delay = 0.00>
ST_2 : Operation 28 [1/1] (0.69ns)   --->   "%max_label_1 = select i1 %icmp_ln120, i32 %zext_ln120, i32 %max_label_load_1" [../src/knn.cpp:120]   --->   Operation 28 'select' 'max_label_1' <Predicate = true> <Delay = 0.69> <CoreInst = "Sel">   --->   Core 73 'Sel' <Latency = 0> <II = 1> <Delay = 0.69> <FuncUnit> <Opcode : 'select'> <InPorts = 3> <OutPorts = 1>
ST_2 : Operation 29 [1/1] (0.00ns)   --->   "%store_ln118 = store i32 %max_label_1, i32 %max_label" [../src/knn.cpp:118]   --->   Operation 29 'store' 'store_ln118' <Predicate = true> <Delay = 0.00>
ST_2 : Operation 30 [1/1] (1.58ns)   --->   "%store_ln117 = store i32 %max_1, i32 %max" [../src/knn.cpp:117]   --->   Operation 30 'store' 'store_ln117' <Predicate = true> <Delay = 1.58>
ST_2 : Operation 31 [1/1] (0.00ns)   --->   "%br_ln119 = br void %for.body18" [../src/knn.cpp:119]   --->   Operation 31 'br' 'br_ln119' <Predicate = true> <Delay = 0.00>


============================================================
+ Verbose Summary: Binding
============================================================
STG Binding: 
---------------- STG Properties BEGIN ----------------
- Is combinational: 0
- Is one-state seq: 0
- Is datapath-only: 0
- Is pipelined: 0
- Is top level: 0
Port [ Return ] is wired: 1; IO mode=ap_ctrl_hs:ce=0
Port [ counts]:  wired=1; compound=1; hidden=0; nouse=0; global=0; static=0; extern=0; dir=0; type=1; pingpong=0; private_global=0; MemPort=[13]; IO mode=ap_memory:ce=0
Port [ max_label_out]:  wired=1; compound=0; hidden=0; nouse=0; global=0; static=0; extern=0; dir=1; type=0; pingpong=0; private_global=0; IO mode=ap_vld:ce=0
---------------- STG Properties END ------------------

---------------- Datapath Model BEGIN ----------------

<LifeTime>
<method=bitvector/>
max                     (alloca           ) [ 011]
max_label               (alloca           ) [ 011]
i                       (alloca           ) [ 010]
store_ln119             (store            ) [ 000]
store_ln117             (store            ) [ 000]
br_ln0                  (br               ) [ 000]
i_2                     (load             ) [ 011]
icmp_ln119              (icmp             ) [ 010]
add_ln119               (add              ) [ 000]
br_ln119                (br               ) [ 000]
zext_ln119              (zext             ) [ 000]
counts_addr             (getelementptr    ) [ 011]
store_ln119             (store            ) [ 000]
max_load                (load             ) [ 000]
max_label_load_1        (load             ) [ 000]
specpipeline_ln117      (specpipeline     ) [ 000]
speclooptripcount_ln117 (speclooptripcount) [ 000]
specloopname_ln119      (specloopname     ) [ 000]
counts_load             (load             ) [ 000]
icmp_ln120              (icmp             ) [ 000]
max_1                   (select           ) [ 000]
zext_ln120              (zext             ) [ 000]
max_label_1             (select           ) [ 000]
store_ln118             (store            ) [ 000]
store_ln117             (store            ) [ 000]
br_ln119                (br               ) [ 000]
max_label_load          (load             ) [ 000]
write_ln0               (write            ) [ 000]
ret_ln0                 (ret              ) [ 000]
</LifeTime>

<model>

<comp_list>
<comp id="0" class="1000" name="counts">
<pin_list>
<pin id="1" dir="1" index="0" bw="1" slack="0"/>
</pin_list>
<bind>
<StgValue><ssdm name="counts"/><MemPortTyVec>1 3 </MemPortTyVec>
</StgValue>
</bind>
</comp>

<comp id="2" class="1000" name="max_label_out">
<pin_list>
<pin id="3" dir="1" index="0" bw="1" slack="0"/>
</pin_list>
<bind>
<StgValue><ssdm name="max_label_out"/></StgValue>
</bind>
</comp>

<comp id="4" class="1001" name="const_4">
<pin_list>
<pin id="5" dir="1" index="0" bw="1" slack="0"/>
</pin_list>
<bind>
<StgValue><ssdm name=""/></StgValue>
</bind>
</comp>

<comp id="6" class="1001" name="const_6">
<pin_list>
<pin id="7" dir="1" index="0" bw="1" slack="0"/>
</pin_list>
<bind>
<StgValue><ssdm name=""/></StgValue>
</bind>
</comp>

<comp id="8" class="1001" name="const_8">
<pin_list>
<pin id="9" dir="1" index="0" bw="1" slack="0"/>
</pin_list>
<bind>
<StgValue><ssdm name=""/></StgValue>
</bind>
</comp>

<comp id="10" class="1001" name="const_10">
<pin_list>
<pin id="11" dir="1" index="0" bw="1" slack="0"/>
</pin_list>
<bind>
<StgValue><ssdm name=""/></StgValue>
</bind>
</comp>

<comp id="12" class="1001" name="const_12">
<pin_list>
<pin id="13" dir="1" index="0" bw="1" slack="0"/>
</pin_list>
<bind>
<StgValue><ssdm name=""/></StgValue>
</bind>
</comp>

<comp id="14" class="1001" name="const_14">
<pin_list>
<pin id="15" dir="1" index="0" bw="1" slack="0"/>
</pin_list>
<bind>
<StgValue><ssdm name=""/></StgValue>
</bind>
</comp>

<comp id="16" class="1001" name="const_16">
<pin_list>
<pin id="17" dir="1" index="0" bw="1" slack="2147483647"/>
</pin_list>
<bind>
<StgValue><ssdm name="_ssdm_op_SpecPipeline"/></StgValue>
</bind>
</comp>

<comp id="18" class="1001" name="const_18">
<pin_list>
<pin id="19" dir="1" index="0" bw="1" slack="2147483647"/>
</pin_list>
<bind>
<StgValue><ssdm name=""/></StgValue>
</bind>
</comp>

<comp id="20" class="1001" name="const_20">
<pin_list>
<pin id="21" dir="1" index="0" bw="1" slack="2147483647"/>
</pin_list>
<bind>
<StgValue><ssdm name="empty_0"/></StgValue>
</bind>
</comp>

<comp id="22" class="1001" name="const_22">
<pin_list>
<pin id="23" dir="1" index="0" bw="1" slack="2147483647"/>
</pin_list>
<bind>
<StgValue><ssdm name="_ssdm_op_SpecLoopTripCount"/></StgValue>
</bind>
</comp>

<comp id="24" class="1001" name="const_24">
<pin_list>
<pin id="25" dir="1" index="0" bw="1" slack="2147483647"/>
</pin_list>
<bind>
<StgValue><ssdm name=""/></StgValue>
</bind>
</comp>

<comp id="26" class="1001" name="const_26">
<pin_list>
<pin id="27" dir="1" index="0" bw="1" slack="2147483647"/>
</pin_list>
<bind>
<StgValue><ssdm name="_ssdm_op_SpecLoopName"/></StgValue>
</bind>
</comp>

<comp id="28" class="1001" name="const_28">
<pin_list>
<pin id="29" dir="1" index="0" bw="1" slack="2147483647"/>
</pin_list>
<bind>
<StgValue><ssdm name="empty_17"/></StgValue>
</bind>
</comp>

<comp id="30" class="1001" name="const_30">
<pin_list>
<pin id="31" dir="1" index="0" bw="1" slack="0"/>
</pin_list>
<bind>
<StgValue><ssdm name="_ssdm_op_Write.ap_auto.i32P0A"/></StgValue>
</bind>
</comp>

<comp id="32" class="1004" name="max_fu_32">
<pin_list>
<pin id="33" dir="0" index="0" bw="1" slack="0"/>
<pin id="34" dir="1" index="1" bw="32" slack="0"/>
</pin_list>
<bind>
<opcode="alloca(26) " fcode="alloca"/>
<opset="max/1 "/>
</bind>
</comp>

<comp id="36" class="1004" name="max_label_fu_36">
<pin_list>
<pin id="37" dir="0" index="0" bw="1" slack="0"/>
<pin id="38" dir="1" index="1" bw="32" slack="0"/>
</pin_list>
<bind>
<opcode="alloca(26) " fcode="alloca"/>
<opset="max_label/1 "/>
</bind>
</comp>

<comp id="40" class="1004" name="i_fu_40">
<pin_list>
<pin id="41" dir="0" index="0" bw="1" slack="0"/>
<pin id="42" dir="1" index="1" bw="4" slack="0"/>
</pin_list>
<bind>
<opcode="alloca(26) " fcode="alloca"/>
<opset="i/1 "/>
</bind>
</comp>

<comp id="44" class="1004" name="write_ln0_write_fu_44">
<pin_list>
<pin id="45" dir="0" index="0" bw="0" slack="0"/>
<pin id="46" dir="0" index="1" bw="32" slack="0"/>
<pin id="47" dir="0" index="2" bw="32" slack="0"/>
<pin id="48" dir="1" index="3" bw="0" slack="2147483647"/>
</pin_list>
<bind>
<opcode="write(1151) " fcode="write"/>
<opset="write_ln0/1 "/>
</bind>
</comp>

<comp id="51" class="1004" name="counts_addr_gep_fu_51">
<pin_list>
<pin id="52" dir="0" index="0" bw="32" slack="0"/>
<pin id="53" dir="0" index="1" bw="1" slack="0"/>
<pin id="54" dir="0" index="2" bw="4" slack="0"/>
<pin id="55" dir="1" index="3" bw="4" slack="0"/>
</pin_list>
<bind>
<opcode="getelementptr(29) " fcode="getelementptr"/>
<opset="counts_addr/1 "/>
</bind>
</comp>

<comp id="58" class="1004" name="grp_access_fu_58">
<pin_list>
<pin id="59" dir="0" index="0" bw="4" slack="0"/>
<pin id="60" dir="0" index="1" bw="32" slack="2147483647"/>
<pin id="61" dir="0" index="2" bw="0" slack="2147483647"/>
<pin id="62" dir="1" index="3" bw="32" slack="0"/>
</pin_list>
<bind>
<opcode="load(27) " fcode="load"/>
<opset="counts_load/1 "/>
</bind>
</comp>

<comp id="64" class="1004" name="store_ln119_store_fu_64">
<pin_list>
<pin id="65" dir="0" index="0" bw="1" slack="0"/>
<pin id="66" dir="0" index="1" bw="4" slack="0"/>
<pin id="67" dir="1" index="2" bw="0" slack="2147483647"/>
</pin_list>
<bind>
<opcode="store(28) " fcode="store"/>
<opset="store_ln119/1 "/>
</bind>
</comp>

<comp id="69" class="1004" name="store_ln117_store_fu_69">
<pin_list>
<pin id="70" dir="0" index="0" bw="1" slack="0"/>
<pin id="71" dir="0" index="1" bw="32" slack="0"/>
<pin id="72" dir="1" index="2" bw="0" slack="2147483647"/>
</pin_list>
<bind>
<opcode="store(28) " fcode="store"/>
<opset="store_ln117/1 "/>
</bind>
</comp>

<comp id="74" class="1004" name="i_2_load_fu_74">
<pin_list>
<pin id="75" dir="0" index="0" bw="4" slack="0"/>
<pin id="76" dir="1" index="1" bw="4" slack="0"/>
</pin_list>
<bind>
<opcode="load(27) " fcode="load"/>
<opset="i_2/1 "/>
</bind>
</comp>

<comp id="77" class="1004" name="icmp_ln119_fu_77">
<pin_list>
<pin id="78" dir="0" index="0" bw="4" slack="0"/>
<pin id="79" dir="0" index="1" bw="4" slack="0"/>
<pin id="80" dir="1" index="2" bw="1" slack="2147483647"/>
</pin_list>
<bind>
<opcode="icmp(45) " fcode="icmp"/>
<opset="icmp_ln119/1 "/>
</bind>
</comp>

<comp id="83" class="1004" name="add_ln119_fu_83">
<pin_list>
<pin id="84" dir="0" index="0" bw="4" slack="0"/>
<pin id="85" dir="0" index="1" bw="1" slack="0"/>
<pin id="86" dir="1" index="2" bw="4" slack="0"/>
</pin_list>
<bind>
<opcode="add(8) " fcode="add"/>
<opset="add_ln119/1 "/>
</bind>
</comp>

<comp id="89" class="1004" name="zext_ln119_fu_89">
<pin_list>
<pin id="90" dir="0" index="0" bw="4" slack="0"/>
<pin id="91" dir="1" index="1" bw="64" slack="0"/>
</pin_list>
<bind>
<opcode="zext(34) " fcode="zext"/>
<opset="zext_ln119/1 "/>
</bind>
</comp>

<comp id="94" class="1004" name="store_ln119_store_fu_94">
<pin_list>
<pin id="95" dir="0" index="0" bw="4" slack="0"/>
<pin id="96" dir="0" index="1" bw="4" slack="0"/>
<pin id="97" dir="1" index="2" bw="0" slack="2147483647"/>
</pin_list>
<bind>
<opcode="store(28) " fcode="store"/>
<opset="store_ln119/1 "/>
</bind>
</comp>

<comp id="99" class="1004" name="max_load_load_fu_99">
<pin_list>
<pin id="100" dir="0" index="0" bw="32" slack="1"/>
<pin id="101" dir="1" index="1" bw="32" slack="0"/>
</pin_list>
<bind>
<opcode="load(27) " fcode="load"/>
<opset="max_load/2 "/>
</bind>
</comp>

<comp id="102" class="1004" name="max_label_load_1_load_fu_102">
<pin_list>
<pin id="103" dir="0" index="0" bw="32" slack="1"/>
<pin id="104" dir="1" index="1" bw="32" slack="0"/>
</pin_list>
<bind>
<opcode="load(27) " fcode="load"/>
<opset="max_label_load_1/2 "/>
</bind>
</comp>

<comp id="105" class="1004" name="icmp_ln120_fu_105">
<pin_list>
<pin id="106" dir="0" index="0" bw="32" slack="0"/>
<pin id="107" dir="0" index="1" bw="32" slack="0"/>
<pin id="108" dir="1" index="2" bw="1" slack="0"/>
</pin_list>
<bind>
<opcode="icmp(45) " fcode="icmp"/>
<opset="icmp_ln120/2 "/>
</bind>
</comp>

<comp id="111" class="1004" name="max_1_fu_111">
<pin_list>
<pin id="112" dir="0" index="0" bw="1" slack="0"/>
<pin id="113" dir="0" index="1" bw="32" slack="0"/>
<pin id="114" dir="0" index="2" bw="32" slack="0"/>
<pin id="115" dir="1" index="3" bw="32" slack="0"/>
</pin_list>
<bind>
<opcode="select(49) " fcode="select"/>
<opset="max_1/2 "/>
</bind>
</comp>

<comp id="119" class="1004" name="zext_ln120_fu_119">
<pin_list>
<pin id="120" dir="0" index="0" bw="4" slack="1"/>
<pin id="121" dir="1" index="1" bw="32" slack="0"/>
</pin_list>
<bind>
<opcode="zext(34) " fcode="zext"/>
<opset="zext_ln120/2 "/>
</bind>
</comp>

<comp id="122" class="1004" name="max_label_1_fu_122">
<pin_list>
<pin id="123" dir="0" index="0" bw="1" slack="0"/>
<pin id="124" dir="0" index="1" bw="32" slack="0"/>
<pin id="125" dir="0" index="2" bw="32" slack="0"/>
<pin id="126" dir="1" index="3" bw="32" slack="0"/>
</pin_list>
<bind>
<opcode="select(49) " fcode="select"/>
<opset="max_label_1/2 "/>
</bind>
</comp>

<comp id="130" class="1004" name="store_ln118_store_fu_130">
<pin_list>
<pin id="131" dir="0" index="0" bw="32" slack="0"/>
<pin id="132" dir="0" index="1" bw="32" slack="1"/>
<pin id="133" dir="1" index="2" bw="0" slack="2147483647"/>
</pin_list>
<bind>
<opcode="store(28) " fcode="store"/>
<opset="store_ln118/2 "/>
</bind>
</comp>

<comp id="135" class="1004" name="store_ln117_store_fu_135">
<pin_list>
<pin id="136" dir="0" index="0" bw="32" slack="0"/>
<pin id="137" dir="0" index="1" bw="32" slack="1"/>
<pin id="138" dir="1" index="2" bw="0" slack="2147483647"/>
</pin_list>
<bind>
<opcode="store(28) " fcode="store"/>
<opset="store_ln117/2 "/>
</bind>
</comp>

<comp id="140" class="1004" name="max_label_load_load_fu_140">
<pin_list>
<pin id="141" dir="0" index="0" bw="32" slack="0"/>
<pin id="142" dir="1" index="1" bw="32" slack="0"/>
</pin_list>
<bind>
<opcode="load(27) " fcode="load"/>
<opset="max_label_load/1 "/>
</bind>
</comp>

<comp id="144" class="1005" name="max_reg_144">
<pin_list>
<pin id="145" dir="0" index="0" bw="32" slack="0"/>
<pin id="146" dir="1" index="1" bw="32" slack="0"/>
</pin_list>
<bind>
<opset="max "/>
</bind>
</comp>

<comp id="151" class="1005" name="max_label_reg_151">
<pin_list>
<pin id="152" dir="0" index="0" bw="32" slack="0"/>
<pin id="153" dir="1" index="1" bw="32" slack="0"/>
</pin_list>
<bind>
<opset="max_label "/>
</bind>
</comp>

<comp id="158" class="1005" name="i_reg_158">
<pin_list>
<pin id="159" dir="0" index="0" bw="4" slack="0"/>
<pin id="160" dir="1" index="1" bw="4" slack="0"/>
</pin_list>
<bind>
<opset="i "/>
</bind>
</comp>

<comp id="165" class="1005" name="i_2_reg_165">
<pin_list>
<pin id="166" dir="0" index="0" bw="4" slack="1"/>
<pin id="167" dir="1" index="1" bw="4" slack="1"/>
</pin_list>
<bind>
<opset="i_2 "/>
</bind>
</comp>

<comp id="173" class="1005" name="counts_addr_reg_173">
<pin_list>
<pin id="174" dir="0" index="0" bw="4" slack="1"/>
<pin id="175" dir="1" index="1" bw="4" slack="1"/>
</pin_list>
<bind>
<opset="counts_addr "/>
</bind>
</comp>

</comp_list>

<net_list>
<net id="35"><net_src comp="4" pin="0"/><net_sink comp="32" pin=0"/></net>

<net id="39"><net_src comp="4" pin="0"/><net_sink comp="36" pin=0"/></net>

<net id="43"><net_src comp="4" pin="0"/><net_sink comp="40" pin=0"/></net>

<net id="49"><net_src comp="30" pin="0"/><net_sink comp="44" pin=0"/></net>

<net id="50"><net_src comp="2" pin="0"/><net_sink comp="44" pin=1"/></net>

<net id="56"><net_src comp="0" pin="0"/><net_sink comp="51" pin=0"/></net>

<net id="57"><net_src comp="14" pin="0"/><net_sink comp="51" pin=1"/></net>

<net id="63"><net_src comp="51" pin="3"/><net_sink comp="58" pin=0"/></net>

<net id="68"><net_src comp="6" pin="0"/><net_sink comp="64" pin=0"/></net>

<net id="73"><net_src comp="8" pin="0"/><net_sink comp="69" pin=0"/></net>

<net id="81"><net_src comp="74" pin="1"/><net_sink comp="77" pin=0"/></net>

<net id="82"><net_src comp="10" pin="0"/><net_sink comp="77" pin=1"/></net>

<net id="87"><net_src comp="74" pin="1"/><net_sink comp="83" pin=0"/></net>

<net id="88"><net_src comp="12" pin="0"/><net_sink comp="83" pin=1"/></net>

<net id="92"><net_src comp="74" pin="1"/><net_sink comp="89" pin=0"/></net>

<net id="93"><net_src comp="89" pin="1"/><net_sink comp="51" pin=2"/></net>

<net id="98"><net_src comp="83" pin="2"/><net_sink comp="94" pin=0"/></net>

<net id="109"><net_src comp="58" pin="3"/><net_sink comp="105" pin=0"/></net>

<net id="110"><net_src comp="99" pin="1"/><net_sink comp="105" pin=1"/></net>

<net id="116"><net_src comp="105" pin="2"/><net_sink comp="111" pin=0"/></net>

<net id="117"><net_src comp="58" pin="3"/><net_sink comp="111" pin=1"/></net>

<net id="118"><net_src comp="99" pin="1"/><net_sink comp="111" pin=2"/></net>

<net id="127"><net_src comp="105" pin="2"/><net_sink comp="122" pin=0"/></net>

<net id="128"><net_src comp="119" pin="1"/><net_sink comp="122" pin=1"/></net>

<net id="129"><net_src comp="102" pin="1"/><net_sink comp="122" pin=2"/></net>

<net id="134"><net_src comp="122" pin="3"/><net_sink comp="130" pin=0"/></net>

<net id="139"><net_src comp="111" pin="3"/><net_sink comp="135" pin=0"/></net>

<net id="143"><net_src comp="140" pin="1"/><net_sink comp="44" pin=2"/></net>

<net id="147"><net_src comp="32" pin="1"/><net_sink comp="144" pin=0"/></net>

<net id="148"><net_src comp="144" pin="1"/><net_sink comp="69" pin=1"/></net>

<net id="149"><net_src comp="144" pin="1"/><net_sink comp="99" pin=0"/></net>

<net id="150"><net_src comp="144" pin="1"/><net_sink comp="135" pin=1"/></net>

<net id="154"><net_src comp="36" pin="1"/><net_sink comp="151" pin=0"/></net>

<net id="155"><net_src comp="151" pin="1"/><net_sink comp="102" pin=0"/></net>

<net id="156"><net_src comp="151" pin="1"/><net_sink comp="130" pin=1"/></net>

<net id="157"><net_src comp="151" pin="1"/><net_sink comp="140" pin=0"/></net>

<net id="161"><net_src comp="40" pin="1"/><net_sink comp="158" pin=0"/></net>

<net id="162"><net_src comp="158" pin="1"/><net_sink comp="64" pin=1"/></net>

<net id="163"><net_src comp="158" pin="1"/><net_sink comp="74" pin=0"/></net>

<net id="164"><net_src comp="158" pin="1"/><net_sink comp="94" pin=1"/></net>

<net id="168"><net_src comp="74" pin="1"/><net_sink comp="165" pin=0"/></net>

<net id="169"><net_src comp="165" pin="1"/><net_sink comp="119" pin=0"/></net>

<net id="176"><net_src comp="51" pin="3"/><net_sink comp="173" pin=0"/></net>

<net id="177"><net_src comp="173" pin="1"/><net_sink comp="58" pin=0"/></net>

</net_list>

</model> 
---------------- Datapath Model END ------------------

* FSMD analyzer results:
  - Output states:
	Port: max_label_out | {1 }
 - Input state : 
	Port: knn_majority_vote_Pipeline_VITIS_LOOP_119_3 : counts | {1 2 }
  - Chain level:
	State 1
		store_ln119 : 1
		store_ln117 : 1
		i_2 : 1
		icmp_ln119 : 2
		add_ln119 : 2
		br_ln119 : 3
		zext_ln119 : 2
		counts_addr : 3
		counts_load : 4
		store_ln119 : 3
		max_label_load : 1
		write_ln0 : 2
	State 2
		icmp_ln120 : 1
		max_1 : 2
		max_label_1 : 2
		store_ln118 : 3
		store_ln117 : 3


============================================================
+ Verbose Summary: Datapath Resource usage 
============================================================

* Functional unit list:
|----------|-----------------------|---------|---------|
| Operation|    Functional Unit    |    FF   |   LUT   |
|----------|-----------------------|---------|---------|
|  select  |      max_1_fu_111     |    0    |    32   |
|          |   max_label_1_fu_122  |    0    |    32   |
|----------|-----------------------|---------|---------|
|   icmp   |    icmp_ln119_fu_77   |    0    |    13   |
|          |   icmp_ln120_fu_105   |    0    |    39   |
|----------|-----------------------|---------|---------|
|    add   |    add_ln119_fu_83    |    0    |    13   |
|----------|-----------------------|---------|---------|
|   write  | write_ln0_write_fu_44 |    0    |    0    |
|----------|-----------------------|---------|---------|
|   zext   |    zext_ln119_fu_89   |    0    |    0    |
|          |   zext_ln120_fu_119   |    0    |    0    |
|----------|-----------------------|---------|---------|
|   Total  |                       |    0    |   129   |
|----------|-----------------------|---------|---------|

Memories:
N/A

* Register list:
+-------------------+--------+
|                   |   FF   |
+-------------------+--------+
|counts_addr_reg_173|    4   |
|    i_2_reg_165    |    4   |
|     i_reg_158     |    4   |
| max_label_reg_151 |   32   |
|    max_reg_144    |   32   |
+-------------------+--------+
|       Total       |   76   |
+-------------------+--------+

* Multiplexer (MUX) list: 
|------------------|------|------|------|--------||---------||---------||---------|
|       Comp       |  Pin | Size |  BW  | S x BW ||  Delay  ||    FF   ||   LUT   |
|------------------|------|------|------|--------||---------||---------||---------|
| grp_access_fu_58 |  p0  |   2  |   4  |    8   ||    0    ||    9    |
|------------------|------|------|------|--------||---------||---------||---------|
|       Total      |      |      |      |    8   ||  1.588  ||    0    ||    9    |
|------------------|------|------|------|--------||---------||---------||---------|



* Summary:
+-----------+--------+--------+--------+
|           |  Delay |   FF   |   LUT  |
+-----------+--------+--------+--------+
|  Function |    -   |    0   |   129  |
|   Memory  |    -   |    -   |    -   |
|Multiplexer|    1   |    0   |    9   |
|  Register |    -   |   76   |    -   |
+-----------+--------+--------+--------+
|   Total   |    1   |   76   |   138  |
+-----------+--------+--------+--------+
