

================================================================
== Vitis HLS Report for 'knn_distance_and_sort_Pipeline_sort_loop_j'
================================================================
* Date:           Tue Mar 17 18:06:02 2026

* Version:        2025.1 (Build 6135595 on May 21 2025)
* Project:        knn_accelerator
* Solution:       hls (Vivado IP Flow Target)
* Product family: zynq
* Target device:  xc7z020-clg400-1


================================================================
== Performance Estimates
================================================================
+ Timing: 
    * Summary: 
    +--------+----------+----------+------------+
    |  Clock |  Target  | Estimated| Uncertainty|
    +--------+----------+----------+------------+
    |ap_clk  |  10.00 ns|  6.508 ns|     2.70 ns|
    +--------+----------+----------+------------+

+ Latency: 
    * Summary: 
    +---------+---------+-----------+-----------+-----+------+------------------------------------------------+
    |  Latency (cycles) |   Latency (absolute)  |  Interval  |                    Pipeline                    |
    |   min   |   max   |    min    |    max    | min |  max |                      Type                      |
    +---------+---------+-----------+-----------+-----+------+------------------------------------------------+
    |        7|     7497|  70.000 ns|  74.970 us|    6|  7496|  loop auto-rewind stp (delay=0 clock cycles(s))|
    +---------+---------+-----------+-----------+-----+------+------------------------------------------------+

    + Detail: 
        * Instance: 
        N/A

        * Loop: 
        +---------------+---------+---------+----------+-----------+-----------+----------+----------+
        |               |  Latency (cycles) | Iteration|  Initiation Interval  |   Trip   |          |
        |   Loop Name   |   min   |   max   |  Latency |  achieved |   target  |   Count  | Pipelined|
        +---------------+---------+---------+----------+-----------+-----------+----------+----------+
        |- sort_loop_j  |        5|     7495|         5|          5|          1|  1 ~ 1499|       yes|
        +---------------+---------+---------+----------+-----------+-----------+----------+----------+

============================================================
+ Verbose Summary: Synthesis Manager
============================================================
InlineROM: 1
ExposeGlobal: 0
============================================================
+ Verbose Summary: CDFG Model
============================================================
IsTopModel: 0
ResetActiveHigh: 1
IsCombinational: 0
IsDatapathOnly: 0
HasWiredReturn: 1
HasMFsm: 2
HasVarLatency: 1
IsPipeline: 0
IsRtlPipelined: 0
IsInstanceOverlapped: 0
IsDontTouch: 0
HasImplIP: 0
IsGatedGlobalClock: 0

+ Individual pipeline summary: 
  * Pipeline-0: initiation interval (II) = 5, depth = 5


============================================================
+ Verbose Summary: Schedule
============================================================
* Number of FSM states : 5
* Pipeline : 1
  Pipeline-0 : II = 5, D = 5, States = { 1 2 3 4 5 }
* Dataflow Pipeline: 0

* FSM state transitions: 
1 --> 2 
2 --> 3 
3 --> 4 
4 --> 5 
5 --> 

* FSM state operations: 

State 1 <SV = 0> <Delay = 6.48>
ST_1 : Operation 8 [1/1] (0.00ns)   --->   "%j = alloca i32 1" [../src/knn.cpp:65]   --->   Operation 8 'alloca' 'j' <Predicate = true> <Delay = 0.00>
ST_1 : Operation 9 [1/1] (0.00ns)   --->   "%indvars_iv14_read = read i11 @_ssdm_op_Read.ap_auto.i11, i11 %indvars_iv14"   --->   Operation 9 'read' 'indvars_iv14_read' <Predicate = true> <Delay = 0.00>
ST_1 : Operation 10 [1/1] (1.58ns)   --->   "%store_ln65 = store i11 0, i11 %j" [../src/knn.cpp:65]   --->   Operation 10 'store' 'store_ln65' <Predicate = true> <Delay = 1.58>
ST_1 : Operation 11 [1/1] (0.00ns)   --->   "%br_ln0 = br void %for.body41"   --->   Operation 11 'br' 'br_ln0' <Predicate = true> <Delay = 0.00>
ST_1 : Operation 12 [1/1] (0.00ns)   --->   "%j_1 = load i11 %j" [../src/knn.cpp:66]   --->   Operation 12 'load' 'j_1' <Predicate = true> <Delay = 0.00>
ST_1 : Operation 13 [1/1] (1.63ns)   --->   "%icmp_ln65 = icmp_eq  i11 %j_1, i11 %indvars_iv14_read" [../src/knn.cpp:65]   --->   Operation 13 'icmp' 'icmp_ln65' <Predicate = true> <Delay = 1.63> <CoreInst = "Cmp">   --->   Core 9 'Cmp' <Latency = 0> <II = 1> <Delay = 1.63> <FuncUnit> <Opcode : 'seteq' 'setne' 'setle' 'setge' 'setlt' 'setgt'> <InPorts = 2> <OutPorts = 1>
ST_1 : Operation 14 [1/1] (1.63ns)   --->   "%add_ln66 = add i11 %j_1, i11 1" [../src/knn.cpp:66]   --->   Operation 14 'add' 'add_ln66' <Predicate = true> <Delay = 1.63> <CoreInst = "Adder">   --->   Core 1 'Adder' <Latency = 0> <II = 1> <Delay = 1.63> <FuncUnit> <Opcode : 'add' 'sub'> <InPorts = 2> <OutPorts = 1>
ST_1 : Operation 15 [1/1] (0.00ns)   --->   "%br_ln65 = br i1 %icmp_ln65, void %for.body41.split, void %for.inc71.exitStub" [../src/knn.cpp:65]   --->   Operation 15 'br' 'br_ln65' <Predicate = true> <Delay = 0.00>
ST_1 : Operation 16 [1/1] (0.00ns)   --->   "%zext_ln65 = zext i11 %j_1" [../src/knn.cpp:65]   --->   Operation 16 'zext' 'zext_ln65' <Predicate = (!icmp_ln65)> <Delay = 0.00>
ST_1 : Operation 17 [1/1] (0.00ns)   --->   "%distances_addr = getelementptr i64 %distances, i64 0, i64 %zext_ln65" [../src/knn.cpp:66]   --->   Operation 17 'getelementptr' 'distances_addr' <Predicate = (!icmp_ln65)> <Delay = 0.00>
ST_1 : Operation 18 [2/2] (3.25ns)   --->   "%temp_dist = load i11 %distances_addr" [../src/knn.cpp:66]   --->   Operation 18 'load' 'temp_dist' <Predicate = (!icmp_ln65)> <Delay = 3.25> <CoreInst = "RAM">   --->   Core 81 'RAM' <Latency = 1> <II = 1> <Delay = 3.25> <Storage> <Opcode : 'load' 'store'> <Ports = 2> <Width = 64> <Depth = 1500> <RAM>
ST_1 : Operation 19 [1/1] (0.00ns)   --->   "%zext_ln66 = zext i11 %add_ln66" [../src/knn.cpp:66]   --->   Operation 19 'zext' 'zext_ln66' <Predicate = (!icmp_ln65)> <Delay = 0.00>
ST_1 : Operation 20 [1/1] (0.00ns)   --->   "%distances_addr_1 = getelementptr i64 %distances, i64 0, i64 %zext_ln66" [../src/knn.cpp:66]   --->   Operation 20 'getelementptr' 'distances_addr_1' <Predicate = (!icmp_ln65)> <Delay = 0.00>
ST_1 : Operation 21 [2/2] (3.25ns)   --->   "%distances_load_1 = load i11 %distances_addr_1" [../src/knn.cpp:66]   --->   Operation 21 'load' 'distances_load_1' <Predicate = (!icmp_ln65)> <Delay = 3.25> <CoreInst = "RAM">   --->   Core 81 'RAM' <Latency = 1> <II = 1> <Delay = 3.25> <Storage> <Opcode : 'load' 'store'> <Ports = 2> <Width = 64> <Depth = 1500> <RAM>
ST_1 : Operation 57 [1/1] (1.58ns)   --->   "%ret_ln0 = ret"   --->   Operation 57 'ret' 'ret_ln0' <Predicate = (icmp_ln65)> <Delay = 1.58>

State 2 <SV = 1> <Delay = 3.25>
ST_2 : Operation 22 [1/2] ( I:3.25ns O:3.25ns )   --->   "%temp_dist = load i11 %distances_addr" [../src/knn.cpp:66]   --->   Operation 22 'load' 'temp_dist' <Predicate = true> <Delay = 3.25> <CoreInst = "RAM">   --->   Core 81 'RAM' <Latency = 1> <II = 1> <Delay = 3.25> <Storage> <Opcode : 'load' 'store'> <Ports = 2> <Width = 64> <Depth = 1500> <RAM>
ST_2 : Operation 23 [1/2] ( I:3.25ns O:3.25ns )   --->   "%distances_load_1 = load i11 %distances_addr_1" [../src/knn.cpp:66]   --->   Operation 23 'load' 'distances_load_1' <Predicate = true> <Delay = 3.25> <CoreInst = "RAM">   --->   Core 81 'RAM' <Latency = 1> <II = 1> <Delay = 3.25> <Storage> <Opcode : 'load' 'store'> <Ports = 2> <Width = 64> <Depth = 1500> <RAM>

State 3 <SV = 2> <Delay = 5.46>
ST_3 : Operation 24 [2/2] (5.46ns)   --->   "%tmp_3 = fcmp_ogt  i64 %temp_dist, i64 %distances_load_1" [../src/knn.cpp:66]   --->   Operation 24 'dcmp' 'tmp_3' <Predicate = true> <Delay = 5.46> <CoreInst = "DCompare">   --->   Core 38 'DCompare' <Latency = 1> <II = 1> <Delay = 5.46> <FuncUnit> <Opcode : 'dcmp'> <InPorts = 2> <OutPorts = 1>

State 4 <SV = 3> <Delay = 6.43>
ST_4 : Operation 25 [1/1] (0.00ns)   --->   "%specpipeline_ln65 = specpipeline void @_ssdm_op_SpecPipeline, i32 4294967295, i32 0, i32 0, i32 0, void @empty_0" [../src/knn.cpp:65]   --->   Operation 25 'specpipeline' 'specpipeline_ln65' <Predicate = true> <Delay = 0.00>
ST_4 : Operation 26 [1/1] (0.00ns)   --->   "%speclooptripcount_ln65 = speclooptripcount void @_ssdm_op_SpecLoopTripCount, i64 1, i64 1499, i64 750" [../src/knn.cpp:65]   --->   Operation 26 'speclooptripcount' 'speclooptripcount_ln65' <Predicate = true> <Delay = 0.00>
ST_4 : Operation 27 [1/1] (0.00ns)   --->   "%specloopname_ln65 = specloopname void @_ssdm_op_SpecLoopName, void @empty_21" [../src/knn.cpp:65]   --->   Operation 27 'specloopname' 'specloopname_ln65' <Predicate = true> <Delay = 0.00>
ST_4 : Operation 28 [1/1] (0.00ns)   --->   "%bitcast_ln66 = bitcast i64 %temp_dist" [../src/knn.cpp:66]   --->   Operation 28 'bitcast' 'bitcast_ln66' <Predicate = true> <Delay = 0.00>
ST_4 : Operation 29 [1/1] (0.00ns)   --->   "%tmp_1 = partselect i11 @_ssdm_op_PartSelect.i11.i64.i32.i32, i64 %bitcast_ln66, i32 52, i32 62" [../src/knn.cpp:66]   --->   Operation 29 'partselect' 'tmp_1' <Predicate = true> <Delay = 0.00>
ST_4 : Operation 30 [1/1] (0.00ns)   --->   "%trunc_ln66 = trunc i64 %bitcast_ln66" [../src/knn.cpp:66]   --->   Operation 30 'trunc' 'trunc_ln66' <Predicate = true> <Delay = 0.00>
ST_4 : Operation 31 [1/1] (0.00ns)   --->   "%bitcast_ln66_1 = bitcast i64 %distances_load_1" [../src/knn.cpp:66]   --->   Operation 31 'bitcast' 'bitcast_ln66_1' <Predicate = true> <Delay = 0.00>
ST_4 : Operation 32 [1/1] (0.00ns)   --->   "%tmp_2 = partselect i11 @_ssdm_op_PartSelect.i11.i64.i32.i32, i64 %bitcast_ln66_1, i32 52, i32 62" [../src/knn.cpp:66]   --->   Operation 32 'partselect' 'tmp_2' <Predicate = true> <Delay = 0.00>
ST_4 : Operation 33 [1/1] (0.00ns)   --->   "%trunc_ln66_1 = trunc i64 %bitcast_ln66_1" [../src/knn.cpp:66]   --->   Operation 33 'trunc' 'trunc_ln66_1' <Predicate = true> <Delay = 0.00>
ST_4 : Operation 34 [1/1] (1.63ns)   --->   "%icmp_ln66 = icmp_ne  i11 %tmp_1, i11 2047" [../src/knn.cpp:66]   --->   Operation 34 'icmp' 'icmp_ln66' <Predicate = true> <Delay = 1.63> <CoreInst = "Cmp">   --->   Core 9 'Cmp' <Latency = 0> <II = 1> <Delay = 1.63> <FuncUnit> <Opcode : 'seteq' 'setne' 'setle' 'setge' 'setlt' 'setgt'> <InPorts = 2> <OutPorts = 1>
ST_4 : Operation 35 [1/1] (3.21ns)   --->   "%icmp_ln66_1 = icmp_eq  i52 %trunc_ln66, i52 0" [../src/knn.cpp:66]   --->   Operation 35 'icmp' 'icmp_ln66_1' <Predicate = true> <Delay = 3.21> <CoreInst = "Cmp">   --->   Core 9 'Cmp' <Latency = 0> <II = 1> <Delay = 3.21> <FuncUnit> <Opcode : 'seteq' 'setne' 'setle' 'setge' 'setlt' 'setgt'> <InPorts = 2> <OutPorts = 1>
ST_4 : Operation 36 [1/1] (0.00ns) (grouped into LUT with out node and_ln66_1)   --->   "%or_ln66 = or i1 %icmp_ln66_1, i1 %icmp_ln66" [../src/knn.cpp:66]   --->   Operation 36 'or' 'or_ln66' <Predicate = true> <Delay = 0.00> <CoreInst = "LogicGate">   --->   Core 74 'LogicGate' <Latency = 0> <II = 1> <Delay = 0.97> <FuncUnit> <Opcode : 'and' 'or' 'xor'> <InPorts = 2> <OutPorts = 1>
ST_4 : Operation 37 [1/1] (1.63ns)   --->   "%icmp_ln66_2 = icmp_ne  i11 %tmp_2, i11 2047" [../src/knn.cpp:66]   --->   Operation 37 'icmp' 'icmp_ln66_2' <Predicate = true> <Delay = 1.63> <CoreInst = "Cmp">   --->   Core 9 'Cmp' <Latency = 0> <II = 1> <Delay = 1.63> <FuncUnit> <Opcode : 'seteq' 'setne' 'setle' 'setge' 'setlt' 'setgt'> <InPorts = 2> <OutPorts = 1>
ST_4 : Operation 38 [1/1] (3.21ns)   --->   "%icmp_ln66_3 = icmp_eq  i52 %trunc_ln66_1, i52 0" [../src/knn.cpp:66]   --->   Operation 38 'icmp' 'icmp_ln66_3' <Predicate = true> <Delay = 3.21> <CoreInst = "Cmp">   --->   Core 9 'Cmp' <Latency = 0> <II = 1> <Delay = 3.21> <FuncUnit> <Opcode : 'seteq' 'setne' 'setle' 'setge' 'setlt' 'setgt'> <InPorts = 2> <OutPorts = 1>
ST_4 : Operation 39 [1/1] (0.00ns) (grouped into LUT with out node and_ln66_1)   --->   "%or_ln66_1 = or i1 %icmp_ln66_3, i1 %icmp_ln66_2" [../src/knn.cpp:66]   --->   Operation 39 'or' 'or_ln66_1' <Predicate = true> <Delay = 0.00> <CoreInst = "LogicGate">   --->   Core 74 'LogicGate' <Latency = 0> <II = 1> <Delay = 0.97> <FuncUnit> <Opcode : 'and' 'or' 'xor'> <InPorts = 2> <OutPorts = 1>
ST_4 : Operation 40 [1/2] (5.46ns)   --->   "%tmp_3 = fcmp_ogt  i64 %temp_dist, i64 %distances_load_1" [../src/knn.cpp:66]   --->   Operation 40 'dcmp' 'tmp_3' <Predicate = true> <Delay = 5.46> <CoreInst = "DCompare">   --->   Core 38 'DCompare' <Latency = 1> <II = 1> <Delay = 5.46> <FuncUnit> <Opcode : 'dcmp'> <InPorts = 2> <OutPorts = 1>
ST_4 : Operation 41 [1/1] (0.00ns) (grouped into LUT with out node and_ln66_1)   --->   "%and_ln66 = and i1 %or_ln66, i1 %or_ln66_1" [../src/knn.cpp:66]   --->   Operation 41 'and' 'and_ln66' <Predicate = true> <Delay = 0.00> <CoreInst = "LogicGate">   --->   Core 74 'LogicGate' <Latency = 0> <II = 1> <Delay = 0.97> <FuncUnit> <Opcode : 'and' 'or' 'xor'> <InPorts = 2> <OutPorts = 1>
ST_4 : Operation 42 [1/1] (0.97ns) (out node of the LUT)   --->   "%and_ln66_1 = and i1 %and_ln66, i1 %tmp_3" [../src/knn.cpp:66]   --->   Operation 42 'and' 'and_ln66_1' <Predicate = true> <Delay = 0.97> <CoreInst = "LogicGate">   --->   Core 74 'LogicGate' <Latency = 0> <II = 1> <Delay = 0.97> <FuncUnit> <Opcode : 'and' 'or' 'xor'> <InPorts = 2> <OutPorts = 1>
ST_4 : Operation 43 [1/1] (0.00ns)   --->   "%br_ln66 = br i1 %and_ln66_1, void %for.inc68, void %if.then" [../src/knn.cpp:66]   --->   Operation 43 'br' 'br_ln66' <Predicate = true> <Delay = 0.00>
ST_4 : Operation 44 [1/1] (0.00ns)   --->   "%labels_addr = getelementptr i4 %labels, i64 0, i64 %zext_ln65" [../src/knn.cpp:71]   --->   Operation 44 'getelementptr' 'labels_addr' <Predicate = (and_ln66_1)> <Delay = 0.00>
ST_4 : Operation 45 [2/2] (3.25ns)   --->   "%temp_label = load i11 %labels_addr" [../src/knn.cpp:71]   --->   Operation 45 'load' 'temp_label' <Predicate = (and_ln66_1)> <Delay = 3.25> <CoreInst = "RAM">   --->   Core 81 'RAM' <Latency = 1> <II = 1> <Delay = 3.25> <Storage> <Opcode : 'load' 'store'> <Ports = 2> <Width = 4> <Depth = 1500> <RAM>
ST_4 : Operation 46 [1/1] (0.00ns)   --->   "%labels_addr_1 = getelementptr i4 %labels, i64 0, i64 %zext_ln66" [../src/knn.cpp:72]   --->   Operation 46 'getelementptr' 'labels_addr_1' <Predicate = (and_ln66_1)> <Delay = 0.00>
ST_4 : Operation 47 [2/2] (3.25ns)   --->   "%labels_load = load i11 %labels_addr_1" [../src/knn.cpp:72]   --->   Operation 47 'load' 'labels_load' <Predicate = (and_ln66_1)> <Delay = 3.25> <CoreInst = "RAM">   --->   Core 81 'RAM' <Latency = 1> <II = 1> <Delay = 3.25> <Storage> <Opcode : 'load' 'store'> <Ports = 2> <Width = 4> <Depth = 1500> <RAM>

State 5 <SV = 4> <Delay = 6.50>
ST_5 : Operation 48 [1/1] ( I:3.25ns O:3.25ns )   --->   "%store_ln68 = store i64 %distances_load_1, i11 %distances_addr" [../src/knn.cpp:68]   --->   Operation 48 'store' 'store_ln68' <Predicate = (!icmp_ln65 & and_ln66_1)> <Delay = 3.25> <CoreInst = "RAM">   --->   Core 81 'RAM' <Latency = 1> <II = 1> <Delay = 3.25> <Storage> <Opcode : 'load' 'store'> <Ports = 2> <Width = 64> <Depth = 1500> <RAM>
ST_5 : Operation 49 [1/1] ( I:3.25ns O:3.25ns )   --->   "%store_ln69 = store i64 %temp_dist, i11 %distances_addr_1" [../src/knn.cpp:69]   --->   Operation 49 'store' 'store_ln69' <Predicate = (!icmp_ln65 & and_ln66_1)> <Delay = 3.25> <CoreInst = "RAM">   --->   Core 81 'RAM' <Latency = 1> <II = 1> <Delay = 3.25> <Storage> <Opcode : 'load' 'store'> <Ports = 2> <Width = 64> <Depth = 1500> <RAM>
ST_5 : Operation 50 [1/2] ( I:3.25ns O:3.25ns )   --->   "%temp_label = load i11 %labels_addr" [../src/knn.cpp:71]   --->   Operation 50 'load' 'temp_label' <Predicate = (!icmp_ln65 & and_ln66_1)> <Delay = 3.25> <CoreInst = "RAM">   --->   Core 81 'RAM' <Latency = 1> <II = 1> <Delay = 3.25> <Storage> <Opcode : 'load' 'store'> <Ports = 2> <Width = 4> <Depth = 1500> <RAM>
ST_5 : Operation 51 [1/2] ( I:3.25ns O:3.25ns )   --->   "%labels_load = load i11 %labels_addr_1" [../src/knn.cpp:72]   --->   Operation 51 'load' 'labels_load' <Predicate = (!icmp_ln65 & and_ln66_1)> <Delay = 3.25> <CoreInst = "RAM">   --->   Core 81 'RAM' <Latency = 1> <II = 1> <Delay = 3.25> <Storage> <Opcode : 'load' 'store'> <Ports = 2> <Width = 4> <Depth = 1500> <RAM>
ST_5 : Operation 52 [1/1] ( I:3.25ns O:3.25ns )   --->   "%store_ln72 = store i4 %labels_load, i11 %labels_addr" [../src/knn.cpp:72]   --->   Operation 52 'store' 'store_ln72' <Predicate = (!icmp_ln65 & and_ln66_1)> <Delay = 3.25> <CoreInst = "RAM">   --->   Core 81 'RAM' <Latency = 1> <II = 1> <Delay = 3.25> <Storage> <Opcode : 'load' 'store'> <Ports = 2> <Width = 4> <Depth = 1500> <RAM>
ST_5 : Operation 53 [1/1] ( I:3.25ns O:3.25ns )   --->   "%store_ln73 = store i4 %temp_label, i11 %labels_addr_1" [../src/knn.cpp:73]   --->   Operation 53 'store' 'store_ln73' <Predicate = (!icmp_ln65 & and_ln66_1)> <Delay = 3.25> <CoreInst = "RAM">   --->   Core 81 'RAM' <Latency = 1> <II = 1> <Delay = 3.25> <Storage> <Opcode : 'load' 'store'> <Ports = 2> <Width = 4> <Depth = 1500> <RAM>
ST_5 : Operation 54 [1/1] (0.00ns)   --->   "%br_ln74 = br void %for.inc68" [../src/knn.cpp:74]   --->   Operation 54 'br' 'br_ln74' <Predicate = (!icmp_ln65 & and_ln66_1)> <Delay = 0.00>
ST_5 : Operation 55 [1/1] (1.58ns)   --->   "%store_ln65 = store i11 %add_ln66, i11 %j" [../src/knn.cpp:65]   --->   Operation 55 'store' 'store_ln65' <Predicate = (!icmp_ln65)> <Delay = 1.58>
ST_5 : Operation 56 [1/1] (0.00ns)   --->   "%br_ln65 = br void %for.body41" [../src/knn.cpp:65]   --->   Operation 56 'br' 'br_ln65' <Predicate = (!icmp_ln65)> <Delay = 0.00>


============================================================
+ Verbose Summary: Timing violations
============================================================
Target clock period: 10.000ns, clock uncertainty: 2.700ns.

 <State 1>: 6.481ns
The critical path consists of the following:
	'store' operation 0 bit ('store_ln65', ../src/knn.cpp:65) of constant 0 on local variable 'j', ../src/knn.cpp:65 [6]  (1.588 ns)
	'load' operation 11 bit ('j', ../src/knn.cpp:66) on local variable 'j', ../src/knn.cpp:65 [9]  (0.000 ns)
	'add' operation 11 bit ('add_ln66', ../src/knn.cpp:66) [11]  (1.639 ns)
	'getelementptr' operation 11 bit ('distances_addr_1', ../src/knn.cpp:66) [21]  (0.000 ns)
	'load' operation 64 bit ('distances_load_1', ../src/knn.cpp:66) on array 'distances' [22]  (3.254 ns)

 <State 2>: 3.254ns
The critical path consists of the following:
	'load' operation 64 bit ('temp_dist', ../src/knn.cpp:66) on array 'distances' [19]  (3.254 ns)

 <State 3>: 5.460ns
The critical path consists of the following:
	'dcmp' operation 1 bit ('tmp_3', ../src/knn.cpp:66) [35]  (5.460 ns)

 <State 4>: 6.438ns
The critical path consists of the following:
	'dcmp' operation 1 bit ('tmp_3', ../src/knn.cpp:66) [35]  (5.460 ns)
	'and' operation 1 bit ('and_ln66_1', ../src/knn.cpp:66) [37]  (0.978 ns)

 <State 5>: 6.508ns
The critical path consists of the following:
	'load' operation 4 bit ('labels_load', ../src/knn.cpp:72) on array 'labels' [45]  (3.254 ns)
	'store' operation 0 bit ('store_ln72', ../src/knn.cpp:72) of variable 'labels_load', ../src/knn.cpp:72 on array 'labels' [46]  (3.254 ns)


============================================================
+ Verbose Summary: Binding
============================================================
N/A
* FSMD analyzer results:
  - Output states:
 - Input state : 
  - Chain level:
	State 1
	State 2
	State 3
	State 4
	State 5


============================================================
+ Verbose Summary: Datapath Resource usage 
============================================================
N/A
