

================================================================
== Vitis HLS Report for 'knn_majority_vote_Pipeline_VITIS_LOOP_95_1'
================================================================
* Date:           Tue Mar 17 18:06:04 2026

* Version:        2025.1 (Build 6135595 on May 21 2025)
* Project:        knn_accelerator
* Solution:       hls (Vivado IP Flow Target)
* Product family: zynq
* Target device:  xc7z020-clg400-1


================================================================
== Performance Estimates
================================================================
+ Timing: 
    * Summary: 
    +--------+----------+----------+------------+
    |  Clock |  Target  | Estimated| Uncertainty|
    +--------+----------+----------+------------+
    |ap_clk  |  10.00 ns|  5.645 ns|     2.70 ns|
    +--------+----------+----------+------------+

+ Latency: 
    * Summary: 
    +---------+---------+----------+----------+-----+-----+------------------------------------------------+
    |  Latency (cycles) |  Latency (absolute) |  Interval |                    Pipeline                    |
    |   min   |   max   |    min   |    max   | min | max |                      Type                      |
    +---------+---------+----------+----------+-----+-----+------------------------------------------------+
    |       12|       12|  0.120 us|  0.120 us|   11|   11|  loop auto-rewind stp (delay=0 clock cycles(s))|
    +---------+---------+----------+----------+-----+-----+------------------------------------------------+

    + Detail: 
        * Instance: 
        N/A

        * Loop: 
        +-------------------+---------+---------+----------+-----------+-----------+------+----------+
        |                   |  Latency (cycles) | Iteration|  Initiation Interval  | Trip |          |
        |     Loop Name     |   min   |   max   |  Latency |  achieved |   target  | Count| Pipelined|
        +-------------------+---------+---------+----------+-----------+-----------+------+----------+
        |- VITIS_LOOP_95_1  |       10|       10|         1|          1|          1|    10|       yes|
        +-------------------+---------+---------+----------+-----------+-----------+------+----------+

============================================================
+ Verbose Summary: Synthesis Manager
============================================================
InlineROM: 1
ExposeGlobal: 0
============================================================
+ Verbose Summary: CDFG Model
============================================================
IsTopModel: 0
ResetActiveHigh: 1
IsCombinational: 0
IsDatapathOnly: 0
HasWiredReturn: 1
HasMFsm: 2
HasVarLatency: 1
IsPipeline: 0
IsRtlPipelined: 0
IsInstanceOverlapped: 0
IsDontTouch: 0
HasImplIP: 0
IsGatedGlobalClock: 0

+ Individual pipeline summary: 
  * Pipeline-0: initiation interval (II) = 1, depth = 1


============================================================
+ Verbose Summary: Schedule
============================================================
* Number of FSM states : 1
* Pipeline : 1
  Pipeline-0 : II = 1, D = 1, States = { 1 }
* Dataflow Pipeline: 0

* FSM state transitions: 
1 --> 

* FSM state operations: 

State 1 <SV = 0> <Delay = 5.64>
ST_1 : Operation 4 [1/1] (0.00ns)   --->   "%i = alloca i32 1" [../src/knn.cpp:95]   --->   Operation 4 'alloca' 'i' <Predicate = true> <Delay = 0.00>
ST_1 : Operation 5 [1/1] (1.58ns)   --->   "%store_ln95 = store i4 0, i4 %i" [../src/knn.cpp:95]   --->   Operation 5 'store' 'store_ln95' <Predicate = true> <Delay = 1.58>
ST_1 : Operation 6 [1/1] (0.00ns)   --->   "%br_ln0 = br void %for.inc"   --->   Operation 6 'br' 'br_ln0' <Predicate = true> <Delay = 0.00>
ST_1 : Operation 7 [1/1] (0.00ns)   --->   "%i_1 = load i4 %i" [../src/knn.cpp:95]   --->   Operation 7 'load' 'i_1' <Predicate = true> <Delay = 0.00>
ST_1 : Operation 8 [1/1] (1.73ns)   --->   "%icmp_ln95 = icmp_eq  i4 %i_1, i4 10" [../src/knn.cpp:95]   --->   Operation 8 'icmp' 'icmp_ln95' <Predicate = true> <Delay = 1.73> <CoreInst = "Cmp">   --->   Core 9 'Cmp' <Latency = 0> <II = 1> <Delay = 1.73> <FuncUnit> <Opcode : 'seteq' 'setne' 'setle' 'setge' 'setlt' 'setgt'> <InPorts = 2> <OutPorts = 1>
ST_1 : Operation 9 [1/1] (1.73ns)   --->   "%add_ln95 = add i4 %i_1, i4 1" [../src/knn.cpp:95]   --->   Operation 9 'add' 'add_ln95' <Predicate = true> <Delay = 1.73> <CoreInst = "Adder">   --->   Core 1 'Adder' <Latency = 0> <II = 1> <Delay = 1.73> <FuncUnit> <Opcode : 'add' 'sub'> <InPorts = 2> <OutPorts = 1>
ST_1 : Operation 10 [1/1] (0.00ns)   --->   "%br_ln95 = br i1 %icmp_ln95, void %for.inc.split, void %for.inc11.preheader.exitStub" [../src/knn.cpp:95]   --->   Operation 10 'br' 'br_ln95' <Predicate = true> <Delay = 0.00>
ST_1 : Operation 11 [1/1] (0.00ns)   --->   "%zext_ln95 = zext i4 %i_1" [../src/knn.cpp:95]   --->   Operation 11 'zext' 'zext_ln95' <Predicate = (!icmp_ln95)> <Delay = 0.00>
ST_1 : Operation 12 [1/1] (0.00ns)   --->   "%specpipeline_ln95 = specpipeline void @_ssdm_op_SpecPipeline, i32 4294967295, i32 0, i32 0, i32 0, void @empty_0" [../src/knn.cpp:95]   --->   Operation 12 'specpipeline' 'specpipeline_ln95' <Predicate = (!icmp_ln95)> <Delay = 0.00>
ST_1 : Operation 13 [1/1] (0.00ns)   --->   "%speclooptripcount_ln95 = speclooptripcount void @_ssdm_op_SpecLoopTripCount, i64 10, i64 10, i64 10" [../src/knn.cpp:95]   --->   Operation 13 'speclooptripcount' 'speclooptripcount_ln95' <Predicate = (!icmp_ln95)> <Delay = 0.00>
ST_1 : Operation 14 [1/1] (0.00ns)   --->   "%specloopname_ln95 = specloopname void @_ssdm_op_SpecLoopName, void @empty_19" [../src/knn.cpp:95]   --->   Operation 14 'specloopname' 'specloopname_ln95' <Predicate = (!icmp_ln95)> <Delay = 0.00>
ST_1 : Operation 15 [1/1] (0.00ns)   --->   "%counts_addr = getelementptr i32 %counts, i64 0, i64 %zext_ln95" [../src/knn.cpp:96]   --->   Operation 15 'getelementptr' 'counts_addr' <Predicate = (!icmp_ln95)> <Delay = 0.00>
ST_1 : Operation 16 [1/1] ( I:2.32ns O:2.32ns )   --->   "%store_ln96 = store i32 0, i4 %counts_addr" [../src/knn.cpp:96]   --->   Operation 16 'store' 'store_ln96' <Predicate = (!icmp_ln95)> <Delay = 2.32> <CoreInst = "RAM">   --->   Core 81 'RAM' <Latency = 1> <II = 1> <Delay = 2.32> <Storage> <Opcode : 'load' 'store'> <Ports = 2> <Width = 32> <Depth = 10> <RAM>
ST_1 : Operation 17 [1/1] (1.58ns)   --->   "%store_ln95 = store i4 %add_ln95, i4 %i" [../src/knn.cpp:95]   --->   Operation 17 'store' 'store_ln95' <Predicate = (!icmp_ln95)> <Delay = 1.58>
ST_1 : Operation 18 [1/1] (0.00ns)   --->   "%br_ln95 = br void %for.inc" [../src/knn.cpp:95]   --->   Operation 18 'br' 'br_ln95' <Predicate = (!icmp_ln95)> <Delay = 0.00>
ST_1 : Operation 19 [1/1] (1.58ns)   --->   "%ret_ln0 = ret"   --->   Operation 19 'ret' 'ret_ln0' <Predicate = (icmp_ln95)> <Delay = 1.58>


============================================================
+ Verbose Summary: Timing violations
============================================================
Target clock period: 10.000ns, clock uncertainty: 2.700ns.

 <State 1>: 5.645ns
The critical path consists of the following:
	'store' operation 0 bit ('store_ln95', ../src/knn.cpp:95) of constant 0 on local variable 'i', ../src/knn.cpp:95 [3]  (1.588 ns)
	'load' operation 4 bit ('i', ../src/knn.cpp:95) on local variable 'i', ../src/knn.cpp:95 [6]  (0.000 ns)
	'icmp' operation 1 bit ('icmp_ln95', ../src/knn.cpp:95) [7]  (1.735 ns)
	'store' operation 0 bit ('store_ln96', ../src/knn.cpp:96) of constant 0 on array 'counts' [16]  (2.322 ns)


============================================================
+ Verbose Summary: Binding
============================================================
N/A
* FSMD analyzer results:
  - Output states:
 - Input state : 
  - Chain level:
	State 1


============================================================
+ Verbose Summary: Datapath Resource usage 
============================================================
N/A
