

================================================================
== Vitis HLS Report for 'knn_accelerator'
================================================================
* Date:           Sat Mar 21 23:51:31 2026

* Version:        2025.2 (Build 6295257 on Nov 14 2025)
* Project:        knn_accelerator
* Solution:       hls (Vivado IP Flow Target)
* Product family: zynq
* Target device:  xc7z020-clg400-1


================================================================
== Performance Estimates
================================================================
+ Timing: 
    * Summary: 
    +--------+----------+----------+------------+
    |  Clock |  Target  | Estimated| Uncertainty|
    +--------+----------+----------+------------+
    |ap_clk  |  10.00 ns|  7.300 ns|     2.70 ns|
    +--------+----------+----------+------------+

+ Latency: 
    * Summary: 
    +---------+---------+----------+----------+--------+--------+---------+
    |  Latency (cycles) |  Latency (absolute) |     Interval    | Pipeline|
    |   min   |   max   |    min   |    max   |   min  |   max  |   Type  |
    +---------+---------+----------+----------+--------+--------+---------+
    |   120747|   124347|  1.207 ms|  1.243 ms|  120748|  124348|       no|
    +---------+---------+----------+----------+--------+--------+---------+

    + Detail: 
        * Instance: 
        +----------------------------------+-----------------------+---------+---------+----------+----------+-------+-------+---------+
        |                                  |                       |  Latency (cycles) |  Latency (absolute) |    Interval   | Pipeline|
        |             Instance             |         Module        |   min   |   max   |    min   |    max   |  min  |  max  |   Type  |
        +----------------------------------+-----------------------+---------+---------+----------+----------+-------+-------+---------+
        |grp_knn_distance_and_sort_fu_178  |knn_distance_and_sort  |    12029|    12389|  0.120 ms|  0.124 ms|  12029|  12389|       no|
        |grp_knn_majority_vote_fu_195      |knn_majority_vote      |       39|       39|  0.390 us|  0.390 us|     39|     39|       no|
        +----------------------------------+-----------------------+---------+---------+----------+----------+-------+-------+---------+

        * Loop: 
        +-------------+---------+---------+---------------+-----------+-----------+------+----------+
        |             |  Latency (cycles) |   Iteration   |  Initiation Interval  | Trip |          |
        |  Loop Name  |   min   |   max   |    Latency    |  achieved |   target  | Count| Pipelined|
        +-------------+---------+---------+---------------+-----------+-----------+------+----------+
        |- test_data  |   120740|   124340|  12074 ~ 12434|          -|          -|    10|        no|
        +-------------+---------+---------+---------------+-----------+-----------+------+----------+



================================================================
== Utilization Estimates
================================================================
* Summary: 
+-----------------+---------+-----+--------+-------+-----+
|       Name      | BRAM_18K| DSP |   FF   |  LUT  | URAM|
+-----------------+---------+-----+--------+-------+-----+
|DSP              |        -|    -|       -|      -|    -|
|Expression       |        -|    -|       0|     40|    -|
|FIFO             |        -|    -|       -|      -|    -|
|Instance         |       10|   14|    5277|   7377|    0|
|Memory           |        -|    -|       -|      -|    -|
|Multiplexer      |        -|    -|       0|    164|    -|
|Register         |        -|    -|     337|      -|    -|
+-----------------+---------+-----+--------+-------+-----+
|Total            |       10|   14|    5614|   7581|    0|
+-----------------+---------+-----+--------+-------+-----+
|Available        |      280|  220|  106400|  53200|    0|
+-----------------+---------+-----+--------+-------+-----+
|Utilization (%)  |        3|    6|       5|     14|    0|
+-----------------+---------+-----+--------+-------+-----+

+ Detail: 
    * Instance: 
    +----------------------------------+-----------------------+---------+----+------+------+-----+
    |             Instance             |         Module        | BRAM_18K| DSP|  FF  |  LUT | URAM|
    +----------------------------------+-----------------------+---------+----+------+------+-----+
    |control_r_s_axi_U                 |control_r_s_axi        |        0|   0|   310|   552|    0|
    |control_s_axi_U                   |control_s_axi          |        0|   0|    36|    40|    0|
    |gmem_x_test_m_axi_U               |gmem_x_test_m_axi      |        4|   0|   725|   843|    0|
    |gmem_x_train_m_axi_U              |gmem_x_train_m_axi     |        4|   0|   725|   843|    0|
    |gmem_y_test_m_axi_U               |gmem_y_test_m_axi      |        0|   0|   611|   665|    0|
    |gmem_y_train_m_axi_U              |gmem_y_train_m_axi     |        2|   0|   671|   657|    0|
    |grp_knn_distance_and_sort_fu_178  |knn_distance_and_sort  |        0|  14|  2079|  3437|    0|
    |grp_knn_majority_vote_fu_195      |knn_majority_vote      |        0|   0|   120|   340|    0|
    +----------------------------------+-----------------------+---------+----+------+------+-----+
    |Total                             |                       |       10|  14|  5277|  7377|    0|
    +----------------------------------+-----------------------+---------+----+------+------+-----+

    * DSP: 
    N/A

    * Memory: 
    N/A

    * FIFO: 
    N/A

    * Expression: 
    +----------------------+----------+----+---+----+------------+------------+
    |     Variable Name    | Operation| DSP| FF| LUT| Bitwidth P0| Bitwidth P1|
    +----------------------+----------+----+---+----+------------+------------+
    |add_ln160_fu_241_p2   |         +|   0|  0|  13|           4|           1|
    |add_ln163_fu_256_p2   |         +|   0|  0|  14|           9|           6|
    |icmp_ln160_fu_235_p2  |      icmp|   0|  0|  13|           4|           4|
    +----------------------+----------+----+---+----+------------+------------+
    |Total                 |          |   0|  0|  40|          17|          11|
    +----------------------+----------+----+---+----+------------+------------+

    * Multiplexer: 
    +------------------------+----+-----------+-----+-----------+
    |          Name          | LUT| Input Size| Bits| Total Bits|
    +------------------------+----+-----------+-----+-----------+
    |ap_NS_fsm               |  65|         14|    1|         14|
    |gmem_x_test_0_ARVALID   |   9|          2|    1|          2|
    |gmem_x_test_0_RREADY    |   9|          2|    1|          2|
    |gmem_x_train_0_ARVALID  |   9|          2|    1|          2|
    |gmem_x_train_0_RREADY   |   9|          2|    1|          2|
    |gmem_y_test_blk_n_AW    |   9|          2|    1|          2|
    |gmem_y_test_blk_n_B     |   9|          2|    1|          2|
    |gmem_y_test_blk_n_W     |   9|          2|    1|          2|
    |gmem_y_train_0_ARVALID  |   9|          2|    1|          2|
    |gmem_y_train_0_RREADY   |   9|          2|    1|          2|
    |i_fu_118                |   9|          2|    4|          8|
    |phi_mul_fu_114          |   9|          2|    9|         18|
    +------------------------+----+-----------+-----+-----------+
    |Total                   | 164|         36|   23|         58|
    +------------------------+----+-----------+-----+-----------+

    * Register: 
    +-----------------------------------------------+----+----+-----+-----------+
    |                      Name                     | FF | LUT| Bits| Const Bits|
    +-----------------------------------------------+----+----+-----+-----------+
    |X_test_read_reg_303                            |  64|   0|   64|          0|
    |X_train_read_reg_298                           |  64|   0|   64|          0|
    |ap_CS_fsm                                      |  13|   0|   13|          0|
    |gmem_y_test_addr_reg_326                       |  64|   0|   64|          0|
    |grp_knn_distance_and_sort_fu_178_ap_start_reg  |   1|   0|    1|          0|
    |grp_knn_majority_vote_fu_195_ap_start_reg      |   1|   0|    1|          0|
    |i_fu_118                                       |   4|   0|    4|          0|
    |phi_mul_fu_114                                 |   9|   0|    9|          0|
    |phi_mul_load_reg_336                           |   9|   0|    9|          0|
    |tmp_reg_350                                    |  32|   0|   32|          0|
    |top_k_labels_1_fu_126                          |   4|   0|    4|          0|
    |top_k_labels_2_fu_130                          |   4|   0|    4|          0|
    |top_k_labels_fu_122                            |   4|   0|    4|          0|
    |y_train_read_reg_293                           |  64|   0|   64|          0|
    +-----------------------------------------------+----+----+-----+-----------+
    |Total                                          | 337|   0|  337|          0|
    +-----------------------------------------------+----+----+-----+-----------+



================================================================
== Interface
================================================================
* Summary: 
+-----------------------------+-----+-----+------------+-----------------+--------------+
|          RTL Ports          | Dir | Bits|  Protocol  |  Source Object  |    C Type    |
+-----------------------------+-----+-----+------------+-----------------+--------------+
|s_axi_control_AWVALID        |   in|    1|       s_axi|          control|   return void|
|s_axi_control_AWREADY        |  out|    1|       s_axi|          control|   return void|
|s_axi_control_AWADDR         |   in|    4|       s_axi|          control|   return void|
|s_axi_control_WVALID         |   in|    1|       s_axi|          control|   return void|
|s_axi_control_WREADY         |  out|    1|       s_axi|          control|   return void|
|s_axi_control_WDATA          |   in|   32|       s_axi|          control|   return void|
|s_axi_control_WSTRB          |   in|    4|       s_axi|          control|   return void|
|s_axi_control_ARVALID        |   in|    1|       s_axi|          control|   return void|
|s_axi_control_ARREADY        |  out|    1|       s_axi|          control|   return void|
|s_axi_control_ARADDR         |   in|    4|       s_axi|          control|   return void|
|s_axi_control_RVALID         |  out|    1|       s_axi|          control|   return void|
|s_axi_control_RREADY         |   in|    1|       s_axi|          control|   return void|
|s_axi_control_RDATA          |  out|   32|       s_axi|          control|   return void|
|s_axi_control_RRESP          |  out|    2|       s_axi|          control|   return void|
|s_axi_control_BVALID         |  out|    1|       s_axi|          control|   return void|
|s_axi_control_BREADY         |   in|    1|       s_axi|          control|   return void|
|s_axi_control_BRESP          |  out|    2|       s_axi|          control|   return void|
|s_axi_control_r_AWVALID      |   in|    1|       s_axi|        control_r|        scalar|
|s_axi_control_r_AWREADY      |  out|    1|       s_axi|        control_r|        scalar|
|s_axi_control_r_AWADDR       |   in|    6|       s_axi|        control_r|        scalar|
|s_axi_control_r_WVALID       |   in|    1|       s_axi|        control_r|        scalar|
|s_axi_control_r_WREADY       |  out|    1|       s_axi|        control_r|        scalar|
|s_axi_control_r_WDATA        |   in|   32|       s_axi|        control_r|        scalar|
|s_axi_control_r_WSTRB        |   in|    4|       s_axi|        control_r|        scalar|
|s_axi_control_r_ARVALID      |   in|    1|       s_axi|        control_r|        scalar|
|s_axi_control_r_ARREADY      |  out|    1|       s_axi|        control_r|        scalar|
|s_axi_control_r_ARADDR       |   in|    6|       s_axi|        control_r|        scalar|
|s_axi_control_r_RVALID       |  out|    1|       s_axi|        control_r|        scalar|
|s_axi_control_r_RREADY       |   in|    1|       s_axi|        control_r|        scalar|
|s_axi_control_r_RDATA        |  out|   32|       s_axi|        control_r|        scalar|
|s_axi_control_r_RRESP        |  out|    2|       s_axi|        control_r|        scalar|
|s_axi_control_r_BVALID       |  out|    1|       s_axi|        control_r|        scalar|
|s_axi_control_r_BREADY       |   in|    1|       s_axi|        control_r|        scalar|
|s_axi_control_r_BRESP        |  out|    2|       s_axi|        control_r|        scalar|
|ap_clk                       |   in|    1|  ap_ctrl_hs|  knn_accelerator|  return value|
|ap_rst_n                     |   in|    1|  ap_ctrl_hs|  knn_accelerator|  return value|
|interrupt                    |  out|    1|  ap_ctrl_hs|  knn_accelerator|  return value|
|m_axi_gmem_x_test_AWVALID    |  out|    1|       m_axi|      gmem_x_test|       pointer|
|m_axi_gmem_x_test_AWREADY    |   in|    1|       m_axi|      gmem_x_test|       pointer|
|m_axi_gmem_x_test_AWADDR     |  out|   64|       m_axi|      gmem_x_test|       pointer|
|m_axi_gmem_x_test_AWID       |  out|    1|       m_axi|      gmem_x_test|       pointer|
|m_axi_gmem_x_test_AWLEN      |  out|    8|       m_axi|      gmem_x_test|       pointer|
|m_axi_gmem_x_test_AWSIZE     |  out|    3|       m_axi|      gmem_x_test|       pointer|
|m_axi_gmem_x_test_AWBURST    |  out|    2|       m_axi|      gmem_x_test|       pointer|
|m_axi_gmem_x_test_AWLOCK     |  out|    2|       m_axi|      gmem_x_test|       pointer|
|m_axi_gmem_x_test_AWCACHE    |  out|    4|       m_axi|      gmem_x_test|       pointer|
|m_axi_gmem_x_test_AWPROT     |  out|    3|       m_axi|      gmem_x_test|       pointer|
|m_axi_gmem_x_test_AWQOS      |  out|    4|       m_axi|      gmem_x_test|       pointer|
|m_axi_gmem_x_test_AWREGION   |  out|    4|       m_axi|      gmem_x_test|       pointer|
|m_axi_gmem_x_test_AWUSER     |  out|    1|       m_axi|      gmem_x_test|       pointer|
|m_axi_gmem_x_test_WVALID     |  out|    1|       m_axi|      gmem_x_test|       pointer|
|m_axi_gmem_x_test_WREADY     |   in|    1|       m_axi|      gmem_x_test|       pointer|
|m_axi_gmem_x_test_WDATA      |  out|   64|       m_axi|      gmem_x_test|       pointer|
|m_axi_gmem_x_test_WSTRB      |  out|    8|       m_axi|      gmem_x_test|       pointer|
|m_axi_gmem_x_test_WLAST      |  out|    1|       m_axi|      gmem_x_test|       pointer|
|m_axi_gmem_x_test_WID        |  out|    1|       m_axi|      gmem_x_test|       pointer|
|m_axi_gmem_x_test_WUSER      |  out|    1|       m_axi|      gmem_x_test|       pointer|
|m_axi_gmem_x_test_ARVALID    |  out|    1|       m_axi|      gmem_x_test|       pointer|
|m_axi_gmem_x_test_ARREADY    |   in|    1|       m_axi|      gmem_x_test|       pointer|
|m_axi_gmem_x_test_ARADDR     |  out|   64|       m_axi|      gmem_x_test|       pointer|
|m_axi_gmem_x_test_ARID       |  out|    1|       m_axi|      gmem_x_test|       pointer|
|m_axi_gmem_x_test_ARLEN      |  out|    8|       m_axi|      gmem_x_test|       pointer|
|m_axi_gmem_x_test_ARSIZE     |  out|    3|       m_axi|      gmem_x_test|       pointer|
|m_axi_gmem_x_test_ARBURST    |  out|    2|       m_axi|      gmem_x_test|       pointer|
|m_axi_gmem_x_test_ARLOCK     |  out|    2|       m_axi|      gmem_x_test|       pointer|
|m_axi_gmem_x_test_ARCACHE    |  out|    4|       m_axi|      gmem_x_test|       pointer|
|m_axi_gmem_x_test_ARPROT     |  out|    3|       m_axi|      gmem_x_test|       pointer|
|m_axi_gmem_x_test_ARQOS      |  out|    4|       m_axi|      gmem_x_test|       pointer|
|m_axi_gmem_x_test_ARREGION   |  out|    4|       m_axi|      gmem_x_test|       pointer|
|m_axi_gmem_x_test_ARUSER     |  out|    1|       m_axi|      gmem_x_test|       pointer|
|m_axi_gmem_x_test_RVALID     |   in|    1|       m_axi|      gmem_x_test|       pointer|
|m_axi_gmem_x_test_RREADY     |  out|    1|       m_axi|      gmem_x_test|       pointer|
|m_axi_gmem_x_test_RDATA      |   in|   64|       m_axi|      gmem_x_test|       pointer|
|m_axi_gmem_x_test_RLAST      |   in|    1|       m_axi|      gmem_x_test|       pointer|
|m_axi_gmem_x_test_RID        |   in|    1|       m_axi|      gmem_x_test|       pointer|
|m_axi_gmem_x_test_RUSER      |   in|    1|       m_axi|      gmem_x_test|       pointer|
|m_axi_gmem_x_test_RRESP      |   in|    2|       m_axi|      gmem_x_test|       pointer|
|m_axi_gmem_x_test_BVALID     |   in|    1|       m_axi|      gmem_x_test|       pointer|
|m_axi_gmem_x_test_BREADY     |  out|    1|       m_axi|      gmem_x_test|       pointer|
|m_axi_gmem_x_test_BRESP      |   in|    2|       m_axi|      gmem_x_test|       pointer|
|m_axi_gmem_x_test_BID        |   in|    1|       m_axi|      gmem_x_test|       pointer|
|m_axi_gmem_x_test_BUSER      |   in|    1|       m_axi|      gmem_x_test|       pointer|
|m_axi_gmem_x_train_AWVALID   |  out|    1|       m_axi|     gmem_x_train|       pointer|
|m_axi_gmem_x_train_AWREADY   |   in|    1|       m_axi|     gmem_x_train|       pointer|
|m_axi_gmem_x_train_AWADDR    |  out|   64|       m_axi|     gmem_x_train|       pointer|
|m_axi_gmem_x_train_AWID      |  out|    1|       m_axi|     gmem_x_train|       pointer|
|m_axi_gmem_x_train_AWLEN     |  out|    8|       m_axi|     gmem_x_train|       pointer|
|m_axi_gmem_x_train_AWSIZE    |  out|    3|       m_axi|     gmem_x_train|       pointer|
|m_axi_gmem_x_train_AWBURST   |  out|    2|       m_axi|     gmem_x_train|       pointer|
|m_axi_gmem_x_train_AWLOCK    |  out|    2|       m_axi|     gmem_x_train|       pointer|
|m_axi_gmem_x_train_AWCACHE   |  out|    4|       m_axi|     gmem_x_train|       pointer|
|m_axi_gmem_x_train_AWPROT    |  out|    3|       m_axi|     gmem_x_train|       pointer|
|m_axi_gmem_x_train_AWQOS     |  out|    4|       m_axi|     gmem_x_train|       pointer|
|m_axi_gmem_x_train_AWREGION  |  out|    4|       m_axi|     gmem_x_train|       pointer|
|m_axi_gmem_x_train_AWUSER    |  out|    1|       m_axi|     gmem_x_train|       pointer|
|m_axi_gmem_x_train_WVALID    |  out|    1|       m_axi|     gmem_x_train|       pointer|
|m_axi_gmem_x_train_WREADY    |   in|    1|       m_axi|     gmem_x_train|       pointer|
|m_axi_gmem_x_train_WDATA     |  out|   64|       m_axi|     gmem_x_train|       pointer|
|m_axi_gmem_x_train_WSTRB     |  out|    8|       m_axi|     gmem_x_train|       pointer|
|m_axi_gmem_x_train_WLAST     |  out|    1|       m_axi|     gmem_x_train|       pointer|
|m_axi_gmem_x_train_WID       |  out|    1|       m_axi|     gmem_x_train|       pointer|
|m_axi_gmem_x_train_WUSER     |  out|    1|       m_axi|     gmem_x_train|       pointer|
|m_axi_gmem_x_train_ARVALID   |  out|    1|       m_axi|     gmem_x_train|       pointer|
|m_axi_gmem_x_train_ARREADY   |   in|    1|       m_axi|     gmem_x_train|       pointer|
|m_axi_gmem_x_train_ARADDR    |  out|   64|       m_axi|     gmem_x_train|       pointer|
|m_axi_gmem_x_train_ARID      |  out|    1|       m_axi|     gmem_x_train|       pointer|
|m_axi_gmem_x_train_ARLEN     |  out|    8|       m_axi|     gmem_x_train|       pointer|
|m_axi_gmem_x_train_ARSIZE    |  out|    3|       m_axi|     gmem_x_train|       pointer|
|m_axi_gmem_x_train_ARBURST   |  out|    2|       m_axi|     gmem_x_train|       pointer|
|m_axi_gmem_x_train_ARLOCK    |  out|    2|       m_axi|     gmem_x_train|       pointer|
|m_axi_gmem_x_train_ARCACHE   |  out|    4|       m_axi|     gmem_x_train|       pointer|
|m_axi_gmem_x_train_ARPROT    |  out|    3|       m_axi|     gmem_x_train|       pointer|
|m_axi_gmem_x_train_ARQOS     |  out|    4|       m_axi|     gmem_x_train|       pointer|
|m_axi_gmem_x_train_ARREGION  |  out|    4|       m_axi|     gmem_x_train|       pointer|
|m_axi_gmem_x_train_ARUSER    |  out|    1|       m_axi|     gmem_x_train|       pointer|
|m_axi_gmem_x_train_RVALID    |   in|    1|       m_axi|     gmem_x_train|       pointer|
|m_axi_gmem_x_train_RREADY    |  out|    1|       m_axi|     gmem_x_train|       pointer|
|m_axi_gmem_x_train_RDATA     |   in|   64|       m_axi|     gmem_x_train|       pointer|
|m_axi_gmem_x_train_RLAST     |   in|    1|       m_axi|     gmem_x_train|       pointer|
|m_axi_gmem_x_train_RID       |   in|    1|       m_axi|     gmem_x_train|       pointer|
|m_axi_gmem_x_train_RUSER     |   in|    1|       m_axi|     gmem_x_train|       pointer|
|m_axi_gmem_x_train_RRESP     |   in|    2|       m_axi|     gmem_x_train|       pointer|
|m_axi_gmem_x_train_BVALID    |   in|    1|       m_axi|     gmem_x_train|       pointer|
|m_axi_gmem_x_train_BREADY    |  out|    1|       m_axi|     gmem_x_train|       pointer|
|m_axi_gmem_x_train_BRESP     |   in|    2|       m_axi|     gmem_x_train|       pointer|
|m_axi_gmem_x_train_BID       |   in|    1|       m_axi|     gmem_x_train|       pointer|
|m_axi_gmem_x_train_BUSER     |   in|    1|       m_axi|     gmem_x_train|       pointer|
|m_axi_gmem_y_train_AWVALID   |  out|    1|       m_axi|     gmem_y_train|       pointer|
|m_axi_gmem_y_train_AWREADY   |   in|    1|       m_axi|     gmem_y_train|       pointer|
|m_axi_gmem_y_train_AWADDR    |  out|   64|       m_axi|     gmem_y_train|       pointer|
|m_axi_gmem_y_train_AWID      |  out|    1|       m_axi|     gmem_y_train|       pointer|
|m_axi_gmem_y_train_AWLEN     |  out|    8|       m_axi|     gmem_y_train|       pointer|
|m_axi_gmem_y_train_AWSIZE    |  out|    3|       m_axi|     gmem_y_train|       pointer|
|m_axi_gmem_y_train_AWBURST   |  out|    2|       m_axi|     gmem_y_train|       pointer|
|m_axi_gmem_y_train_AWLOCK    |  out|    2|       m_axi|     gmem_y_train|       pointer|
|m_axi_gmem_y_train_AWCACHE   |  out|    4|       m_axi|     gmem_y_train|       pointer|
|m_axi_gmem_y_train_AWPROT    |  out|    3|       m_axi|     gmem_y_train|       pointer|
|m_axi_gmem_y_train_AWQOS     |  out|    4|       m_axi|     gmem_y_train|       pointer|
|m_axi_gmem_y_train_AWREGION  |  out|    4|       m_axi|     gmem_y_train|       pointer|
|m_axi_gmem_y_train_AWUSER    |  out|    1|       m_axi|     gmem_y_train|       pointer|
|m_axi_gmem_y_train_WVALID    |  out|    1|       m_axi|     gmem_y_train|       pointer|
|m_axi_gmem_y_train_WREADY    |   in|    1|       m_axi|     gmem_y_train|       pointer|
|m_axi_gmem_y_train_WDATA     |  out|   32|       m_axi|     gmem_y_train|       pointer|
|m_axi_gmem_y_train_WSTRB     |  out|    4|       m_axi|     gmem_y_train|       pointer|
|m_axi_gmem_y_train_WLAST     |  out|    1|       m_axi|     gmem_y_train|       pointer|
|m_axi_gmem_y_train_WID       |  out|    1|       m_axi|     gmem_y_train|       pointer|
|m_axi_gmem_y_train_WUSER     |  out|    1|       m_axi|     gmem_y_train|       pointer|
|m_axi_gmem_y_train_ARVALID   |  out|    1|       m_axi|     gmem_y_train|       pointer|
|m_axi_gmem_y_train_ARREADY   |   in|    1|       m_axi|     gmem_y_train|       pointer|
|m_axi_gmem_y_train_ARADDR    |  out|   64|       m_axi|     gmem_y_train|       pointer|
|m_axi_gmem_y_train_ARID      |  out|    1|       m_axi|     gmem_y_train|       pointer|
|m_axi_gmem_y_train_ARLEN     |  out|    8|       m_axi|     gmem_y_train|       pointer|
|m_axi_gmem_y_train_ARSIZE    |  out|    3|       m_axi|     gmem_y_train|       pointer|
|m_axi_gmem_y_train_ARBURST   |  out|    2|       m_axi|     gmem_y_train|       pointer|
|m_axi_gmem_y_train_ARLOCK    |  out|    2|       m_axi|     gmem_y_train|       pointer|
|m_axi_gmem_y_train_ARCACHE   |  out|    4|       m_axi|     gmem_y_train|       pointer|
|m_axi_gmem_y_train_ARPROT    |  out|    3|       m_axi|     gmem_y_train|       pointer|
|m_axi_gmem_y_train_ARQOS     |  out|    4|       m_axi|     gmem_y_train|       pointer|
|m_axi_gmem_y_train_ARREGION  |  out|    4|       m_axi|     gmem_y_train|       pointer|
|m_axi_gmem_y_train_ARUSER    |  out|    1|       m_axi|     gmem_y_train|       pointer|
|m_axi_gmem_y_train_RVALID    |   in|    1|       m_axi|     gmem_y_train|       pointer|
|m_axi_gmem_y_train_RREADY    |  out|    1|       m_axi|     gmem_y_train|       pointer|
|m_axi_gmem_y_train_RDATA     |   in|   32|       m_axi|     gmem_y_train|       pointer|
|m_axi_gmem_y_train_RLAST     |   in|    1|       m_axi|     gmem_y_train|       pointer|
|m_axi_gmem_y_train_RID       |   in|    1|       m_axi|     gmem_y_train|       pointer|
|m_axi_gmem_y_train_RUSER     |   in|    1|       m_axi|     gmem_y_train|       pointer|
|m_axi_gmem_y_train_RRESP     |   in|    2|       m_axi|     gmem_y_train|       pointer|
|m_axi_gmem_y_train_BVALID    |   in|    1|       m_axi|     gmem_y_train|       pointer|
|m_axi_gmem_y_train_BREADY    |  out|    1|       m_axi|     gmem_y_train|       pointer|
|m_axi_gmem_y_train_BRESP     |   in|    2|       m_axi|     gmem_y_train|       pointer|
|m_axi_gmem_y_train_BID       |   in|    1|       m_axi|     gmem_y_train|       pointer|
|m_axi_gmem_y_train_BUSER     |   in|    1|       m_axi|     gmem_y_train|       pointer|
|m_axi_gmem_y_test_AWVALID    |  out|    1|       m_axi|      gmem_y_test|       pointer|
|m_axi_gmem_y_test_AWREADY    |   in|    1|       m_axi|      gmem_y_test|       pointer|
|m_axi_gmem_y_test_AWADDR     |  out|   64|       m_axi|      gmem_y_test|       pointer|
|m_axi_gmem_y_test_AWID       |  out|    1|       m_axi|      gmem_y_test|       pointer|
|m_axi_gmem_y_test_AWLEN      |  out|    8|       m_axi|      gmem_y_test|       pointer|
|m_axi_gmem_y_test_AWSIZE     |  out|    3|       m_axi|      gmem_y_test|       pointer|
|m_axi_gmem_y_test_AWBURST    |  out|    2|       m_axi|      gmem_y_test|       pointer|
|m_axi_gmem_y_test_AWLOCK     |  out|    2|       m_axi|      gmem_y_test|       pointer|
|m_axi_gmem_y_test_AWCACHE    |  out|    4|       m_axi|      gmem_y_test|       pointer|
|m_axi_gmem_y_test_AWPROT     |  out|    3|       m_axi|      gmem_y_test|       pointer|
|m_axi_gmem_y_test_AWQOS      |  out|    4|       m_axi|      gmem_y_test|       pointer|
|m_axi_gmem_y_test_AWREGION   |  out|    4|       m_axi|      gmem_y_test|       pointer|
|m_axi_gmem_y_test_AWUSER     |  out|    1|       m_axi|      gmem_y_test|       pointer|
|m_axi_gmem_y_test_WVALID     |  out|    1|       m_axi|      gmem_y_test|       pointer|
|m_axi_gmem_y_test_WREADY     |   in|    1|       m_axi|      gmem_y_test|       pointer|
|m_axi_gmem_y_test_WDATA      |  out|   32|       m_axi|      gmem_y_test|       pointer|
|m_axi_gmem_y_test_WSTRB      |  out|    4|       m_axi|      gmem_y_test|       pointer|
|m_axi_gmem_y_test_WLAST      |  out|    1|       m_axi|      gmem_y_test|       pointer|
|m_axi_gmem_y_test_WID        |  out|    1|       m_axi|      gmem_y_test|       pointer|
|m_axi_gmem_y_test_WUSER      |  out|    1|       m_axi|      gmem_y_test|       pointer|
|m_axi_gmem_y_test_ARVALID    |  out|    1|       m_axi|      gmem_y_test|       pointer|
|m_axi_gmem_y_test_ARREADY    |   in|    1|       m_axi|      gmem_y_test|       pointer|
|m_axi_gmem_y_test_ARADDR     |  out|   64|       m_axi|      gmem_y_test|       pointer|
|m_axi_gmem_y_test_ARID       |  out|    1|       m_axi|      gmem_y_test|       pointer|
|m_axi_gmem_y_test_ARLEN      |  out|    8|       m_axi|      gmem_y_test|       pointer|
|m_axi_gmem_y_test_ARSIZE     |  out|    3|       m_axi|      gmem_y_test|       pointer|
|m_axi_gmem_y_test_ARBURST    |  out|    2|       m_axi|      gmem_y_test|       pointer|
|m_axi_gmem_y_test_ARLOCK     |  out|    2|       m_axi|      gmem_y_test|       pointer|
|m_axi_gmem_y_test_ARCACHE    |  out|    4|       m_axi|      gmem_y_test|       pointer|
|m_axi_gmem_y_test_ARPROT     |  out|    3|       m_axi|      gmem_y_test|       pointer|
|m_axi_gmem_y_test_ARQOS      |  out|    4|       m_axi|      gmem_y_test|       pointer|
|m_axi_gmem_y_test_ARREGION   |  out|    4|       m_axi|      gmem_y_test|       pointer|
|m_axi_gmem_y_test_ARUSER     |  out|    1|       m_axi|      gmem_y_test|       pointer|
|m_axi_gmem_y_test_RVALID     |   in|    1|       m_axi|      gmem_y_test|       pointer|
|m_axi_gmem_y_test_RREADY     |  out|    1|       m_axi|      gmem_y_test|       pointer|
|m_axi_gmem_y_test_RDATA      |   in|   32|       m_axi|      gmem_y_test|       pointer|
|m_axi_gmem_y_test_RLAST      |   in|    1|       m_axi|      gmem_y_test|       pointer|
|m_axi_gmem_y_test_RID        |   in|    1|       m_axi|      gmem_y_test|       pointer|
|m_axi_gmem_y_test_RUSER      |   in|    1|       m_axi|      gmem_y_test|       pointer|
|m_axi_gmem_y_test_RRESP      |   in|    2|       m_axi|      gmem_y_test|       pointer|
|m_axi_gmem_y_test_BVALID     |   in|    1|       m_axi|      gmem_y_test|       pointer|
|m_axi_gmem_y_test_BREADY     |  out|    1|       m_axi|      gmem_y_test|       pointer|
|m_axi_gmem_y_test_BRESP      |   in|    2|       m_axi|      gmem_y_test|       pointer|
|m_axi_gmem_y_test_BID        |   in|    1|       m_axi|      gmem_y_test|       pointer|
|m_axi_gmem_y_test_BUSER      |   in|    1|       m_axi|      gmem_y_test|       pointer|
+-----------------------------+-----+-----+------------+-----------------+--------------+

============================================================
+ Verbose Summary: Synthesis Manager
============================================================
InlineROM: 1
ExposeGlobal: 0
============================================================
+ Verbose Summary: CDFG Model
============================================================
IsTopModel: 1
ResetActiveHigh: 1
IsCombinational: 2
IsDatapathOnly: 2
HasWiredReturn: 1
HasMFsm: 0
HasVarLatency: 1
IsPipeline: 0
IsRtlPipelined: 0
IsInstanceOverlapped: 0
IsDontTouch: 0
HasImplIP: 0
IsGatedGlobalClock: 0


============================================================
+ Verbose Summary: Schedule
============================================================
* Number of FSM states : 13
* Pipeline : 0
* Dataflow Pipeline: 0

* FSM state transitions: 
1 --> 2 
2 --> 3 
3 --> 4 9 
4 --> 5 
5 --> 6 
6 --> 7 
7 --> 8 
8 --> 3 
9 --> 10 
10 --> 11 
11 --> 12 
12 --> 13 
13 --> 

* FSM state operations: 

State 1 <SV = 0> <Delay = 1.58>
ST_1 : Operation 14 [1/1] (0.00ns)   --->   "%phi_mul = alloca i32 1"   --->   Operation 14 'alloca' 'phi_mul' <Predicate = true> <Delay = 0.00>
ST_1 : Operation 15 [1/1] (0.00ns)   --->   "%i = alloca i32 1" [../src/knn.cpp:160]   --->   Operation 15 'alloca' 'i' <Predicate = true> <Delay = 0.00>
ST_1 : Operation 16 [1/1] (1.00ns)   --->   "%y_test_read = read i64 @_ssdm_op_Read.s_axilite.i64, i64 %y_test"   --->   Operation 16 'read' 'y_test_read' <Predicate = true> <Delay = 1.00> <CoreInst = "s_axilite">   --->   Core 112 's_axilite' <Latency = 0> <II = 1> <Delay = 1.00> <Adapter> <Opcode : 'read' 'write'>
ST_1 : Operation 17 [1/1] (1.00ns)   --->   "%y_train_read = read i64 @_ssdm_op_Read.s_axilite.i64, i64 %y_train"   --->   Operation 17 'read' 'y_train_read' <Predicate = true> <Delay = 1.00> <CoreInst = "s_axilite">   --->   Core 112 's_axilite' <Latency = 0> <II = 1> <Delay = 1.00> <Adapter> <Opcode : 'read' 'write'>
ST_1 : Operation 18 [1/1] (1.00ns)   --->   "%X_train_read = read i64 @_ssdm_op_Read.s_axilite.i64, i64 %X_train"   --->   Operation 18 'read' 'X_train_read' <Predicate = true> <Delay = 1.00> <CoreInst = "s_axilite">   --->   Core 112 's_axilite' <Latency = 0> <II = 1> <Delay = 1.00> <Adapter> <Opcode : 'read' 'write'>
ST_1 : Operation 19 [1/1] (1.00ns)   --->   "%X_test_read = read i64 @_ssdm_op_Read.s_axilite.i64, i64 %X_test"   --->   Operation 19 'read' 'X_test_read' <Predicate = true> <Delay = 1.00> <CoreInst = "s_axilite">   --->   Core 112 's_axilite' <Latency = 0> <II = 1> <Delay = 1.00> <Adapter> <Opcode : 'read' 'write'>
ST_1 : Operation 20 [1/1] (0.00ns)   --->   "%top_k_labels = alloca i64 1" [../src/knn.cpp:158]   --->   Operation 20 'alloca' 'top_k_labels' <Predicate = true> <Delay = 0.00>
ST_1 : Operation 21 [1/1] (0.00ns)   --->   "%top_k_labels_1 = alloca i64 1" [../src/knn.cpp:158]   --->   Operation 21 'alloca' 'top_k_labels_1' <Predicate = true> <Delay = 0.00>
ST_1 : Operation 22 [1/1] (0.00ns)   --->   "%top_k_labels_2 = alloca i64 1" [../src/knn.cpp:158]   --->   Operation 22 'alloca' 'top_k_labels_2' <Predicate = true> <Delay = 0.00>
ST_1 : Operation 23 [1/1] (0.00ns)   --->   "%trunc_ln = partselect i62 @_ssdm_op_PartSelect.i62.i64.i32.i32, i64 %y_test_read, i32 2, i32 63" [../src/knn.cpp:160]   --->   Operation 23 'partselect' 'trunc_ln' <Predicate = true> <Delay = 0.00>
ST_1 : Operation 24 [1/1] (0.00ns)   --->   "%sext_ln160 = sext i62 %trunc_ln" [../src/knn.cpp:160]   --->   Operation 24 'sext' 'sext_ln160' <Predicate = true> <Delay = 0.00>
ST_1 : Operation 25 [1/1] (0.00ns)   --->   "%gmem_y_test_addr = getelementptr i32 %gmem_y_test, i64 %sext_ln160" [../src/knn.cpp:160]   --->   Operation 25 'getelementptr' 'gmem_y_test_addr' <Predicate = true> <Delay = 0.00>
ST_1 : Operation 26 [1/1] (1.58ns)   --->   "%store_ln160 = store i4 0, i4 %i" [../src/knn.cpp:160]   --->   Operation 26 'store' 'store_ln160' <Predicate = true> <Delay = 1.58>
ST_1 : Operation 27 [1/1] (1.58ns)   --->   "%store_ln0 = store i9 0, i9 %phi_mul"   --->   Operation 27 'store' 'store_ln0' <Predicate = true> <Delay = 1.58>

State 2 <SV = 1> <Delay = 7.30>
ST_2 : Operation 28 [1/1] (0.00ns)   --->   "%spectopmodule_ln142 = spectopmodule void @_ssdm_op_SpecTopModule, void @empty_15" [../src/knn.cpp:142]   --->   Operation 28 'spectopmodule' 'spectopmodule_ln142' <Predicate = true> <Delay = 0.00>
ST_2 : Operation 29 [1/1] (0.00ns)   --->   "%specinterface_ln0 = specinterface void @_ssdm_op_SpecInterface, i64 %gmem_x_test, void @empty, i32 0, i32 0, void @empty_0, i32 0, i32 490, void @empty_1, void @empty_2, void @empty_0, i32 16, i32 16, i32 16, i32 16, void @empty_0, void @empty_0, i32 4294967295, i32 0, i32 0, i32 8"   --->   Operation 29 'specinterface' 'specinterface_ln0' <Predicate = true> <Delay = 0.00>
ST_2 : Operation 30 [1/1] (0.00ns)   --->   "%specbitsmap_ln0 = specbitsmap void @_ssdm_op_SpecBitsMap, i64 %gmem_x_test"   --->   Operation 30 'specbitsmap' 'specbitsmap_ln0' <Predicate = true> <Delay = 0.00>
ST_2 : Operation 31 [1/1] (0.00ns)   --->   "%specinterface_ln0 = specinterface void @_ssdm_op_SpecInterface, i64 %gmem_x_train, void @empty, i32 0, i32 0, void @empty_0, i32 0, i32 490, void @empty_3, void @empty_2, void @empty_0, i32 16, i32 16, i32 16, i32 16, void @empty_0, void @empty_0, i32 4294967295, i32 0, i32 0, i32 8"   --->   Operation 31 'specinterface' 'specinterface_ln0' <Predicate = true> <Delay = 0.00>
ST_2 : Operation 32 [1/1] (0.00ns)   --->   "%specbitsmap_ln0 = specbitsmap void @_ssdm_op_SpecBitsMap, i64 %gmem_x_train"   --->   Operation 32 'specbitsmap' 'specbitsmap_ln0' <Predicate = true> <Delay = 0.00>
ST_2 : Operation 33 [1/1] (0.00ns)   --->   "%specinterface_ln0 = specinterface void @_ssdm_op_SpecInterface, i32 %gmem_y_train, void @empty, i32 0, i32 0, void @empty_0, i32 0, i32 10, void @empty_4, void @empty_2, void @empty_0, i32 16, i32 16, i32 16, i32 16, void @empty_0, void @empty_0, i32 4294967295, i32 0, i32 0, i32 4"   --->   Operation 33 'specinterface' 'specinterface_ln0' <Predicate = true> <Delay = 0.00>
ST_2 : Operation 34 [1/1] (0.00ns)   --->   "%specbitsmap_ln0 = specbitsmap void @_ssdm_op_SpecBitsMap, i32 %gmem_y_train"   --->   Operation 34 'specbitsmap' 'specbitsmap_ln0' <Predicate = true> <Delay = 0.00>
ST_2 : Operation 35 [1/1] (0.00ns)   --->   "%specinterface_ln0 = specinterface void @_ssdm_op_SpecInterface, i32 %gmem_y_test, void @empty, i32 0, i32 0, void @empty_0, i32 0, i32 10, void @empty_5, void @empty_2, void @empty_0, i32 16, i32 16, i32 16, i32 16, void @empty_0, void @empty_0, i32 4294967295, i32 0, i32 0, i32 4"   --->   Operation 35 'specinterface' 'specinterface_ln0' <Predicate = true> <Delay = 0.00>
ST_2 : Operation 36 [1/1] (0.00ns)   --->   "%specbitsmap_ln0 = specbitsmap void @_ssdm_op_SpecBitsMap, i32 %gmem_y_test"   --->   Operation 36 'specbitsmap' 'specbitsmap_ln0' <Predicate = true> <Delay = 0.00>
ST_2 : Operation 37 [1/1] (0.00ns)   --->   "%specinterface_ln0 = specinterface void @_ssdm_op_SpecInterface, i64 %X_test, void @empty_6, i32 0, i32 0, void @empty_0, i32 0, i32 0, void @empty_7, void @empty_8, void @empty_0, i32 0, i32 0, i32 0, i32 0, void @empty_0, void @empty_9, i32 4294967295, i32 0, i32 0, i32 0"   --->   Operation 37 'specinterface' 'specinterface_ln0' <Predicate = true> <Delay = 0.00>
ST_2 : Operation 38 [1/1] (0.00ns)   --->   "%specinterface_ln0 = specinterface void @_ssdm_op_SpecInterface, i64 %X_test, void @empty_10, i32 0, i32 0, void @empty_0, i32 0, i32 0, void @empty_0, void @empty_0, void @empty_0, i32 0, i32 0, i32 0, i32 0, void @empty_0, void @empty_9, i32 4294967295, i32 0, i32 0, i32 0"   --->   Operation 38 'specinterface' 'specinterface_ln0' <Predicate = true> <Delay = 0.00>
ST_2 : Operation 39 [1/1] (0.00ns)   --->   "%specinterface_ln0 = specinterface void @_ssdm_op_SpecInterface, i64 %X_train, void @empty_6, i32 0, i32 0, void @empty_0, i32 0, i32 0, void @empty_7, void @empty_11, void @empty_0, i32 0, i32 0, i32 0, i32 0, void @empty_0, void @empty_9, i32 4294967295, i32 0, i32 0, i32 0"   --->   Operation 39 'specinterface' 'specinterface_ln0' <Predicate = true> <Delay = 0.00>
ST_2 : Operation 40 [1/1] (0.00ns)   --->   "%specinterface_ln0 = specinterface void @_ssdm_op_SpecInterface, i64 %X_train, void @empty_10, i32 0, i32 0, void @empty_0, i32 0, i32 0, void @empty_0, void @empty_0, void @empty_0, i32 0, i32 0, i32 0, i32 0, void @empty_0, void @empty_9, i32 4294967295, i32 0, i32 0, i32 0"   --->   Operation 40 'specinterface' 'specinterface_ln0' <Predicate = true> <Delay = 0.00>
ST_2 : Operation 41 [1/1] (0.00ns)   --->   "%specinterface_ln0 = specinterface void @_ssdm_op_SpecInterface, i64 %y_train, void @empty_6, i32 0, i32 0, void @empty_0, i32 0, i32 0, void @empty_7, void @empty_12, void @empty_0, i32 0, i32 0, i32 0, i32 0, void @empty_0, void @empty_9, i32 4294967295, i32 0, i32 0, i32 0"   --->   Operation 41 'specinterface' 'specinterface_ln0' <Predicate = true> <Delay = 0.00>
ST_2 : Operation 42 [1/1] (0.00ns)   --->   "%specinterface_ln0 = specinterface void @_ssdm_op_SpecInterface, i64 %y_train, void @empty_10, i32 0, i32 0, void @empty_0, i32 0, i32 0, void @empty_0, void @empty_0, void @empty_0, i32 0, i32 0, i32 0, i32 0, void @empty_0, void @empty_9, i32 4294967295, i32 0, i32 0, i32 0"   --->   Operation 42 'specinterface' 'specinterface_ln0' <Predicate = true> <Delay = 0.00>
ST_2 : Operation 43 [1/1] (0.00ns)   --->   "%specinterface_ln0 = specinterface void @_ssdm_op_SpecInterface, i64 %y_test, void @empty_6, i32 0, i32 0, void @empty_0, i32 0, i32 0, void @empty_7, void @empty_13, void @empty_0, i32 0, i32 0, i32 0, i32 0, void @empty_0, void @empty_9, i32 4294967295, i32 0, i32 0, i32 0"   --->   Operation 43 'specinterface' 'specinterface_ln0' <Predicate = true> <Delay = 0.00>
ST_2 : Operation 44 [1/1] (0.00ns)   --->   "%specinterface_ln0 = specinterface void @_ssdm_op_SpecInterface, i64 %y_test, void @empty_10, i32 0, i32 0, void @empty_0, i32 0, i32 0, void @empty_0, void @empty_0, void @empty_0, i32 0, i32 0, i32 0, i32 0, void @empty_0, void @empty_9, i32 4294967295, i32 0, i32 0, i32 0"   --->   Operation 44 'specinterface' 'specinterface_ln0' <Predicate = true> <Delay = 0.00>
ST_2 : Operation 45 [1/1] (0.00ns)   --->   "%specinterface_ln0 = specinterface void @_ssdm_op_SpecInterface, i32 0, void @empty_6, i32 0, i32 0, void @empty_0, i32 0, i32 0, void @empty_14, void @empty_0, void @empty_0, i32 0, i32 0, i32 0, i32 0, void @empty_0, void @empty_0, i32 0, i32 0, i32 0, i32 0"   --->   Operation 45 'specinterface' 'specinterface_ln0' <Predicate = true> <Delay = 0.00>
ST_2 : Operation 46 [1/1] ( I:7.30ns O:7.30ns )   --->   "%empty = writereq i1 @_ssdm_op_WriteReq.m_axi.p1i32, i64 %gmem_y_test_addr, i64 10" [../src/knn.cpp:160]   --->   Operation 46 'writereq' 'empty' <Predicate = true> <Delay = 7.30> <CoreInst = "m_axi">   --->   Core 111 'm_axi' <Latency = 9> <II = 1> <Delay = 1.00> <Adapter> <Opcode : 'readrequnaligned' 'writerequnaligned' 'read' 'write' 'readreq' 'writereq' 'writeresp'>
ST_2 : Operation 47 [1/1] (0.00ns)   --->   "%br_ln160 = br void %for.inc" [../src/knn.cpp:160]   --->   Operation 47 'br' 'br_ln160' <Predicate = true> <Delay = 0.00>

State 3 <SV = 2> <Delay = 3.32>
ST_3 : Operation 48 [1/1] (0.00ns)   --->   "%i_8 = load i4 %i" [../src/knn.cpp:160]   --->   Operation 48 'load' 'i_8' <Predicate = true> <Delay = 0.00>
ST_3 : Operation 49 [1/1] (1.73ns)   --->   "%icmp_ln160 = icmp_eq  i4 %i_8, i4 10" [../src/knn.cpp:160]   --->   Operation 49 'icmp' 'icmp_ln160' <Predicate = true> <Delay = 1.73> <CoreInst = "Cmp">   --->   Core 9 'Cmp' <Latency = 0> <II = 1> <Delay = 1.73> <FuncUnit> <Opcode : 'seteq' 'setne' 'setle' 'setge' 'setlt' 'setgt'> <InPorts = 2> <OutPorts = 1>
ST_3 : Operation 50 [1/1] (1.73ns)   --->   "%add_ln160 = add i4 %i_8, i4 1" [../src/knn.cpp:160]   --->   Operation 50 'add' 'add_ln160' <Predicate = true> <Delay = 1.73> <CoreInst = "Adder">   --->   Core 1 'Adder' <Latency = 0> <II = 1> <Delay = 1.73> <FuncUnit> <Opcode : 'add' 'sub'> <InPorts = 2> <OutPorts = 1>
ST_3 : Operation 51 [1/1] (0.00ns)   --->   "%br_ln160 = br i1 %icmp_ln160, void %for.inc.split, void %for.end" [../src/knn.cpp:160]   --->   Operation 51 'br' 'br_ln160' <Predicate = true> <Delay = 0.00>
ST_3 : Operation 52 [1/1] (1.58ns)   --->   "%store_ln160 = store i4 %add_ln160, i4 %i" [../src/knn.cpp:160]   --->   Operation 52 'store' 'store_ln160' <Predicate = (!icmp_ln160)> <Delay = 1.58>

State 4 <SV = 3> <Delay = 7.30>
ST_4 : Operation 53 [1/1] (0.00ns)   --->   "%phi_mul_load = load i9 %phi_mul" [../src/knn.cpp:163]   --->   Operation 53 'load' 'phi_mul_load' <Predicate = true> <Delay = 0.00>
ST_4 : Operation 54 [1/1] (1.82ns)   --->   "%add_ln163 = add i9 %phi_mul_load, i9 49" [../src/knn.cpp:163]   --->   Operation 54 'add' 'add_ln163' <Predicate = true> <Delay = 1.82> <CoreInst = "Adder">   --->   Core 1 'Adder' <Latency = 0> <II = 1> <Delay = 1.82> <FuncUnit> <Opcode : 'add' 'sub'> <InPorts = 2> <OutPorts = 1>
ST_4 : Operation 55 [2/2] (7.30ns)   --->   "%call_ln163 = call void @knn_distance_and_sort, i64 %gmem_x_test, i64 %X_test_read, i64 %gmem_x_train, i64 %X_train_read, i32 %gmem_y_train, i64 %y_train_read, i4 %top_k_labels, i4 %top_k_labels_1, i4 %top_k_labels_2, i9 %phi_mul_load" [../src/knn.cpp:163]   --->   Operation 55 'call' 'call_ln163' <Predicate = true> <Delay = 7.30> <CoreType = "Generic">   --->   Generic Core
ST_4 : Operation 56 [1/1] (1.58ns)   --->   "%store_ln163 = store i9 %add_ln163, i9 %phi_mul" [../src/knn.cpp:163]   --->   Operation 56 'store' 'store_ln163' <Predicate = true> <Delay = 1.58>

State 5 <SV = 4> <Delay = 2.32>
ST_5 : Operation 57 [1/2] (2.32ns)   --->   "%call_ln163 = call void @knn_distance_and_sort, i64 %gmem_x_test, i64 %X_test_read, i64 %gmem_x_train, i64 %X_train_read, i32 %gmem_y_train, i64 %y_train_read, i4 %top_k_labels, i4 %top_k_labels_1, i4 %top_k_labels_2, i9 %phi_mul_load" [../src/knn.cpp:163]   --->   Operation 57 'call' 'call_ln163' <Predicate = true> <Delay = 2.32> <CoreType = "Generic">   --->   Generic Core

State 6 <SV = 5> <Delay = 0.00>
ST_6 : Operation 58 [1/1] (0.00ns)   --->   "%top_k_labels_load = load i4 %top_k_labels" [../src/knn.cpp:166]   --->   Operation 58 'load' 'top_k_labels_load' <Predicate = true> <Delay = 0.00>
ST_6 : Operation 59 [1/1] (0.00ns)   --->   "%top_k_labels_1_load = load i4 %top_k_labels_1" [../src/knn.cpp:166]   --->   Operation 59 'load' 'top_k_labels_1_load' <Predicate = true> <Delay = 0.00>
ST_6 : Operation 60 [1/1] (0.00ns)   --->   "%top_k_labels_2_load = load i4 %top_k_labels_2" [../src/knn.cpp:166]   --->   Operation 60 'load' 'top_k_labels_2_load' <Predicate = true> <Delay = 0.00>
ST_6 : Operation 61 [2/2] (0.00ns)   --->   "%tmp = call i32 @knn_majority_vote, i4 %top_k_labels_load, i4 %top_k_labels_1_load, i4 %top_k_labels_2_load" [../src/knn.cpp:166]   --->   Operation 61 'call' 'tmp' <Predicate = true> <Delay = 0.00> <CoreType = "Generic">   --->   Generic Core

State 7 <SV = 6> <Delay = 1.73>
ST_7 : Operation 62 [1/2] (1.73ns)   --->   "%tmp = call i32 @knn_majority_vote, i4 %top_k_labels_load, i4 %top_k_labels_1_load, i4 %top_k_labels_2_load" [../src/knn.cpp:166]   --->   Operation 62 'call' 'tmp' <Predicate = true> <Delay = 1.73> <CoreType = "Generic">   --->   Generic Core

State 8 <SV = 7> <Delay = 7.30>
ST_8 : Operation 63 [1/1] (0.00ns)   --->   "%specpipeline_ln161 = specpipeline void @_ssdm_op_SpecPipeline, i32 0, i32 0, i32 1, i32 0, i32 4294967295, void @empty_0" [../src/knn.cpp:161]   --->   Operation 63 'specpipeline' 'specpipeline_ln161' <Predicate = true> <Delay = 0.00>
ST_8 : Operation 64 [1/1] (0.00ns)   --->   "%speclooptripcount_ln160 = speclooptripcount void @_ssdm_op_SpecLoopTripCount, i64 10, i64 10, i64 10" [../src/knn.cpp:160]   --->   Operation 64 'speclooptripcount' 'speclooptripcount_ln160' <Predicate = true> <Delay = 0.00>
ST_8 : Operation 65 [1/1] (0.00ns)   --->   "%specloopname_ln160 = specloopname void @_ssdm_op_SpecLoopName, void @empty_16" [../src/knn.cpp:160]   --->   Operation 65 'specloopname' 'specloopname_ln160' <Predicate = true> <Delay = 0.00>
ST_8 : Operation 66 [1/1] ( I:7.30ns O:7.30ns )   --->   "%write_ln166 = write void @_ssdm_op_Write.m_axi.p1i32.i32, i64 %gmem_y_test_addr, i32 %tmp, i4 15" [../src/knn.cpp:166]   --->   Operation 66 'write' 'write_ln166' <Predicate = true> <Delay = 7.30> <CoreInst = "m_axi">   --->   Core 111 'm_axi' <Latency = 5> <II = 1> <Delay = 1.00> <Adapter> <Opcode : 'readrequnaligned' 'writerequnaligned' 'read' 'write' 'readreq' 'writereq' 'writeresp'>
ST_8 : Operation 67 [1/1] (0.00ns)   --->   "%br_ln160 = br void %for.inc" [../src/knn.cpp:160]   --->   Operation 67 'br' 'br_ln160' <Predicate = true> <Delay = 0.00>

State 9 <SV = 3> <Delay = 0.00>
ST_9 : Operation 68 [5/5] (7.30ns)   --->   "%empty_32 = writeresp i1 @_ssdm_op_WriteResp.m_axi.p1i32, i64 %gmem_y_test_addr" [../src/knn.cpp:168]   --->   Operation 68 'writeresp' 'empty_32' <Predicate = true> <Delay = 7.30> <CoreInst = "m_axi">   --->   Core 111 'm_axi' <Latency = 3> <II = 1> <Delay = 1.00> <Adapter> <Opcode : 'readrequnaligned' 'writerequnaligned' 'read' 'write' 'readreq' 'writereq' 'writeresp'>

State 10 <SV = 4> <Delay = 0.00>
ST_10 : Operation 69 [4/5] (7.30ns)   --->   "%empty_32 = writeresp i1 @_ssdm_op_WriteResp.m_axi.p1i32, i64 %gmem_y_test_addr" [../src/knn.cpp:168]   --->   Operation 69 'writeresp' 'empty_32' <Predicate = true> <Delay = 7.30> <CoreInst = "m_axi">   --->   Core 111 'm_axi' <Latency = 3> <II = 1> <Delay = 1.00> <Adapter> <Opcode : 'readrequnaligned' 'writerequnaligned' 'read' 'write' 'readreq' 'writereq' 'writeresp'>

State 11 <SV = 5> <Delay = 0.00>
ST_11 : Operation 70 [3/5] (7.30ns)   --->   "%empty_32 = writeresp i1 @_ssdm_op_WriteResp.m_axi.p1i32, i64 %gmem_y_test_addr" [../src/knn.cpp:168]   --->   Operation 70 'writeresp' 'empty_32' <Predicate = true> <Delay = 7.30> <CoreInst = "m_axi">   --->   Core 111 'm_axi' <Latency = 3> <II = 1> <Delay = 1.00> <Adapter> <Opcode : 'readrequnaligned' 'writerequnaligned' 'read' 'write' 'readreq' 'writereq' 'writeresp'>

State 12 <SV = 6> <Delay = 0.00>
ST_12 : Operation 71 [2/5] (7.30ns)   --->   "%empty_32 = writeresp i1 @_ssdm_op_WriteResp.m_axi.p1i32, i64 %gmem_y_test_addr" [../src/knn.cpp:168]   --->   Operation 71 'writeresp' 'empty_32' <Predicate = true> <Delay = 7.30> <CoreInst = "m_axi">   --->   Core 111 'm_axi' <Latency = 3> <II = 1> <Delay = 1.00> <Adapter> <Opcode : 'readrequnaligned' 'writerequnaligned' 'read' 'write' 'readreq' 'writereq' 'writeresp'>

State 13 <SV = 7> <Delay = 7.30>
ST_13 : Operation 72 [1/5] ( I:7.30ns O:7.30ns )   --->   "%empty_32 = writeresp i1 @_ssdm_op_WriteResp.m_axi.p1i32, i64 %gmem_y_test_addr" [../src/knn.cpp:168]   --->   Operation 72 'writeresp' 'empty_32' <Predicate = true> <Delay = 7.30> <CoreInst = "m_axi">   --->   Core 111 'm_axi' <Latency = 3> <II = 1> <Delay = 1.00> <Adapter> <Opcode : 'readrequnaligned' 'writerequnaligned' 'read' 'write' 'readreq' 'writereq' 'writeresp'>
ST_13 : Operation 73 [1/1] (0.00ns)   --->   "%ret_ln168 = ret" [../src/knn.cpp:168]   --->   Operation 73 'ret' 'ret_ln168' <Predicate = true> <Delay = 0.00>


============================================================
+ Verbose Summary: Binding
============================================================
STG Binding: 
---------------- STG Properties BEGIN ----------------
- Is combinational: 0
- Is one-state seq: 0
- Is datapath-only: 0
- Is pipelined: 0
- Is top level: 1
Port [ Return ] is wired: 1; IO mode=ap_ctrl_hs:ce=0
Port [ gmem_x_test]:  wired=1; compound=1; hidden=0; nouse=0; global=0; static=0; extern=0; dir=0; type=4; pingpong=0; private_global=0; IO mode=m_axi:ce=0
Port [ gmem_x_train]:  wired=1; compound=1; hidden=0; nouse=0; global=0; static=0; extern=0; dir=0; type=4; pingpong=0; private_global=0; IO mode=m_axi:ce=0
Port [ gmem_y_train]:  wired=1; compound=1; hidden=0; nouse=0; global=0; static=0; extern=0; dir=0; type=4; pingpong=0; private_global=0; IO mode=m_axi:ce=0
Port [ gmem_y_test]:  wired=1; compound=1; hidden=0; nouse=0; global=0; static=0; extern=0; dir=1; type=4; pingpong=0; private_global=0; IO mode=m_axi:ce=0
Port [ X_test]:  wired=1; compound=0; hidden=0; nouse=0; global=0; static=0; extern=0; dir=0; type=0; pingpong=0; private_global=0; IO mode=ap_none:ce=0
Port [ X_train]:  wired=1; compound=0; hidden=0; nouse=0; global=0; static=0; extern=0; dir=0; type=0; pingpong=0; private_global=0; IO mode=ap_none:ce=0
Port [ y_train]:  wired=1; compound=0; hidden=0; nouse=0; global=0; static=0; extern=0; dir=0; type=0; pingpong=0; private_global=0; IO mode=ap_none:ce=0
Port [ y_test]:  wired=1; compound=0; hidden=0; nouse=0; global=0; static=0; extern=0; dir=0; type=0; pingpong=0; private_global=0; IO mode=ap_none:ce=0
---------------- STG Properties END ------------------

---------------- Datapath Model BEGIN ----------------

<LifeTime>
<method=bitvector/>
phi_mul                 (alloca           ) [ 01111111100000]
i                       (alloca           ) [ 01111111100000]
y_test_read             (read             ) [ 00000000000000]
y_train_read            (read             ) [ 00111111100000]
X_train_read            (read             ) [ 00111111100000]
X_test_read             (read             ) [ 00111111100000]
top_k_labels            (alloca           ) [ 00111111100000]
top_k_labels_1          (alloca           ) [ 00111111100000]
top_k_labels_2          (alloca           ) [ 00111111100000]
trunc_ln                (partselect       ) [ 00000000000000]
sext_ln160              (sext             ) [ 00000000000000]
gmem_y_test_addr        (getelementptr    ) [ 00111111111111]
store_ln160             (store            ) [ 00000000000000]
store_ln0               (store            ) [ 00000000000000]
spectopmodule_ln142     (spectopmodule    ) [ 00000000000000]
specinterface_ln0       (specinterface    ) [ 00000000000000]
specbitsmap_ln0         (specbitsmap      ) [ 00000000000000]
specinterface_ln0       (specinterface    ) [ 00000000000000]
specbitsmap_ln0         (specbitsmap      ) [ 00000000000000]
specinterface_ln0       (specinterface    ) [ 00000000000000]
specbitsmap_ln0         (specbitsmap      ) [ 00000000000000]
specinterface_ln0       (specinterface    ) [ 00000000000000]
specbitsmap_ln0         (specbitsmap      ) [ 00000000000000]
specinterface_ln0       (specinterface    ) [ 00000000000000]
specinterface_ln0       (specinterface    ) [ 00000000000000]
specinterface_ln0       (specinterface    ) [ 00000000000000]
specinterface_ln0       (specinterface    ) [ 00000000000000]
specinterface_ln0       (specinterface    ) [ 00000000000000]
specinterface_ln0       (specinterface    ) [ 00000000000000]
specinterface_ln0       (specinterface    ) [ 00000000000000]
specinterface_ln0       (specinterface    ) [ 00000000000000]
specinterface_ln0       (specinterface    ) [ 00000000000000]
empty                   (writereq         ) [ 00000000000000]
br_ln160                (br               ) [ 00000000000000]
i_8                     (load             ) [ 00000000000000]
icmp_ln160              (icmp             ) [ 00011111100000]
add_ln160               (add              ) [ 00000000000000]
br_ln160                (br               ) [ 00000000000000]
store_ln160             (store            ) [ 00000000000000]
phi_mul_load            (load             ) [ 00000100000000]
add_ln163               (add              ) [ 00000000000000]
store_ln163             (store            ) [ 00000000000000]
call_ln163              (call             ) [ 00000000000000]
top_k_labels_load       (load             ) [ 00000001000000]
top_k_labels_1_load     (load             ) [ 00000001000000]
top_k_labels_2_load     (load             ) [ 00000001000000]
tmp                     (call             ) [ 00000000100000]
specpipeline_ln161      (specpipeline     ) [ 00000000000000]
speclooptripcount_ln160 (speclooptripcount) [ 00000000000000]
specloopname_ln160      (specloopname     ) [ 00000000000000]
write_ln166             (write            ) [ 00000000000000]
br_ln160                (br               ) [ 00000000000000]
empty_32                (writeresp        ) [ 00000000000000]
ret_ln168               (ret              ) [ 00000000000000]
</LifeTime>

<model>

<comp_list>
<comp id="0" class="1000" name="gmem_x_test">
<pin_list>
<pin id="1" dir="1" index="0" bw="1" slack="0"/>
</pin_list>
<bind>
<StgValue><ssdm name="gmem_x_test"/><MemPortTyVec>0 </MemPortTyVec>
</StgValue>
</bind>
</comp>

<comp id="2" class="1000" name="gmem_x_train">
<pin_list>
<pin id="3" dir="1" index="0" bw="1" slack="0"/>
</pin_list>
<bind>
<StgValue><ssdm name="gmem_x_train"/><MemPortTyVec>0 </MemPortTyVec>
</StgValue>
</bind>
</comp>

<comp id="4" class="1000" name="gmem_y_train">
<pin_list>
<pin id="5" dir="1" index="0" bw="1" slack="0"/>
</pin_list>
<bind>
<StgValue><ssdm name="gmem_y_train"/><MemPortTyVec>0 </MemPortTyVec>
</StgValue>
</bind>
</comp>

<comp id="6" class="1000" name="gmem_y_test">
<pin_list>
<pin id="7" dir="1" index="0" bw="1" slack="0"/>
</pin_list>
<bind>
<StgValue><ssdm name="gmem_y_test"/><MemPortTyVec>1 </MemPortTyVec>
</StgValue>
</bind>
</comp>

<comp id="8" class="1000" name="X_test">
<pin_list>
<pin id="9" dir="1" index="0" bw="1" slack="0"/>
</pin_list>
<bind>
<StgValue><ssdm name="X_test"/></StgValue>
</bind>
</comp>

<comp id="10" class="1000" name="X_train">
<pin_list>
<pin id="11" dir="1" index="0" bw="1" slack="0"/>
</pin_list>
<bind>
<StgValue><ssdm name="X_train"/></StgValue>
</bind>
</comp>

<comp id="12" class="1000" name="y_train">
<pin_list>
<pin id="13" dir="1" index="0" bw="1" slack="0"/>
</pin_list>
<bind>
<StgValue><ssdm name="y_train"/></StgValue>
</bind>
</comp>

<comp id="14" class="1000" name="y_test">
<pin_list>
<pin id="15" dir="1" index="0" bw="1" slack="0"/>
</pin_list>
<bind>
<StgValue><ssdm name="y_test"/></StgValue>
</bind>
</comp>

<comp id="16" class="1001" name="const_16">
<pin_list>
<pin id="17" dir="1" index="0" bw="1" slack="0"/>
</pin_list>
<bind>
<StgValue><ssdm name=""/></StgValue>
</bind>
</comp>

<comp id="18" class="1001" name="const_18">
<pin_list>
<pin id="19" dir="1" index="0" bw="1" slack="0"/>
</pin_list>
<bind>
<StgValue><ssdm name="_ssdm_op_Read.s_axilite.i64"/></StgValue>
</bind>
</comp>

<comp id="20" class="1001" name="const_20">
<pin_list>
<pin id="21" dir="1" index="0" bw="1" slack="0"/>
</pin_list>
<bind>
<StgValue><ssdm name=""/></StgValue>
</bind>
</comp>

<comp id="22" class="1001" name="const_22">
<pin_list>
<pin id="23" dir="1" index="0" bw="1" slack="0"/>
</pin_list>
<bind>
<StgValue><ssdm name="_ssdm_op_PartSelect.i62.i64.i32.i32"/></StgValue>
</bind>
</comp>

<comp id="24" class="1001" name="const_24">
<pin_list>
<pin id="25" dir="1" index="0" bw="1" slack="0"/>
</pin_list>
<bind>
<StgValue><ssdm name=""/></StgValue>
</bind>
</comp>

<comp id="26" class="1001" name="const_26">
<pin_list>
<pin id="27" dir="1" index="0" bw="1" slack="0"/>
</pin_list>
<bind>
<StgValue><ssdm name=""/></StgValue>
</bind>
</comp>

<comp id="28" class="1001" name="const_28">
<pin_list>
<pin id="29" dir="1" index="0" bw="1" slack="0"/>
</pin_list>
<bind>
<StgValue><ssdm name=""/></StgValue>
</bind>
</comp>

<comp id="30" class="1001" name="const_30">
<pin_list>
<pin id="31" dir="1" index="0" bw="1" slack="0"/>
</pin_list>
<bind>
<StgValue><ssdm name=""/></StgValue>
</bind>
</comp>

<comp id="32" class="1001" name="const_32">
<pin_list>
<pin id="33" dir="1" index="0" bw="1" slack="2147483647"/>
</pin_list>
<bind>
<StgValue><ssdm name="_ssdm_op_SpecTopModule"/></StgValue>
</bind>
</comp>

<comp id="34" class="1001" name="const_34">
<pin_list>
<pin id="35" dir="1" index="0" bw="1" slack="2147483647"/>
</pin_list>
<bind>
<StgValue><ssdm name="empty_15"/></StgValue>
</bind>
</comp>

<comp id="36" class="1001" name="const_36">
<pin_list>
<pin id="37" dir="1" index="0" bw="1" slack="2147483647"/>
</pin_list>
<bind>
<StgValue><ssdm name="_ssdm_op_SpecInterface"/></StgValue>
</bind>
</comp>

<comp id="38" class="1001" name="const_38">
<pin_list>
<pin id="39" dir="1" index="0" bw="1" slack="2147483647"/>
</pin_list>
<bind>
<StgValue><ssdm name="empty"/></StgValue>
</bind>
</comp>

<comp id="40" class="1001" name="const_40">
<pin_list>
<pin id="41" dir="1" index="0" bw="1" slack="2147483647"/>
</pin_list>
<bind>
<StgValue><ssdm name=""/></StgValue>
</bind>
</comp>

<comp id="42" class="1001" name="const_42">
<pin_list>
<pin id="43" dir="1" index="0" bw="1" slack="2147483647"/>
</pin_list>
<bind>
<StgValue><ssdm name="empty_0"/></StgValue>
</bind>
</comp>

<comp id="44" class="1001" name="const_44">
<pin_list>
<pin id="45" dir="1" index="0" bw="1" slack="2147483647"/>
</pin_list>
<bind>
<StgValue><ssdm name=""/></StgValue>
</bind>
</comp>

<comp id="46" class="1001" name="const_46">
<pin_list>
<pin id="47" dir="1" index="0" bw="1" slack="2147483647"/>
</pin_list>
<bind>
<StgValue><ssdm name="empty_1"/></StgValue>
</bind>
</comp>

<comp id="48" class="1001" name="const_48">
<pin_list>
<pin id="49" dir="1" index="0" bw="1" slack="2147483647"/>
</pin_list>
<bind>
<StgValue><ssdm name="empty_2"/></StgValue>
</bind>
</comp>

<comp id="50" class="1001" name="const_50">
<pin_list>
<pin id="51" dir="1" index="0" bw="1" slack="2147483647"/>
</pin_list>
<bind>
<StgValue><ssdm name=""/></StgValue>
</bind>
</comp>

<comp id="52" class="1001" name="const_52">
<pin_list>
<pin id="53" dir="1" index="0" bw="1" slack="2147483647"/>
</pin_list>
<bind>
<StgValue><ssdm name=""/></StgValue>
</bind>
</comp>

<comp id="54" class="1001" name="const_54">
<pin_list>
<pin id="55" dir="1" index="0" bw="1" slack="2147483647"/>
</pin_list>
<bind>
<StgValue><ssdm name=""/></StgValue>
</bind>
</comp>

<comp id="56" class="1001" name="const_56">
<pin_list>
<pin id="57" dir="1" index="0" bw="1" slack="2147483647"/>
</pin_list>
<bind>
<StgValue><ssdm name="_ssdm_op_SpecBitsMap"/></StgValue>
</bind>
</comp>

<comp id="58" class="1001" name="const_58">
<pin_list>
<pin id="59" dir="1" index="0" bw="1" slack="2147483647"/>
</pin_list>
<bind>
<StgValue><ssdm name="empty_3"/></StgValue>
</bind>
</comp>

<comp id="60" class="1001" name="const_60">
<pin_list>
<pin id="61" dir="1" index="0" bw="1" slack="2147483647"/>
</pin_list>
<bind>
<StgValue><ssdm name=""/></StgValue>
</bind>
</comp>

<comp id="62" class="1001" name="const_62">
<pin_list>
<pin id="63" dir="1" index="0" bw="1" slack="2147483647"/>
</pin_list>
<bind>
<StgValue><ssdm name="empty_4"/></StgValue>
</bind>
</comp>

<comp id="64" class="1001" name="const_64">
<pin_list>
<pin id="65" dir="1" index="0" bw="1" slack="2147483647"/>
</pin_list>
<bind>
<StgValue><ssdm name=""/></StgValue>
</bind>
</comp>

<comp id="66" class="1001" name="const_66">
<pin_list>
<pin id="67" dir="1" index="0" bw="1" slack="2147483647"/>
</pin_list>
<bind>
<StgValue><ssdm name="empty_5"/></StgValue>
</bind>
</comp>

<comp id="68" class="1001" name="const_68">
<pin_list>
<pin id="69" dir="1" index="0" bw="1" slack="2147483647"/>
</pin_list>
<bind>
<StgValue><ssdm name="empty_6"/></StgValue>
</bind>
</comp>

<comp id="70" class="1001" name="const_70">
<pin_list>
<pin id="71" dir="1" index="0" bw="1" slack="2147483647"/>
</pin_list>
<bind>
<StgValue><ssdm name="empty_7"/></StgValue>
</bind>
</comp>

<comp id="72" class="1001" name="const_72">
<pin_list>
<pin id="73" dir="1" index="0" bw="1" slack="2147483647"/>
</pin_list>
<bind>
<StgValue><ssdm name="empty_8"/></StgValue>
</bind>
</comp>

<comp id="74" class="1001" name="const_74">
<pin_list>
<pin id="75" dir="1" index="0" bw="1" slack="2147483647"/>
</pin_list>
<bind>
<StgValue><ssdm name="empty_9"/></StgValue>
</bind>
</comp>

<comp id="76" class="1001" name="const_76">
<pin_list>
<pin id="77" dir="1" index="0" bw="1" slack="2147483647"/>
</pin_list>
<bind>
<StgValue><ssdm name="empty_10"/></StgValue>
</bind>
</comp>

<comp id="78" class="1001" name="const_78">
<pin_list>
<pin id="79" dir="1" index="0" bw="1" slack="2147483647"/>
</pin_list>
<bind>
<StgValue><ssdm name="empty_11"/></StgValue>
</bind>
</comp>

<comp id="80" class="1001" name="const_80">
<pin_list>
<pin id="81" dir="1" index="0" bw="1" slack="2147483647"/>
</pin_list>
<bind>
<StgValue><ssdm name="empty_12"/></StgValue>
</bind>
</comp>

<comp id="82" class="1001" name="const_82">
<pin_list>
<pin id="83" dir="1" index="0" bw="1" slack="2147483647"/>
</pin_list>
<bind>
<StgValue><ssdm name="empty_13"/></StgValue>
</bind>
</comp>

<comp id="84" class="1001" name="const_84">
<pin_list>
<pin id="85" dir="1" index="0" bw="1" slack="2147483647"/>
</pin_list>
<bind>
<StgValue><ssdm name="empty_14"/></StgValue>
</bind>
</comp>

<comp id="86" class="1001" name="const_86">
<pin_list>
<pin id="87" dir="1" index="0" bw="1" slack="0"/>
</pin_list>
<bind>
<StgValue><ssdm name="_ssdm_op_WriteReq.m_axi.p1i32"/></StgValue>
</bind>
</comp>

<comp id="88" class="1001" name="const_88">
<pin_list>
<pin id="89" dir="1" index="0" bw="1" slack="0"/>
</pin_list>
<bind>
<StgValue><ssdm name=""/></StgValue>
</bind>
</comp>

<comp id="90" class="1001" name="const_90">
<pin_list>
<pin id="91" dir="1" index="0" bw="1" slack="0"/>
</pin_list>
<bind>
<StgValue><ssdm name=""/></StgValue>
</bind>
</comp>

<comp id="92" class="1001" name="const_92">
<pin_list>
<pin id="93" dir="1" index="0" bw="1" slack="0"/>
</pin_list>
<bind>
<StgValue><ssdm name=""/></StgValue>
</bind>
</comp>

<comp id="94" class="1001" name="const_94">
<pin_list>
<pin id="95" dir="1" index="0" bw="1" slack="0"/>
</pin_list>
<bind>
<StgValue><ssdm name=""/></StgValue>
</bind>
</comp>

<comp id="96" class="1001" name="const_96">
<pin_list>
<pin id="97" dir="1" index="0" bw="1" slack="0"/>
</pin_list>
<bind>
<StgValue><ssdm name="knn_distance_and_sort"/></StgValue>
</bind>
</comp>

<comp id="98" class="1001" name="const_98">
<pin_list>
<pin id="99" dir="1" index="0" bw="1" slack="0"/>
</pin_list>
<bind>
<StgValue><ssdm name="knn_majority_vote"/></StgValue>
</bind>
</comp>

<comp id="100" class="1001" name="const_100">
<pin_list>
<pin id="101" dir="1" index="0" bw="1" slack="2147483647"/>
</pin_list>
<bind>
<StgValue><ssdm name="_ssdm_op_SpecPipeline"/></StgValue>
</bind>
</comp>

<comp id="102" class="1001" name="const_102">
<pin_list>
<pin id="103" dir="1" index="0" bw="1" slack="2147483647"/>
</pin_list>
<bind>
<StgValue><ssdm name="_ssdm_op_SpecLoopTripCount"/></StgValue>
</bind>
</comp>

<comp id="104" class="1001" name="const_104">
<pin_list>
<pin id="105" dir="1" index="0" bw="1" slack="2147483647"/>
</pin_list>
<bind>
<StgValue><ssdm name="_ssdm_op_SpecLoopName"/></StgValue>
</bind>
</comp>

<comp id="106" class="1001" name="const_106">
<pin_list>
<pin id="107" dir="1" index="0" bw="1" slack="2147483647"/>
</pin_list>
<bind>
<StgValue><ssdm name="empty_16"/></StgValue>
</bind>
</comp>

<comp id="108" class="1001" name="const_108">
<pin_list>
<pin id="109" dir="1" index="0" bw="1" slack="0"/>
</pin_list>
<bind>
<StgValue><ssdm name="_ssdm_op_Write.m_axi.p1i32.i32"/></StgValue>
</bind>
</comp>

<comp id="110" class="1001" name="const_110">
<pin_list>
<pin id="111" dir="1" index="0" bw="1" slack="0"/>
</pin_list>
<bind>
<StgValue><ssdm name=""/></StgValue>
</bind>
</comp>

<comp id="112" class="1001" name="const_112">
<pin_list>
<pin id="113" dir="1" index="0" bw="1" slack="0"/>
</pin_list>
<bind>
<StgValue><ssdm name="_ssdm_op_WriteResp.m_axi.p1i32"/></StgValue>
</bind>
</comp>

<comp id="114" class="1004" name="phi_mul_fu_114">
<pin_list>
<pin id="115" dir="0" index="0" bw="1" slack="0"/>
<pin id="116" dir="1" index="1" bw="9" slack="0"/>
</pin_list>
<bind>
<opcode="alloca(26) " fcode="alloca"/>
<opset="phi_mul/1 "/>
</bind>
</comp>

<comp id="118" class="1004" name="i_fu_118">
<pin_list>
<pin id="119" dir="0" index="0" bw="1" slack="0"/>
<pin id="120" dir="1" index="1" bw="4" slack="0"/>
</pin_list>
<bind>
<opcode="alloca(26) " fcode="alloca"/>
<opset="i/1 "/>
</bind>
</comp>

<comp id="122" class="1004" name="top_k_labels_fu_122">
<pin_list>
<pin id="123" dir="0" index="0" bw="1" slack="0"/>
<pin id="124" dir="1" index="1" bw="4" slack="3"/>
</pin_list>
<bind>
<opcode="alloca(26) " fcode="alloca"/>
<opset="top_k_labels/1 "/>
</bind>
</comp>

<comp id="126" class="1004" name="top_k_labels_1_fu_126">
<pin_list>
<pin id="127" dir="0" index="0" bw="1" slack="0"/>
<pin id="128" dir="1" index="1" bw="4" slack="3"/>
</pin_list>
<bind>
<opcode="alloca(26) " fcode="alloca"/>
<opset="top_k_labels_1/1 "/>
</bind>
</comp>

<comp id="130" class="1004" name="top_k_labels_2_fu_130">
<pin_list>
<pin id="131" dir="0" index="0" bw="1" slack="0"/>
<pin id="132" dir="1" index="1" bw="4" slack="3"/>
</pin_list>
<bind>
<opcode="alloca(26) " fcode="alloca"/>
<opset="top_k_labels_2/1 "/>
</bind>
</comp>

<comp id="134" class="1004" name="y_test_read_read_fu_134">
<pin_list>
<pin id="135" dir="0" index="0" bw="64" slack="0"/>
<pin id="136" dir="0" index="1" bw="64" slack="0"/>
<pin id="137" dir="1" index="2" bw="64" slack="0"/>
</pin_list>
<bind>
<opcode="read(1150) " fcode="read"/>
<opset="y_test_read/1 "/>
</bind>
</comp>

<comp id="140" class="1004" name="y_train_read_read_fu_140">
<pin_list>
<pin id="141" dir="0" index="0" bw="64" slack="0"/>
<pin id="142" dir="0" index="1" bw="64" slack="0"/>
<pin id="143" dir="1" index="2" bw="64" slack="3"/>
</pin_list>
<bind>
<opcode="read(1150) " fcode="read"/>
<opset="y_train_read/1 "/>
</bind>
</comp>

<comp id="146" class="1004" name="X_train_read_read_fu_146">
<pin_list>
<pin id="147" dir="0" index="0" bw="64" slack="0"/>
<pin id="148" dir="0" index="1" bw="64" slack="0"/>
<pin id="149" dir="1" index="2" bw="64" slack="3"/>
</pin_list>
<bind>
<opcode="read(1150) " fcode="read"/>
<opset="X_train_read/1 "/>
</bind>
</comp>

<comp id="152" class="1004" name="X_test_read_read_fu_152">
<pin_list>
<pin id="153" dir="0" index="0" bw="64" slack="0"/>
<pin id="154" dir="0" index="1" bw="64" slack="0"/>
<pin id="155" dir="1" index="2" bw="64" slack="3"/>
</pin_list>
<bind>
<opcode="read(1150) " fcode="read"/>
<opset="X_test_read/1 "/>
</bind>
</comp>

<comp id="158" class="1004" name="empty_writereq_fu_158">
<pin_list>
<pin id="159" dir="0" index="0" bw="1" slack="0"/>
<pin id="160" dir="0" index="1" bw="32" slack="1"/>
<pin id="161" dir="0" index="2" bw="5" slack="0"/>
<pin id="162" dir="1" index="3" bw="1" slack="2147483647"/>
</pin_list>
<bind>
<opcode="writereq(1155) " fcode="writereq"/>
<opset="empty/2 "/>
</bind>
</comp>

<comp id="165" class="1004" name="write_ln166_write_fu_165">
<pin_list>
<pin id="166" dir="0" index="0" bw="0" slack="0"/>
<pin id="167" dir="0" index="1" bw="32" slack="7"/>
<pin id="168" dir="0" index="2" bw="32" slack="1"/>
<pin id="169" dir="0" index="3" bw="1" slack="0"/>
<pin id="170" dir="1" index="4" bw="0" slack="2147483647"/>
</pin_list>
<bind>
<opcode="write(1151) " fcode="write"/>
<opset="write_ln166/8 "/>
</bind>
</comp>

<comp id="173" class="1004" name="grp_writeresp_fu_173">
<pin_list>
<pin id="174" dir="0" index="0" bw="1" slack="0"/>
<pin id="175" dir="0" index="1" bw="32" slack="3"/>
<pin id="176" dir="1" index="2" bw="1" slack="2147483647"/>
</pin_list>
<bind>
<opcode="writeresp(1158) " fcode="writeresp"/>
<opset="empty_32/9 "/>
</bind>
</comp>

<comp id="178" class="1004" name="grp_knn_distance_and_sort_fu_178">
<pin_list>
<pin id="179" dir="0" index="0" bw="0" slack="0"/>
<pin id="180" dir="0" index="1" bw="64" slack="0"/>
<pin id="181" dir="0" index="2" bw="64" slack="3"/>
<pin id="182" dir="0" index="3" bw="64" slack="0"/>
<pin id="183" dir="0" index="4" bw="64" slack="3"/>
<pin id="184" dir="0" index="5" bw="32" slack="0"/>
<pin id="185" dir="0" index="6" bw="64" slack="3"/>
<pin id="186" dir="0" index="7" bw="4" slack="3"/>
<pin id="187" dir="0" index="8" bw="4" slack="3"/>
<pin id="188" dir="0" index="9" bw="4" slack="3"/>
<pin id="189" dir="0" index="10" bw="9" slack="0"/>
<pin id="190" dir="1" index="11" bw="0" slack="2147483647"/>
</pin_list>
<bind>
<opcode="call(48) " fcode="call"/>
<opset="call_ln163/4 "/>
</bind>
</comp>

<comp id="195" class="1004" name="grp_knn_majority_vote_fu_195">
<pin_list>
<pin id="196" dir="0" index="0" bw="32" slack="0"/>
<pin id="197" dir="0" index="1" bw="4" slack="0"/>
<pin id="198" dir="0" index="2" bw="4" slack="0"/>
<pin id="199" dir="0" index="3" bw="4" slack="0"/>
<pin id="200" dir="1" index="4" bw="32" slack="1"/>
</pin_list>
<bind>
<opcode="call(48) " fcode="call"/>
<opset="tmp/6 "/>
</bind>
</comp>

<comp id="202" class="1004" name="trunc_ln_fu_202">
<pin_list>
<pin id="203" dir="0" index="0" bw="62" slack="0"/>
<pin id="204" dir="0" index="1" bw="64" slack="0"/>
<pin id="205" dir="0" index="2" bw="3" slack="0"/>
<pin id="206" dir="0" index="3" bw="7" slack="0"/>
<pin id="207" dir="1" index="4" bw="62" slack="0"/>
</pin_list>
<bind>
<opcode="partselect(1002) " fcode="partselect"/>
<opset="trunc_ln/1 "/>
</bind>
</comp>

<comp id="212" class="1004" name="sext_ln160_fu_212">
<pin_list>
<pin id="213" dir="0" index="0" bw="62" slack="0"/>
<pin id="214" dir="1" index="1" bw="64" slack="0"/>
</pin_list>
<bind>
<opcode="sext(35) " fcode="sext"/>
<opset="sext_ln160/1 "/>
</bind>
</comp>

<comp id="216" class="1004" name="gmem_y_test_addr_fu_216">
<pin_list>
<pin id="217" dir="0" index="0" bw="64" slack="0"/>
<pin id="218" dir="0" index="1" bw="64" slack="0"/>
<pin id="219" dir="1" index="2" bw="64" slack="1"/>
</pin_list>
<bind>
<opcode="getelementptr(29) " fcode="getelementptr"/>
<opset="gmem_y_test_addr/1 "/>
</bind>
</comp>

<comp id="222" class="1004" name="store_ln160_store_fu_222">
<pin_list>
<pin id="223" dir="0" index="0" bw="1" slack="0"/>
<pin id="224" dir="0" index="1" bw="4" slack="0"/>
<pin id="225" dir="1" index="2" bw="0" slack="2147483647"/>
</pin_list>
<bind>
<opcode="store(28) " fcode="store"/>
<opset="store_ln160/1 "/>
</bind>
</comp>

<comp id="227" class="1004" name="store_ln0_store_fu_227">
<pin_list>
<pin id="228" dir="0" index="0" bw="1" slack="0"/>
<pin id="229" dir="0" index="1" bw="9" slack="0"/>
<pin id="230" dir="1" index="2" bw="0" slack="2147483647"/>
</pin_list>
<bind>
<opcode="store(28) " fcode="store"/>
<opset="store_ln0/1 "/>
</bind>
</comp>

<comp id="232" class="1004" name="i_8_load_fu_232">
<pin_list>
<pin id="233" dir="0" index="0" bw="4" slack="2"/>
<pin id="234" dir="1" index="1" bw="4" slack="0"/>
</pin_list>
<bind>
<opcode="load(27) " fcode="load"/>
<opset="i_8/3 "/>
</bind>
</comp>

<comp id="235" class="1004" name="icmp_ln160_fu_235">
<pin_list>
<pin id="236" dir="0" index="0" bw="4" slack="0"/>
<pin id="237" dir="0" index="1" bw="4" slack="0"/>
<pin id="238" dir="1" index="2" bw="1" slack="2147483647"/>
</pin_list>
<bind>
<opcode="icmp(45) " fcode="icmp"/>
<opset="icmp_ln160/3 "/>
</bind>
</comp>

<comp id="241" class="1004" name="add_ln160_fu_241">
<pin_list>
<pin id="242" dir="0" index="0" bw="4" slack="0"/>
<pin id="243" dir="0" index="1" bw="1" slack="0"/>
<pin id="244" dir="1" index="2" bw="4" slack="0"/>
</pin_list>
<bind>
<opcode="add(8) " fcode="add"/>
<opset="add_ln160/3 "/>
</bind>
</comp>

<comp id="247" class="1004" name="store_ln160_store_fu_247">
<pin_list>
<pin id="248" dir="0" index="0" bw="4" slack="0"/>
<pin id="249" dir="0" index="1" bw="4" slack="2"/>
<pin id="250" dir="1" index="2" bw="0" slack="2147483647"/>
</pin_list>
<bind>
<opcode="store(28) " fcode="store"/>
<opset="store_ln160/3 "/>
</bind>
</comp>

<comp id="252" class="1004" name="phi_mul_load_load_fu_252">
<pin_list>
<pin id="253" dir="0" index="0" bw="9" slack="3"/>
<pin id="254" dir="1" index="1" bw="9" slack="0"/>
</pin_list>
<bind>
<opcode="load(27) " fcode="load"/>
<opset="phi_mul_load/4 "/>
</bind>
</comp>

<comp id="256" class="1004" name="add_ln163_fu_256">
<pin_list>
<pin id="257" dir="0" index="0" bw="9" slack="0"/>
<pin id="258" dir="0" index="1" bw="7" slack="0"/>
<pin id="259" dir="1" index="2" bw="9" slack="0"/>
</pin_list>
<bind>
<opcode="add(8) " fcode="add"/>
<opset="add_ln163/4 "/>
</bind>
</comp>

<comp id="262" class="1004" name="store_ln163_store_fu_262">
<pin_list>
<pin id="263" dir="0" index="0" bw="9" slack="0"/>
<pin id="264" dir="0" index="1" bw="9" slack="3"/>
<pin id="265" dir="1" index="2" bw="0" slack="2147483647"/>
</pin_list>
<bind>
<opcode="store(28) " fcode="store"/>
<opset="store_ln163/4 "/>
</bind>
</comp>

<comp id="267" class="1004" name="top_k_labels_load_load_fu_267">
<pin_list>
<pin id="268" dir="0" index="0" bw="4" slack="5"/>
<pin id="269" dir="1" index="1" bw="4" slack="0"/>
</pin_list>
<bind>
<opcode="load(27) " fcode="load"/>
<opset="top_k_labels_load/6 "/>
</bind>
</comp>

<comp id="271" class="1004" name="top_k_labels_1_load_load_fu_271">
<pin_list>
<pin id="272" dir="0" index="0" bw="4" slack="5"/>
<pin id="273" dir="1" index="1" bw="4" slack="0"/>
</pin_list>
<bind>
<opcode="load(27) " fcode="load"/>
<opset="top_k_labels_1_load/6 "/>
</bind>
</comp>

<comp id="275" class="1004" name="top_k_labels_2_load_load_fu_275">
<pin_list>
<pin id="276" dir="0" index="0" bw="4" slack="5"/>
<pin id="277" dir="1" index="1" bw="4" slack="0"/>
</pin_list>
<bind>
<opcode="load(27) " fcode="load"/>
<opset="top_k_labels_2_load/6 "/>
</bind>
</comp>

<comp id="279" class="1005" name="phi_mul_reg_279">
<pin_list>
<pin id="280" dir="0" index="0" bw="9" slack="0"/>
<pin id="281" dir="1" index="1" bw="9" slack="0"/>
</pin_list>
<bind>
<opset="phi_mul "/>
</bind>
</comp>

<comp id="286" class="1005" name="i_reg_286">
<pin_list>
<pin id="287" dir="0" index="0" bw="4" slack="0"/>
<pin id="288" dir="1" index="1" bw="4" slack="0"/>
</pin_list>
<bind>
<opset="i "/>
</bind>
</comp>

<comp id="293" class="1005" name="y_train_read_reg_293">
<pin_list>
<pin id="294" dir="0" index="0" bw="64" slack="3"/>
<pin id="295" dir="1" index="1" bw="64" slack="3"/>
</pin_list>
<bind>
<opset="y_train_read "/>
</bind>
</comp>

<comp id="298" class="1005" name="X_train_read_reg_298">
<pin_list>
<pin id="299" dir="0" index="0" bw="64" slack="3"/>
<pin id="300" dir="1" index="1" bw="64" slack="3"/>
</pin_list>
<bind>
<opset="X_train_read "/>
</bind>
</comp>

<comp id="303" class="1005" name="X_test_read_reg_303">
<pin_list>
<pin id="304" dir="0" index="0" bw="64" slack="3"/>
<pin id="305" dir="1" index="1" bw="64" slack="3"/>
</pin_list>
<bind>
<opset="X_test_read "/>
</bind>
</comp>

<comp id="308" class="1005" name="top_k_labels_reg_308">
<pin_list>
<pin id="309" dir="0" index="0" bw="4" slack="3"/>
<pin id="310" dir="1" index="1" bw="4" slack="3"/>
</pin_list>
<bind>
<opset="top_k_labels "/>
</bind>
</comp>

<comp id="314" class="1005" name="top_k_labels_1_reg_314">
<pin_list>
<pin id="315" dir="0" index="0" bw="4" slack="3"/>
<pin id="316" dir="1" index="1" bw="4" slack="3"/>
</pin_list>
<bind>
<opset="top_k_labels_1 "/>
</bind>
</comp>

<comp id="320" class="1005" name="top_k_labels_2_reg_320">
<pin_list>
<pin id="321" dir="0" index="0" bw="4" slack="3"/>
<pin id="322" dir="1" index="1" bw="4" slack="3"/>
</pin_list>
<bind>
<opset="top_k_labels_2 "/>
</bind>
</comp>

<comp id="326" class="1005" name="gmem_y_test_addr_reg_326">
<pin_list>
<pin id="327" dir="0" index="0" bw="32" slack="1"/>
<pin id="328" dir="1" index="1" bw="32" slack="1"/>
</pin_list>
<bind>
<opset="gmem_y_test_addr "/>
</bind>
</comp>

<comp id="336" class="1005" name="phi_mul_load_reg_336">
<pin_list>
<pin id="337" dir="0" index="0" bw="9" slack="1"/>
<pin id="338" dir="1" index="1" bw="9" slack="1"/>
</pin_list>
<bind>
<opset="phi_mul_load "/>
</bind>
</comp>

<comp id="350" class="1005" name="tmp_reg_350">
<pin_list>
<pin id="351" dir="0" index="0" bw="32" slack="1"/>
<pin id="352" dir="1" index="1" bw="32" slack="1"/>
</pin_list>
<bind>
<opset="tmp "/>
</bind>
</comp>

</comp_list>

<net_list>
<net id="117"><net_src comp="16" pin="0"/><net_sink comp="114" pin=0"/></net>

<net id="121"><net_src comp="16" pin="0"/><net_sink comp="118" pin=0"/></net>

<net id="125"><net_src comp="20" pin="0"/><net_sink comp="122" pin=0"/></net>

<net id="129"><net_src comp="20" pin="0"/><net_sink comp="126" pin=0"/></net>

<net id="133"><net_src comp="20" pin="0"/><net_sink comp="130" pin=0"/></net>

<net id="138"><net_src comp="18" pin="0"/><net_sink comp="134" pin=0"/></net>

<net id="139"><net_src comp="14" pin="0"/><net_sink comp="134" pin=1"/></net>

<net id="144"><net_src comp="18" pin="0"/><net_sink comp="140" pin=0"/></net>

<net id="145"><net_src comp="12" pin="0"/><net_sink comp="140" pin=1"/></net>

<net id="150"><net_src comp="18" pin="0"/><net_sink comp="146" pin=0"/></net>

<net id="151"><net_src comp="10" pin="0"/><net_sink comp="146" pin=1"/></net>

<net id="156"><net_src comp="18" pin="0"/><net_sink comp="152" pin=0"/></net>

<net id="157"><net_src comp="8" pin="0"/><net_sink comp="152" pin=1"/></net>

<net id="163"><net_src comp="86" pin="0"/><net_sink comp="158" pin=0"/></net>

<net id="164"><net_src comp="88" pin="0"/><net_sink comp="158" pin=2"/></net>

<net id="171"><net_src comp="108" pin="0"/><net_sink comp="165" pin=0"/></net>

<net id="172"><net_src comp="110" pin="0"/><net_sink comp="165" pin=3"/></net>

<net id="177"><net_src comp="112" pin="0"/><net_sink comp="173" pin=0"/></net>

<net id="191"><net_src comp="96" pin="0"/><net_sink comp="178" pin=0"/></net>

<net id="192"><net_src comp="0" pin="0"/><net_sink comp="178" pin=1"/></net>

<net id="193"><net_src comp="2" pin="0"/><net_sink comp="178" pin=3"/></net>

<net id="194"><net_src comp="4" pin="0"/><net_sink comp="178" pin=5"/></net>

<net id="201"><net_src comp="98" pin="0"/><net_sink comp="195" pin=0"/></net>

<net id="208"><net_src comp="22" pin="0"/><net_sink comp="202" pin=0"/></net>

<net id="209"><net_src comp="134" pin="2"/><net_sink comp="202" pin=1"/></net>

<net id="210"><net_src comp="24" pin="0"/><net_sink comp="202" pin=2"/></net>

<net id="211"><net_src comp="26" pin="0"/><net_sink comp="202" pin=3"/></net>

<net id="215"><net_src comp="202" pin="4"/><net_sink comp="212" pin=0"/></net>

<net id="220"><net_src comp="6" pin="0"/><net_sink comp="216" pin=0"/></net>

<net id="221"><net_src comp="212" pin="1"/><net_sink comp="216" pin=1"/></net>

<net id="226"><net_src comp="28" pin="0"/><net_sink comp="222" pin=0"/></net>

<net id="231"><net_src comp="30" pin="0"/><net_sink comp="227" pin=0"/></net>

<net id="239"><net_src comp="232" pin="1"/><net_sink comp="235" pin=0"/></net>

<net id="240"><net_src comp="90" pin="0"/><net_sink comp="235" pin=1"/></net>

<net id="245"><net_src comp="232" pin="1"/><net_sink comp="241" pin=0"/></net>

<net id="246"><net_src comp="92" pin="0"/><net_sink comp="241" pin=1"/></net>

<net id="251"><net_src comp="241" pin="2"/><net_sink comp="247" pin=0"/></net>

<net id="255"><net_src comp="252" pin="1"/><net_sink comp="178" pin=10"/></net>

<net id="260"><net_src comp="252" pin="1"/><net_sink comp="256" pin=0"/></net>

<net id="261"><net_src comp="94" pin="0"/><net_sink comp="256" pin=1"/></net>

<net id="266"><net_src comp="256" pin="2"/><net_sink comp="262" pin=0"/></net>

<net id="270"><net_src comp="267" pin="1"/><net_sink comp="195" pin=1"/></net>

<net id="274"><net_src comp="271" pin="1"/><net_sink comp="195" pin=2"/></net>

<net id="278"><net_src comp="275" pin="1"/><net_sink comp="195" pin=3"/></net>

<net id="282"><net_src comp="114" pin="1"/><net_sink comp="279" pin=0"/></net>

<net id="283"><net_src comp="279" pin="1"/><net_sink comp="227" pin=1"/></net>

<net id="284"><net_src comp="279" pin="1"/><net_sink comp="252" pin=0"/></net>

<net id="285"><net_src comp="279" pin="1"/><net_sink comp="262" pin=1"/></net>

<net id="289"><net_src comp="118" pin="1"/><net_sink comp="286" pin=0"/></net>

<net id="290"><net_src comp="286" pin="1"/><net_sink comp="222" pin=1"/></net>

<net id="291"><net_src comp="286" pin="1"/><net_sink comp="232" pin=0"/></net>

<net id="292"><net_src comp="286" pin="1"/><net_sink comp="247" pin=1"/></net>

<net id="296"><net_src comp="140" pin="2"/><net_sink comp="293" pin=0"/></net>

<net id="297"><net_src comp="293" pin="1"/><net_sink comp="178" pin=6"/></net>

<net id="301"><net_src comp="146" pin="2"/><net_sink comp="298" pin=0"/></net>

<net id="302"><net_src comp="298" pin="1"/><net_sink comp="178" pin=4"/></net>

<net id="306"><net_src comp="152" pin="2"/><net_sink comp="303" pin=0"/></net>

<net id="307"><net_src comp="303" pin="1"/><net_sink comp="178" pin=2"/></net>

<net id="311"><net_src comp="122" pin="1"/><net_sink comp="308" pin=0"/></net>

<net id="312"><net_src comp="308" pin="1"/><net_sink comp="178" pin=7"/></net>

<net id="313"><net_src comp="308" pin="1"/><net_sink comp="267" pin=0"/></net>

<net id="317"><net_src comp="126" pin="1"/><net_sink comp="314" pin=0"/></net>

<net id="318"><net_src comp="314" pin="1"/><net_sink comp="178" pin=8"/></net>

<net id="319"><net_src comp="314" pin="1"/><net_sink comp="271" pin=0"/></net>

<net id="323"><net_src comp="130" pin="1"/><net_sink comp="320" pin=0"/></net>

<net id="324"><net_src comp="320" pin="1"/><net_sink comp="178" pin=9"/></net>

<net id="325"><net_src comp="320" pin="1"/><net_sink comp="275" pin=0"/></net>

<net id="329"><net_src comp="216" pin="2"/><net_sink comp="326" pin=0"/></net>

<net id="330"><net_src comp="326" pin="1"/><net_sink comp="158" pin=1"/></net>

<net id="331"><net_src comp="326" pin="1"/><net_sink comp="165" pin=1"/></net>

<net id="332"><net_src comp="326" pin="1"/><net_sink comp="173" pin=1"/></net>

<net id="339"><net_src comp="252" pin="1"/><net_sink comp="336" pin=0"/></net>

<net id="340"><net_src comp="336" pin="1"/><net_sink comp="178" pin=10"/></net>

<net id="353"><net_src comp="195" pin="4"/><net_sink comp="350" pin=0"/></net>

<net id="354"><net_src comp="350" pin="1"/><net_sink comp="165" pin=2"/></net>

</net_list>

</model> 
---------------- Datapath Model END ------------------

* FSMD analyzer results:
  - Output states:
	Port: gmem_y_test | {2 8 9 10 11 12 13 }
 - Input state : 
	Port: knn_accelerator : gmem_x_test | {4 5 }
	Port: knn_accelerator : gmem_x_train | {4 5 }
	Port: knn_accelerator : gmem_y_train | {4 5 }
	Port: knn_accelerator : X_test | {1 }
	Port: knn_accelerator : X_train | {1 }
	Port: knn_accelerator : y_train | {1 }
	Port: knn_accelerator : y_test | {1 }
  - Chain level:
	State 1
		sext_ln160 : 1
		gmem_y_test_addr : 2
		store_ln160 : 1
		store_ln0 : 1
	State 2
	State 3
		icmp_ln160 : 1
		add_ln160 : 1
		br_ln160 : 2
		store_ln160 : 2
	State 4
		add_ln163 : 1
		call_ln163 : 1
		store_ln163 : 2
	State 5
	State 6
		tmp : 1
	State 7
	State 8
	State 9
	State 10
	State 11
	State 12
	State 13


============================================================
+ Verbose Summary: Datapath Resource usage 
============================================================

* Functional unit list:
|----------|----------------------------------|---------|---------|---------|---------|---------|---------|
| Operation|          Functional Unit         |   BRAM  |   DSP   |  Delay  |    FF   |   LUT   |   URAM  |
|----------|----------------------------------|---------|---------|---------|---------|---------|---------|
|   call   | grp_knn_distance_and_sort_fu_178 |    0    |    14   | 19.2946 |   2709  |   2236  |    0    |
|          |   grp_knn_majority_vote_fu_195   |    0    |    0    |  3.5339 |   130   |   262   |    0    |
|----------|----------------------------------|---------|---------|---------|---------|---------|---------|
|    add   |         add_ln160_fu_241         |    0    |    0    |    0    |    0    |    13   |    0    |
|          |         add_ln163_fu_256         |    0    |    0    |    0    |    0    |    14   |    0    |
|----------|----------------------------------|---------|---------|---------|---------|---------|---------|
|   icmp   |         icmp_ln160_fu_235        |    0    |    0    |    0    |    0    |    13   |    0    |
|----------|----------------------------------|---------|---------|---------|---------|---------|---------|
|          |      y_test_read_read_fu_134     |    0    |    0    |    0    |    0    |    0    |    0    |
|   read   |     y_train_read_read_fu_140     |    0    |    0    |    0    |    0    |    0    |    0    |
|          |     X_train_read_read_fu_146     |    0    |    0    |    0    |    0    |    0    |    0    |
|          |      X_test_read_read_fu_152     |    0    |    0    |    0    |    0    |    0    |    0    |
|----------|----------------------------------|---------|---------|---------|---------|---------|---------|
| writereq |       empty_writereq_fu_158      |    0    |    0    |    0    |    0    |    0    |    0    |
|----------|----------------------------------|---------|---------|---------|---------|---------|---------|
|   write  |     write_ln166_write_fu_165     |    0    |    0    |    0    |    0    |    0    |    0    |
|----------|----------------------------------|---------|---------|---------|---------|---------|---------|
| writeresp|       grp_writeresp_fu_173       |    0    |    0    |    0    |    0    |    0    |    0    |
|----------|----------------------------------|---------|---------|---------|---------|---------|---------|
|partselect|          trunc_ln_fu_202         |    0    |    0    |    0    |    0    |    0    |    0    |
|----------|----------------------------------|---------|---------|---------|---------|---------|---------|
|   sext   |         sext_ln160_fu_212        |    0    |    0    |    0    |    0    |    0    |    0    |
|----------|----------------------------------|---------|---------|---------|---------|---------|---------|
|   Total  |                                  |    0    |    14   | 22.8285 |   2839  |   2538  |    0    |
|----------|----------------------------------|---------|---------|---------|---------|---------|---------|

Memories:
N/A

* Register list:
+------------------------+--------+
|                        |   FF   |
+------------------------+--------+
|   X_test_read_reg_303  |   64   |
|  X_train_read_reg_298  |   64   |
|gmem_y_test_addr_reg_326|   32   |
|        i_reg_286       |    4   |
|  phi_mul_load_reg_336  |    9   |
|     phi_mul_reg_279    |    9   |
|       tmp_reg_350      |   32   |
| top_k_labels_1_reg_314 |    4   |
| top_k_labels_2_reg_320 |    4   |
|  top_k_labels_reg_308  |    4   |
|  y_train_read_reg_293  |   64   |
+------------------------+--------+
|          Total         |   290  |
+------------------------+--------+

* Multiplexer (MUX) list: 
|----------------------------------|------|------|------|--------||---------||---------||---------|
|               Comp               |  Pin | Size |  BW  | S x BW ||  Delay  ||    FF   ||   LUT   |
|----------------------------------|------|------|------|--------||---------||---------||---------|
| grp_knn_distance_and_sort_fu_178 |  p10 |   2  |   9  |   18   ||    0    ||    9    |
|----------------------------------|------|------|------|--------||---------||---------||---------|
|               Total              |      |      |      |   18   ||  1.588  ||    0    ||    9    |
|----------------------------------|------|------|------|--------||---------||---------||---------|



* Summary:
+-----------+--------+--------+--------+--------+--------+--------+
|           |  BRAM  |   DSP  |  Delay |   FF   |   LUT  |  URAM  |
+-----------+--------+--------+--------+--------+--------+--------+
|  Function |    0   |   14   |   22   |  2839  |  2538  |    0   |
|   Memory  |    -   |    -   |    -   |    -   |    -   |    -   |
|Multiplexer|    -   |    -   |    1   |    0   |    9   |    -   |
|  Register |    -   |    -   |    -   |   290  |    -   |    -   |
+-----------+--------+--------+--------+--------+--------+--------+
|   Total   |    0   |   14   |   24   |  3129  |  2547  |    0   |
+-----------+--------+--------+--------+--------+--------+--------+
