

================================================================
== Vitis HLS Report for 'knn_majority_vote_Pipeline_VITIS_LOOP_106_2'
================================================================
* Date:           Tue Mar 17 19:32:45 2026

* Version:        2025.1 (Build 6135595 on May 21 2025)
* Project:        knn_accelerator
* Solution:       hls (Vivado IP Flow Target)
* Product family: zynq
* Target device:  xc7z020-clg400-1


================================================================
== Performance Estimates
================================================================
+ Timing: 
    * Summary: 
    +--------+----------+----------+------------+
    |  Clock |  Target  | Estimated| Uncertainty|
    +--------+----------+----------+------------+
    |ap_clk  |  10.00 ns|  7.160 ns|     2.70 ns|
    +--------+----------+----------+------------+

+ Latency: 
    * Summary: 
    +---------+---------+-----------+-----------+-----+-----+------------------------------------------------+
    |  Latency (cycles) |   Latency (absolute)  |  Interval |                    Pipeline                    |
    |   min   |   max   |    min    |    max    | min | max |                      Type                      |
    +---------+---------+-----------+-----------+-----+-----+------------------------------------------------+
    |        8|        8|  80.000 ns|  80.000 ns|    7|    7|  loop auto-rewind stp (delay=0 clock cycles(s))|
    +---------+---------+-----------+-----------+-----+-----+------------------------------------------------+

    + Detail: 
        * Instance: 
        N/A

        * Loop: 
        +--------------------+---------+---------+----------+-----------+-----------+------+----------+
        |                    |  Latency (cycles) | Iteration|  Initiation Interval  | Trip |          |
        |      Loop Name     |   min   |   max   |  Latency |  achieved |   target  | Count| Pipelined|
        +--------------------+---------+---------+----------+-----------+-----------+------+----------+
        |- VITIS_LOOP_106_2  |        6|        6|         3|          2|          1|     3|       yes|
        +--------------------+---------+---------+----------+-----------+-----------+------+----------+

============================================================
+ Verbose Summary: Synthesis Manager
============================================================
InlineROM: 1
ExposeGlobal: 0
============================================================
+ Verbose Summary: CDFG Model
============================================================
IsTopModel: 0
ResetActiveHigh: 1
IsCombinational: 0
IsDatapathOnly: 0
HasWiredReturn: 1
HasMFsm: 2
HasVarLatency: 1
IsPipeline: 0
IsRtlPipelined: 0
IsInstanceOverlapped: 0
IsDontTouch: 0
HasImplIP: 0
IsGatedGlobalClock: 0

+ Individual pipeline summary: 
  * Pipeline-0: initiation interval (II) = 2, depth = 4


============================================================
+ Verbose Summary: Schedule
============================================================
* Number of FSM states : 4
* Pipeline : 1
  Pipeline-0 : II = 2, D = 4, States = { 1 2 3 4 }
* Dataflow Pipeline: 0

* FSM state transitions: 
1 --> 2 
2 --> 3 
3 --> 4 
4 --> 

* FSM state operations: 

State 1 <SV = 0> <Delay = 1.58>
ST_1 : Operation 6 [1/1] (0.00ns)   --->   "%reuse_addr_reg = alloca i32 1"   --->   Operation 6 'alloca' 'reuse_addr_reg' <Predicate = true> <Delay = 0.00>
ST_1 : Operation 7 [1/1] (0.00ns)   --->   "%reuse_reg = alloca i32 1"   --->   Operation 7 'alloca' 'reuse_reg' <Predicate = true> <Delay = 0.00>
ST_1 : Operation 8 [1/1] (0.00ns)   --->   "%i_1 = alloca i32 1" [../src/knn.cpp:106]   --->   Operation 8 'alloca' 'i_1' <Predicate = true> <Delay = 0.00>
ST_1 : Operation 9 [1/1] (0.00ns)   --->   "%top_k_labels_read_1 = read i4 @_ssdm_op_Read.ap_auto.i4, i4 %top_k_labels_read_4"   --->   Operation 9 'read' 'top_k_labels_read_1' <Predicate = true> <Delay = 0.00>
ST_1 : Operation 10 [1/1] (0.00ns)   --->   "%top_k_labels_read_2 = read i4 @_ssdm_op_Read.ap_auto.i4, i4 %top_k_labels_read_3"   --->   Operation 10 'read' 'top_k_labels_read_2' <Predicate = true> <Delay = 0.00>
ST_1 : Operation 11 [1/1] (0.00ns)   --->   "%top_k_labels_read_5 = read i4 @_ssdm_op_Read.ap_auto.i4, i4 %top_k_labels_read"   --->   Operation 11 'read' 'top_k_labels_read_5' <Predicate = true> <Delay = 0.00>
ST_1 : Operation 12 [1/1] (1.58ns)   --->   "%store_ln106 = store i2 0, i2 %i_1" [../src/knn.cpp:106]   --->   Operation 12 'store' 'store_ln106' <Predicate = true> <Delay = 1.58>
ST_1 : Operation 13 [1/1] (1.58ns)   --->   "%store_ln0 = store i32 0, i32 %reuse_reg"   --->   Operation 13 'store' 'store_ln0' <Predicate = true> <Delay = 1.58>
ST_1 : Operation 14 [1/1] (1.58ns)   --->   "%store_ln0 = store i64 18446744073709551615, i64 %reuse_addr_reg"   --->   Operation 14 'store' 'store_ln0' <Predicate = true> <Delay = 1.58>
ST_1 : Operation 15 [1/1] (0.00ns)   --->   "%br_ln0 = br void %for.inc11"   --->   Operation 15 'br' 'br_ln0' <Predicate = true> <Delay = 0.00>

State 2 <SV = 1> <Delay = 5.10>
ST_2 : Operation 16 [1/1] (0.00ns)   --->   "%i = load i2 %i_1" [../src/knn.cpp:106]   --->   Operation 16 'load' 'i' <Predicate = true> <Delay = 0.00>
ST_2 : Operation 17 [1/1] (1.56ns)   --->   "%icmp_ln106 = icmp_eq  i2 %i, i2 3" [../src/knn.cpp:106]   --->   Operation 17 'icmp' 'icmp_ln106' <Predicate = true> <Delay = 1.56> <CoreInst = "Cmp">   --->   Core 9 'Cmp' <Latency = 0> <II = 1> <Delay = 1.56> <FuncUnit> <Opcode : 'seteq' 'setne' 'setle' 'setge' 'setlt' 'setgt'> <InPorts = 2> <OutPorts = 1>
ST_2 : Operation 18 [1/1] (1.56ns)   --->   "%add_ln106 = add i2 %i, i2 1" [../src/knn.cpp:106]   --->   Operation 18 'add' 'add_ln106' <Predicate = true> <Delay = 1.56> <CoreInst = "Adder">   --->   Core 1 'Adder' <Latency = 0> <II = 1> <Delay = 1.56> <FuncUnit> <Opcode : 'add' 'sub'> <InPorts = 2> <OutPorts = 1>
ST_2 : Operation 19 [1/1] (0.00ns)   --->   "%br_ln106 = br i1 %icmp_ln106, void %for.inc11.split, void %for.body18.preheader.exitStub" [../src/knn.cpp:106]   --->   Operation 19 'br' 'br_ln106' <Predicate = true> <Delay = 0.00>
ST_2 : Operation 20 [1/1] (1.58ns)   --->   "%idx = sparsemux i4 @_ssdm_op_SparseMux.ap_auto.3i4.i4.i2, i2 0, i4 %top_k_labels_read_5, i2 1, i4 %top_k_labels_read_2, i2 2, i4 %top_k_labels_read_1, i4 0, i2 %i" [../src/knn.cpp:107]   --->   Operation 20 'sparsemux' 'idx' <Predicate = (!icmp_ln106)> <Delay = 1.58> <CoreInst = "OneHotSparseMux_HasDef">   --->   Core 140 'OneHotSparseMux_HasDef' <Latency = 0> <II = 1> <Delay = 1.58> <FuncUnit> <Opcode : 'sparsemux'> <InPorts = 2> <OutPorts = 1>
ST_2 : Operation 21 [1/1] (0.00ns)   --->   "%zext_ln108 = zext i4 %idx" [../src/knn.cpp:108]   --->   Operation 21 'zext' 'zext_ln108' <Predicate = (!icmp_ln106)> <Delay = 0.00>
ST_2 : Operation 22 [1/1] (0.00ns)   --->   "%counts_addr = getelementptr i32 %counts, i64 0, i64 %zext_ln108" [../src/knn.cpp:108]   --->   Operation 22 'getelementptr' 'counts_addr' <Predicate = (!icmp_ln106)> <Delay = 0.00>
ST_2 : Operation 23 [1/1] (0.00ns)   --->   "%reuse_addr_reg_load = load i64 %reuse_addr_reg"   --->   Operation 23 'load' 'reuse_addr_reg_load' <Predicate = (!icmp_ln106)> <Delay = 0.00>
ST_2 : Operation 24 [2/2] (2.32ns)   --->   "%counts_load = load i4 %counts_addr" [../src/knn.cpp:108]   --->   Operation 24 'load' 'counts_load' <Predicate = (!icmp_ln106)> <Delay = 2.32> <CoreInst = "RAM">   --->   Core 81 'RAM' <Latency = 1> <II = 1> <Delay = 2.32> <Storage> <Opcode : 'load' 'store'> <Ports = 2> <Width = 32> <Depth = 10> <RAM>
ST_2 : Operation 25 [1/1] (3.52ns)   --->   "%addr_cmp = icmp_eq  i64 %reuse_addr_reg_load, i64 %zext_ln108" [../src/knn.cpp:108]   --->   Operation 25 'icmp' 'addr_cmp' <Predicate = (!icmp_ln106)> <Delay = 3.52> <CoreInst = "Cmp">   --->   Core 9 'Cmp' <Latency = 0> <II = 1> <Delay = 3.52> <FuncUnit> <Opcode : 'seteq' 'setne' 'setle' 'setge' 'setlt' 'setgt'> <InPorts = 2> <OutPorts = 1>
ST_2 : Operation 26 [1/1] (1.58ns)   --->   "%store_ln108 = store i64 %zext_ln108, i64 %reuse_addr_reg" [../src/knn.cpp:108]   --->   Operation 26 'store' 'store_ln108' <Predicate = (!icmp_ln106)> <Delay = 1.58>
ST_2 : Operation 27 [1/1] (1.58ns)   --->   "%store_ln106 = store i2 %add_ln106, i2 %i_1" [../src/knn.cpp:106]   --->   Operation 27 'store' 'store_ln106' <Predicate = (!icmp_ln106)> <Delay = 1.58>
ST_2 : Operation 38 [1/1] (1.58ns)   --->   "%ret_ln0 = ret"   --->   Operation 38 'ret' 'ret_ln0' <Predicate = (icmp_ln106)> <Delay = 1.58>

State 3 <SV = 2> <Delay = 7.16>
ST_3 : Operation 28 [1/1] (0.00ns)   --->   "%reuse_reg_load = load i32 %reuse_reg"   --->   Operation 28 'load' 'reuse_reg_load' <Predicate = (!icmp_ln106 & addr_cmp)> <Delay = 0.00>
ST_3 : Operation 29 [1/2] ( I:2.32ns O:2.32ns )   --->   "%counts_load = load i4 %counts_addr" [../src/knn.cpp:108]   --->   Operation 29 'load' 'counts_load' <Predicate = (!icmp_ln106)> <Delay = 2.32> <CoreInst = "RAM">   --->   Core 81 'RAM' <Latency = 1> <II = 1> <Delay = 2.32> <Storage> <Opcode : 'load' 'store'> <Ports = 2> <Width = 32> <Depth = 10> <RAM>
ST_3 : Operation 30 [1/1] (0.69ns)   --->   "%reuse_select = select i1 %addr_cmp, i32 %reuse_reg_load, i32 %counts_load" [../src/knn.cpp:108]   --->   Operation 30 'select' 'reuse_select' <Predicate = (!icmp_ln106)> <Delay = 0.69> <CoreInst = "Sel">   --->   Core 73 'Sel' <Latency = 0> <II = 1> <Delay = 0.69> <FuncUnit> <Opcode : 'select'> <InPorts = 3> <OutPorts = 1>
ST_3 : Operation 31 [1/1] (2.55ns)   --->   "%add_ln108 = add i32 %reuse_select, i32 1" [../src/knn.cpp:108]   --->   Operation 31 'add' 'add_ln108' <Predicate = (!icmp_ln106)> <Delay = 2.55> <CoreInst = "Adder">   --->   Core 1 'Adder' <Latency = 0> <II = 1> <Delay = 2.55> <FuncUnit> <Opcode : 'add' 'sub'> <InPorts = 2> <OutPorts = 1>
ST_3 : Operation 32 [1/1] (1.58ns)   --->   "%store_ln108 = store i32 %add_ln108, i32 %reuse_reg" [../src/knn.cpp:108]   --->   Operation 32 'store' 'store_ln108' <Predicate = (!icmp_ln106)> <Delay = 1.58>

State 4 <SV = 3> <Delay = 2.32>
ST_4 : Operation 33 [1/1] (0.00ns)   --->   "%specpipeline_ln106 = specpipeline void @_ssdm_op_SpecPipeline, i32 4294967295, i32 0, i32 0, i32 0, void @empty_0" [../src/knn.cpp:106]   --->   Operation 33 'specpipeline' 'specpipeline_ln106' <Predicate = true> <Delay = 0.00>
ST_4 : Operation 34 [1/1] (0.00ns)   --->   "%speclooptripcount_ln106 = speclooptripcount void @_ssdm_op_SpecLoopTripCount, i64 3, i64 3, i64 3" [../src/knn.cpp:106]   --->   Operation 34 'speclooptripcount' 'speclooptripcount_ln106' <Predicate = true> <Delay = 0.00>
ST_4 : Operation 35 [1/1] (0.00ns)   --->   "%specloopname_ln106 = specloopname void @_ssdm_op_SpecLoopName, void @empty_18" [../src/knn.cpp:106]   --->   Operation 35 'specloopname' 'specloopname_ln106' <Predicate = true> <Delay = 0.00>
ST_4 : Operation 36 [1/1] ( I:2.32ns O:2.32ns )   --->   "%store_ln108 = store i32 %add_ln108, i4 %counts_addr" [../src/knn.cpp:108]   --->   Operation 36 'store' 'store_ln108' <Predicate = true> <Delay = 2.32> <CoreInst = "RAM">   --->   Core 81 'RAM' <Latency = 1> <II = 1> <Delay = 2.32> <Storage> <Opcode : 'load' 'store'> <Ports = 2> <Width = 32> <Depth = 10> <RAM>
ST_4 : Operation 37 [1/1] (0.00ns)   --->   "%br_ln106 = br void %for.inc11" [../src/knn.cpp:106]   --->   Operation 37 'br' 'br_ln106' <Predicate = true> <Delay = 0.00>


============================================================
+ Verbose Summary: Binding
============================================================
STG Binding: 
---------------- STG Properties BEGIN ----------------
- Is combinational: 0
- Is one-state seq: 0
- Is datapath-only: 0
- Is pipelined: 0
- Is top level: 0
Port [ Return ] is wired: 1; IO mode=ap_ctrl_hs:ce=0
Port [ top_k_labels_read]:  wired=1; compound=0; hidden=0; nouse=0; global=0; static=0; extern=0; dir=0; type=0; pingpong=0; private_global=0; IO mode=ap_none:ce=0
Port [ top_k_labels_read_3]:  wired=1; compound=0; hidden=0; nouse=0; global=0; static=0; extern=0; dir=0; type=0; pingpong=0; private_global=0; IO mode=ap_none:ce=0
Port [ top_k_labels_read_4]:  wired=1; compound=0; hidden=0; nouse=0; global=0; static=0; extern=0; dir=0; type=0; pingpong=0; private_global=0; IO mode=ap_none:ce=0
Port [ counts]:  wired=1; compound=1; hidden=0; nouse=0; global=0; static=0; extern=0; dir=2; type=1; pingpong=0; private_global=0; MemPort=[01]; IO mode=ap_memory:ce=0
---------------- STG Properties END ------------------

---------------- Datapath Model BEGIN ----------------

<LifeTime>
<method=bitvector/>
reuse_addr_reg          (alloca           ) [ 01100]
reuse_reg               (alloca           ) [ 01110]
i_1                     (alloca           ) [ 01100]
top_k_labels_read_1     (read             ) [ 00100]
top_k_labels_read_2     (read             ) [ 00100]
top_k_labels_read_5     (read             ) [ 00100]
store_ln106             (store            ) [ 00000]
store_ln0               (store            ) [ 00000]
store_ln0               (store            ) [ 00000]
br_ln0                  (br               ) [ 00000]
i                       (load             ) [ 00000]
icmp_ln106              (icmp             ) [ 01110]
add_ln106               (add              ) [ 00000]
br_ln106                (br               ) [ 00000]
idx                     (sparsemux        ) [ 00000]
zext_ln108              (zext             ) [ 00000]
counts_addr             (getelementptr    ) [ 01111]
reuse_addr_reg_load     (load             ) [ 00000]
addr_cmp                (icmp             ) [ 01010]
store_ln108             (store            ) [ 00000]
store_ln106             (store            ) [ 00000]
reuse_reg_load          (load             ) [ 00000]
counts_load             (load             ) [ 00000]
reuse_select            (select           ) [ 00000]
add_ln108               (add              ) [ 00101]
store_ln108             (store            ) [ 00000]
specpipeline_ln106      (specpipeline     ) [ 00000]
speclooptripcount_ln106 (speclooptripcount) [ 00000]
specloopname_ln106      (specloopname     ) [ 00000]
store_ln108             (store            ) [ 00000]
br_ln106                (br               ) [ 00000]
ret_ln0                 (ret              ) [ 00000]
</LifeTime>

<model>

<comp_list>
<comp id="0" class="1000" name="top_k_labels_read">
<pin_list>
<pin id="1" dir="1" index="0" bw="1" slack="0"/>
</pin_list>
<bind>
<StgValue><ssdm name="top_k_labels_read"/></StgValue>
</bind>
</comp>

<comp id="2" class="1000" name="top_k_labels_read_3">
<pin_list>
<pin id="3" dir="1" index="0" bw="1" slack="0"/>
</pin_list>
<bind>
<StgValue><ssdm name="top_k_labels_read_3"/></StgValue>
</bind>
</comp>

<comp id="4" class="1000" name="top_k_labels_read_4">
<pin_list>
<pin id="5" dir="1" index="0" bw="1" slack="0"/>
</pin_list>
<bind>
<StgValue><ssdm name="top_k_labels_read_4"/></StgValue>
</bind>
</comp>

<comp id="6" class="1000" name="counts">
<pin_list>
<pin id="7" dir="1" index="0" bw="1" slack="0"/>
</pin_list>
<bind>
<StgValue><ssdm name="counts"/><MemPortTyVec>0 1 </MemPortTyVec>
</StgValue>
</bind>
</comp>

<comp id="8" class="1001" name="const_8">
<pin_list>
<pin id="9" dir="1" index="0" bw="1" slack="0"/>
</pin_list>
<bind>
<StgValue><ssdm name=""/></StgValue>
</bind>
</comp>

<comp id="10" class="1001" name="const_10">
<pin_list>
<pin id="11" dir="1" index="0" bw="1" slack="0"/>
</pin_list>
<bind>
<StgValue><ssdm name="_ssdm_op_Read.ap_auto.i4"/></StgValue>
</bind>
</comp>

<comp id="12" class="1001" name="const_12">
<pin_list>
<pin id="13" dir="1" index="0" bw="1" slack="0"/>
</pin_list>
<bind>
<StgValue><ssdm name=""/></StgValue>
</bind>
</comp>

<comp id="14" class="1001" name="const_14">
<pin_list>
<pin id="15" dir="1" index="0" bw="1" slack="0"/>
</pin_list>
<bind>
<StgValue><ssdm name=""/></StgValue>
</bind>
</comp>

<comp id="16" class="1001" name="const_16">
<pin_list>
<pin id="17" dir="1" index="0" bw="1" slack="0"/>
</pin_list>
<bind>
<StgValue><ssdm name=""/></StgValue>
</bind>
</comp>

<comp id="18" class="1001" name="const_18">
<pin_list>
<pin id="19" dir="1" index="0" bw="1" slack="0"/>
</pin_list>
<bind>
<StgValue><ssdm name=""/></StgValue>
</bind>
</comp>

<comp id="20" class="1001" name="const_20">
<pin_list>
<pin id="21" dir="1" index="0" bw="1" slack="0"/>
</pin_list>
<bind>
<StgValue><ssdm name=""/></StgValue>
</bind>
</comp>

<comp id="22" class="1001" name="const_22">
<pin_list>
<pin id="23" dir="1" index="0" bw="1" slack="0"/>
</pin_list>
<bind>
<StgValue><ssdm name="_ssdm_op_SparseMux.ap_auto.3i4.i4.i2"/></StgValue>
</bind>
</comp>

<comp id="24" class="1001" name="const_24">
<pin_list>
<pin id="25" dir="1" index="0" bw="1" slack="0"/>
</pin_list>
<bind>
<StgValue><ssdm name=""/></StgValue>
</bind>
</comp>

<comp id="26" class="1001" name="const_26">
<pin_list>
<pin id="27" dir="1" index="0" bw="1" slack="0"/>
</pin_list>
<bind>
<StgValue><ssdm name=""/></StgValue>
</bind>
</comp>

<comp id="28" class="1001" name="const_28">
<pin_list>
<pin id="29" dir="1" index="0" bw="1" slack="0"/>
</pin_list>
<bind>
<StgValue><ssdm name=""/></StgValue>
</bind>
</comp>

<comp id="30" class="1001" name="const_30">
<pin_list>
<pin id="31" dir="1" index="0" bw="1" slack="2147483647"/>
</pin_list>
<bind>
<StgValue><ssdm name="_ssdm_op_SpecPipeline"/></StgValue>
</bind>
</comp>

<comp id="32" class="1001" name="const_32">
<pin_list>
<pin id="33" dir="1" index="0" bw="1" slack="2147483647"/>
</pin_list>
<bind>
<StgValue><ssdm name=""/></StgValue>
</bind>
</comp>

<comp id="34" class="1001" name="const_34">
<pin_list>
<pin id="35" dir="1" index="0" bw="1" slack="2147483647"/>
</pin_list>
<bind>
<StgValue><ssdm name="empty_0"/></StgValue>
</bind>
</comp>

<comp id="36" class="1001" name="const_36">
<pin_list>
<pin id="37" dir="1" index="0" bw="1" slack="2147483647"/>
</pin_list>
<bind>
<StgValue><ssdm name="_ssdm_op_SpecLoopTripCount"/></StgValue>
</bind>
</comp>

<comp id="38" class="1001" name="const_38">
<pin_list>
<pin id="39" dir="1" index="0" bw="1" slack="2147483647"/>
</pin_list>
<bind>
<StgValue><ssdm name=""/></StgValue>
</bind>
</comp>

<comp id="40" class="1001" name="const_40">
<pin_list>
<pin id="41" dir="1" index="0" bw="1" slack="2147483647"/>
</pin_list>
<bind>
<StgValue><ssdm name="_ssdm_op_SpecLoopName"/></StgValue>
</bind>
</comp>

<comp id="42" class="1001" name="const_42">
<pin_list>
<pin id="43" dir="1" index="0" bw="1" slack="2147483647"/>
</pin_list>
<bind>
<StgValue><ssdm name="empty_18"/></StgValue>
</bind>
</comp>

<comp id="44" class="1004" name="reuse_addr_reg_fu_44">
<pin_list>
<pin id="45" dir="0" index="0" bw="1" slack="0"/>
<pin id="46" dir="1" index="1" bw="64" slack="0"/>
</pin_list>
<bind>
<opcode="alloca(26) " fcode="alloca"/>
<opset="reuse_addr_reg/1 "/>
</bind>
</comp>

<comp id="48" class="1004" name="reuse_reg_fu_48">
<pin_list>
<pin id="49" dir="0" index="0" bw="1" slack="0"/>
<pin id="50" dir="1" index="1" bw="32" slack="0"/>
</pin_list>
<bind>
<opcode="alloca(26) " fcode="alloca"/>
<opset="reuse_reg/1 "/>
</bind>
</comp>

<comp id="52" class="1004" name="i_1_fu_52">
<pin_list>
<pin id="53" dir="0" index="0" bw="1" slack="0"/>
<pin id="54" dir="1" index="1" bw="2" slack="0"/>
</pin_list>
<bind>
<opcode="alloca(26) " fcode="alloca"/>
<opset="i_1/1 "/>
</bind>
</comp>

<comp id="56" class="1004" name="top_k_labels_read_1_read_fu_56">
<pin_list>
<pin id="57" dir="0" index="0" bw="4" slack="0"/>
<pin id="58" dir="0" index="1" bw="4" slack="0"/>
<pin id="59" dir="1" index="2" bw="4" slack="1"/>
</pin_list>
<bind>
<opcode="read(1150) " fcode="read"/>
<opset="top_k_labels_read_1/1 "/>
</bind>
</comp>

<comp id="62" class="1004" name="top_k_labels_read_2_read_fu_62">
<pin_list>
<pin id="63" dir="0" index="0" bw="4" slack="0"/>
<pin id="64" dir="0" index="1" bw="4" slack="0"/>
<pin id="65" dir="1" index="2" bw="4" slack="1"/>
</pin_list>
<bind>
<opcode="read(1150) " fcode="read"/>
<opset="top_k_labels_read_2/1 "/>
</bind>
</comp>

<comp id="68" class="1004" name="top_k_labels_read_5_read_fu_68">
<pin_list>
<pin id="69" dir="0" index="0" bw="4" slack="0"/>
<pin id="70" dir="0" index="1" bw="4" slack="0"/>
<pin id="71" dir="1" index="2" bw="4" slack="1"/>
</pin_list>
<bind>
<opcode="read(1150) " fcode="read"/>
<opset="top_k_labels_read_5/1 "/>
</bind>
</comp>

<comp id="74" class="1004" name="counts_addr_gep_fu_74">
<pin_list>
<pin id="75" dir="0" index="0" bw="32" slack="0"/>
<pin id="76" dir="0" index="1" bw="1" slack="0"/>
<pin id="77" dir="0" index="2" bw="4" slack="0"/>
<pin id="78" dir="1" index="3" bw="4" slack="0"/>
</pin_list>
<bind>
<opcode="getelementptr(29) " fcode="getelementptr"/>
<opset="counts_addr/2 "/>
</bind>
</comp>

<comp id="81" class="1004" name="grp_access_fu_81">
<pin_list>
<pin id="82" dir="0" index="0" bw="4" slack="2"/>
<pin id="83" dir="0" index="1" bw="32" slack="1"/>
<pin id="84" dir="0" index="2" bw="0" slack="0"/>
<pin id="86" dir="0" index="4" bw="4" slack="2147483647"/>
<pin id="87" dir="0" index="5" bw="32" slack="2147483647"/>
<pin id="88" dir="0" index="6" bw="0" slack="2147483647"/>
<pin id="85" dir="1" index="3" bw="32" slack="2147483647"/>
<pin id="89" dir="1" index="7" bw="32" slack="0"/>
</pin_list>
<bind>
<opcode="load(27) store(28) " fcode="store"/>
<opset="counts_load/2 store_ln108/4 "/>
</bind>
</comp>

<comp id="91" class="1004" name="store_ln106_store_fu_91">
<pin_list>
<pin id="92" dir="0" index="0" bw="1" slack="0"/>
<pin id="93" dir="0" index="1" bw="2" slack="0"/>
<pin id="94" dir="1" index="2" bw="0" slack="2147483647"/>
</pin_list>
<bind>
<opcode="store(28) " fcode="store"/>
<opset="store_ln106/1 "/>
</bind>
</comp>

<comp id="96" class="1004" name="store_ln0_store_fu_96">
<pin_list>
<pin id="97" dir="0" index="0" bw="1" slack="0"/>
<pin id="98" dir="0" index="1" bw="32" slack="0"/>
<pin id="99" dir="1" index="2" bw="0" slack="2147483647"/>
</pin_list>
<bind>
<opcode="store(28) " fcode="store"/>
<opset="store_ln0/1 "/>
</bind>
</comp>

<comp id="101" class="1004" name="store_ln0_store_fu_101">
<pin_list>
<pin id="102" dir="0" index="0" bw="1" slack="0"/>
<pin id="103" dir="0" index="1" bw="64" slack="0"/>
<pin id="104" dir="1" index="2" bw="0" slack="2147483647"/>
</pin_list>
<bind>
<opcode="store(28) " fcode="store"/>
<opset="store_ln0/1 "/>
</bind>
</comp>

<comp id="106" class="1004" name="i_load_fu_106">
<pin_list>
<pin id="107" dir="0" index="0" bw="2" slack="1"/>
<pin id="108" dir="1" index="1" bw="2" slack="0"/>
</pin_list>
<bind>
<opcode="load(27) " fcode="load"/>
<opset="i/2 "/>
</bind>
</comp>

<comp id="109" class="1004" name="icmp_ln106_fu_109">
<pin_list>
<pin id="110" dir="0" index="0" bw="2" slack="0"/>
<pin id="111" dir="0" index="1" bw="1" slack="0"/>
<pin id="112" dir="1" index="2" bw="1" slack="1"/>
</pin_list>
<bind>
<opcode="icmp(45) " fcode="icmp"/>
<opset="icmp_ln106/2 "/>
</bind>
</comp>

<comp id="115" class="1004" name="add_ln106_fu_115">
<pin_list>
<pin id="116" dir="0" index="0" bw="2" slack="0"/>
<pin id="117" dir="0" index="1" bw="1" slack="0"/>
<pin id="118" dir="1" index="2" bw="2" slack="0"/>
</pin_list>
<bind>
<opcode="add(8) " fcode="add"/>
<opset="add_ln106/2 "/>
</bind>
</comp>

<comp id="121" class="1004" name="idx_fu_121">
<pin_list>
<pin id="122" dir="0" index="0" bw="4" slack="0"/>
<pin id="123" dir="0" index="1" bw="2" slack="0"/>
<pin id="124" dir="0" index="2" bw="4" slack="1"/>
<pin id="125" dir="0" index="3" bw="2" slack="0"/>
<pin id="126" dir="0" index="4" bw="4" slack="1"/>
<pin id="127" dir="0" index="5" bw="2" slack="0"/>
<pin id="128" dir="0" index="6" bw="4" slack="1"/>
<pin id="129" dir="0" index="7" bw="4" slack="0"/>
<pin id="130" dir="0" index="8" bw="2" slack="0"/>
<pin id="131" dir="1" index="9" bw="4" slack="0"/>
</pin_list>
<bind>
<opcode="sparsemux(1197) " fcode="sparsemux"/>
<opset="idx/2 "/>
</bind>
</comp>

<comp id="138" class="1004" name="zext_ln108_fu_138">
<pin_list>
<pin id="139" dir="0" index="0" bw="4" slack="0"/>
<pin id="140" dir="1" index="1" bw="64" slack="0"/>
</pin_list>
<bind>
<opcode="zext(34) " fcode="zext"/>
<opset="zext_ln108/2 "/>
</bind>
</comp>

<comp id="143" class="1004" name="reuse_addr_reg_load_load_fu_143">
<pin_list>
<pin id="144" dir="0" index="0" bw="64" slack="1"/>
<pin id="145" dir="1" index="1" bw="64" slack="0"/>
</pin_list>
<bind>
<opcode="load(27) " fcode="load"/>
<opset="reuse_addr_reg_load/2 "/>
</bind>
</comp>

<comp id="146" class="1004" name="addr_cmp_fu_146">
<pin_list>
<pin id="147" dir="0" index="0" bw="64" slack="0"/>
<pin id="148" dir="0" index="1" bw="4" slack="0"/>
<pin id="149" dir="1" index="2" bw="1" slack="1"/>
</pin_list>
<bind>
<opcode="icmp(45) " fcode="icmp"/>
<opset="addr_cmp/2 "/>
</bind>
</comp>

<comp id="152" class="1004" name="store_ln108_store_fu_152">
<pin_list>
<pin id="153" dir="0" index="0" bw="4" slack="0"/>
<pin id="154" dir="0" index="1" bw="64" slack="1"/>
<pin id="155" dir="1" index="2" bw="0" slack="2147483647"/>
</pin_list>
<bind>
<opcode="store(28) " fcode="store"/>
<opset="store_ln108/2 "/>
</bind>
</comp>

<comp id="157" class="1004" name="store_ln106_store_fu_157">
<pin_list>
<pin id="158" dir="0" index="0" bw="2" slack="0"/>
<pin id="159" dir="0" index="1" bw="2" slack="1"/>
<pin id="160" dir="1" index="2" bw="0" slack="2147483647"/>
</pin_list>
<bind>
<opcode="store(28) " fcode="store"/>
<opset="store_ln106/2 "/>
</bind>
</comp>

<comp id="162" class="1004" name="reuse_reg_load_load_fu_162">
<pin_list>
<pin id="163" dir="0" index="0" bw="32" slack="2"/>
<pin id="164" dir="1" index="1" bw="32" slack="0"/>
</pin_list>
<bind>
<opcode="load(27) " fcode="load"/>
<opset="reuse_reg_load/3 "/>
</bind>
</comp>

<comp id="165" class="1004" name="reuse_select_fu_165">
<pin_list>
<pin id="166" dir="0" index="0" bw="1" slack="1"/>
<pin id="167" dir="0" index="1" bw="32" slack="0"/>
<pin id="168" dir="0" index="2" bw="32" slack="0"/>
<pin id="169" dir="1" index="3" bw="32" slack="0"/>
</pin_list>
<bind>
<opcode="select(49) " fcode="select"/>
<opset="reuse_select/3 "/>
</bind>
</comp>

<comp id="172" class="1004" name="add_ln108_fu_172">
<pin_list>
<pin id="173" dir="0" index="0" bw="32" slack="0"/>
<pin id="174" dir="0" index="1" bw="1" slack="0"/>
<pin id="175" dir="1" index="2" bw="32" slack="0"/>
</pin_list>
<bind>
<opcode="add(8) " fcode="add"/>
<opset="add_ln108/3 "/>
</bind>
</comp>

<comp id="178" class="1004" name="store_ln108_store_fu_178">
<pin_list>
<pin id="179" dir="0" index="0" bw="32" slack="0"/>
<pin id="180" dir="0" index="1" bw="32" slack="2"/>
<pin id="181" dir="1" index="2" bw="0" slack="2147483647"/>
</pin_list>
<bind>
<opcode="store(28) " fcode="store"/>
<opset="store_ln108/3 "/>
</bind>
</comp>

<comp id="183" class="1005" name="reuse_addr_reg_reg_183">
<pin_list>
<pin id="184" dir="0" index="0" bw="64" slack="0"/>
<pin id="185" dir="1" index="1" bw="64" slack="0"/>
</pin_list>
<bind>
<opset="reuse_addr_reg "/>
</bind>
</comp>

<comp id="190" class="1005" name="reuse_reg_reg_190">
<pin_list>
<pin id="191" dir="0" index="0" bw="32" slack="0"/>
<pin id="192" dir="1" index="1" bw="32" slack="0"/>
</pin_list>
<bind>
<opset="reuse_reg "/>
</bind>
</comp>

<comp id="197" class="1005" name="i_1_reg_197">
<pin_list>
<pin id="198" dir="0" index="0" bw="2" slack="0"/>
<pin id="199" dir="1" index="1" bw="2" slack="0"/>
</pin_list>
<bind>
<opset="i_1 "/>
</bind>
</comp>

<comp id="204" class="1005" name="top_k_labels_read_1_reg_204">
<pin_list>
<pin id="205" dir="0" index="0" bw="4" slack="1"/>
<pin id="206" dir="1" index="1" bw="4" slack="1"/>
</pin_list>
<bind>
<opset="top_k_labels_read_1 "/>
</bind>
</comp>

<comp id="209" class="1005" name="top_k_labels_read_2_reg_209">
<pin_list>
<pin id="210" dir="0" index="0" bw="4" slack="1"/>
<pin id="211" dir="1" index="1" bw="4" slack="1"/>
</pin_list>
<bind>
<opset="top_k_labels_read_2 "/>
</bind>
</comp>

<comp id="214" class="1005" name="top_k_labels_read_5_reg_214">
<pin_list>
<pin id="215" dir="0" index="0" bw="4" slack="1"/>
<pin id="216" dir="1" index="1" bw="4" slack="1"/>
</pin_list>
<bind>
<opset="top_k_labels_read_5 "/>
</bind>
</comp>

<comp id="219" class="1005" name="icmp_ln106_reg_219">
<pin_list>
<pin id="220" dir="0" index="0" bw="1" slack="1"/>
<pin id="221" dir="1" index="1" bw="1" slack="2147483647"/>
</pin_list>
<bind>
<opset="icmp_ln106 "/>
</bind>
</comp>

<comp id="223" class="1005" name="counts_addr_reg_223">
<pin_list>
<pin id="224" dir="0" index="0" bw="4" slack="1"/>
<pin id="225" dir="1" index="1" bw="4" slack="1"/>
</pin_list>
<bind>
<opset="counts_addr "/>
</bind>
</comp>

<comp id="229" class="1005" name="addr_cmp_reg_229">
<pin_list>
<pin id="230" dir="0" index="0" bw="1" slack="1"/>
<pin id="231" dir="1" index="1" bw="1" slack="1"/>
</pin_list>
<bind>
<opset="addr_cmp "/>
</bind>
</comp>

<comp id="234" class="1005" name="add_ln108_reg_234">
<pin_list>
<pin id="235" dir="0" index="0" bw="32" slack="1"/>
<pin id="236" dir="1" index="1" bw="32" slack="1"/>
</pin_list>
<bind>
<opset="add_ln108 "/>
</bind>
</comp>

</comp_list>

<net_list>
<net id="47"><net_src comp="8" pin="0"/><net_sink comp="44" pin=0"/></net>

<net id="51"><net_src comp="8" pin="0"/><net_sink comp="48" pin=0"/></net>

<net id="55"><net_src comp="8" pin="0"/><net_sink comp="52" pin=0"/></net>

<net id="60"><net_src comp="10" pin="0"/><net_sink comp="56" pin=0"/></net>

<net id="61"><net_src comp="4" pin="0"/><net_sink comp="56" pin=1"/></net>

<net id="66"><net_src comp="10" pin="0"/><net_sink comp="62" pin=0"/></net>

<net id="67"><net_src comp="2" pin="0"/><net_sink comp="62" pin=1"/></net>

<net id="72"><net_src comp="10" pin="0"/><net_sink comp="68" pin=0"/></net>

<net id="73"><net_src comp="0" pin="0"/><net_sink comp="68" pin=1"/></net>

<net id="79"><net_src comp="6" pin="0"/><net_sink comp="74" pin=0"/></net>

<net id="80"><net_src comp="28" pin="0"/><net_sink comp="74" pin=1"/></net>

<net id="90"><net_src comp="74" pin="3"/><net_sink comp="81" pin=2"/></net>

<net id="95"><net_src comp="12" pin="0"/><net_sink comp="91" pin=0"/></net>

<net id="100"><net_src comp="14" pin="0"/><net_sink comp="96" pin=0"/></net>

<net id="105"><net_src comp="16" pin="0"/><net_sink comp="101" pin=0"/></net>

<net id="113"><net_src comp="106" pin="1"/><net_sink comp="109" pin=0"/></net>

<net id="114"><net_src comp="18" pin="0"/><net_sink comp="109" pin=1"/></net>

<net id="119"><net_src comp="106" pin="1"/><net_sink comp="115" pin=0"/></net>

<net id="120"><net_src comp="20" pin="0"/><net_sink comp="115" pin=1"/></net>

<net id="132"><net_src comp="22" pin="0"/><net_sink comp="121" pin=0"/></net>

<net id="133"><net_src comp="12" pin="0"/><net_sink comp="121" pin=1"/></net>

<net id="134"><net_src comp="20" pin="0"/><net_sink comp="121" pin=3"/></net>

<net id="135"><net_src comp="24" pin="0"/><net_sink comp="121" pin=5"/></net>

<net id="136"><net_src comp="26" pin="0"/><net_sink comp="121" pin=7"/></net>

<net id="137"><net_src comp="106" pin="1"/><net_sink comp="121" pin=8"/></net>

<net id="141"><net_src comp="121" pin="9"/><net_sink comp="138" pin=0"/></net>

<net id="142"><net_src comp="138" pin="1"/><net_sink comp="74" pin=2"/></net>

<net id="150"><net_src comp="143" pin="1"/><net_sink comp="146" pin=0"/></net>

<net id="151"><net_src comp="138" pin="1"/><net_sink comp="146" pin=1"/></net>

<net id="156"><net_src comp="138" pin="1"/><net_sink comp="152" pin=0"/></net>

<net id="161"><net_src comp="115" pin="2"/><net_sink comp="157" pin=0"/></net>

<net id="170"><net_src comp="162" pin="1"/><net_sink comp="165" pin=1"/></net>

<net id="171"><net_src comp="81" pin="7"/><net_sink comp="165" pin=2"/></net>

<net id="176"><net_src comp="165" pin="3"/><net_sink comp="172" pin=0"/></net>

<net id="177"><net_src comp="8" pin="0"/><net_sink comp="172" pin=1"/></net>

<net id="182"><net_src comp="172" pin="2"/><net_sink comp="178" pin=0"/></net>

<net id="186"><net_src comp="44" pin="1"/><net_sink comp="183" pin=0"/></net>

<net id="187"><net_src comp="183" pin="1"/><net_sink comp="101" pin=1"/></net>

<net id="188"><net_src comp="183" pin="1"/><net_sink comp="143" pin=0"/></net>

<net id="189"><net_src comp="183" pin="1"/><net_sink comp="152" pin=1"/></net>

<net id="193"><net_src comp="48" pin="1"/><net_sink comp="190" pin=0"/></net>

<net id="194"><net_src comp="190" pin="1"/><net_sink comp="96" pin=1"/></net>

<net id="195"><net_src comp="190" pin="1"/><net_sink comp="162" pin=0"/></net>

<net id="196"><net_src comp="190" pin="1"/><net_sink comp="178" pin=1"/></net>

<net id="200"><net_src comp="52" pin="1"/><net_sink comp="197" pin=0"/></net>

<net id="201"><net_src comp="197" pin="1"/><net_sink comp="91" pin=1"/></net>

<net id="202"><net_src comp="197" pin="1"/><net_sink comp="106" pin=0"/></net>

<net id="203"><net_src comp="197" pin="1"/><net_sink comp="157" pin=1"/></net>

<net id="207"><net_src comp="56" pin="2"/><net_sink comp="204" pin=0"/></net>

<net id="208"><net_src comp="204" pin="1"/><net_sink comp="121" pin=6"/></net>

<net id="212"><net_src comp="62" pin="2"/><net_sink comp="209" pin=0"/></net>

<net id="213"><net_src comp="209" pin="1"/><net_sink comp="121" pin=4"/></net>

<net id="217"><net_src comp="68" pin="2"/><net_sink comp="214" pin=0"/></net>

<net id="218"><net_src comp="214" pin="1"/><net_sink comp="121" pin=2"/></net>

<net id="222"><net_src comp="109" pin="2"/><net_sink comp="219" pin=0"/></net>

<net id="226"><net_src comp="74" pin="3"/><net_sink comp="223" pin=0"/></net>

<net id="227"><net_src comp="223" pin="1"/><net_sink comp="81" pin=2"/></net>

<net id="228"><net_src comp="223" pin="1"/><net_sink comp="81" pin=0"/></net>

<net id="232"><net_src comp="146" pin="2"/><net_sink comp="229" pin=0"/></net>

<net id="233"><net_src comp="229" pin="1"/><net_sink comp="165" pin=0"/></net>

<net id="237"><net_src comp="172" pin="2"/><net_sink comp="234" pin=0"/></net>

<net id="238"><net_src comp="234" pin="1"/><net_sink comp="81" pin=1"/></net>

</net_list>

</model> 
---------------- Datapath Model END ------------------

* FSMD analyzer results:
  - Output states:
	Port: counts | {4 }
 - Input state : 
	Port: knn_majority_vote_Pipeline_VITIS_LOOP_106_2 : top_k_labels_read | {1 }
	Port: knn_majority_vote_Pipeline_VITIS_LOOP_106_2 : top_k_labels_read_3 | {1 }
	Port: knn_majority_vote_Pipeline_VITIS_LOOP_106_2 : top_k_labels_read_4 | {1 }
	Port: knn_majority_vote_Pipeline_VITIS_LOOP_106_2 : counts | {2 3 }
  - Chain level:
	State 1
		store_ln106 : 1
		store_ln0 : 1
		store_ln0 : 1
	State 2
		icmp_ln106 : 1
		add_ln106 : 1
		br_ln106 : 2
		idx : 1
		zext_ln108 : 2
		counts_addr : 3
		counts_load : 4
		addr_cmp : 3
		store_ln108 : 3
		store_ln106 : 2
	State 3
		reuse_select : 1
		add_ln108 : 2
		store_ln108 : 3
	State 4


============================================================
+ Verbose Summary: Datapath Resource usage 
============================================================

* Functional unit list:
|----------|--------------------------------|---------|---------|
| Operation|         Functional Unit        |    FF   |   LUT   |
|----------|--------------------------------|---------|---------|
|   icmp   |        icmp_ln106_fu_109       |    0    |    10   |
|          |         addr_cmp_fu_146        |    0    |    71   |
|----------|--------------------------------|---------|---------|
|    add   |        add_ln106_fu_115        |    0    |    10   |
|          |        add_ln108_fu_172        |    0    |    39   |
|----------|--------------------------------|---------|---------|
|  select  |       reuse_select_fu_165      |    0    |    32   |
|----------|--------------------------------|---------|---------|
| sparsemux|           idx_fu_121           |    0    |    9    |
|----------|--------------------------------|---------|---------|
|          | top_k_labels_read_1_read_fu_56 |    0    |    0    |
|   read   | top_k_labels_read_2_read_fu_62 |    0    |    0    |
|          | top_k_labels_read_5_read_fu_68 |    0    |    0    |
|----------|--------------------------------|---------|---------|
|   zext   |        zext_ln108_fu_138       |    0    |    0    |
|----------|--------------------------------|---------|---------|
|   Total  |                                |    0    |   171   |
|----------|--------------------------------|---------|---------|

Memories:
N/A

* Register list:
+---------------------------+--------+
|                           |   FF   |
+---------------------------+--------+
|     add_ln108_reg_234     |   32   |
|      addr_cmp_reg_229     |    1   |
|    counts_addr_reg_223    |    4   |
|        i_1_reg_197        |    2   |
|     icmp_ln106_reg_219    |    1   |
|   reuse_addr_reg_reg_183  |   64   |
|     reuse_reg_reg_190     |   32   |
|top_k_labels_read_1_reg_204|    4   |
|top_k_labels_read_2_reg_209|    4   |
|top_k_labels_read_5_reg_214|    4   |
+---------------------------+--------+
|           Total           |   148  |
+---------------------------+--------+

* Multiplexer (MUX) list: 
|------------------|------|------|------|--------||---------||---------||---------|
|       Comp       |  Pin | Size |  BW  | S x BW ||  Delay  ||    FF   ||   LUT   |
|------------------|------|------|------|--------||---------||---------||---------|
| grp_access_fu_81 |  p2  |   2  |   0  |    0   ||    0    ||    9    |
|------------------|------|------|------|--------||---------||---------||---------|
|       Total      |      |      |      |    0   ||  1.588  ||    0    ||    9    |
|------------------|------|------|------|--------||---------||---------||---------|



* Summary:
+-----------+--------+--------+--------+
|           |  Delay |   FF   |   LUT  |
+-----------+--------+--------+--------+
|  Function |    -   |    0   |   171  |
|   Memory  |    -   |    -   |    -   |
|Multiplexer|    1   |    0   |    9   |
|  Register |    -   |   148  |    -   |
+-----------+--------+--------+--------+
|   Total   |    1   |   148  |   180  |
+-----------+--------+--------+--------+
