

================================================================
== Vitis HLS Report for 'knn_distance_and_sort_Pipeline_init_top_k'
================================================================
* Date:           Tue Mar 17 18:06:06 2026

* Version:        2025.1 (Build 6135595 on May 21 2025)
* Project:        knn_accelerator
* Solution:       hls (Vivado IP Flow Target)
* Product family: zynq
* Target device:  xc7z020-clg400-1


================================================================
== Performance Estimates
================================================================
+ Timing: 
    * Summary: 
    +--------+----------+----------+------------+
    |  Clock |  Target  | Estimated| Uncertainty|
    +--------+----------+----------+------------+
    |ap_clk  |  10.00 ns|  4.741 ns|     2.70 ns|
    +--------+----------+----------+------------+

+ Latency: 
    * Summary: 
    +---------+---------+-----------+-----------+-----+-----+------------------------------------------------+
    |  Latency (cycles) |   Latency (absolute)  |  Interval |                    Pipeline                    |
    |   min   |   max   |    min    |    max    | min | max |                      Type                      |
    +---------+---------+-----------+-----------+-----+-----+------------------------------------------------+
    |        5|        5|  50.000 ns|  50.000 ns|    4|    4|  loop auto-rewind stp (delay=0 clock cycles(s))|
    +---------+---------+-----------+-----------+-----+-----+------------------------------------------------+

    + Detail: 
        * Instance: 
        N/A

        * Loop: 
        +--------------+---------+---------+----------+-----------+-----------+------+----------+
        |              |  Latency (cycles) | Iteration|  Initiation Interval  | Trip |          |
        |   Loop Name  |   min   |   max   |  Latency |  achieved |   target  | Count| Pipelined|
        +--------------+---------+---------+----------+-----------+-----------+------+----------+
        |- init_top_k  |        3|        3|         1|          1|          1|     3|       yes|
        +--------------+---------+---------+----------+-----------+-----------+------+----------+



================================================================
== Utilization Estimates
================================================================
* Summary: 
+-----------------+---------+-----+--------+-------+-----+
|       Name      | BRAM_18K| DSP |   FF   |  LUT  | URAM|
+-----------------+---------+-----+--------+-------+-----+
|DSP              |        -|    -|       -|      -|    -|
|Expression       |        -|    -|       0|     20|    -|
|FIFO             |        -|    -|       -|      -|    -|
|Instance         |        -|    -|       -|      -|    -|
|Memory           |        -|    -|       -|      -|    -|
|Multiplexer      |        -|    -|       0|     27|    -|
|Register         |        -|    -|       4|      -|    -|
+-----------------+---------+-----+--------+-------+-----+
|Total            |        0|    0|       4|     47|    0|
+-----------------+---------+-----+--------+-------+-----+
|Available        |      280|  220|  106400|  53200|    0|
+-----------------+---------+-----+--------+-------+-----+
|Utilization (%)  |        0|    0|      ~0|     ~0|    0|
+-----------------+---------+-----+--------+-------+-----+

+ Detail: 
    * Instance: 
    N/A

    * DSP: 
    N/A

    * Memory: 
    N/A

    * FIFO: 
    N/A

    * Expression: 
    +--------------------+----------+----+---+----+------------+------------+
    |    Variable Name   | Operation| DSP| FF| LUT| Bitwidth P0| Bitwidth P1|
    +--------------------+----------+----+---+----+------------+------------+
    |add_ln28_fu_76_p2   |         +|   0|  0|  10|           2|           1|
    |icmp_ln28_fu_70_p2  |      icmp|   0|  0|  10|           2|           2|
    +--------------------+----------+----+---+----+------------+------------+
    |Total               |          |   0|  0|  20|           4|           3|
    +--------------------+----------+----+---+----+------------+------------+

    * Multiplexer: 
    +----------------------+----+-----------+-----+-----------+
    |         Name         | LUT| Input Size| Bits| Total Bits|
    +----------------------+----+-----------+-----+-----------+
    |ap_done_int           |   9|          2|    1|          2|
    |ap_sig_allocacmp_i_4  |   9|          2|    2|          4|
    |i_fu_34               |   9|          2|    2|          4|
    +----------------------+----+-----------+-----+-----------+
    |Total                 |  27|          6|    5|         10|
    +----------------------+----+-----------+-----+-----------+

    * Register: 
    +-------------+---+----+-----+-----------+
    |     Name    | FF| LUT| Bits| Const Bits|
    +-------------+---+----+-----+-----------+
    |ap_CS_fsm    |  1|   0|    1|          0|
    |ap_done_reg  |  1|   0|    1|          0|
    |i_fu_34      |  2|   0|    2|          0|
    +-------------+---+----+-----+-----------+
    |Total        |  4|   0|    4|          0|
    +-------------+---+----+-----+-----------+



================================================================
== Interface
================================================================
* Summary: 
+-----------------------+-----+-----+------------+-------------------------------------------+--------------+
|       RTL Ports       | Dir | Bits|  Protocol  |               Source Object               |    C Type    |
+-----------------------+-----+-----+------------+-------------------------------------------+--------------+
|ap_clk                 |   in|    1|  ap_ctrl_hs|  knn_distance_and_sort_Pipeline_init_top_k|  return value|
|ap_rst                 |   in|    1|  ap_ctrl_hs|  knn_distance_and_sort_Pipeline_init_top_k|  return value|
|ap_start               |   in|    1|  ap_ctrl_hs|  knn_distance_and_sort_Pipeline_init_top_k|  return value|
|ap_done                |  out|    1|  ap_ctrl_hs|  knn_distance_and_sort_Pipeline_init_top_k|  return value|
|ap_idle                |  out|    1|  ap_ctrl_hs|  knn_distance_and_sort_Pipeline_init_top_k|  return value|
|ap_ready               |  out|    1|  ap_ctrl_hs|  knn_distance_and_sort_Pipeline_init_top_k|  return value|
|top_k_labels_0         |  out|    4|      ap_vld|                             top_k_labels_0|       pointer|
|top_k_labels_0_ap_vld  |  out|    1|      ap_vld|                             top_k_labels_0|       pointer|
|top_k_labels_2         |  out|    4|      ap_vld|                             top_k_labels_2|       pointer|
|top_k_labels_2_ap_vld  |  out|    1|      ap_vld|                             top_k_labels_2|       pointer|
|top_k_labels_1         |  out|    4|      ap_vld|                             top_k_labels_1|       pointer|
|top_k_labels_1_ap_vld  |  out|    1|      ap_vld|                             top_k_labels_1|       pointer|
+-----------------------+-----+-----+------------+-------------------------------------------+--------------+

============================================================
+ Verbose Summary: Synthesis Manager
============================================================
InlineROM: 1
ExposeGlobal: 0
============================================================
+ Verbose Summary: CDFG Model
============================================================
IsTopModel: 0
ResetActiveHigh: 1
IsCombinational: 2
IsDatapathOnly: 2
HasWiredReturn: 1
HasMFsm: 2
HasVarLatency: 1
IsPipeline: 0
IsRtlPipelined: 0
IsInstanceOverlapped: 0
IsDontTouch: 0
HasImplIP: 0
IsGatedGlobalClock: 0

+ Individual pipeline summary: 
  * Pipeline-0: initiation interval (II) = 1, depth = 1


============================================================
+ Verbose Summary: Schedule
============================================================
* Number of FSM states : 1
* Pipeline : 1
  Pipeline-0 : II = 1, D = 1, States = { 1 }
* Dataflow Pipeline: 0

* FSM state transitions: 
1 --> 

* FSM state operations: 

State 1 <SV = 0> <Delay = 4.74>
ST_1 : Operation 4 [1/1] (0.00ns)   --->   "%i = alloca i32 1" [../src/knn.cpp:28]   --->   Operation 4 'alloca' 'i' <Predicate = true> <Delay = 0.00>
ST_1 : Operation 5 [1/1] (1.58ns)   --->   "%store_ln28 = store i2 0, i2 %i" [../src/knn.cpp:28]   --->   Operation 5 'store' 'store_ln28' <Predicate = true> <Delay = 1.58>
ST_1 : Operation 6 [1/1] (0.00ns)   --->   "%br_ln0 = br void %for.inc"   --->   Operation 6 'br' 'br_ln0' <Predicate = true> <Delay = 0.00>
ST_1 : Operation 7 [1/1] (0.00ns)   --->   "%i_4 = load i2 %i" [../src/knn.cpp:28]   --->   Operation 7 'load' 'i_4' <Predicate = true> <Delay = 0.00>
ST_1 : Operation 8 [1/1] (1.56ns)   --->   "%icmp_ln28 = icmp_eq  i2 %i_4, i2 3" [../src/knn.cpp:28]   --->   Operation 8 'icmp' 'icmp_ln28' <Predicate = true> <Delay = 1.56> <CoreInst = "Cmp">   --->   Core 9 'Cmp' <Latency = 0> <II = 1> <Delay = 1.56> <FuncUnit> <Opcode : 'seteq' 'setne' 'setle' 'setge' 'setlt' 'setgt'> <InPorts = 2> <OutPorts = 1>
ST_1 : Operation 9 [1/1] (1.56ns)   --->   "%add_ln28 = add i2 %i_4, i2 1" [../src/knn.cpp:28]   --->   Operation 9 'add' 'add_ln28' <Predicate = true> <Delay = 1.56> <CoreInst = "Adder">   --->   Core 1 'Adder' <Latency = 0> <II = 1> <Delay = 1.56> <FuncUnit> <Opcode : 'add' 'sub'> <InPorts = 2> <OutPorts = 1>
ST_1 : Operation 10 [1/1] (0.00ns)   --->   "%br_ln28 = br i1 %icmp_ln28, void %for.inc.split, void %train_loop.exitStub" [../src/knn.cpp:28]   --->   Operation 10 'br' 'br_ln28' <Predicate = true> <Delay = 0.00>
ST_1 : Operation 11 [1/1] (0.00ns)   --->   "%specpipeline_ln28 = specpipeline void @_ssdm_op_SpecPipeline, i32 4294967295, i32 0, i32 0, i32 0, void @empty_0" [../src/knn.cpp:28]   --->   Operation 11 'specpipeline' 'specpipeline_ln28' <Predicate = (!icmp_ln28)> <Delay = 0.00>
ST_1 : Operation 12 [1/1] (0.00ns)   --->   "%speclooptripcount_ln28 = speclooptripcount void @_ssdm_op_SpecLoopTripCount, i64 3, i64 3, i64 3" [../src/knn.cpp:28]   --->   Operation 12 'speclooptripcount' 'speclooptripcount_ln28' <Predicate = (!icmp_ln28)> <Delay = 0.00>
ST_1 : Operation 13 [1/1] (0.00ns)   --->   "%specloopname_ln28 = specloopname void @_ssdm_op_SpecLoopName, void @empty_24" [../src/knn.cpp:28]   --->   Operation 13 'specloopname' 'specloopname_ln28' <Predicate = (!icmp_ln28)> <Delay = 0.00>
ST_1 : Operation 14 [1/1] (1.56ns)   --->   "%switch_ln30 = switch i2 %i_4, void %arrayidx21.case.2, i2 0, void %arrayidx21.case.0, i2 1, void %arrayidx21.case.1" [../src/knn.cpp:30]   --->   Operation 14 'switch' 'switch_ln30' <Predicate = (!icmp_ln28)> <Delay = 1.56>
ST_1 : Operation 15 [1/1] (0.00ns)   --->   "%write_ln30 = write void @_ssdm_op_Write.ap_auto.i4P0A, i4 %top_k_labels_1, i4 0" [../src/knn.cpp:30]   --->   Operation 15 'write' 'write_ln30' <Predicate = (!icmp_ln28 & i_4 == 1)> <Delay = 0.00>
ST_1 : Operation 16 [1/1] (0.00ns)   --->   "%br_ln30 = br void %arrayidx21.exit" [../src/knn.cpp:30]   --->   Operation 16 'br' 'br_ln30' <Predicate = (!icmp_ln28 & i_4 == 1)> <Delay = 0.00>
ST_1 : Operation 17 [1/1] (0.00ns)   --->   "%write_ln30 = write void @_ssdm_op_Write.ap_auto.i4P0A, i4 %top_k_labels_0, i4 0" [../src/knn.cpp:30]   --->   Operation 17 'write' 'write_ln30' <Predicate = (!icmp_ln28 & i_4 == 0)> <Delay = 0.00>
ST_1 : Operation 18 [1/1] (0.00ns)   --->   "%br_ln30 = br void %arrayidx21.exit" [../src/knn.cpp:30]   --->   Operation 18 'br' 'br_ln30' <Predicate = (!icmp_ln28 & i_4 == 0)> <Delay = 0.00>
ST_1 : Operation 19 [1/1] (0.00ns)   --->   "%write_ln30 = write void @_ssdm_op_Write.ap_auto.i4P0A, i4 %top_k_labels_2, i4 0" [../src/knn.cpp:30]   --->   Operation 19 'write' 'write_ln30' <Predicate = (!icmp_ln28 & i_4 != 0 & i_4 != 1)> <Delay = 0.00>
ST_1 : Operation 20 [1/1] (0.00ns)   --->   "%br_ln30 = br void %arrayidx21.exit" [../src/knn.cpp:30]   --->   Operation 20 'br' 'br_ln30' <Predicate = (!icmp_ln28 & i_4 != 0 & i_4 != 1)> <Delay = 0.00>
ST_1 : Operation 21 [1/1] (1.58ns)   --->   "%store_ln28 = store i2 %add_ln28, i2 %i" [../src/knn.cpp:28]   --->   Operation 21 'store' 'store_ln28' <Predicate = (!icmp_ln28)> <Delay = 1.58>
ST_1 : Operation 22 [1/1] (0.00ns)   --->   "%br_ln28 = br void %for.inc" [../src/knn.cpp:28]   --->   Operation 22 'br' 'br_ln28' <Predicate = (!icmp_ln28)> <Delay = 0.00>
ST_1 : Operation 23 [1/1] (1.58ns)   --->   "%ret_ln0 = ret"   --->   Operation 23 'ret' 'ret_ln0' <Predicate = (icmp_ln28)> <Delay = 1.58>


============================================================
+ Verbose Summary: Binding
============================================================
STG Binding: 
---------------- STG Properties BEGIN ----------------
- Is combinational: 0
- Is one-state seq: 0
- Is datapath-only: 0
- Is pipelined: 0
- Is top level: 0
Port [ Return ] is wired: 1; IO mode=ap_ctrl_hs:ce=0
Port [ top_k_labels_0]:  wired=1; compound=0; hidden=0; nouse=0; global=0; static=0; extern=0; dir=1; type=0; pingpong=0; private_global=0; IO mode=ap_vld:ce=0
Port [ top_k_labels_2]:  wired=1; compound=0; hidden=0; nouse=0; global=0; static=0; extern=0; dir=1; type=0; pingpong=0; private_global=0; IO mode=ap_vld:ce=0
Port [ top_k_labels_1]:  wired=1; compound=0; hidden=0; nouse=0; global=0; static=0; extern=0; dir=1; type=0; pingpong=0; private_global=0; IO mode=ap_vld:ce=0
---------------- STG Properties END ------------------

---------------- Datapath Model BEGIN ----------------

<LifeTime>
<method=bitvector/>
i                      (alloca           ) [ 01]
store_ln28             (store            ) [ 00]
br_ln0                 (br               ) [ 00]
i_4                    (load             ) [ 01]
icmp_ln28              (icmp             ) [ 01]
add_ln28               (add              ) [ 00]
br_ln28                (br               ) [ 00]
specpipeline_ln28      (specpipeline     ) [ 00]
speclooptripcount_ln28 (speclooptripcount) [ 00]
specloopname_ln28      (specloopname     ) [ 00]
switch_ln30            (switch           ) [ 00]
write_ln30             (write            ) [ 00]
br_ln30                (br               ) [ 00]
write_ln30             (write            ) [ 00]
br_ln30                (br               ) [ 00]
write_ln30             (write            ) [ 00]
br_ln30                (br               ) [ 00]
store_ln28             (store            ) [ 00]
br_ln28                (br               ) [ 00]
ret_ln0                (ret              ) [ 00]
</LifeTime>

<model>

<comp_list>
<comp id="0" class="1000" name="top_k_labels_0">
<pin_list>
<pin id="1" dir="1" index="0" bw="1" slack="0"/>
</pin_list>
<bind>
<StgValue><ssdm name="top_k_labels_0"/></StgValue>
</bind>
</comp>

<comp id="2" class="1000" name="top_k_labels_2">
<pin_list>
<pin id="3" dir="1" index="0" bw="1" slack="0"/>
</pin_list>
<bind>
<StgValue><ssdm name="top_k_labels_2"/></StgValue>
</bind>
</comp>

<comp id="4" class="1000" name="top_k_labels_1">
<pin_list>
<pin id="5" dir="1" index="0" bw="1" slack="0"/>
</pin_list>
<bind>
<StgValue><ssdm name="top_k_labels_1"/></StgValue>
</bind>
</comp>

<comp id="6" class="1001" name="const_6">
<pin_list>
<pin id="7" dir="1" index="0" bw="1" slack="0"/>
</pin_list>
<bind>
<StgValue><ssdm name=""/></StgValue>
</bind>
</comp>

<comp id="8" class="1001" name="const_8">
<pin_list>
<pin id="9" dir="1" index="0" bw="1" slack="0"/>
</pin_list>
<bind>
<StgValue><ssdm name=""/></StgValue>
</bind>
</comp>

<comp id="10" class="1001" name="const_10">
<pin_list>
<pin id="11" dir="1" index="0" bw="1" slack="0"/>
</pin_list>
<bind>
<StgValue><ssdm name=""/></StgValue>
</bind>
</comp>

<comp id="12" class="1001" name="const_12">
<pin_list>
<pin id="13" dir="1" index="0" bw="1" slack="0"/>
</pin_list>
<bind>
<StgValue><ssdm name=""/></StgValue>
</bind>
</comp>

<comp id="14" class="1001" name="const_14">
<pin_list>
<pin id="15" dir="1" index="0" bw="1" slack="2147483647"/>
</pin_list>
<bind>
<StgValue><ssdm name="_ssdm_op_SpecPipeline"/></StgValue>
</bind>
</comp>

<comp id="16" class="1001" name="const_16">
<pin_list>
<pin id="17" dir="1" index="0" bw="1" slack="2147483647"/>
</pin_list>
<bind>
<StgValue><ssdm name=""/></StgValue>
</bind>
</comp>

<comp id="18" class="1001" name="const_18">
<pin_list>
<pin id="19" dir="1" index="0" bw="1" slack="2147483647"/>
</pin_list>
<bind>
<StgValue><ssdm name=""/></StgValue>
</bind>
</comp>

<comp id="20" class="1001" name="const_20">
<pin_list>
<pin id="21" dir="1" index="0" bw="1" slack="2147483647"/>
</pin_list>
<bind>
<StgValue><ssdm name="empty_0"/></StgValue>
</bind>
</comp>

<comp id="22" class="1001" name="const_22">
<pin_list>
<pin id="23" dir="1" index="0" bw="1" slack="2147483647"/>
</pin_list>
<bind>
<StgValue><ssdm name="_ssdm_op_SpecLoopTripCount"/></StgValue>
</bind>
</comp>

<comp id="24" class="1001" name="const_24">
<pin_list>
<pin id="25" dir="1" index="0" bw="1" slack="2147483647"/>
</pin_list>
<bind>
<StgValue><ssdm name=""/></StgValue>
</bind>
</comp>

<comp id="26" class="1001" name="const_26">
<pin_list>
<pin id="27" dir="1" index="0" bw="1" slack="2147483647"/>
</pin_list>
<bind>
<StgValue><ssdm name="_ssdm_op_SpecLoopName"/></StgValue>
</bind>
</comp>

<comp id="28" class="1001" name="const_28">
<pin_list>
<pin id="29" dir="1" index="0" bw="1" slack="2147483647"/>
</pin_list>
<bind>
<StgValue><ssdm name="empty_24"/></StgValue>
</bind>
</comp>

<comp id="30" class="1001" name="const_30">
<pin_list>
<pin id="31" dir="1" index="0" bw="1" slack="0"/>
</pin_list>
<bind>
<StgValue><ssdm name="_ssdm_op_Write.ap_auto.i4P0A"/></StgValue>
</bind>
</comp>

<comp id="32" class="1001" name="const_32">
<pin_list>
<pin id="33" dir="1" index="0" bw="1" slack="0"/>
</pin_list>
<bind>
<StgValue><ssdm name=""/></StgValue>
</bind>
</comp>

<comp id="34" class="1004" name="i_fu_34">
<pin_list>
<pin id="35" dir="0" index="0" bw="1" slack="0"/>
<pin id="36" dir="1" index="1" bw="2" slack="0"/>
</pin_list>
<bind>
<opcode="alloca(26) " fcode="alloca"/>
<opset="i/1 "/>
</bind>
</comp>

<comp id="38" class="1004" name="write_ln30_write_fu_38">
<pin_list>
<pin id="39" dir="0" index="0" bw="0" slack="0"/>
<pin id="40" dir="0" index="1" bw="4" slack="0"/>
<pin id="41" dir="0" index="2" bw="1" slack="0"/>
<pin id="42" dir="1" index="3" bw="0" slack="2147483647"/>
</pin_list>
<bind>
<opcode="write(1151) " fcode="write"/>
<opset="write_ln30/1 "/>
</bind>
</comp>

<comp id="46" class="1004" name="write_ln30_write_fu_46">
<pin_list>
<pin id="47" dir="0" index="0" bw="0" slack="0"/>
<pin id="48" dir="0" index="1" bw="4" slack="0"/>
<pin id="49" dir="0" index="2" bw="1" slack="0"/>
<pin id="50" dir="1" index="3" bw="0" slack="2147483647"/>
</pin_list>
<bind>
<opcode="write(1151) " fcode="write"/>
<opset="write_ln30/1 "/>
</bind>
</comp>

<comp id="54" class="1004" name="write_ln30_write_fu_54">
<pin_list>
<pin id="55" dir="0" index="0" bw="0" slack="0"/>
<pin id="56" dir="0" index="1" bw="4" slack="0"/>
<pin id="57" dir="0" index="2" bw="1" slack="0"/>
<pin id="58" dir="1" index="3" bw="0" slack="2147483647"/>
</pin_list>
<bind>
<opcode="write(1151) " fcode="write"/>
<opset="write_ln30/1 "/>
</bind>
</comp>

<comp id="62" class="1004" name="store_ln28_store_fu_62">
<pin_list>
<pin id="63" dir="0" index="0" bw="1" slack="0"/>
<pin id="64" dir="0" index="1" bw="2" slack="0"/>
<pin id="65" dir="1" index="2" bw="0" slack="2147483647"/>
</pin_list>
<bind>
<opcode="store(28) " fcode="store"/>
<opset="store_ln28/1 "/>
</bind>
</comp>

<comp id="67" class="1004" name="i_4_load_fu_67">
<pin_list>
<pin id="68" dir="0" index="0" bw="2" slack="0"/>
<pin id="69" dir="1" index="1" bw="2" slack="0"/>
</pin_list>
<bind>
<opcode="load(27) " fcode="load"/>
<opset="i_4/1 "/>
</bind>
</comp>

<comp id="70" class="1004" name="icmp_ln28_fu_70">
<pin_list>
<pin id="71" dir="0" index="0" bw="2" slack="0"/>
<pin id="72" dir="0" index="1" bw="2" slack="0"/>
<pin id="73" dir="1" index="2" bw="1" slack="2147483647"/>
</pin_list>
<bind>
<opcode="icmp(45) " fcode="icmp"/>
<opset="icmp_ln28/1 "/>
</bind>
</comp>

<comp id="76" class="1004" name="add_ln28_fu_76">
<pin_list>
<pin id="77" dir="0" index="0" bw="2" slack="0"/>
<pin id="78" dir="0" index="1" bw="1" slack="0"/>
<pin id="79" dir="1" index="2" bw="2" slack="0"/>
</pin_list>
<bind>
<opcode="add(8) " fcode="add"/>
<opset="add_ln28/1 "/>
</bind>
</comp>

<comp id="82" class="1004" name="switch_ln30_fu_82">
<pin_list>
<pin id="83" dir="0" index="0" bw="2" slack="0"/>
<pin id="84" dir="0" index="1" bw="1" slack="0"/>
<pin id="85" dir="0" index="2" bw="1" slack="0"/>
<pin id="86" dir="1" index="3" bw="0" slack="2147483647"/>
</pin_list>
<bind>
<opcode="switch(3) " fcode="switch"/>
<opset="switch_ln30/1 "/>
</bind>
</comp>

<comp id="90" class="1004" name="store_ln28_store_fu_90">
<pin_list>
<pin id="91" dir="0" index="0" bw="2" slack="0"/>
<pin id="92" dir="0" index="1" bw="2" slack="0"/>
<pin id="93" dir="1" index="2" bw="0" slack="2147483647"/>
</pin_list>
<bind>
<opcode="store(28) " fcode="store"/>
<opset="store_ln28/1 "/>
</bind>
</comp>

<comp id="95" class="1005" name="i_reg_95">
<pin_list>
<pin id="96" dir="0" index="0" bw="2" slack="0"/>
<pin id="97" dir="1" index="1" bw="2" slack="0"/>
</pin_list>
<bind>
<opset="i "/>
</bind>
</comp>

</comp_list>

<net_list>
<net id="37"><net_src comp="6" pin="0"/><net_sink comp="34" pin=0"/></net>

<net id="43"><net_src comp="30" pin="0"/><net_sink comp="38" pin=0"/></net>

<net id="44"><net_src comp="4" pin="0"/><net_sink comp="38" pin=1"/></net>

<net id="45"><net_src comp="32" pin="0"/><net_sink comp="38" pin=2"/></net>

<net id="51"><net_src comp="30" pin="0"/><net_sink comp="46" pin=0"/></net>

<net id="52"><net_src comp="0" pin="0"/><net_sink comp="46" pin=1"/></net>

<net id="53"><net_src comp="32" pin="0"/><net_sink comp="46" pin=2"/></net>

<net id="59"><net_src comp="30" pin="0"/><net_sink comp="54" pin=0"/></net>

<net id="60"><net_src comp="2" pin="0"/><net_sink comp="54" pin=1"/></net>

<net id="61"><net_src comp="32" pin="0"/><net_sink comp="54" pin=2"/></net>

<net id="66"><net_src comp="8" pin="0"/><net_sink comp="62" pin=0"/></net>

<net id="74"><net_src comp="67" pin="1"/><net_sink comp="70" pin=0"/></net>

<net id="75"><net_src comp="10" pin="0"/><net_sink comp="70" pin=1"/></net>

<net id="80"><net_src comp="67" pin="1"/><net_sink comp="76" pin=0"/></net>

<net id="81"><net_src comp="12" pin="0"/><net_sink comp="76" pin=1"/></net>

<net id="87"><net_src comp="67" pin="1"/><net_sink comp="82" pin=0"/></net>

<net id="88"><net_src comp="8" pin="0"/><net_sink comp="82" pin=1"/></net>

<net id="89"><net_src comp="12" pin="0"/><net_sink comp="82" pin=2"/></net>

<net id="94"><net_src comp="76" pin="2"/><net_sink comp="90" pin=0"/></net>

<net id="98"><net_src comp="34" pin="1"/><net_sink comp="95" pin=0"/></net>

<net id="99"><net_src comp="95" pin="1"/><net_sink comp="62" pin=1"/></net>

<net id="100"><net_src comp="95" pin="1"/><net_sink comp="67" pin=0"/></net>

<net id="101"><net_src comp="95" pin="1"/><net_sink comp="90" pin=1"/></net>

</net_list>

</model> 
---------------- Datapath Model END ------------------

* FSMD analyzer results:
  - Output states:
	Port: top_k_labels_0 | {1 }
	Port: top_k_labels_2 | {1 }
	Port: top_k_labels_1 | {1 }
 - Input state : 
	Port: knn_distance_and_sort_Pipeline_init_top_k : top_k_labels_0 | {}
	Port: knn_distance_and_sort_Pipeline_init_top_k : top_k_labels_2 | {}
	Port: knn_distance_and_sort_Pipeline_init_top_k : top_k_labels_1 | {}
  - Chain level:
	State 1
		store_ln28 : 1
		i_4 : 1
		icmp_ln28 : 2
		add_ln28 : 2
		br_ln28 : 3
		switch_ln30 : 2
		store_ln28 : 3


============================================================
+ Verbose Summary: Datapath Resource usage 
============================================================

* Functional unit list:
|----------|------------------------|---------|---------|
| Operation|     Functional Unit    |    FF   |   LUT   |
|----------|------------------------|---------|---------|
|   icmp   |     icmp_ln28_fu_70    |    0    |    10   |
|----------|------------------------|---------|---------|
|    add   |     add_ln28_fu_76     |    0    |    10   |
|----------|------------------------|---------|---------|
|          | write_ln30_write_fu_38 |    0    |    0    |
|   write  | write_ln30_write_fu_46 |    0    |    0    |
|          | write_ln30_write_fu_54 |    0    |    0    |
|----------|------------------------|---------|---------|
|  switch  |    switch_ln30_fu_82   |    0    |    0    |
|----------|------------------------|---------|---------|
|   Total  |                        |    0    |    20   |
|----------|------------------------|---------|---------|

Memories:
N/A

* Register list:
+--------+--------+
|        |   FF   |
+--------+--------+
|i_reg_95|    2   |
+--------+--------+
|  Total |    2   |
+--------+--------+

* Multiplexer (MUX) list: 
|--------|------|------|------|--------|
|  Comp  |  Pin | Size |  BW  | S x BW |
|--------|------|------|------|--------|
|  Total |      |      |      |    0   |
|--------|------|------|------|--------|



* Summary:
+-----------+--------+--------+
|           |   FF   |   LUT  |
+-----------+--------+--------+
|  Function |    0   |   20   |
|   Memory  |    -   |    -   |
|Multiplexer|    -   |    -   |
|  Register |    2   |    -   |
+-----------+--------+--------+
|   Total   |    2   |   20   |
+-----------+--------+--------+
