

================================================================
== Vitis HLS Report for 'knn_distance_and_sort_Outline_sort_loop_i'
================================================================
* Date:           Tue Mar 17 19:32:43 2026

* Version:        2025.1 (Build 6135595 on May 21 2025)
* Project:        knn_accelerator
* Solution:       hls (Vivado IP Flow Target)
* Product family: zynq
* Target device:  xc7z020-clg400-1


================================================================
== Performance Estimates
================================================================
+ Timing: 
    * Summary: 
    +--------+----------+----------+------------+
    |  Clock |  Target  | Estimated| Uncertainty|
    +--------+----------+----------+------------+
    |ap_clk  |  10.00 ns|  6.438 ns|     2.70 ns|
    +--------+----------+----------+------------+

+ Latency: 
    * Summary: 
    +---------+---------+----------+----------+-----+-----+---------+
    |  Latency (cycles) |  Latency (absolute) |  Interval | Pipeline|
    |   min   |   max   |    min   |    max   | min | max |   Type  |
    +---------+---------+----------+----------+-----+-----+---------+
    |       82|      442|  0.820 us|  4.420 us|   82|  442|       no|
    +---------+---------+----------+----------+-----+-----+---------+

    + Detail: 
        * Instance: 
        +------------------------------------------------------+--------------------------------------------+---------+---------+-----------+----------+-----+-----+------------------------------------------------+
        |                                                      |                                            |  Latency (cycles) |  Latency (absolute)  |  Interval |                    Pipeline                    |
        |                       Instance                       |                   Module                   |   min   |   max   |    min    |    max   | min | max |                      Type                      |
        +------------------------------------------------------+--------------------------------------------+---------+---------+-----------+----------+-----+-----+------------------------------------------------+
        |grp_knn_distance_and_sort_Pipeline_sort_loop_j_fu_32  |knn_distance_and_sort_Pipeline_sort_loop_j  |        7|       47|  70.000 ns|  0.470 us|    6|   46|  loop auto-rewind stp (delay=0 clock cycles(s))|
        +------------------------------------------------------+--------------------------------------------+---------+---------+-----------+----------+-----+-----+------------------------------------------------+

        * Loop: 
        +---------------+---------+---------+----------+-----------+-----------+------+----------+
        |               |  Latency (cycles) | Iteration|  Initiation Interval  | Trip |          |
        |   Loop Name   |   min   |   max   |  Latency |  achieved |   target  | Count| Pipelined|
        +---------------+---------+---------+----------+-----------+-----------+------+----------+
        |- sort_loop_i  |       81|      441|    9 ~ 49|          -|          -|     9|        no|
        +---------------+---------+---------+----------+-----------+-----------+------+----------+

============================================================
+ Verbose Summary: Synthesis Manager
============================================================
InlineROM: 1
ExposeGlobal: 0
============================================================
+ Verbose Summary: CDFG Model
============================================================
IsTopModel: 0
ResetActiveHigh: 1
IsCombinational: 0
IsDatapathOnly: 0
HasWiredReturn: 1
HasMFsm: 0
HasVarLatency: 1
IsPipeline: 0
IsRtlPipelined: 0
IsInstanceOverlapped: 0
IsDontTouch: 0
HasImplIP: 0
IsGatedGlobalClock: 0


============================================================
+ Verbose Summary: Schedule
============================================================
* Number of FSM states : 3
* Pipeline : 0
* Dataflow Pipeline: 0

* FSM state transitions: 
1 --> 2 
2 --> 3 
3 --> 2 

* FSM state operations: 

State 1 <SV = 0> <Delay = 1.58>
ST_1 : Operation 4 [1/1] (0.00ns)   --->   "%i_4 = alloca i32 1" [../src/knn.cpp:64]   --->   Operation 4 'alloca' 'i_4' <Predicate = true> <Delay = 0.00>
ST_1 : Operation 5 [1/1] (0.00ns)   --->   "%indvars_iv14 = alloca i32 1"   --->   Operation 5 'alloca' 'indvars_iv14' <Predicate = true> <Delay = 0.00>
ST_1 : Operation 6 [1/1] (1.58ns)   --->   "%store_ln0 = store i4 9, i4 %indvars_iv14"   --->   Operation 6 'store' 'store_ln0' <Predicate = true> <Delay = 1.58>
ST_1 : Operation 7 [1/1] (1.58ns)   --->   "%store_ln64 = store i4 0, i4 %i_4" [../src/knn.cpp:64]   --->   Operation 7 'store' 'store_ln64' <Predicate = true> <Delay = 1.58>
ST_1 : Operation 8 [1/1] (0.00ns)   --->   "%br_ln0 = br void %sort_loop_j"   --->   Operation 8 'br' 'br_ln0' <Predicate = true> <Delay = 0.00>

State 2 <SV = 1> <Delay = 5.05>
ST_2 : Operation 9 [1/1] (0.00ns)   --->   "%i = load i4 %i_4" [../src/knn.cpp:64]   --->   Operation 9 'load' 'i' <Predicate = true> <Delay = 0.00>
ST_2 : Operation 10 [1/1] (1.73ns)   --->   "%icmp_ln64 = icmp_eq  i4 %i, i4 9" [../src/knn.cpp:64]   --->   Operation 10 'icmp' 'icmp_ln64' <Predicate = true> <Delay = 1.73> <CoreInst = "Cmp">   --->   Core 9 'Cmp' <Latency = 0> <II = 1> <Delay = 1.73> <FuncUnit> <Opcode : 'seteq' 'setne' 'setle' 'setge' 'setlt' 'setgt'> <InPorts = 2> <OutPorts = 1>
ST_2 : Operation 11 [1/1] (1.73ns)   --->   "%i_6 = add i4 %i, i4 1" [../src/knn.cpp:64]   --->   Operation 11 'add' 'i_6' <Predicate = true> <Delay = 1.73> <CoreInst = "Adder">   --->   Core 1 'Adder' <Latency = 0> <II = 1> <Delay = 1.73> <FuncUnit> <Opcode : 'add' 'sub'> <InPorts = 2> <OutPorts = 1>
ST_2 : Operation 12 [1/1] (0.00ns)   --->   "%br_ln64 = br i1 %icmp_ln64, void %sort_loop_j.split, void %for.inc87.preheader.exitStub" [../src/knn.cpp:64]   --->   Operation 12 'br' 'br_ln64' <Predicate = true> <Delay = 0.00>
ST_2 : Operation 13 [1/1] (0.00ns)   --->   "%indvars_iv14_load = load i4 %indvars_iv14" [../src/knn.cpp:64]   --->   Operation 13 'load' 'indvars_iv14_load' <Predicate = (!icmp_ln64)> <Delay = 0.00>
ST_2 : Operation 14 [2/2] (3.32ns)   --->   "%call_ln64 = call void @knn_distance_and_sort_Pipeline_sort_loop_j, i4 %indvars_iv14_load, i64 %distances, i4 %labels" [../src/knn.cpp:64]   --->   Operation 14 'call' 'call_ln64' <Predicate = (!icmp_ln64)> <Delay = 3.32> <CoreType = "Generic">   --->   Generic Core
ST_2 : Operation 15 [1/1] (1.73ns)   --->   "%add_ln64 = add i4 %indvars_iv14_load, i4 15" [../src/knn.cpp:64]   --->   Operation 15 'add' 'add_ln64' <Predicate = (!icmp_ln64)> <Delay = 1.73> <CoreInst = "Adder">   --->   Core 1 'Adder' <Latency = 0> <II = 1> <Delay = 1.73> <FuncUnit> <Opcode : 'add' 'sub'> <InPorts = 2> <OutPorts = 1>
ST_2 : Operation 16 [1/1] (1.58ns)   --->   "%store_ln64 = store i4 %add_ln64, i4 %indvars_iv14" [../src/knn.cpp:64]   --->   Operation 16 'store' 'store_ln64' <Predicate = (!icmp_ln64)> <Delay = 1.58>
ST_2 : Operation 17 [1/1] (1.58ns)   --->   "%store_ln64 = store i4 %i_6, i4 %i_4" [../src/knn.cpp:64]   --->   Operation 17 'store' 'store_ln64' <Predicate = (!icmp_ln64)> <Delay = 1.58>
ST_2 : Operation 18 [1/1] (0.00ns)   --->   "%ret_ln0 = ret"   --->   Operation 18 'ret' 'ret_ln0' <Predicate = (icmp_ln64)> <Delay = 0.00>

State 3 <SV = 2> <Delay = 4.91>
ST_3 : Operation 19 [1/1] (0.00ns)   --->   "%speclooptripcount_ln64 = speclooptripcount void @_ssdm_op_SpecLoopTripCount, i64 9, i64 9, i64 9" [../src/knn.cpp:64]   --->   Operation 19 'speclooptripcount' 'speclooptripcount_ln64' <Predicate = true> <Delay = 0.00>
ST_3 : Operation 20 [1/1] (0.00ns)   --->   "%specloopname_ln64 = specloopname void @_ssdm_op_SpecLoopName, void @empty_22" [../src/knn.cpp:64]   --->   Operation 20 'specloopname' 'specloopname_ln64' <Predicate = true> <Delay = 0.00>
ST_3 : Operation 21 [1/2] (4.91ns)   --->   "%call_ln64 = call void @knn_distance_and_sort_Pipeline_sort_loop_j, i4 %indvars_iv14_load, i64 %distances, i4 %labels" [../src/knn.cpp:64]   --->   Operation 21 'call' 'call_ln64' <Predicate = true> <Delay = 4.91> <CoreType = "Generic">   --->   Generic Core
ST_3 : Operation 22 [1/1] (0.00ns)   --->   "%br_ln64 = br void %sort_loop_j" [../src/knn.cpp:64]   --->   Operation 22 'br' 'br_ln64' <Predicate = true> <Delay = 0.00>


============================================================
+ Verbose Summary: Binding
============================================================
STG Binding: 
---------------- STG Properties BEGIN ----------------
- Is combinational: 0
- Is one-state seq: 0
- Is datapath-only: 0
- Is pipelined: 0
- Is top level: 0
Port [ Return ] is wired: 1; IO mode=ap_ctrl_hs:ce=0
Port [ distances]:  wired=1; compound=1; hidden=0; nouse=0; global=0; static=0; extern=0; dir=2; type=1; pingpong=0; private_global=0; MemPort=[22]; IO mode=ap_memory:ce=0
Port [ labels]:  wired=1; compound=1; hidden=0; nouse=0; global=0; static=0; extern=0; dir=2; type=1; pingpong=0; private_global=0; MemPort=[22]; IO mode=ap_memory:ce=0
---------------- STG Properties END ------------------

---------------- Datapath Model BEGIN ----------------

<LifeTime>
<method=bitvector/>
i_4                    (alloca           ) [ 0111]
indvars_iv14           (alloca           ) [ 0111]
store_ln0              (store            ) [ 0000]
store_ln64             (store            ) [ 0000]
br_ln0                 (br               ) [ 0000]
i                      (load             ) [ 0000]
icmp_ln64              (icmp             ) [ 0011]
i_6                    (add              ) [ 0000]
br_ln64                (br               ) [ 0000]
indvars_iv14_load      (load             ) [ 0001]
add_ln64               (add              ) [ 0000]
store_ln64             (store            ) [ 0000]
store_ln64             (store            ) [ 0000]
ret_ln0                (ret              ) [ 0000]
speclooptripcount_ln64 (speclooptripcount) [ 0000]
specloopname_ln64      (specloopname     ) [ 0000]
call_ln64              (call             ) [ 0000]
br_ln64                (br               ) [ 0000]
</LifeTime>

<model>

<comp_list>
<comp id="0" class="1000" name="distances">
<pin_list>
<pin id="1" dir="1" index="0" bw="1" slack="0"/>
</pin_list>
<bind>
<StgValue><ssdm name="distances"/><MemPortTyVec>2 2 </MemPortTyVec>
</StgValue>
</bind>
</comp>

<comp id="2" class="1000" name="labels">
<pin_list>
<pin id="3" dir="1" index="0" bw="1" slack="0"/>
</pin_list>
<bind>
<StgValue><ssdm name="labels"/><MemPortTyVec>2 2 </MemPortTyVec>
</StgValue>
</bind>
</comp>

<comp id="4" class="1001" name="const_4">
<pin_list>
<pin id="5" dir="1" index="0" bw="1" slack="0"/>
</pin_list>
<bind>
<StgValue><ssdm name=""/></StgValue>
</bind>
</comp>

<comp id="6" class="1001" name="const_6">
<pin_list>
<pin id="7" dir="1" index="0" bw="1" slack="0"/>
</pin_list>
<bind>
<StgValue><ssdm name=""/></StgValue>
</bind>
</comp>

<comp id="8" class="1001" name="const_8">
<pin_list>
<pin id="9" dir="1" index="0" bw="1" slack="0"/>
</pin_list>
<bind>
<StgValue><ssdm name=""/></StgValue>
</bind>
</comp>

<comp id="10" class="1001" name="const_10">
<pin_list>
<pin id="11" dir="1" index="0" bw="1" slack="0"/>
</pin_list>
<bind>
<StgValue><ssdm name=""/></StgValue>
</bind>
</comp>

<comp id="12" class="1001" name="const_12">
<pin_list>
<pin id="13" dir="1" index="0" bw="1" slack="0"/>
</pin_list>
<bind>
<StgValue><ssdm name="knn_distance_and_sort_Pipeline_sort_loop_j"/></StgValue>
</bind>
</comp>

<comp id="14" class="1001" name="const_14">
<pin_list>
<pin id="15" dir="1" index="0" bw="1" slack="0"/>
</pin_list>
<bind>
<StgValue><ssdm name=""/></StgValue>
</bind>
</comp>

<comp id="16" class="1001" name="const_16">
<pin_list>
<pin id="17" dir="1" index="0" bw="1" slack="2147483647"/>
</pin_list>
<bind>
<StgValue><ssdm name="_ssdm_op_SpecLoopTripCount"/></StgValue>
</bind>
</comp>

<comp id="18" class="1001" name="const_18">
<pin_list>
<pin id="19" dir="1" index="0" bw="1" slack="2147483647"/>
</pin_list>
<bind>
<StgValue><ssdm name=""/></StgValue>
</bind>
</comp>

<comp id="20" class="1001" name="const_20">
<pin_list>
<pin id="21" dir="1" index="0" bw="1" slack="2147483647"/>
</pin_list>
<bind>
<StgValue><ssdm name="_ssdm_op_SpecLoopName"/></StgValue>
</bind>
</comp>

<comp id="22" class="1001" name="const_22">
<pin_list>
<pin id="23" dir="1" index="0" bw="1" slack="2147483647"/>
</pin_list>
<bind>
<StgValue><ssdm name="empty_22"/></StgValue>
</bind>
</comp>

<comp id="24" class="1004" name="i_4_fu_24">
<pin_list>
<pin id="25" dir="0" index="0" bw="1" slack="0"/>
<pin id="26" dir="1" index="1" bw="4" slack="0"/>
</pin_list>
<bind>
<opcode="alloca(26) " fcode="alloca"/>
<opset="i_4/1 "/>
</bind>
</comp>

<comp id="28" class="1004" name="indvars_iv14_fu_28">
<pin_list>
<pin id="29" dir="0" index="0" bw="1" slack="0"/>
<pin id="30" dir="1" index="1" bw="4" slack="0"/>
</pin_list>
<bind>
<opcode="alloca(26) " fcode="alloca"/>
<opset="indvars_iv14/1 "/>
</bind>
</comp>

<comp id="32" class="1004" name="grp_knn_distance_and_sort_Pipeline_sort_loop_j_fu_32">
<pin_list>
<pin id="33" dir="0" index="0" bw="0" slack="0"/>
<pin id="34" dir="0" index="1" bw="4" slack="0"/>
<pin id="35" dir="0" index="2" bw="64" slack="0"/>
<pin id="36" dir="0" index="3" bw="4" slack="0"/>
<pin id="37" dir="1" index="4" bw="0" slack="2147483647"/>
</pin_list>
<bind>
<opcode="call(48) " fcode="call"/>
<opset="call_ln64/2 "/>
</bind>
</comp>

<comp id="41" class="1004" name="store_ln0_store_fu_41">
<pin_list>
<pin id="42" dir="0" index="0" bw="4" slack="0"/>
<pin id="43" dir="0" index="1" bw="4" slack="0"/>
<pin id="44" dir="1" index="2" bw="0" slack="2147483647"/>
</pin_list>
<bind>
<opcode="store(28) " fcode="store"/>
<opset="store_ln0/1 "/>
</bind>
</comp>

<comp id="46" class="1004" name="store_ln64_store_fu_46">
<pin_list>
<pin id="47" dir="0" index="0" bw="1" slack="0"/>
<pin id="48" dir="0" index="1" bw="4" slack="0"/>
<pin id="49" dir="1" index="2" bw="0" slack="2147483647"/>
</pin_list>
<bind>
<opcode="store(28) " fcode="store"/>
<opset="store_ln64/1 "/>
</bind>
</comp>

<comp id="51" class="1004" name="i_load_fu_51">
<pin_list>
<pin id="52" dir="0" index="0" bw="4" slack="1"/>
<pin id="53" dir="1" index="1" bw="4" slack="0"/>
</pin_list>
<bind>
<opcode="load(27) " fcode="load"/>
<opset="i/2 "/>
</bind>
</comp>

<comp id="54" class="1004" name="icmp_ln64_fu_54">
<pin_list>
<pin id="55" dir="0" index="0" bw="4" slack="0"/>
<pin id="56" dir="0" index="1" bw="4" slack="0"/>
<pin id="57" dir="1" index="2" bw="1" slack="2147483647"/>
</pin_list>
<bind>
<opcode="icmp(45) " fcode="icmp"/>
<opset="icmp_ln64/2 "/>
</bind>
</comp>

<comp id="60" class="1004" name="i_6_fu_60">
<pin_list>
<pin id="61" dir="0" index="0" bw="4" slack="0"/>
<pin id="62" dir="0" index="1" bw="1" slack="0"/>
<pin id="63" dir="1" index="2" bw="4" slack="0"/>
</pin_list>
<bind>
<opcode="add(8) " fcode="add"/>
<opset="i_6/2 "/>
</bind>
</comp>

<comp id="66" class="1004" name="indvars_iv14_load_load_fu_66">
<pin_list>
<pin id="67" dir="0" index="0" bw="4" slack="1"/>
<pin id="68" dir="1" index="1" bw="4" slack="0"/>
</pin_list>
<bind>
<opcode="load(27) " fcode="load"/>
<opset="indvars_iv14_load/2 "/>
</bind>
</comp>

<comp id="70" class="1004" name="add_ln64_fu_70">
<pin_list>
<pin id="71" dir="0" index="0" bw="4" slack="0"/>
<pin id="72" dir="0" index="1" bw="1" slack="0"/>
<pin id="73" dir="1" index="2" bw="4" slack="0"/>
</pin_list>
<bind>
<opcode="add(8) " fcode="add"/>
<opset="add_ln64/2 "/>
</bind>
</comp>

<comp id="76" class="1004" name="store_ln64_store_fu_76">
<pin_list>
<pin id="77" dir="0" index="0" bw="4" slack="0"/>
<pin id="78" dir="0" index="1" bw="4" slack="1"/>
<pin id="79" dir="1" index="2" bw="0" slack="2147483647"/>
</pin_list>
<bind>
<opcode="store(28) " fcode="store"/>
<opset="store_ln64/2 "/>
</bind>
</comp>

<comp id="81" class="1004" name="store_ln64_store_fu_81">
<pin_list>
<pin id="82" dir="0" index="0" bw="4" slack="0"/>
<pin id="83" dir="0" index="1" bw="4" slack="1"/>
<pin id="84" dir="1" index="2" bw="0" slack="2147483647"/>
</pin_list>
<bind>
<opcode="store(28) " fcode="store"/>
<opset="store_ln64/2 "/>
</bind>
</comp>

<comp id="86" class="1005" name="i_4_reg_86">
<pin_list>
<pin id="87" dir="0" index="0" bw="4" slack="0"/>
<pin id="88" dir="1" index="1" bw="4" slack="0"/>
</pin_list>
<bind>
<opset="i_4 "/>
</bind>
</comp>

<comp id="93" class="1005" name="indvars_iv14_reg_93">
<pin_list>
<pin id="94" dir="0" index="0" bw="4" slack="0"/>
<pin id="95" dir="1" index="1" bw="4" slack="0"/>
</pin_list>
<bind>
<opset="indvars_iv14 "/>
</bind>
</comp>

<comp id="103" class="1005" name="indvars_iv14_load_reg_103">
<pin_list>
<pin id="104" dir="0" index="0" bw="4" slack="1"/>
<pin id="105" dir="1" index="1" bw="4" slack="1"/>
</pin_list>
<bind>
<opset="indvars_iv14_load "/>
</bind>
</comp>

</comp_list>

<net_list>
<net id="27"><net_src comp="4" pin="0"/><net_sink comp="24" pin=0"/></net>

<net id="31"><net_src comp="4" pin="0"/><net_sink comp="28" pin=0"/></net>

<net id="38"><net_src comp="12" pin="0"/><net_sink comp="32" pin=0"/></net>

<net id="39"><net_src comp="0" pin="0"/><net_sink comp="32" pin=2"/></net>

<net id="40"><net_src comp="2" pin="0"/><net_sink comp="32" pin=3"/></net>

<net id="45"><net_src comp="6" pin="0"/><net_sink comp="41" pin=0"/></net>

<net id="50"><net_src comp="8" pin="0"/><net_sink comp="46" pin=0"/></net>

<net id="58"><net_src comp="51" pin="1"/><net_sink comp="54" pin=0"/></net>

<net id="59"><net_src comp="6" pin="0"/><net_sink comp="54" pin=1"/></net>

<net id="64"><net_src comp="51" pin="1"/><net_sink comp="60" pin=0"/></net>

<net id="65"><net_src comp="10" pin="0"/><net_sink comp="60" pin=1"/></net>

<net id="69"><net_src comp="66" pin="1"/><net_sink comp="32" pin=1"/></net>

<net id="74"><net_src comp="66" pin="1"/><net_sink comp="70" pin=0"/></net>

<net id="75"><net_src comp="14" pin="0"/><net_sink comp="70" pin=1"/></net>

<net id="80"><net_src comp="70" pin="2"/><net_sink comp="76" pin=0"/></net>

<net id="85"><net_src comp="60" pin="2"/><net_sink comp="81" pin=0"/></net>

<net id="89"><net_src comp="24" pin="1"/><net_sink comp="86" pin=0"/></net>

<net id="90"><net_src comp="86" pin="1"/><net_sink comp="46" pin=1"/></net>

<net id="91"><net_src comp="86" pin="1"/><net_sink comp="51" pin=0"/></net>

<net id="92"><net_src comp="86" pin="1"/><net_sink comp="81" pin=1"/></net>

<net id="96"><net_src comp="28" pin="1"/><net_sink comp="93" pin=0"/></net>

<net id="97"><net_src comp="93" pin="1"/><net_sink comp="41" pin=1"/></net>

<net id="98"><net_src comp="93" pin="1"/><net_sink comp="66" pin=0"/></net>

<net id="99"><net_src comp="93" pin="1"/><net_sink comp="76" pin=1"/></net>

<net id="106"><net_src comp="66" pin="1"/><net_sink comp="103" pin=0"/></net>

<net id="107"><net_src comp="103" pin="1"/><net_sink comp="32" pin=1"/></net>

</net_list>

</model> 
---------------- Datapath Model END ------------------

* FSMD analyzer results:
  - Output states:
	Port: distances | {2 3 }
	Port: labels | {2 3 }
 - Input state : 
	Port: knn_distance_and_sort_Outline_sort_loop_i : distances | {2 3 }
	Port: knn_distance_and_sort_Outline_sort_loop_i : labels | {2 3 }
  - Chain level:
	State 1
		store_ln0 : 1
		store_ln64 : 1
	State 2
		icmp_ln64 : 1
		i_6 : 1
		br_ln64 : 2
		call_ln64 : 1
		add_ln64 : 1
		store_ln64 : 2
		store_ln64 : 2
	State 3


============================================================
+ Verbose Summary: Datapath Resource usage 
============================================================

* Functional unit list:
|----------|------------------------------------------------------|---------|---------|---------|
| Operation|                    Functional Unit                   |  Delay  |    FF   |   LUT   |
|----------|------------------------------------------------------|---------|---------|---------|
|   call   | grp_knn_distance_and_sort_Pipeline_sort_loop_j_fu_32 |  6.352  |   282   |   212   |
|----------|------------------------------------------------------|---------|---------|---------|
|    add   |                       i_6_fu_60                      |    0    |    0    |    13   |
|          |                    add_ln64_fu_70                    |    0    |    0    |    13   |
|----------|------------------------------------------------------|---------|---------|---------|
|   icmp   |                    icmp_ln64_fu_54                   |    0    |    0    |    13   |
|----------|------------------------------------------------------|---------|---------|---------|
|   Total  |                                                      |  6.352  |   282   |   251   |
|----------|------------------------------------------------------|---------|---------|---------|

Memories:
N/A

* Register list:
+-------------------------+--------+
|                         |   FF   |
+-------------------------+--------+
|        i_4_reg_86       |    4   |
|indvars_iv14_load_reg_103|    4   |
|   indvars_iv14_reg_93   |    4   |
+-------------------------+--------+
|          Total          |   12   |
+-------------------------+--------+

* Multiplexer (MUX) list: 
|------------------------------------------------------|------|------|------|--------||---------||---------||---------|
|                         Comp                         |  Pin | Size |  BW  | S x BW ||  Delay  ||    FF   ||   LUT   |
|------------------------------------------------------|------|------|------|--------||---------||---------||---------|
| grp_knn_distance_and_sort_Pipeline_sort_loop_j_fu_32 |  p1  |   2  |   4  |    8   ||    0    ||    9    |
|------------------------------------------------------|------|------|------|--------||---------||---------||---------|
|                         Total                        |      |      |      |    8   ||  1.588  ||    0    ||    9    |
|------------------------------------------------------|------|------|------|--------||---------||---------||---------|



* Summary:
+-----------+--------+--------+--------+
|           |  Delay |   FF   |   LUT  |
+-----------+--------+--------+--------+
|  Function |    6   |   282  |   251  |
|   Memory  |    -   |    -   |    -   |
|Multiplexer|    1   |    0   |    9   |
|  Register |    -   |   12   |    -   |
+-----------+--------+--------+--------+
|   Total   |    7   |   294  |   260  |
+-----------+--------+--------+--------+
