

================================================================
== Vitis HLS Report for 'knn_distance_and_sort'
================================================================
* Date:           Tue Mar 17 19:32:45 2026

* Version:        2025.1 (Build 6135595 on May 21 2025)
* Project:        knn_accelerator
* Solution:       hls (Vivado IP Flow Target)
* Product family: zynq
* Target device:  xc7z020-clg400-1


================================================================
== Performance Estimates
================================================================
+ Timing: 
    * Summary: 
    +--------+----------+----------+------------+
    |  Clock |  Target  | Estimated| Uncertainty|
    +--------+----------+----------+------------+
    |ap_clk  |  10.00 ns|  8.536 ns|     2.70 ns|
    +--------+----------+----------+------------+

+ Latency: 
    * Summary: 
    +---------+---------+----------+-----------+-----+------+---------+
    |  Latency (cycles) |  Latency (absolute)  |  Interval  | Pipeline|
    |   min   |   max   |    min   |    max    | min |  max |   Type  |
    +---------+---------+----------+-----------+-----+------+---------+
    |      980|     1340|  9.800 us|  13.400 us|  980|  1340|       no|
    +---------+---------+----------+-----------+-----+------+---------+

    + Detail: 
        * Instance: 
        +------------------------------------------------------+-------------------------------------------+---------+---------+-----------+-----------+-----+-----+------------------------------------------------+
        |                                                      |                                           |  Latency (cycles) |   Latency (absolute)  |  Interval |                    Pipeline                    |
        |                       Instance                       |                   Module                  |   min   |   max   |    min    |    max    | min | max |                      Type                      |
        +------------------------------------------------------+-------------------------------------------+---------+---------+-----------+-----------+-----+-----+------------------------------------------------+
        |grp_knn_distance_and_sort_Pipeline_init_top_k_fu_126  |knn_distance_and_sort_Pipeline_init_top_k  |        5|        5|  50.000 ns|  50.000 ns|    4|    4|  loop auto-rewind stp (delay=0 clock cycles(s))|
        |grp_knn_distance_and_sort_Pipeline_train_loop_fu_136  |knn_distance_and_sort_Pipeline_train_loop  |      873|      873|   8.730 us|   8.730 us|  539|  539|  loop auto-rewind stp (delay=0 clock cycles(s))|
        |grp_knn_distance_and_sort_Outline_sort_loop_i_fu_151  |knn_distance_and_sort_Outline_sort_loop_i  |       82|      442|   0.820 us|   4.420 us|   82|  442|                                              no|
        |grp_knn_distance_and_sort_Pipeline_copy_top_k_fu_157  |knn_distance_and_sort_Pipeline_copy_top_k  |        5|        5|  50.000 ns|  50.000 ns|    4|    4|  loop auto-rewind stp (delay=0 clock cycles(s))|
        +------------------------------------------------------+-------------------------------------------+---------+---------+-----------+-----------+-----+-----+------------------------------------------------+

        * Loop: 
        N/A

============================================================
+ Verbose Summary: Synthesis Manager
============================================================
InlineROM: 1
ExposeGlobal: 0
============================================================
+ Verbose Summary: CDFG Model
============================================================
IsTopModel: 0
ResetActiveHigh: 1
IsCombinational: 0
IsDatapathOnly: 0
HasWiredReturn: 1
HasMFsm: 0
HasVarLatency: 1
IsPipeline: 0
IsRtlPipelined: 0
IsInstanceOverlapped: 0
IsDontTouch: 0
HasImplIP: 0
IsGatedGlobalClock: 0


============================================================
+ Verbose Summary: Schedule
============================================================
* Number of FSM states : 16
* Pipeline : 0
* Dataflow Pipeline: 0

* FSM state transitions: 
1 --> 2 
2 --> 3 
3 --> 4 
4 --> 5 
5 --> 6 
6 --> 7 
7 --> 8 
8 --> 9 
9 --> 10 
10 --> 11 
11 --> 12 
12 --> 13 
13 --> 14 
14 --> 15 
15 --> 16 
16 --> 

* FSM state operations: 

State 1 <SV = 0> <Delay = 2.32>
ST_1 : Operation 17 [1/1] (2.32ns)   --->   "%distances = alloca i64 1" [../src/knn.cpp:17]   --->   Operation 17 'alloca' 'distances' <Predicate = true> <Delay = 2.32>
ST_1 : Operation 18 [1/1] (2.32ns)   --->   "%labels = alloca i64 1" [../src/knn.cpp:18]   --->   Operation 18 'alloca' 'labels' <Predicate = true> <Delay = 2.32>
ST_1 : Operation 19 [2/2] (0.00ns)   --->   "%call_ln0 = call void @knn_distance_and_sort_Pipeline_init_top_k, i4 %top_k_labels_0, i4 %top_k_labels_2, i4 %top_k_labels_1"   --->   Operation 19 'call' 'call_ln0' <Predicate = true> <Delay = 0.00> <CoreType = "Generic">   --->   Generic Core

State 2 <SV = 1> <Delay = 4.74>
ST_2 : Operation 20 [1/2] (4.74ns)   --->   "%call_ln0 = call void @knn_distance_and_sort_Pipeline_init_top_k, i4 %top_k_labels_0, i4 %top_k_labels_2, i4 %top_k_labels_1"   --->   Operation 20 'call' 'call_ln0' <Predicate = true> <Delay = 4.74> <CoreType = "Generic">   --->   Generic Core

State 3 <SV = 2> <Delay = 7.30>
ST_3 : Operation 21 [1/1] (0.00ns)   --->   "%y_train_read = read i64 @_ssdm_op_Read.ap_auto.i64, i64 %y_train"   --->   Operation 21 'read' 'y_train_read' <Predicate = true> <Delay = 0.00>
ST_3 : Operation 22 [1/1] (0.00ns)   --->   "%X_train_read = read i64 @_ssdm_op_Read.ap_auto.i64, i64 %X_train"   --->   Operation 22 'read' 'X_train_read' <Predicate = true> <Delay = 0.00>
ST_3 : Operation 23 [1/1] (0.00ns)   --->   "%trunc_ln = partselect i61 @_ssdm_op_PartSelect.i61.i64.i32.i32, i64 %X_train_read, i32 3, i32 63" [../src/knn.cpp:40]   --->   Operation 23 'partselect' 'trunc_ln' <Predicate = true> <Delay = 0.00>
ST_3 : Operation 24 [1/1] (0.00ns)   --->   "%sext_ln40 = sext i61 %trunc_ln" [../src/knn.cpp:40]   --->   Operation 24 'sext' 'sext_ln40' <Predicate = true> <Delay = 0.00>
ST_3 : Operation 25 [1/1] (0.00ns)   --->   "%gmem_x_train_addr = getelementptr i64 %gmem_x_train, i64 %sext_ln40" [../src/knn.cpp:40]   --->   Operation 25 'getelementptr' 'gmem_x_train_addr' <Predicate = true> <Delay = 0.00>
ST_3 : Operation 26 [8/8] (7.30ns)   --->   "%empty = readreq i1 @_ssdm_op_ReadReq.m_axi.p1i64, i64 %gmem_x_train_addr, i64 490" [../src/knn.cpp:40]   --->   Operation 26 'readreq' 'empty' <Predicate = true> <Delay = 7.30> <CoreInst = "m_axi">   --->   Core 111 'm_axi' <Latency = 6> <II = 1> <Delay = 1.00> <Adapter> <Opcode : 'read' 'write' 'readreq' 'writereq' 'writeresp'>
ST_3 : Operation 27 [1/1] (0.00ns)   --->   "%trunc_ln40_1 = partselect i62 @_ssdm_op_PartSelect.i62.i64.i32.i32, i64 %y_train_read, i32 2, i32 63" [../src/knn.cpp:40]   --->   Operation 27 'partselect' 'trunc_ln40_1' <Predicate = true> <Delay = 0.00>
ST_3 : Operation 28 [1/1] (0.00ns)   --->   "%sext_ln40_1 = sext i62 %trunc_ln40_1" [../src/knn.cpp:40]   --->   Operation 28 'sext' 'sext_ln40_1' <Predicate = true> <Delay = 0.00>
ST_3 : Operation 29 [1/1] (0.00ns)   --->   "%gmem_y_train_addr = getelementptr i32 %gmem_y_train, i64 %sext_ln40_1" [../src/knn.cpp:40]   --->   Operation 29 'getelementptr' 'gmem_y_train_addr' <Predicate = true> <Delay = 0.00>
ST_3 : Operation 30 [8/8] (7.30ns)   --->   "%empty_30 = readreq i1 @_ssdm_op_ReadReq.m_axi.p1i32, i32 %gmem_y_train_addr, i64 10" [../src/knn.cpp:40]   --->   Operation 30 'readreq' 'empty_30' <Predicate = true> <Delay = 7.30> <CoreInst = "m_axi">   --->   Core 111 'm_axi' <Latency = 6> <II = 1> <Delay = 1.00> <Adapter> <Opcode : 'read' 'write' 'readreq' 'writereq' 'writeresp'>

State 4 <SV = 3> <Delay = 7.30>
ST_4 : Operation 31 [7/8] (7.30ns)   --->   "%empty = readreq i1 @_ssdm_op_ReadReq.m_axi.p1i64, i64 %gmem_x_train_addr, i64 490" [../src/knn.cpp:40]   --->   Operation 31 'readreq' 'empty' <Predicate = true> <Delay = 7.30> <CoreInst = "m_axi">   --->   Core 111 'm_axi' <Latency = 6> <II = 1> <Delay = 1.00> <Adapter> <Opcode : 'read' 'write' 'readreq' 'writereq' 'writeresp'>
ST_4 : Operation 32 [7/8] (7.30ns)   --->   "%empty_30 = readreq i1 @_ssdm_op_ReadReq.m_axi.p1i32, i32 %gmem_y_train_addr, i64 10" [../src/knn.cpp:40]   --->   Operation 32 'readreq' 'empty_30' <Predicate = true> <Delay = 7.30> <CoreInst = "m_axi">   --->   Core 111 'm_axi' <Latency = 6> <II = 1> <Delay = 1.00> <Adapter> <Opcode : 'read' 'write' 'readreq' 'writereq' 'writeresp'>

State 5 <SV = 4> <Delay = 7.30>
ST_5 : Operation 33 [6/8] (7.30ns)   --->   "%empty = readreq i1 @_ssdm_op_ReadReq.m_axi.p1i64, i64 %gmem_x_train_addr, i64 490" [../src/knn.cpp:40]   --->   Operation 33 'readreq' 'empty' <Predicate = true> <Delay = 7.30> <CoreInst = "m_axi">   --->   Core 111 'm_axi' <Latency = 6> <II = 1> <Delay = 1.00> <Adapter> <Opcode : 'read' 'write' 'readreq' 'writereq' 'writeresp'>
ST_5 : Operation 34 [6/8] (7.30ns)   --->   "%empty_30 = readreq i1 @_ssdm_op_ReadReq.m_axi.p1i32, i32 %gmem_y_train_addr, i64 10" [../src/knn.cpp:40]   --->   Operation 34 'readreq' 'empty_30' <Predicate = true> <Delay = 7.30> <CoreInst = "m_axi">   --->   Core 111 'm_axi' <Latency = 6> <II = 1> <Delay = 1.00> <Adapter> <Opcode : 'read' 'write' 'readreq' 'writereq' 'writeresp'>

State 6 <SV = 5> <Delay = 7.30>
ST_6 : Operation 35 [5/8] (7.30ns)   --->   "%empty = readreq i1 @_ssdm_op_ReadReq.m_axi.p1i64, i64 %gmem_x_train_addr, i64 490" [../src/knn.cpp:40]   --->   Operation 35 'readreq' 'empty' <Predicate = true> <Delay = 7.30> <CoreInst = "m_axi">   --->   Core 111 'm_axi' <Latency = 6> <II = 1> <Delay = 1.00> <Adapter> <Opcode : 'read' 'write' 'readreq' 'writereq' 'writeresp'>
ST_6 : Operation 36 [5/8] (7.30ns)   --->   "%empty_30 = readreq i1 @_ssdm_op_ReadReq.m_axi.p1i32, i32 %gmem_y_train_addr, i64 10" [../src/knn.cpp:40]   --->   Operation 36 'readreq' 'empty_30' <Predicate = true> <Delay = 7.30> <CoreInst = "m_axi">   --->   Core 111 'm_axi' <Latency = 6> <II = 1> <Delay = 1.00> <Adapter> <Opcode : 'read' 'write' 'readreq' 'writereq' 'writeresp'>

State 7 <SV = 6> <Delay = 7.30>
ST_7 : Operation 37 [4/8] (7.30ns)   --->   "%empty = readreq i1 @_ssdm_op_ReadReq.m_axi.p1i64, i64 %gmem_x_train_addr, i64 490" [../src/knn.cpp:40]   --->   Operation 37 'readreq' 'empty' <Predicate = true> <Delay = 7.30> <CoreInst = "m_axi">   --->   Core 111 'm_axi' <Latency = 6> <II = 1> <Delay = 1.00> <Adapter> <Opcode : 'read' 'write' 'readreq' 'writereq' 'writeresp'>
ST_7 : Operation 38 [4/8] (7.30ns)   --->   "%empty_30 = readreq i1 @_ssdm_op_ReadReq.m_axi.p1i32, i32 %gmem_y_train_addr, i64 10" [../src/knn.cpp:40]   --->   Operation 38 'readreq' 'empty_30' <Predicate = true> <Delay = 7.30> <CoreInst = "m_axi">   --->   Core 111 'm_axi' <Latency = 6> <II = 1> <Delay = 1.00> <Adapter> <Opcode : 'read' 'write' 'readreq' 'writereq' 'writeresp'>

State 8 <SV = 7> <Delay = 7.30>
ST_8 : Operation 39 [3/8] (7.30ns)   --->   "%empty = readreq i1 @_ssdm_op_ReadReq.m_axi.p1i64, i64 %gmem_x_train_addr, i64 490" [../src/knn.cpp:40]   --->   Operation 39 'readreq' 'empty' <Predicate = true> <Delay = 7.30> <CoreInst = "m_axi">   --->   Core 111 'm_axi' <Latency = 6> <II = 1> <Delay = 1.00> <Adapter> <Opcode : 'read' 'write' 'readreq' 'writereq' 'writeresp'>
ST_8 : Operation 40 [3/8] (7.30ns)   --->   "%empty_30 = readreq i1 @_ssdm_op_ReadReq.m_axi.p1i32, i32 %gmem_y_train_addr, i64 10" [../src/knn.cpp:40]   --->   Operation 40 'readreq' 'empty_30' <Predicate = true> <Delay = 7.30> <CoreInst = "m_axi">   --->   Core 111 'm_axi' <Latency = 6> <II = 1> <Delay = 1.00> <Adapter> <Opcode : 'read' 'write' 'readreq' 'writereq' 'writeresp'>

State 9 <SV = 8> <Delay = 7.30>
ST_9 : Operation 41 [2/8] (7.30ns)   --->   "%empty = readreq i1 @_ssdm_op_ReadReq.m_axi.p1i64, i64 %gmem_x_train_addr, i64 490" [../src/knn.cpp:40]   --->   Operation 41 'readreq' 'empty' <Predicate = true> <Delay = 7.30> <CoreInst = "m_axi">   --->   Core 111 'm_axi' <Latency = 6> <II = 1> <Delay = 1.00> <Adapter> <Opcode : 'read' 'write' 'readreq' 'writereq' 'writeresp'>
ST_9 : Operation 42 [2/8] (7.30ns)   --->   "%empty_30 = readreq i1 @_ssdm_op_ReadReq.m_axi.p1i32, i32 %gmem_y_train_addr, i64 10" [../src/knn.cpp:40]   --->   Operation 42 'readreq' 'empty_30' <Predicate = true> <Delay = 7.30> <CoreInst = "m_axi">   --->   Core 111 'm_axi' <Latency = 6> <II = 1> <Delay = 1.00> <Adapter> <Opcode : 'read' 'write' 'readreq' 'writereq' 'writeresp'>

State 10 <SV = 9> <Delay = 7.30>
ST_10 : Operation 43 [1/8] (7.30ns)   --->   "%empty = readreq i1 @_ssdm_op_ReadReq.m_axi.p1i64, i64 %gmem_x_train_addr, i64 490" [../src/knn.cpp:40]   --->   Operation 43 'readreq' 'empty' <Predicate = true> <Delay = 7.30> <CoreInst = "m_axi">   --->   Core 111 'm_axi' <Latency = 6> <II = 1> <Delay = 1.00> <Adapter> <Opcode : 'read' 'write' 'readreq' 'writereq' 'writeresp'>
ST_10 : Operation 44 [1/8] (7.30ns)   --->   "%empty_30 = readreq i1 @_ssdm_op_ReadReq.m_axi.p1i32, i32 %gmem_y_train_addr, i64 10" [../src/knn.cpp:40]   --->   Operation 44 'readreq' 'empty_30' <Predicate = true> <Delay = 7.30> <CoreInst = "m_axi">   --->   Core 111 'm_axi' <Latency = 6> <II = 1> <Delay = 1.00> <Adapter> <Opcode : 'read' 'write' 'readreq' 'writereq' 'writeresp'>

State 11 <SV = 10> <Delay = 3.52>
ST_11 : Operation 45 [1/1] (0.00ns)   --->   "%idx_read = read i9 @_ssdm_op_Read.ap_auto.i9, i9 %idx"   --->   Operation 45 'read' 'idx_read' <Predicate = true> <Delay = 0.00>
ST_11 : Operation 46 [1/1] (0.00ns)   --->   "%test_point_read = read i64 @_ssdm_op_Read.ap_auto.i64, i64 %test_point"   --->   Operation 46 'read' 'test_point_read' <Predicate = true> <Delay = 0.00>
ST_11 : Operation 47 [1/1] (0.00ns)   --->   "%shl_ln = bitconcatenate i12 @_ssdm_op_BitConcatenate.i12.i9.i3, i9 %idx_read, i3 0" [../src/knn.cpp:40]   --->   Operation 47 'bitconcatenate' 'shl_ln' <Predicate = true> <Delay = 0.00>
ST_11 : Operation 48 [1/1] (0.00ns)   --->   "%zext_ln40 = zext i12 %shl_ln" [../src/knn.cpp:40]   --->   Operation 48 'zext' 'zext_ln40' <Predicate = true> <Delay = 0.00>
ST_11 : Operation 49 [1/1] (3.52ns)   --->   "%add_ln40 = add i64 %zext_ln40, i64 %test_point_read" [../src/knn.cpp:40]   --->   Operation 49 'add' 'add_ln40' <Predicate = true> <Delay = 3.52> <CoreInst = "Adder">   --->   Core 1 'Adder' <Latency = 0> <II = 1> <Delay = 3.52> <FuncUnit> <Opcode : 'add' 'sub'> <InPorts = 2> <OutPorts = 1>
ST_11 : Operation 50 [1/1] (0.00ns)   --->   "%p_cast = partselect i61 @_ssdm_op_PartSelect.i61.i64.i32.i32, i64 %add_ln40, i32 3, i32 63" [../src/knn.cpp:40]   --->   Operation 50 'partselect' 'p_cast' <Predicate = true> <Delay = 0.00>
ST_11 : Operation 51 [2/2] (0.00ns)   --->   "%call_ln40 = call void @knn_distance_and_sort_Pipeline_train_loop, i64 %gmem_x_test, i61 %p_cast, i64 %gmem_x_train, i61 %trunc_ln, i32 %gmem_y_train, i62 %trunc_ln40_1, i64 %distances, i4 %labels" [../src/knn.cpp:40]   --->   Operation 51 'call' 'call_ln40' <Predicate = true> <Delay = 0.00> <CoreType = "Generic">   --->   Generic Core

State 12 <SV = 11> <Delay = 0.00>
ST_12 : Operation 52 [1/2] (0.00ns)   --->   "%call_ln40 = call void @knn_distance_and_sort_Pipeline_train_loop, i64 %gmem_x_test, i61 %p_cast, i64 %gmem_x_train, i61 %trunc_ln, i32 %gmem_y_train, i62 %trunc_ln40_1, i64 %distances, i4 %labels" [../src/knn.cpp:40]   --->   Operation 52 'call' 'call_ln40' <Predicate = true> <Delay = 0.00> <CoreType = "Generic">   --->   Generic Core

State 13 <SV = 12> <Delay = 0.00>
ST_13 : Operation 53 [2/2] (0.00ns)   --->   "%call_ln0 = call void @knn_distance_and_sort_Outline_sort_loop_i, i64 %distances, i4 %labels"   --->   Operation 53 'call' 'call_ln0' <Predicate = true> <Delay = 0.00> <CoreType = "Generic">   --->   Generic Core

State 14 <SV = 13> <Delay = 1.73>
ST_14 : Operation 54 [1/2] (1.73ns)   --->   "%call_ln0 = call void @knn_distance_and_sort_Outline_sort_loop_i, i64 %distances, i4 %labels"   --->   Operation 54 'call' 'call_ln0' <Predicate = true> <Delay = 1.73> <CoreType = "Generic">   --->   Generic Core

State 15 <SV = 14> <Delay = 0.00>
ST_15 : Operation 55 [2/2] (0.00ns)   --->   "%call_ln0 = call void @knn_distance_and_sort_Pipeline_copy_top_k, i4 %top_k_labels_0, i4 %top_k_labels_2, i4 %top_k_labels_1, i4 %labels"   --->   Operation 55 'call' 'call_ln0' <Predicate = true> <Delay = 0.00> <CoreType = "Generic">   --->   Generic Core

State 16 <SV = 15> <Delay = 4.74>
ST_16 : Operation 56 [1/1] (0.00ns)   --->   "%specinterface_ln0 = specinterface void @_ssdm_op_SpecInterface, i32 %gmem_y_train, void @empty, i32 0, i32 0, void @empty_0, i32 0, i32 10, void @empty_4, void @empty_2, void @empty_0, i32 16, i32 16, i32 16, i32 16, void @empty_0, void @empty_0, i32 4294967295, i32 0, i32 0"   --->   Operation 56 'specinterface' 'specinterface_ln0' <Predicate = true> <Delay = 0.00>
ST_16 : Operation 57 [1/1] (0.00ns)   --->   "%specinterface_ln0 = specinterface void @_ssdm_op_SpecInterface, i64 %gmem_x_train, void @empty, i32 0, i32 0, void @empty_0, i32 0, i32 490, void @empty_3, void @empty_2, void @empty_0, i32 16, i32 16, i32 16, i32 16, void @empty_0, void @empty_0, i32 4294967295, i32 0, i32 0"   --->   Operation 57 'specinterface' 'specinterface_ln0' <Predicate = true> <Delay = 0.00>
ST_16 : Operation 58 [1/1] (0.00ns)   --->   "%specinterface_ln0 = specinterface void @_ssdm_op_SpecInterface, i64 %gmem_x_test, void @empty, i32 0, i32 0, void @empty_0, i32 0, i32 490, void @empty_1, void @empty_2, void @empty_0, i32 16, i32 16, i32 16, i32 16, void @empty_0, void @empty_0, i32 4294967295, i32 0, i32 0"   --->   Operation 58 'specinterface' 'specinterface_ln0' <Predicate = true> <Delay = 0.00>
ST_16 : Operation 59 [1/2] (4.74ns)   --->   "%call_ln0 = call void @knn_distance_and_sort_Pipeline_copy_top_k, i4 %top_k_labels_0, i4 %top_k_labels_2, i4 %top_k_labels_1, i4 %labels"   --->   Operation 59 'call' 'call_ln0' <Predicate = true> <Delay = 4.74> <CoreType = "Generic">   --->   Generic Core
ST_16 : Operation 60 [1/1] (0.00ns)   --->   "%ret_ln81 = ret" [../src/knn.cpp:81]   --->   Operation 60 'ret' 'ret_ln81' <Predicate = true> <Delay = 0.00>


============================================================
+ Verbose Summary: Binding
============================================================
STG Binding: 
---------------- STG Properties BEGIN ----------------
- Is combinational: 0
- Is one-state seq: 0
- Is datapath-only: 0
- Is pipelined: 0
- Is top level: 0
Port [ Return ] is wired: 1; IO mode=ap_ctrl_hs:ce=0
Port [ gmem_x_test]:  wired=1; compound=1; hidden=0; nouse=0; global=0; static=0; extern=0; dir=0; type=4; pingpong=0; private_global=0; IO mode=m_axi:ce=0
Port [ test_point]:  wired=1; compound=0; hidden=0; nouse=0; global=0; static=0; extern=0; dir=0; type=0; pingpong=0; private_global=0; IO mode=ap_none:ce=0
Port [ gmem_x_train]:  wired=1; compound=1; hidden=0; nouse=0; global=0; static=0; extern=0; dir=0; type=4; pingpong=0; private_global=0; IO mode=m_axi:ce=0
Port [ X_train]:  wired=1; compound=0; hidden=0; nouse=0; global=0; static=0; extern=0; dir=0; type=0; pingpong=0; private_global=0; IO mode=ap_none:ce=0
Port [ gmem_y_train]:  wired=1; compound=1; hidden=0; nouse=0; global=0; static=0; extern=0; dir=0; type=4; pingpong=0; private_global=0; IO mode=m_axi:ce=0
Port [ y_train]:  wired=1; compound=0; hidden=0; nouse=0; global=0; static=0; extern=0; dir=0; type=0; pingpong=0; private_global=0; IO mode=ap_none:ce=0
Port [ top_k_labels_0]:  wired=1; compound=0; hidden=0; nouse=0; global=0; static=0; extern=0; dir=1; type=0; pingpong=0; private_global=0; IO mode=ap_vld:ce=0
Port [ top_k_labels_1]:  wired=1; compound=0; hidden=0; nouse=0; global=0; static=0; extern=0; dir=1; type=0; pingpong=0; private_global=0; IO mode=ap_vld:ce=0
Port [ top_k_labels_2]:  wired=1; compound=0; hidden=0; nouse=0; global=0; static=0; extern=0; dir=1; type=0; pingpong=0; private_global=0; IO mode=ap_vld:ce=0
Port [ idx]:  wired=1; compound=0; hidden=0; nouse=0; global=0; static=0; extern=0; dir=0; type=0; pingpong=0; private_global=0; IO mode=ap_none:ce=0
---------------- STG Properties END ------------------

---------------- Datapath Model BEGIN ----------------

<LifeTime>
<method=bitvector/>
distances         (alloca        ) [ 00111111111111100]
labels            (alloca        ) [ 00111111111111111]
call_ln0          (call          ) [ 00000000000000000]
y_train_read      (read          ) [ 00000000000000000]
X_train_read      (read          ) [ 00000000000000000]
trunc_ln          (partselect    ) [ 00001111111110000]
sext_ln40         (sext          ) [ 00000000000000000]
gmem_x_train_addr (getelementptr ) [ 00001111111000000]
trunc_ln40_1      (partselect    ) [ 00001111111110000]
sext_ln40_1       (sext          ) [ 00000000000000000]
gmem_y_train_addr (getelementptr ) [ 00001111111000000]
empty             (readreq       ) [ 00000000000000000]
empty_30          (readreq       ) [ 00000000000000000]
idx_read          (read          ) [ 00000000000000000]
test_point_read   (read          ) [ 00000000000000000]
shl_ln            (bitconcatenate) [ 00000000000000000]
zext_ln40         (zext          ) [ 00000000000000000]
add_ln40          (add           ) [ 00000000000000000]
p_cast            (partselect    ) [ 00000000000010000]
call_ln40         (call          ) [ 00000000000000000]
call_ln0          (call          ) [ 00000000000000000]
specinterface_ln0 (specinterface ) [ 00000000000000000]
specinterface_ln0 (specinterface ) [ 00000000000000000]
specinterface_ln0 (specinterface ) [ 00000000000000000]
call_ln0          (call          ) [ 00000000000000000]
ret_ln81          (ret           ) [ 00000000000000000]
</LifeTime>

<model>

<comp_list>
<comp id="0" class="1000" name="gmem_x_test">
<pin_list>
<pin id="1" dir="1" index="0" bw="1" slack="0"/>
</pin_list>
<bind>
<StgValue><ssdm name="gmem_x_test"/><MemPortTyVec>0 </MemPortTyVec>
</StgValue>
</bind>
</comp>

<comp id="2" class="1000" name="test_point">
<pin_list>
<pin id="3" dir="1" index="0" bw="1" slack="0"/>
</pin_list>
<bind>
<StgValue><ssdm name="test_point"/></StgValue>
</bind>
</comp>

<comp id="4" class="1000" name="gmem_x_train">
<pin_list>
<pin id="5" dir="1" index="0" bw="1" slack="0"/>
</pin_list>
<bind>
<StgValue><ssdm name="gmem_x_train"/><MemPortTyVec>0 </MemPortTyVec>
</StgValue>
</bind>
</comp>

<comp id="6" class="1000" name="X_train">
<pin_list>
<pin id="7" dir="1" index="0" bw="1" slack="0"/>
</pin_list>
<bind>
<StgValue><ssdm name="X_train"/></StgValue>
</bind>
</comp>

<comp id="8" class="1000" name="gmem_y_train">
<pin_list>
<pin id="9" dir="1" index="0" bw="1" slack="0"/>
</pin_list>
<bind>
<StgValue><ssdm name="gmem_y_train"/><MemPortTyVec>0 </MemPortTyVec>
</StgValue>
</bind>
</comp>

<comp id="10" class="1000" name="y_train">
<pin_list>
<pin id="11" dir="1" index="0" bw="1" slack="0"/>
</pin_list>
<bind>
<StgValue><ssdm name="y_train"/></StgValue>
</bind>
</comp>

<comp id="12" class="1000" name="top_k_labels_0">
<pin_list>
<pin id="13" dir="1" index="0" bw="1" slack="0"/>
</pin_list>
<bind>
<StgValue><ssdm name="top_k_labels_0"/></StgValue>
</bind>
</comp>

<comp id="14" class="1000" name="top_k_labels_1">
<pin_list>
<pin id="15" dir="1" index="0" bw="1" slack="0"/>
</pin_list>
<bind>
<StgValue><ssdm name="top_k_labels_1"/></StgValue>
</bind>
</comp>

<comp id="16" class="1000" name="top_k_labels_2">
<pin_list>
<pin id="17" dir="1" index="0" bw="1" slack="0"/>
</pin_list>
<bind>
<StgValue><ssdm name="top_k_labels_2"/></StgValue>
</bind>
</comp>

<comp id="18" class="1000" name="idx">
<pin_list>
<pin id="19" dir="1" index="0" bw="1" slack="0"/>
</pin_list>
<bind>
<StgValue><ssdm name="idx"/></StgValue>
</bind>
</comp>

<comp id="20" class="1001" name="const_20">
<pin_list>
<pin id="21" dir="1" index="0" bw="1" slack="0"/>
</pin_list>
<bind>
<StgValue><ssdm name=""/></StgValue>
</bind>
</comp>

<comp id="22" class="1001" name="const_22">
<pin_list>
<pin id="23" dir="1" index="0" bw="1" slack="0"/>
</pin_list>
<bind>
<StgValue><ssdm name="knn_distance_and_sort_Pipeline_init_top_k"/></StgValue>
</bind>
</comp>

<comp id="24" class="1001" name="const_24">
<pin_list>
<pin id="25" dir="1" index="0" bw="1" slack="0"/>
</pin_list>
<bind>
<StgValue><ssdm name="_ssdm_op_Read.ap_auto.i64"/></StgValue>
</bind>
</comp>

<comp id="26" class="1001" name="const_26">
<pin_list>
<pin id="27" dir="1" index="0" bw="1" slack="0"/>
</pin_list>
<bind>
<StgValue><ssdm name="_ssdm_op_PartSelect.i61.i64.i32.i32"/></StgValue>
</bind>
</comp>

<comp id="28" class="1001" name="const_28">
<pin_list>
<pin id="29" dir="1" index="0" bw="1" slack="0"/>
</pin_list>
<bind>
<StgValue><ssdm name=""/></StgValue>
</bind>
</comp>

<comp id="30" class="1001" name="const_30">
<pin_list>
<pin id="31" dir="1" index="0" bw="1" slack="0"/>
</pin_list>
<bind>
<StgValue><ssdm name=""/></StgValue>
</bind>
</comp>

<comp id="32" class="1001" name="const_32">
<pin_list>
<pin id="33" dir="1" index="0" bw="1" slack="0"/>
</pin_list>
<bind>
<StgValue><ssdm name="_ssdm_op_ReadReq.m_axi.p1i64"/></StgValue>
</bind>
</comp>

<comp id="34" class="1001" name="const_34">
<pin_list>
<pin id="35" dir="1" index="0" bw="1" slack="0"/>
</pin_list>
<bind>
<StgValue><ssdm name=""/></StgValue>
</bind>
</comp>

<comp id="36" class="1001" name="const_36">
<pin_list>
<pin id="37" dir="1" index="0" bw="1" slack="0"/>
</pin_list>
<bind>
<StgValue><ssdm name="_ssdm_op_PartSelect.i62.i64.i32.i32"/></StgValue>
</bind>
</comp>

<comp id="38" class="1001" name="const_38">
<pin_list>
<pin id="39" dir="1" index="0" bw="1" slack="0"/>
</pin_list>
<bind>
<StgValue><ssdm name=""/></StgValue>
</bind>
</comp>

<comp id="40" class="1001" name="const_40">
<pin_list>
<pin id="41" dir="1" index="0" bw="1" slack="0"/>
</pin_list>
<bind>
<StgValue><ssdm name="_ssdm_op_ReadReq.m_axi.p1i32"/></StgValue>
</bind>
</comp>

<comp id="42" class="1001" name="const_42">
<pin_list>
<pin id="43" dir="1" index="0" bw="1" slack="0"/>
</pin_list>
<bind>
<StgValue><ssdm name=""/></StgValue>
</bind>
</comp>

<comp id="44" class="1001" name="const_44">
<pin_list>
<pin id="45" dir="1" index="0" bw="1" slack="0"/>
</pin_list>
<bind>
<StgValue><ssdm name="_ssdm_op_Read.ap_auto.i9"/></StgValue>
</bind>
</comp>

<comp id="46" class="1001" name="const_46">
<pin_list>
<pin id="47" dir="1" index="0" bw="1" slack="0"/>
</pin_list>
<bind>
<StgValue><ssdm name="_ssdm_op_BitConcatenate.i12.i9.i3"/></StgValue>
</bind>
</comp>

<comp id="48" class="1001" name="const_48">
<pin_list>
<pin id="49" dir="1" index="0" bw="1" slack="0"/>
</pin_list>
<bind>
<StgValue><ssdm name=""/></StgValue>
</bind>
</comp>

<comp id="50" class="1001" name="const_50">
<pin_list>
<pin id="51" dir="1" index="0" bw="1" slack="0"/>
</pin_list>
<bind>
<StgValue><ssdm name="knn_distance_and_sort_Pipeline_train_loop"/></StgValue>
</bind>
</comp>

<comp id="52" class="1001" name="const_52">
<pin_list>
<pin id="53" dir="1" index="0" bw="1" slack="0"/>
</pin_list>
<bind>
<StgValue><ssdm name="knn_distance_and_sort_Outline_sort_loop_i"/></StgValue>
</bind>
</comp>

<comp id="54" class="1001" name="const_54">
<pin_list>
<pin id="55" dir="1" index="0" bw="1" slack="0"/>
</pin_list>
<bind>
<StgValue><ssdm name="knn_distance_and_sort_Pipeline_copy_top_k"/></StgValue>
</bind>
</comp>

<comp id="56" class="1001" name="const_56">
<pin_list>
<pin id="57" dir="1" index="0" bw="1" slack="2147483647"/>
</pin_list>
<bind>
<StgValue><ssdm name="_ssdm_op_SpecInterface"/></StgValue>
</bind>
</comp>

<comp id="58" class="1001" name="const_58">
<pin_list>
<pin id="59" dir="1" index="0" bw="1" slack="2147483647"/>
</pin_list>
<bind>
<StgValue><ssdm name="empty"/></StgValue>
</bind>
</comp>

<comp id="60" class="1001" name="const_60">
<pin_list>
<pin id="61" dir="1" index="0" bw="1" slack="2147483647"/>
</pin_list>
<bind>
<StgValue><ssdm name=""/></StgValue>
</bind>
</comp>

<comp id="62" class="1001" name="const_62">
<pin_list>
<pin id="63" dir="1" index="0" bw="1" slack="2147483647"/>
</pin_list>
<bind>
<StgValue><ssdm name="empty_0"/></StgValue>
</bind>
</comp>

<comp id="64" class="1001" name="const_64">
<pin_list>
<pin id="65" dir="1" index="0" bw="1" slack="2147483647"/>
</pin_list>
<bind>
<StgValue><ssdm name=""/></StgValue>
</bind>
</comp>

<comp id="66" class="1001" name="const_66">
<pin_list>
<pin id="67" dir="1" index="0" bw="1" slack="2147483647"/>
</pin_list>
<bind>
<StgValue><ssdm name="empty_4"/></StgValue>
</bind>
</comp>

<comp id="68" class="1001" name="const_68">
<pin_list>
<pin id="69" dir="1" index="0" bw="1" slack="2147483647"/>
</pin_list>
<bind>
<StgValue><ssdm name="empty_2"/></StgValue>
</bind>
</comp>

<comp id="70" class="1001" name="const_70">
<pin_list>
<pin id="71" dir="1" index="0" bw="1" slack="2147483647"/>
</pin_list>
<bind>
<StgValue><ssdm name=""/></StgValue>
</bind>
</comp>

<comp id="72" class="1001" name="const_72">
<pin_list>
<pin id="73" dir="1" index="0" bw="1" slack="2147483647"/>
</pin_list>
<bind>
<StgValue><ssdm name=""/></StgValue>
</bind>
</comp>

<comp id="74" class="1001" name="const_74">
<pin_list>
<pin id="75" dir="1" index="0" bw="1" slack="2147483647"/>
</pin_list>
<bind>
<StgValue><ssdm name=""/></StgValue>
</bind>
</comp>

<comp id="76" class="1001" name="const_76">
<pin_list>
<pin id="77" dir="1" index="0" bw="1" slack="2147483647"/>
</pin_list>
<bind>
<StgValue><ssdm name="empty_3"/></StgValue>
</bind>
</comp>

<comp id="78" class="1001" name="const_78">
<pin_list>
<pin id="79" dir="1" index="0" bw="1" slack="2147483647"/>
</pin_list>
<bind>
<StgValue><ssdm name="empty_1"/></StgValue>
</bind>
</comp>

<comp id="80" class="1004" name="distances_alloca_fu_80">
<pin_list>
<pin id="81" dir="0" index="0" bw="1" slack="0"/>
<pin id="82" dir="1" index="1" bw="64" slack="2147483647"/>
</pin_list>
<bind>
<opcode="alloca(26) " fcode="alloca"/>
<opset="distances/1 "/>
</bind>
</comp>

<comp id="84" class="1004" name="labels_alloca_fu_84">
<pin_list>
<pin id="85" dir="0" index="0" bw="1" slack="0"/>
<pin id="86" dir="1" index="1" bw="4" slack="2147483647"/>
</pin_list>
<bind>
<opcode="alloca(26) " fcode="alloca"/>
<opset="labels/1 "/>
</bind>
</comp>

<comp id="88" class="1004" name="y_train_read_read_fu_88">
<pin_list>
<pin id="89" dir="0" index="0" bw="64" slack="0"/>
<pin id="90" dir="0" index="1" bw="64" slack="0"/>
<pin id="91" dir="1" index="2" bw="64" slack="0"/>
</pin_list>
<bind>
<opcode="read(1150) " fcode="read"/>
<opset="y_train_read/3 "/>
</bind>
</comp>

<comp id="94" class="1004" name="X_train_read_read_fu_94">
<pin_list>
<pin id="95" dir="0" index="0" bw="64" slack="0"/>
<pin id="96" dir="0" index="1" bw="64" slack="0"/>
<pin id="97" dir="1" index="2" bw="64" slack="0"/>
</pin_list>
<bind>
<opcode="read(1150) " fcode="read"/>
<opset="X_train_read/3 "/>
</bind>
</comp>

<comp id="100" class="1004" name="idx_read_read_fu_100">
<pin_list>
<pin id="101" dir="0" index="0" bw="9" slack="0"/>
<pin id="102" dir="0" index="1" bw="9" slack="0"/>
<pin id="103" dir="1" index="2" bw="9" slack="0"/>
</pin_list>
<bind>
<opcode="read(1150) " fcode="read"/>
<opset="idx_read/11 "/>
</bind>
</comp>

<comp id="106" class="1004" name="test_point_read_read_fu_106">
<pin_list>
<pin id="107" dir="0" index="0" bw="64" slack="0"/>
<pin id="108" dir="0" index="1" bw="64" slack="0"/>
<pin id="109" dir="1" index="2" bw="64" slack="0"/>
</pin_list>
<bind>
<opcode="read(1150) " fcode="read"/>
<opset="test_point_read/11 "/>
</bind>
</comp>

<comp id="112" class="1004" name="grp_readreq_fu_112">
<pin_list>
<pin id="113" dir="0" index="0" bw="1" slack="0"/>
<pin id="114" dir="0" index="1" bw="64" slack="0"/>
<pin id="115" dir="0" index="2" bw="10" slack="0"/>
<pin id="116" dir="1" index="3" bw="1" slack="2147483647"/>
</pin_list>
<bind>
<opcode="readreq(1154) " fcode="readreq"/>
<opset="empty/3 "/>
</bind>
</comp>

<comp id="119" class="1004" name="grp_readreq_fu_119">
<pin_list>
<pin id="120" dir="0" index="0" bw="1" slack="0"/>
<pin id="121" dir="0" index="1" bw="32" slack="0"/>
<pin id="122" dir="0" index="2" bw="5" slack="0"/>
<pin id="123" dir="1" index="3" bw="1" slack="2147483647"/>
</pin_list>
<bind>
<opcode="readreq(1154) " fcode="readreq"/>
<opset="empty_30/3 "/>
</bind>
</comp>

<comp id="126" class="1004" name="grp_knn_distance_and_sort_Pipeline_init_top_k_fu_126">
<pin_list>
<pin id="127" dir="0" index="0" bw="0" slack="0"/>
<pin id="128" dir="0" index="1" bw="4" slack="0"/>
<pin id="129" dir="0" index="2" bw="4" slack="0"/>
<pin id="130" dir="0" index="3" bw="4" slack="0"/>
<pin id="131" dir="1" index="4" bw="0" slack="2147483647"/>
</pin_list>
<bind>
<opcode="call(48) " fcode="call"/>
<opset="call_ln0/1 "/>
</bind>
</comp>

<comp id="136" class="1004" name="grp_knn_distance_and_sort_Pipeline_train_loop_fu_136">
<pin_list>
<pin id="137" dir="0" index="0" bw="0" slack="0"/>
<pin id="138" dir="0" index="1" bw="64" slack="0"/>
<pin id="139" dir="0" index="2" bw="61" slack="0"/>
<pin id="140" dir="0" index="3" bw="64" slack="0"/>
<pin id="141" dir="0" index="4" bw="61" slack="8"/>
<pin id="142" dir="0" index="5" bw="32" slack="0"/>
<pin id="143" dir="0" index="6" bw="62" slack="8"/>
<pin id="144" dir="0" index="7" bw="64" slack="2147483647"/>
<pin id="145" dir="0" index="8" bw="4" slack="2147483647"/>
<pin id="146" dir="1" index="9" bw="0" slack="2147483647"/>
</pin_list>
<bind>
<opcode="call(48) " fcode="call"/>
<opset="call_ln40/11 "/>
</bind>
</comp>

<comp id="151" class="1004" name="grp_knn_distance_and_sort_Outline_sort_loop_i_fu_151">
<pin_list>
<pin id="152" dir="0" index="0" bw="0" slack="0"/>
<pin id="153" dir="0" index="1" bw="64" slack="2147483647"/>
<pin id="154" dir="0" index="2" bw="4" slack="2147483647"/>
<pin id="155" dir="1" index="3" bw="0" slack="2147483647"/>
</pin_list>
<bind>
<opcode="call(48) " fcode="call"/>
<opset="call_ln0/13 "/>
</bind>
</comp>

<comp id="157" class="1004" name="grp_knn_distance_and_sort_Pipeline_copy_top_k_fu_157">
<pin_list>
<pin id="158" dir="0" index="0" bw="0" slack="0"/>
<pin id="159" dir="0" index="1" bw="4" slack="0"/>
<pin id="160" dir="0" index="2" bw="4" slack="0"/>
<pin id="161" dir="0" index="3" bw="4" slack="0"/>
<pin id="162" dir="0" index="4" bw="4" slack="2147483647"/>
<pin id="163" dir="1" index="5" bw="0" slack="2147483647"/>
</pin_list>
<bind>
<opcode="call(48) " fcode="call"/>
<opset="call_ln0/15 "/>
</bind>
</comp>

<comp id="168" class="1004" name="trunc_ln_fu_168">
<pin_list>
<pin id="169" dir="0" index="0" bw="61" slack="0"/>
<pin id="170" dir="0" index="1" bw="64" slack="0"/>
<pin id="171" dir="0" index="2" bw="3" slack="0"/>
<pin id="172" dir="0" index="3" bw="7" slack="0"/>
<pin id="173" dir="1" index="4" bw="61" slack="0"/>
</pin_list>
<bind>
<opcode="partselect(1002) " fcode="partselect"/>
<opset="trunc_ln/3 "/>
</bind>
</comp>

<comp id="178" class="1004" name="sext_ln40_fu_178">
<pin_list>
<pin id="179" dir="0" index="0" bw="61" slack="0"/>
<pin id="180" dir="1" index="1" bw="64" slack="0"/>
</pin_list>
<bind>
<opcode="sext(35) " fcode="sext"/>
<opset="sext_ln40/3 "/>
</bind>
</comp>

<comp id="182" class="1004" name="gmem_x_train_addr_fu_182">
<pin_list>
<pin id="183" dir="0" index="0" bw="64" slack="0"/>
<pin id="184" dir="0" index="1" bw="61" slack="0"/>
<pin id="185" dir="1" index="2" bw="64" slack="0"/>
</pin_list>
<bind>
<opcode="getelementptr(29) " fcode="getelementptr"/>
<opset="gmem_x_train_addr/3 "/>
</bind>
</comp>

<comp id="189" class="1004" name="trunc_ln40_1_fu_189">
<pin_list>
<pin id="190" dir="0" index="0" bw="62" slack="0"/>
<pin id="191" dir="0" index="1" bw="64" slack="0"/>
<pin id="192" dir="0" index="2" bw="3" slack="0"/>
<pin id="193" dir="0" index="3" bw="7" slack="0"/>
<pin id="194" dir="1" index="4" bw="62" slack="0"/>
</pin_list>
<bind>
<opcode="partselect(1002) " fcode="partselect"/>
<opset="trunc_ln40_1/3 "/>
</bind>
</comp>

<comp id="199" class="1004" name="sext_ln40_1_fu_199">
<pin_list>
<pin id="200" dir="0" index="0" bw="62" slack="0"/>
<pin id="201" dir="1" index="1" bw="64" slack="0"/>
</pin_list>
<bind>
<opcode="sext(35) " fcode="sext"/>
<opset="sext_ln40_1/3 "/>
</bind>
</comp>

<comp id="203" class="1004" name="gmem_y_train_addr_fu_203">
<pin_list>
<pin id="204" dir="0" index="0" bw="32" slack="0"/>
<pin id="205" dir="0" index="1" bw="62" slack="0"/>
<pin id="206" dir="1" index="2" bw="32" slack="0"/>
</pin_list>
<bind>
<opcode="getelementptr(29) " fcode="getelementptr"/>
<opset="gmem_y_train_addr/3 "/>
</bind>
</comp>

<comp id="210" class="1004" name="shl_ln_fu_210">
<pin_list>
<pin id="211" dir="0" index="0" bw="12" slack="0"/>
<pin id="212" dir="0" index="1" bw="9" slack="0"/>
<pin id="213" dir="0" index="2" bw="1" slack="0"/>
<pin id="214" dir="1" index="3" bw="12" slack="0"/>
</pin_list>
<bind>
<opcode="bitconcatenate(1004) " fcode="bitconcatenate"/>
<opset="shl_ln/11 "/>
</bind>
</comp>

<comp id="218" class="1004" name="zext_ln40_fu_218">
<pin_list>
<pin id="219" dir="0" index="0" bw="12" slack="0"/>
<pin id="220" dir="1" index="1" bw="64" slack="0"/>
</pin_list>
<bind>
<opcode="zext(34) " fcode="zext"/>
<opset="zext_ln40/11 "/>
</bind>
</comp>

<comp id="222" class="1004" name="add_ln40_fu_222">
<pin_list>
<pin id="223" dir="0" index="0" bw="12" slack="0"/>
<pin id="224" dir="0" index="1" bw="64" slack="0"/>
<pin id="225" dir="1" index="2" bw="64" slack="0"/>
</pin_list>
<bind>
<opcode="add(8) " fcode="add"/>
<opset="add_ln40/11 "/>
</bind>
</comp>

<comp id="228" class="1004" name="p_cast_fu_228">
<pin_list>
<pin id="229" dir="0" index="0" bw="61" slack="0"/>
<pin id="230" dir="0" index="1" bw="64" slack="0"/>
<pin id="231" dir="0" index="2" bw="3" slack="0"/>
<pin id="232" dir="0" index="3" bw="7" slack="0"/>
<pin id="233" dir="1" index="4" bw="61" slack="0"/>
</pin_list>
<bind>
<opcode="partselect(1002) " fcode="partselect"/>
<opset="p_cast/11 "/>
</bind>
</comp>

<comp id="239" class="1005" name="trunc_ln_reg_239">
<pin_list>
<pin id="240" dir="0" index="0" bw="61" slack="8"/>
<pin id="241" dir="1" index="1" bw="61" slack="8"/>
</pin_list>
<bind>
<opset="trunc_ln "/>
</bind>
</comp>

<comp id="244" class="1005" name="gmem_x_train_addr_reg_244">
<pin_list>
<pin id="245" dir="0" index="0" bw="64" slack="1"/>
<pin id="246" dir="1" index="1" bw="64" slack="1"/>
</pin_list>
<bind>
<opset="gmem_x_train_addr "/>
</bind>
</comp>

<comp id="249" class="1005" name="trunc_ln40_1_reg_249">
<pin_list>
<pin id="250" dir="0" index="0" bw="62" slack="8"/>
<pin id="251" dir="1" index="1" bw="62" slack="8"/>
</pin_list>
<bind>
<opset="trunc_ln40_1 "/>
</bind>
</comp>

<comp id="254" class="1005" name="gmem_y_train_addr_reg_254">
<pin_list>
<pin id="255" dir="0" index="0" bw="32" slack="1"/>
<pin id="256" dir="1" index="1" bw="32" slack="1"/>
</pin_list>
<bind>
<opset="gmem_y_train_addr "/>
</bind>
</comp>

<comp id="259" class="1005" name="p_cast_reg_259">
<pin_list>
<pin id="260" dir="0" index="0" bw="61" slack="1"/>
<pin id="261" dir="1" index="1" bw="61" slack="1"/>
</pin_list>
<bind>
<opset="p_cast "/>
</bind>
</comp>

</comp_list>

<net_list>
<net id="83"><net_src comp="20" pin="0"/><net_sink comp="80" pin=0"/></net>

<net id="87"><net_src comp="20" pin="0"/><net_sink comp="84" pin=0"/></net>

<net id="92"><net_src comp="24" pin="0"/><net_sink comp="88" pin=0"/></net>

<net id="93"><net_src comp="10" pin="0"/><net_sink comp="88" pin=1"/></net>

<net id="98"><net_src comp="24" pin="0"/><net_sink comp="94" pin=0"/></net>

<net id="99"><net_src comp="6" pin="0"/><net_sink comp="94" pin=1"/></net>

<net id="104"><net_src comp="44" pin="0"/><net_sink comp="100" pin=0"/></net>

<net id="105"><net_src comp="18" pin="0"/><net_sink comp="100" pin=1"/></net>

<net id="110"><net_src comp="24" pin="0"/><net_sink comp="106" pin=0"/></net>

<net id="111"><net_src comp="2" pin="0"/><net_sink comp="106" pin=1"/></net>

<net id="117"><net_src comp="32" pin="0"/><net_sink comp="112" pin=0"/></net>

<net id="118"><net_src comp="34" pin="0"/><net_sink comp="112" pin=2"/></net>

<net id="124"><net_src comp="40" pin="0"/><net_sink comp="119" pin=0"/></net>

<net id="125"><net_src comp="42" pin="0"/><net_sink comp="119" pin=2"/></net>

<net id="132"><net_src comp="22" pin="0"/><net_sink comp="126" pin=0"/></net>

<net id="133"><net_src comp="12" pin="0"/><net_sink comp="126" pin=1"/></net>

<net id="134"><net_src comp="16" pin="0"/><net_sink comp="126" pin=2"/></net>

<net id="135"><net_src comp="14" pin="0"/><net_sink comp="126" pin=3"/></net>

<net id="147"><net_src comp="50" pin="0"/><net_sink comp="136" pin=0"/></net>

<net id="148"><net_src comp="0" pin="0"/><net_sink comp="136" pin=1"/></net>

<net id="149"><net_src comp="4" pin="0"/><net_sink comp="136" pin=3"/></net>

<net id="150"><net_src comp="8" pin="0"/><net_sink comp="136" pin=5"/></net>

<net id="156"><net_src comp="52" pin="0"/><net_sink comp="151" pin=0"/></net>

<net id="164"><net_src comp="54" pin="0"/><net_sink comp="157" pin=0"/></net>

<net id="165"><net_src comp="12" pin="0"/><net_sink comp="157" pin=1"/></net>

<net id="166"><net_src comp="16" pin="0"/><net_sink comp="157" pin=2"/></net>

<net id="167"><net_src comp="14" pin="0"/><net_sink comp="157" pin=3"/></net>

<net id="174"><net_src comp="26" pin="0"/><net_sink comp="168" pin=0"/></net>

<net id="175"><net_src comp="94" pin="2"/><net_sink comp="168" pin=1"/></net>

<net id="176"><net_src comp="28" pin="0"/><net_sink comp="168" pin=2"/></net>

<net id="177"><net_src comp="30" pin="0"/><net_sink comp="168" pin=3"/></net>

<net id="181"><net_src comp="168" pin="4"/><net_sink comp="178" pin=0"/></net>

<net id="186"><net_src comp="4" pin="0"/><net_sink comp="182" pin=0"/></net>

<net id="187"><net_src comp="178" pin="1"/><net_sink comp="182" pin=1"/></net>

<net id="188"><net_src comp="182" pin="2"/><net_sink comp="112" pin=1"/></net>

<net id="195"><net_src comp="36" pin="0"/><net_sink comp="189" pin=0"/></net>

<net id="196"><net_src comp="88" pin="2"/><net_sink comp="189" pin=1"/></net>

<net id="197"><net_src comp="38" pin="0"/><net_sink comp="189" pin=2"/></net>

<net id="198"><net_src comp="30" pin="0"/><net_sink comp="189" pin=3"/></net>

<net id="202"><net_src comp="189" pin="4"/><net_sink comp="199" pin=0"/></net>

<net id="207"><net_src comp="8" pin="0"/><net_sink comp="203" pin=0"/></net>

<net id="208"><net_src comp="199" pin="1"/><net_sink comp="203" pin=1"/></net>

<net id="209"><net_src comp="203" pin="2"/><net_sink comp="119" pin=1"/></net>

<net id="215"><net_src comp="46" pin="0"/><net_sink comp="210" pin=0"/></net>

<net id="216"><net_src comp="100" pin="2"/><net_sink comp="210" pin=1"/></net>

<net id="217"><net_src comp="48" pin="0"/><net_sink comp="210" pin=2"/></net>

<net id="221"><net_src comp="210" pin="3"/><net_sink comp="218" pin=0"/></net>

<net id="226"><net_src comp="218" pin="1"/><net_sink comp="222" pin=0"/></net>

<net id="227"><net_src comp="106" pin="2"/><net_sink comp="222" pin=1"/></net>

<net id="234"><net_src comp="26" pin="0"/><net_sink comp="228" pin=0"/></net>

<net id="235"><net_src comp="222" pin="2"/><net_sink comp="228" pin=1"/></net>

<net id="236"><net_src comp="28" pin="0"/><net_sink comp="228" pin=2"/></net>

<net id="237"><net_src comp="30" pin="0"/><net_sink comp="228" pin=3"/></net>

<net id="238"><net_src comp="228" pin="4"/><net_sink comp="136" pin=2"/></net>

<net id="242"><net_src comp="168" pin="4"/><net_sink comp="239" pin=0"/></net>

<net id="243"><net_src comp="239" pin="1"/><net_sink comp="136" pin=4"/></net>

<net id="247"><net_src comp="182" pin="2"/><net_sink comp="244" pin=0"/></net>

<net id="248"><net_src comp="244" pin="1"/><net_sink comp="112" pin=1"/></net>

<net id="252"><net_src comp="189" pin="4"/><net_sink comp="249" pin=0"/></net>

<net id="253"><net_src comp="249" pin="1"/><net_sink comp="136" pin=6"/></net>

<net id="257"><net_src comp="203" pin="2"/><net_sink comp="254" pin=0"/></net>

<net id="258"><net_src comp="254" pin="1"/><net_sink comp="119" pin=1"/></net>

<net id="262"><net_src comp="228" pin="4"/><net_sink comp="259" pin=0"/></net>

<net id="263"><net_src comp="259" pin="1"/><net_sink comp="136" pin=2"/></net>

</net_list>

</model> 
---------------- Datapath Model END ------------------

* FSMD analyzer results:
  - Output states:
	Port: top_k_labels_0 | {1 2 15 16 }
	Port: top_k_labels_1 | {1 2 15 16 }
	Port: top_k_labels_2 | {1 2 15 16 }
 - Input state : 
	Port: knn_distance_and_sort : gmem_x_test | {11 12 }
	Port: knn_distance_and_sort : test_point | {11 }
	Port: knn_distance_and_sort : gmem_x_train | {3 4 5 6 7 8 9 10 11 12 }
	Port: knn_distance_and_sort : X_train | {3 }
	Port: knn_distance_and_sort : gmem_y_train | {3 4 5 6 7 8 9 10 11 12 }
	Port: knn_distance_and_sort : y_train | {3 }
	Port: knn_distance_and_sort : idx | {11 }
  - Chain level:
	State 1
	State 2
	State 3
		sext_ln40 : 1
		gmem_x_train_addr : 2
		empty : 3
		sext_ln40_1 : 1
		gmem_y_train_addr : 2
		empty_30 : 3
	State 4
	State 5
	State 6
	State 7
	State 8
	State 9
	State 10
	State 11
		zext_ln40 : 1
		add_ln40 : 2
		p_cast : 3
		call_ln40 : 4
	State 12
	State 13
	State 14
	State 15
	State 16


============================================================
+ Verbose Summary: Datapath Resource usage 
============================================================

* Functional unit list:
|----------|------------------------------------------------------|---------|---------|---------|---------|
| Operation|                    Functional Unit                   |   DSP   |  Delay  |    FF   |   LUT   |
|----------|------------------------------------------------------|---------|---------|---------|---------|
|          | grp_knn_distance_and_sort_Pipeline_init_top_k_fu_126 |    0    |    0    |    2    |    20   |
|   call   | grp_knn_distance_and_sort_Pipeline_train_loop_fu_136 |    17   | 22.8551 |  13583  |   4283  |
|          | grp_knn_distance_and_sort_Outline_sort_loop_i_fu_151 |    0    |   7.94  |   294   |   260   |
|          | grp_knn_distance_and_sort_Pipeline_copy_top_k_fu_157 |    0    |  1.588  |    8    |    29   |
|----------|------------------------------------------------------|---------|---------|---------|---------|
|    add   |                    add_ln40_fu_222                   |    0    |    0    |    0    |    71   |
|----------|------------------------------------------------------|---------|---------|---------|---------|
|          |                y_train_read_read_fu_88               |    0    |    0    |    0    |    0    |
|   read   |                X_train_read_read_fu_94               |    0    |    0    |    0    |    0    |
|          |                 idx_read_read_fu_100                 |    0    |    0    |    0    |    0    |
|          |              test_point_read_read_fu_106             |    0    |    0    |    0    |    0    |
|----------|------------------------------------------------------|---------|---------|---------|---------|
|  readreq |                  grp_readreq_fu_112                  |    0    |    0    |    0    |    0    |
|          |                  grp_readreq_fu_119                  |    0    |    0    |    0    |    0    |
|----------|------------------------------------------------------|---------|---------|---------|---------|
|          |                    trunc_ln_fu_168                   |    0    |    0    |    0    |    0    |
|partselect|                  trunc_ln40_1_fu_189                 |    0    |    0    |    0    |    0    |
|          |                     p_cast_fu_228                    |    0    |    0    |    0    |    0    |
|----------|------------------------------------------------------|---------|---------|---------|---------|
|   sext   |                   sext_ln40_fu_178                   |    0    |    0    |    0    |    0    |
|          |                  sext_ln40_1_fu_199                  |    0    |    0    |    0    |    0    |
|----------|------------------------------------------------------|---------|---------|---------|---------|
|bitconcatenate|                     shl_ln_fu_210                    |    0    |    0    |    0    |    0    |
|----------|------------------------------------------------------|---------|---------|---------|---------|
|   zext   |                   zext_ln40_fu_218                   |    0    |    0    |    0    |    0    |
|----------|------------------------------------------------------|---------|---------|---------|---------|
|   Total  |                                                      |    17   | 32.3831 |  13887  |   4663  |
|----------|------------------------------------------------------|---------|---------|---------|---------|

Memories:
+---------+--------+--------+--------+--------+
|         |  BRAM  |   FF   |   LUT  |  URAM  |
+---------+--------+--------+--------+--------+
|distances|    0   |   128  |   10   |    0   |
|  labels |    0   |    8   |    1   |    0   |
+---------+--------+--------+--------+--------+
|  Total  |    0   |   136  |   11   |    0   |
+---------+--------+--------+--------+--------+

* Register list:
+-------------------------+--------+
|                         |   FF   |
+-------------------------+--------+
|gmem_x_train_addr_reg_244|   64   |
|gmem_y_train_addr_reg_254|   32   |
|      p_cast_reg_259     |   61   |
|   trunc_ln40_1_reg_249  |   62   |
|     trunc_ln_reg_239    |   61   |
+-------------------------+--------+
|          Total          |   280  |
+-------------------------+--------+

* Multiplexer (MUX) list: 
|------------------------------------------------------|------|------|------|--------||---------||---------||---------|
|                         Comp                         |  Pin | Size |  BW  | S x BW ||  Delay  ||    FF   ||   LUT   |
|------------------------------------------------------|------|------|------|--------||---------||---------||---------|
|                  grp_readreq_fu_112                  |  p1  |   2  |  64  |   128  ||    0    ||    9    |
|                  grp_readreq_fu_119                  |  p1  |   2  |  32  |   64   ||    0    ||    9    |
| grp_knn_distance_and_sort_Pipeline_train_loop_fu_136 |  p2  |   2  |  61  |   122  ||    0    ||    9    |
|------------------------------------------------------|------|------|------|--------||---------||---------||---------|
|                         Total                        |      |      |      |   314  ||  4.764  ||    0    ||    27   |
|------------------------------------------------------|------|------|------|--------||---------||---------||---------|



* Summary:
+-----------+--------+--------+--------+--------+--------+--------+
|           |  BRAM  |   DSP  |  Delay |   FF   |   LUT  |  URAM  |
+-----------+--------+--------+--------+--------+--------+--------+
|  Function |    -   |   17   |   32   |  13887 |  4663  |    -   |
|   Memory  |    0   |    -   |    -   |   136  |   11   |    0   |
|Multiplexer|    -   |    -   |    4   |    0   |   27   |    -   |
|  Register |    -   |    -   |    -   |   280  |    -   |    -   |
+-----------+--------+--------+--------+--------+--------+--------+
|   Total   |    0   |   17   |   37   |  14303 |  4701  |    0   |
+-----------+--------+--------+--------+--------+--------+--------+
