

================================================================
== Vitis HLS Report for 'knn_majority_vote_Pipeline_VITIS_LOOP_119_3'
================================================================
* Date:           Tue Mar 17 19:32:45 2026

* Version:        2025.1 (Build 6135595 on May 21 2025)
* Project:        knn_accelerator
* Solution:       hls (Vivado IP Flow Target)
* Product family: zynq
* Target device:  xc7z020-clg400-1


================================================================
== Performance Estimates
================================================================
+ Timing: 
    * Summary: 
    +--------+----------+----------+------------+
    |  Clock |  Target  | Estimated| Uncertainty|
    +--------+----------+----------+------------+
    |ap_clk  |  10.00 ns|  7.160 ns|     2.70 ns|
    +--------+----------+----------+------------+

+ Latency: 
    * Summary: 
    +---------+---------+----------+----------+-----+-----+------------------------------------------------+
    |  Latency (cycles) |  Latency (absolute) |  Interval |                    Pipeline                    |
    |   min   |   max   |    min   |    max   | min | max |                      Type                      |
    +---------+---------+----------+----------+-----+-----+------------------------------------------------+
    |       12|       12|  0.120 us|  0.120 us|   11|   11|  loop auto-rewind stp (delay=0 clock cycles(s))|
    +---------+---------+----------+----------+-----+-----+------------------------------------------------+

    + Detail: 
        * Instance: 
        N/A

        * Loop: 
        +--------------------+---------+---------+----------+-----------+-----------+------+----------+
        |                    |  Latency (cycles) | Iteration|  Initiation Interval  | Trip |          |
        |      Loop Name     |   min   |   max   |  Latency |  achieved |   target  | Count| Pipelined|
        +--------------------+---------+---------+----------+-----------+-----------+------+----------+
        |- VITIS_LOOP_119_3  |       10|       10|         2|          1|          1|    10|       yes|
        +--------------------+---------+---------+----------+-----------+-----------+------+----------+

============================================================
+ Verbose Summary: Synthesis Manager
============================================================
InlineROM: 1
ExposeGlobal: 0
============================================================
+ Verbose Summary: CDFG Model
============================================================
IsTopModel: 0
ResetActiveHigh: 1
IsCombinational: 0
IsDatapathOnly: 0
HasWiredReturn: 1
HasMFsm: 2
HasVarLatency: 1
IsPipeline: 0
IsRtlPipelined: 0
IsInstanceOverlapped: 0
IsDontTouch: 0
HasImplIP: 0
IsGatedGlobalClock: 0

+ Individual pipeline summary: 
  * Pipeline-0: initiation interval (II) = 1, depth = 2


============================================================
+ Verbose Summary: Schedule
============================================================
* Number of FSM states : 2
* Pipeline : 1
  Pipeline-0 : II = 1, D = 2, States = { 1 2 }
* Dataflow Pipeline: 0

* FSM state transitions: 
1 --> 2 
2 --> 

* FSM state operations: 

State 1 <SV = 0> <Delay = 4.91>
ST_1 : Operation 5 [1/1] (0.00ns)   --->   "%max = alloca i32 1" [../src/knn.cpp:117]   --->   Operation 5 'alloca' 'max' <Predicate = true> <Delay = 0.00>
ST_1 : Operation 6 [1/1] (0.00ns)   --->   "%max_label = alloca i32 1" [../src/knn.cpp:118]   --->   Operation 6 'alloca' 'max_label' <Predicate = true> <Delay = 0.00>
ST_1 : Operation 7 [1/1] (0.00ns)   --->   "%i = alloca i32 1" [../src/knn.cpp:119]   --->   Operation 7 'alloca' 'i' <Predicate = true> <Delay = 0.00>
ST_1 : Operation 8 [1/1] (1.58ns)   --->   "%store_ln119 = store i4 0, i4 %i" [../src/knn.cpp:119]   --->   Operation 8 'store' 'store_ln119' <Predicate = true> <Delay = 1.58>
ST_1 : Operation 9 [1/1] (1.58ns)   --->   "%store_ln117 = store i32 0, i32 %max" [../src/knn.cpp:117]   --->   Operation 9 'store' 'store_ln117' <Predicate = true> <Delay = 1.58>
ST_1 : Operation 10 [1/1] (0.00ns)   --->   "%br_ln0 = br void %for.body18"   --->   Operation 10 'br' 'br_ln0' <Predicate = true> <Delay = 0.00>
ST_1 : Operation 11 [1/1] (0.00ns)   --->   "%i_2 = load i4 %i" [../src/knn.cpp:119]   --->   Operation 11 'load' 'i_2' <Predicate = true> <Delay = 0.00>
ST_1 : Operation 12 [1/1] (1.73ns)   --->   "%icmp_ln119 = icmp_eq  i4 %i_2, i4 10" [../src/knn.cpp:119]   --->   Operation 12 'icmp' 'icmp_ln119' <Predicate = true> <Delay = 1.73> <CoreInst = "Cmp">   --->   Core 9 'Cmp' <Latency = 0> <II = 1> <Delay = 1.73> <FuncUnit> <Opcode : 'seteq' 'setne' 'setle' 'setge' 'setlt' 'setgt'> <InPorts = 2> <OutPorts = 1>
ST_1 : Operation 13 [1/1] (1.73ns)   --->   "%add_ln119 = add i4 %i_2, i4 1" [../src/knn.cpp:119]   --->   Operation 13 'add' 'add_ln119' <Predicate = true> <Delay = 1.73> <CoreInst = "Adder">   --->   Core 1 'Adder' <Latency = 0> <II = 1> <Delay = 1.73> <FuncUnit> <Opcode : 'add' 'sub'> <InPorts = 2> <OutPorts = 1>
ST_1 : Operation 14 [1/1] (0.00ns)   --->   "%br_ln119 = br i1 %icmp_ln119, void %for.body18.split, void %for.end26.exitStub" [../src/knn.cpp:119]   --->   Operation 14 'br' 'br_ln119' <Predicate = true> <Delay = 0.00>
ST_1 : Operation 15 [1/1] (0.00ns)   --->   "%zext_ln119 = zext i4 %i_2" [../src/knn.cpp:119]   --->   Operation 15 'zext' 'zext_ln119' <Predicate = (!icmp_ln119)> <Delay = 0.00>
ST_1 : Operation 16 [1/1] (0.00ns)   --->   "%counts_addr = getelementptr i32 %counts, i64 0, i64 %zext_ln119" [../src/knn.cpp:120]   --->   Operation 16 'getelementptr' 'counts_addr' <Predicate = (!icmp_ln119)> <Delay = 0.00>
ST_1 : Operation 17 [2/2] (2.32ns)   --->   "%counts_load = load i4 %counts_addr" [../src/knn.cpp:120]   --->   Operation 17 'load' 'counts_load' <Predicate = (!icmp_ln119)> <Delay = 2.32> <CoreInst = "RAM">   --->   Core 81 'RAM' <Latency = 1> <II = 1> <Delay = 2.32> <Storage> <Opcode : 'load' 'store'> <Ports = 2> <Width = 32> <Depth = 10> <RAM>
ST_1 : Operation 18 [1/1] (1.58ns)   --->   "%store_ln119 = store i4 %add_ln119, i4 %i" [../src/knn.cpp:119]   --->   Operation 18 'store' 'store_ln119' <Predicate = (!icmp_ln119)> <Delay = 1.58>
ST_1 : Operation 32 [1/1] (0.00ns)   --->   "%max_label_load = load i32 %max_label"   --->   Operation 32 'load' 'max_label_load' <Predicate = (icmp_ln119)> <Delay = 0.00>
ST_1 : Operation 33 [1/1] (0.00ns)   --->   "%write_ln0 = write void @_ssdm_op_Write.ap_auto.i32P0A, i32 %max_label_out, i32 %max_label_load"   --->   Operation 33 'write' 'write_ln0' <Predicate = (icmp_ln119)> <Delay = 0.00>
ST_1 : Operation 34 [1/1] (1.58ns)   --->   "%ret_ln0 = ret"   --->   Operation 34 'ret' 'ret_ln0' <Predicate = (icmp_ln119)> <Delay = 1.58>

State 2 <SV = 1> <Delay = 7.16>
ST_2 : Operation 19 [1/1] (0.00ns)   --->   "%max_load = load i32 %max" [../src/knn.cpp:120]   --->   Operation 19 'load' 'max_load' <Predicate = true> <Delay = 0.00>
ST_2 : Operation 20 [1/1] (0.00ns)   --->   "%max_label_load_1 = load i32 %max_label" [../src/knn.cpp:120]   --->   Operation 20 'load' 'max_label_load_1' <Predicate = true> <Delay = 0.00>
ST_2 : Operation 21 [1/1] (0.00ns)   --->   "%specpipeline_ln117 = specpipeline void @_ssdm_op_SpecPipeline, i32 4294967295, i32 0, i32 0, i32 0, void @empty_0" [../src/knn.cpp:117]   --->   Operation 21 'specpipeline' 'specpipeline_ln117' <Predicate = true> <Delay = 0.00>
ST_2 : Operation 22 [1/1] (0.00ns)   --->   "%speclooptripcount_ln117 = speclooptripcount void @_ssdm_op_SpecLoopTripCount, i64 10, i64 10, i64 10" [../src/knn.cpp:117]   --->   Operation 22 'speclooptripcount' 'speclooptripcount_ln117' <Predicate = true> <Delay = 0.00>
ST_2 : Operation 23 [1/1] (0.00ns)   --->   "%specloopname_ln119 = specloopname void @_ssdm_op_SpecLoopName, void @empty_17" [../src/knn.cpp:119]   --->   Operation 23 'specloopname' 'specloopname_ln119' <Predicate = true> <Delay = 0.00>
ST_2 : Operation 24 [1/2] ( I:2.32ns O:2.32ns )   --->   "%counts_load = load i4 %counts_addr" [../src/knn.cpp:120]   --->   Operation 24 'load' 'counts_load' <Predicate = true> <Delay = 2.32> <CoreInst = "RAM">   --->   Core 81 'RAM' <Latency = 1> <II = 1> <Delay = 2.32> <Storage> <Opcode : 'load' 'store'> <Ports = 2> <Width = 32> <Depth = 10> <RAM>
ST_2 : Operation 25 [1/1] (2.55ns)   --->   "%icmp_ln120 = icmp_sgt  i32 %counts_load, i32 %max_load" [../src/knn.cpp:120]   --->   Operation 25 'icmp' 'icmp_ln120' <Predicate = true> <Delay = 2.55> <CoreInst = "Cmp">   --->   Core 9 'Cmp' <Latency = 0> <II = 1> <Delay = 2.55> <FuncUnit> <Opcode : 'seteq' 'setne' 'setle' 'setge' 'setlt' 'setgt'> <InPorts = 2> <OutPorts = 1>
ST_2 : Operation 26 [1/1] (0.69ns)   --->   "%max_1 = select i1 %icmp_ln120, i32 %counts_load, i32 %max_load" [../src/knn.cpp:120]   --->   Operation 26 'select' 'max_1' <Predicate = true> <Delay = 0.69> <CoreInst = "Sel">   --->   Core 73 'Sel' <Latency = 0> <II = 1> <Delay = 0.69> <FuncUnit> <Opcode : 'select'> <InPorts = 3> <OutPorts = 1>
ST_2 : Operation 27 [1/1] (0.00ns)   --->   "%zext_ln120 = zext i4 %i_2" [../src/knn.cpp:120]   --->   Operation 27 'zext' 'zext_ln120' <Predicate = true> <Delay = 0.00>
ST_2 : Operation 28 [1/1] (0.69ns)   --->   "%max_label_1 = select i1 %icmp_ln120, i32 %zext_ln120, i32 %max_label_load_1" [../src/knn.cpp:120]   --->   Operation 28 'select' 'max_label_1' <Predicate = true> <Delay = 0.69> <CoreInst = "Sel">   --->   Core 73 'Sel' <Latency = 0> <II = 1> <Delay = 0.69> <FuncUnit> <Opcode : 'select'> <InPorts = 3> <OutPorts = 1>
ST_2 : Operation 29 [1/1] (0.00ns)   --->   "%store_ln118 = store i32 %max_label_1, i32 %max_label" [../src/knn.cpp:118]   --->   Operation 29 'store' 'store_ln118' <Predicate = true> <Delay = 0.00>
ST_2 : Operation 30 [1/1] (1.58ns)   --->   "%store_ln117 = store i32 %max_1, i32 %max" [../src/knn.cpp:117]   --->   Operation 30 'store' 'store_ln117' <Predicate = true> <Delay = 1.58>
ST_2 : Operation 31 [1/1] (0.00ns)   --->   "%br_ln119 = br void %for.body18" [../src/knn.cpp:119]   --->   Operation 31 'br' 'br_ln119' <Predicate = true> <Delay = 0.00>


============================================================
+ Verbose Summary: Timing violations
============================================================
Target clock period: 10.000ns, clock uncertainty: 2.700ns.

 <State 1>: 4.911ns
The critical path consists of the following:
	'store' operation 0 bit ('store_ln119', ../src/knn.cpp:119) of constant 0 on local variable 'i', ../src/knn.cpp:119 [6]  (1.588 ns)
	'load' operation 4 bit ('i', ../src/knn.cpp:119) on local variable 'i', ../src/knn.cpp:119 [10]  (0.000 ns)
	'icmp' operation 1 bit ('icmp_ln119', ../src/knn.cpp:119) [11]  (1.735 ns)
	'store' operation 0 bit ('store_ln119', ../src/knn.cpp:119) of variable 'add_ln119', ../src/knn.cpp:119 on local variable 'i', ../src/knn.cpp:119 [27]  (1.588 ns)

 <State 2>: 7.160ns
The critical path consists of the following:
	'load' operation 32 bit ('counts_load', ../src/knn.cpp:120) on array 'counts' [22]  (2.322 ns)
	'icmp' operation 1 bit ('icmp_ln120', ../src/knn.cpp:120) [23]  (2.552 ns)
	'select' operation 32 bit ('max', ../src/knn.cpp:120) [24]  (0.698 ns)
	'store' operation 0 bit ('store_ln117', ../src/knn.cpp:117) of variable 'max', ../src/knn.cpp:120 on local variable 'max', ../src/knn.cpp:117 [29]  (1.588 ns)


============================================================
+ Verbose Summary: Binding
============================================================
N/A
* FSMD analyzer results:
  - Output states:
 - Input state : 
  - Chain level:
	State 1
	State 2


============================================================
+ Verbose Summary: Datapath Resource usage 
============================================================
N/A
