

================================================================
== Vitis HLS Report for 'knn_accelerator'
================================================================
* Date:           Sat Mar 21 23:51:26 2026

* Version:        2025.2 (Build 6295257 on Nov 14 2025)
* Project:        knn_accelerator
* Solution:       hls (Vivado IP Flow Target)
* Product family: zynq
* Target device:  xc7z020-clg400-1


================================================================
== Performance Estimates
================================================================
+ Timing: 
    * Summary: 
    +--------+----------+----------+------------+
    |  Clock |  Target  | Estimated| Uncertainty|
    +--------+----------+----------+------------+
    |ap_clk  |  10.00 ns|  7.300 ns|     2.70 ns|
    +--------+----------+----------+------------+

+ Latency: 
    * Summary: 
    +---------+---------+----------+----------+--------+--------+---------+
    |  Latency (cycles) |  Latency (absolute) |     Interval    | Pipeline|
    |   min   |   max   |    min   |    max   |   min  |   max  |   Type  |
    +---------+---------+----------+----------+--------+--------+---------+
    |   120747|   124347|  1.207 ms|  1.243 ms|  120748|  124348|       no|
    +---------+---------+----------+----------+--------+--------+---------+

    + Detail: 
        * Instance: 
        N/A

        * Loop: 
        +-------------+---------+---------+---------------+-----------+-----------+------+----------+
        |             |  Latency (cycles) |   Iteration   |  Initiation Interval  | Trip |          |
        |  Loop Name  |   min   |   max   |    Latency    |  achieved |   target  | Count| Pipelined|
        +-------------+---------+---------+---------------+-----------+-----------+------+----------+
        |- test_data  |   120740|   124340|  12074 ~ 12434|          -|          -|    10|        no|
        +-------------+---------+---------+---------------+-----------+-----------+------+----------+

============================================================
+ Verbose Summary: Synthesis Manager
============================================================
InlineROM: 1
ExposeGlobal: 0
============================================================
+ Verbose Summary: CDFG Model
============================================================
IsTopModel: 1
ResetActiveHigh: 1
IsCombinational: 0
IsDatapathOnly: 0
HasWiredReturn: 1
HasMFsm: 0
HasVarLatency: 1
IsPipeline: 0
IsRtlPipelined: 0
IsInstanceOverlapped: 0
IsDontTouch: 0
HasImplIP: 0
IsGatedGlobalClock: 0


============================================================
+ Verbose Summary: Schedule
============================================================
* Number of FSM states : 13
* Pipeline : 0
* Dataflow Pipeline: 0

* FSM state transitions: 
1 --> 2 
2 --> 3 
3 --> 4 9 
4 --> 5 
5 --> 6 
6 --> 7 
7 --> 8 
8 --> 3 
9 --> 10 
10 --> 11 
11 --> 12 
12 --> 13 
13 --> 

* FSM state operations: 

State 1 <SV = 0> <Delay = 1.58>
ST_1 : Operation 14 [1/1] (0.00ns)   --->   "%phi_mul = alloca i32 1"   --->   Operation 14 'alloca' 'phi_mul' <Predicate = true> <Delay = 0.00>
ST_1 : Operation 15 [1/1] (0.00ns)   --->   "%i = alloca i32 1" [../src/knn.cpp:160]   --->   Operation 15 'alloca' 'i' <Predicate = true> <Delay = 0.00>
ST_1 : Operation 16 [1/1] (1.00ns)   --->   "%y_test_read = read i64 @_ssdm_op_Read.s_axilite.i64, i64 %y_test"   --->   Operation 16 'read' 'y_test_read' <Predicate = true> <Delay = 1.00> <CoreInst = "s_axilite">   --->   Core 112 's_axilite' <Latency = 0> <II = 1> <Delay = 1.00> <Adapter> <Opcode : 'read' 'write'>
ST_1 : Operation 17 [1/1] (1.00ns)   --->   "%y_train_read = read i64 @_ssdm_op_Read.s_axilite.i64, i64 %y_train"   --->   Operation 17 'read' 'y_train_read' <Predicate = true> <Delay = 1.00> <CoreInst = "s_axilite">   --->   Core 112 's_axilite' <Latency = 0> <II = 1> <Delay = 1.00> <Adapter> <Opcode : 'read' 'write'>
ST_1 : Operation 18 [1/1] (1.00ns)   --->   "%X_train_read = read i64 @_ssdm_op_Read.s_axilite.i64, i64 %X_train"   --->   Operation 18 'read' 'X_train_read' <Predicate = true> <Delay = 1.00> <CoreInst = "s_axilite">   --->   Core 112 's_axilite' <Latency = 0> <II = 1> <Delay = 1.00> <Adapter> <Opcode : 'read' 'write'>
ST_1 : Operation 19 [1/1] (1.00ns)   --->   "%X_test_read = read i64 @_ssdm_op_Read.s_axilite.i64, i64 %X_test"   --->   Operation 19 'read' 'X_test_read' <Predicate = true> <Delay = 1.00> <CoreInst = "s_axilite">   --->   Core 112 's_axilite' <Latency = 0> <II = 1> <Delay = 1.00> <Adapter> <Opcode : 'read' 'write'>
ST_1 : Operation 20 [1/1] (0.00ns)   --->   "%top_k_labels = alloca i64 1" [../src/knn.cpp:158]   --->   Operation 20 'alloca' 'top_k_labels' <Predicate = true> <Delay = 0.00>
ST_1 : Operation 21 [1/1] (0.00ns)   --->   "%top_k_labels_1 = alloca i64 1" [../src/knn.cpp:158]   --->   Operation 21 'alloca' 'top_k_labels_1' <Predicate = true> <Delay = 0.00>
ST_1 : Operation 22 [1/1] (0.00ns)   --->   "%top_k_labels_2 = alloca i64 1" [../src/knn.cpp:158]   --->   Operation 22 'alloca' 'top_k_labels_2' <Predicate = true> <Delay = 0.00>
ST_1 : Operation 23 [1/1] (0.00ns)   --->   "%trunc_ln = partselect i62 @_ssdm_op_PartSelect.i62.i64.i32.i32, i64 %y_test_read, i32 2, i32 63" [../src/knn.cpp:160]   --->   Operation 23 'partselect' 'trunc_ln' <Predicate = true> <Delay = 0.00>
ST_1 : Operation 24 [1/1] (0.00ns)   --->   "%sext_ln160 = sext i62 %trunc_ln" [../src/knn.cpp:160]   --->   Operation 24 'sext' 'sext_ln160' <Predicate = true> <Delay = 0.00>
ST_1 : Operation 25 [1/1] (0.00ns)   --->   "%gmem_y_test_addr = getelementptr i32 %gmem_y_test, i64 %sext_ln160" [../src/knn.cpp:160]   --->   Operation 25 'getelementptr' 'gmem_y_test_addr' <Predicate = true> <Delay = 0.00>
ST_1 : Operation 26 [1/1] (1.58ns)   --->   "%store_ln160 = store i4 0, i4 %i" [../src/knn.cpp:160]   --->   Operation 26 'store' 'store_ln160' <Predicate = true> <Delay = 1.58>
ST_1 : Operation 27 [1/1] (1.58ns)   --->   "%store_ln0 = store i9 0, i9 %phi_mul"   --->   Operation 27 'store' 'store_ln0' <Predicate = true> <Delay = 1.58>

State 2 <SV = 1> <Delay = 7.30>
ST_2 : Operation 28 [1/1] (0.00ns)   --->   "%spectopmodule_ln142 = spectopmodule void @_ssdm_op_SpecTopModule, void @empty_15" [../src/knn.cpp:142]   --->   Operation 28 'spectopmodule' 'spectopmodule_ln142' <Predicate = true> <Delay = 0.00>
ST_2 : Operation 29 [1/1] (0.00ns)   --->   "%specinterface_ln0 = specinterface void @_ssdm_op_SpecInterface, i64 %gmem_x_test, void @empty, i32 0, i32 0, void @empty_0, i32 0, i32 490, void @empty_1, void @empty_2, void @empty_0, i32 16, i32 16, i32 16, i32 16, void @empty_0, void @empty_0, i32 4294967295, i32 0, i32 0, i32 8"   --->   Operation 29 'specinterface' 'specinterface_ln0' <Predicate = true> <Delay = 0.00>
ST_2 : Operation 30 [1/1] (0.00ns)   --->   "%specbitsmap_ln0 = specbitsmap void @_ssdm_op_SpecBitsMap, i64 %gmem_x_test"   --->   Operation 30 'specbitsmap' 'specbitsmap_ln0' <Predicate = true> <Delay = 0.00>
ST_2 : Operation 31 [1/1] (0.00ns)   --->   "%specinterface_ln0 = specinterface void @_ssdm_op_SpecInterface, i64 %gmem_x_train, void @empty, i32 0, i32 0, void @empty_0, i32 0, i32 490, void @empty_3, void @empty_2, void @empty_0, i32 16, i32 16, i32 16, i32 16, void @empty_0, void @empty_0, i32 4294967295, i32 0, i32 0, i32 8"   --->   Operation 31 'specinterface' 'specinterface_ln0' <Predicate = true> <Delay = 0.00>
ST_2 : Operation 32 [1/1] (0.00ns)   --->   "%specbitsmap_ln0 = specbitsmap void @_ssdm_op_SpecBitsMap, i64 %gmem_x_train"   --->   Operation 32 'specbitsmap' 'specbitsmap_ln0' <Predicate = true> <Delay = 0.00>
ST_2 : Operation 33 [1/1] (0.00ns)   --->   "%specinterface_ln0 = specinterface void @_ssdm_op_SpecInterface, i32 %gmem_y_train, void @empty, i32 0, i32 0, void @empty_0, i32 0, i32 10, void @empty_4, void @empty_2, void @empty_0, i32 16, i32 16, i32 16, i32 16, void @empty_0, void @empty_0, i32 4294967295, i32 0, i32 0, i32 4"   --->   Operation 33 'specinterface' 'specinterface_ln0' <Predicate = true> <Delay = 0.00>
ST_2 : Operation 34 [1/1] (0.00ns)   --->   "%specbitsmap_ln0 = specbitsmap void @_ssdm_op_SpecBitsMap, i32 %gmem_y_train"   --->   Operation 34 'specbitsmap' 'specbitsmap_ln0' <Predicate = true> <Delay = 0.00>
ST_2 : Operation 35 [1/1] (0.00ns)   --->   "%specinterface_ln0 = specinterface void @_ssdm_op_SpecInterface, i32 %gmem_y_test, void @empty, i32 0, i32 0, void @empty_0, i32 0, i32 10, void @empty_5, void @empty_2, void @empty_0, i32 16, i32 16, i32 16, i32 16, void @empty_0, void @empty_0, i32 4294967295, i32 0, i32 0, i32 4"   --->   Operation 35 'specinterface' 'specinterface_ln0' <Predicate = true> <Delay = 0.00>
ST_2 : Operation 36 [1/1] (0.00ns)   --->   "%specbitsmap_ln0 = specbitsmap void @_ssdm_op_SpecBitsMap, i32 %gmem_y_test"   --->   Operation 36 'specbitsmap' 'specbitsmap_ln0' <Predicate = true> <Delay = 0.00>
ST_2 : Operation 37 [1/1] (0.00ns)   --->   "%specinterface_ln0 = specinterface void @_ssdm_op_SpecInterface, i64 %X_test, void @empty_6, i32 0, i32 0, void @empty_0, i32 0, i32 0, void @empty_7, void @empty_8, void @empty_0, i32 0, i32 0, i32 0, i32 0, void @empty_0, void @empty_9, i32 4294967295, i32 0, i32 0, i32 0"   --->   Operation 37 'specinterface' 'specinterface_ln0' <Predicate = true> <Delay = 0.00>
ST_2 : Operation 38 [1/1] (0.00ns)   --->   "%specinterface_ln0 = specinterface void @_ssdm_op_SpecInterface, i64 %X_test, void @empty_10, i32 0, i32 0, void @empty_0, i32 0, i32 0, void @empty_0, void @empty_0, void @empty_0, i32 0, i32 0, i32 0, i32 0, void @empty_0, void @empty_9, i32 4294967295, i32 0, i32 0, i32 0"   --->   Operation 38 'specinterface' 'specinterface_ln0' <Predicate = true> <Delay = 0.00>
ST_2 : Operation 39 [1/1] (0.00ns)   --->   "%specinterface_ln0 = specinterface void @_ssdm_op_SpecInterface, i64 %X_train, void @empty_6, i32 0, i32 0, void @empty_0, i32 0, i32 0, void @empty_7, void @empty_11, void @empty_0, i32 0, i32 0, i32 0, i32 0, void @empty_0, void @empty_9, i32 4294967295, i32 0, i32 0, i32 0"   --->   Operation 39 'specinterface' 'specinterface_ln0' <Predicate = true> <Delay = 0.00>
ST_2 : Operation 40 [1/1] (0.00ns)   --->   "%specinterface_ln0 = specinterface void @_ssdm_op_SpecInterface, i64 %X_train, void @empty_10, i32 0, i32 0, void @empty_0, i32 0, i32 0, void @empty_0, void @empty_0, void @empty_0, i32 0, i32 0, i32 0, i32 0, void @empty_0, void @empty_9, i32 4294967295, i32 0, i32 0, i32 0"   --->   Operation 40 'specinterface' 'specinterface_ln0' <Predicate = true> <Delay = 0.00>
ST_2 : Operation 41 [1/1] (0.00ns)   --->   "%specinterface_ln0 = specinterface void @_ssdm_op_SpecInterface, i64 %y_train, void @empty_6, i32 0, i32 0, void @empty_0, i32 0, i32 0, void @empty_7, void @empty_12, void @empty_0, i32 0, i32 0, i32 0, i32 0, void @empty_0, void @empty_9, i32 4294967295, i32 0, i32 0, i32 0"   --->   Operation 41 'specinterface' 'specinterface_ln0' <Predicate = true> <Delay = 0.00>
ST_2 : Operation 42 [1/1] (0.00ns)   --->   "%specinterface_ln0 = specinterface void @_ssdm_op_SpecInterface, i64 %y_train, void @empty_10, i32 0, i32 0, void @empty_0, i32 0, i32 0, void @empty_0, void @empty_0, void @empty_0, i32 0, i32 0, i32 0, i32 0, void @empty_0, void @empty_9, i32 4294967295, i32 0, i32 0, i32 0"   --->   Operation 42 'specinterface' 'specinterface_ln0' <Predicate = true> <Delay = 0.00>
ST_2 : Operation 43 [1/1] (0.00ns)   --->   "%specinterface_ln0 = specinterface void @_ssdm_op_SpecInterface, i64 %y_test, void @empty_6, i32 0, i32 0, void @empty_0, i32 0, i32 0, void @empty_7, void @empty_13, void @empty_0, i32 0, i32 0, i32 0, i32 0, void @empty_0, void @empty_9, i32 4294967295, i32 0, i32 0, i32 0"   --->   Operation 43 'specinterface' 'specinterface_ln0' <Predicate = true> <Delay = 0.00>
ST_2 : Operation 44 [1/1] (0.00ns)   --->   "%specinterface_ln0 = specinterface void @_ssdm_op_SpecInterface, i64 %y_test, void @empty_10, i32 0, i32 0, void @empty_0, i32 0, i32 0, void @empty_0, void @empty_0, void @empty_0, i32 0, i32 0, i32 0, i32 0, void @empty_0, void @empty_9, i32 4294967295, i32 0, i32 0, i32 0"   --->   Operation 44 'specinterface' 'specinterface_ln0' <Predicate = true> <Delay = 0.00>
ST_2 : Operation 45 [1/1] (0.00ns)   --->   "%specinterface_ln0 = specinterface void @_ssdm_op_SpecInterface, i32 0, void @empty_6, i32 0, i32 0, void @empty_0, i32 0, i32 0, void @empty_14, void @empty_0, void @empty_0, i32 0, i32 0, i32 0, i32 0, void @empty_0, void @empty_0, i32 0, i32 0, i32 0, i32 0"   --->   Operation 45 'specinterface' 'specinterface_ln0' <Predicate = true> <Delay = 0.00>
ST_2 : Operation 46 [1/1] ( I:7.30ns O:7.30ns )   --->   "%empty = writereq i1 @_ssdm_op_WriteReq.m_axi.p1i32, i32 %gmem_y_test_addr, i64 10" [../src/knn.cpp:160]   --->   Operation 46 'writereq' 'empty' <Predicate = true> <Delay = 7.30> <CoreInst = "m_axi">   --->   Core 111 'm_axi' <Latency = 9> <II = 1> <Delay = 1.00> <Adapter> <Opcode : 'readrequnaligned' 'writerequnaligned' 'read' 'write' 'readreq' 'writereq' 'writeresp'>
ST_2 : Operation 47 [1/1] (0.00ns)   --->   "%br_ln160 = br void %for.inc" [../src/knn.cpp:160]   --->   Operation 47 'br' 'br_ln160' <Predicate = true> <Delay = 0.00>

State 3 <SV = 2> <Delay = 3.32>
ST_3 : Operation 48 [1/1] (0.00ns)   --->   "%i_8 = load i4 %i" [../src/knn.cpp:160]   --->   Operation 48 'load' 'i_8' <Predicate = true> <Delay = 0.00>
ST_3 : Operation 49 [1/1] (1.73ns)   --->   "%icmp_ln160 = icmp_eq  i4 %i_8, i4 10" [../src/knn.cpp:160]   --->   Operation 49 'icmp' 'icmp_ln160' <Predicate = true> <Delay = 1.73> <CoreInst = "Cmp">   --->   Core 9 'Cmp' <Latency = 0> <II = 1> <Delay = 1.73> <FuncUnit> <Opcode : 'seteq' 'setne' 'setle' 'setge' 'setlt' 'setgt'> <InPorts = 2> <OutPorts = 1>
ST_3 : Operation 50 [1/1] (1.73ns)   --->   "%add_ln160 = add i4 %i_8, i4 1" [../src/knn.cpp:160]   --->   Operation 50 'add' 'add_ln160' <Predicate = true> <Delay = 1.73> <CoreInst = "Adder">   --->   Core 1 'Adder' <Latency = 0> <II = 1> <Delay = 1.73> <FuncUnit> <Opcode : 'add' 'sub'> <InPorts = 2> <OutPorts = 1>
ST_3 : Operation 51 [1/1] (0.00ns)   --->   "%br_ln160 = br i1 %icmp_ln160, void %for.inc.split, void %for.end" [../src/knn.cpp:160]   --->   Operation 51 'br' 'br_ln160' <Predicate = true> <Delay = 0.00>
ST_3 : Operation 52 [1/1] (1.58ns)   --->   "%store_ln160 = store i4 %add_ln160, i4 %i" [../src/knn.cpp:160]   --->   Operation 52 'store' 'store_ln160' <Predicate = (!icmp_ln160)> <Delay = 1.58>

State 4 <SV = 3> <Delay = 7.30>
ST_4 : Operation 53 [1/1] (0.00ns)   --->   "%phi_mul_load = load i9 %phi_mul" [../src/knn.cpp:163]   --->   Operation 53 'load' 'phi_mul_load' <Predicate = true> <Delay = 0.00>
ST_4 : Operation 54 [1/1] (1.82ns)   --->   "%add_ln163 = add i9 %phi_mul_load, i9 49" [../src/knn.cpp:163]   --->   Operation 54 'add' 'add_ln163' <Predicate = true> <Delay = 1.82> <CoreInst = "Adder">   --->   Core 1 'Adder' <Latency = 0> <II = 1> <Delay = 1.82> <FuncUnit> <Opcode : 'add' 'sub'> <InPorts = 2> <OutPorts = 1>
ST_4 : Operation 55 [2/2] (7.30ns)   --->   "%call_ln163 = call void @knn_distance_and_sort, i64 %gmem_x_test, i64 %X_test_read, i64 %gmem_x_train, i64 %X_train_read, i32 %gmem_y_train, i64 %y_train_read, i4 %top_k_labels, i4 %top_k_labels_1, i4 %top_k_labels_2, i9 %phi_mul_load" [../src/knn.cpp:163]   --->   Operation 55 'call' 'call_ln163' <Predicate = true> <Delay = 7.30> <CoreType = "Generic">   --->   Generic Core
ST_4 : Operation 56 [1/1] (1.58ns)   --->   "%store_ln163 = store i9 %add_ln163, i9 %phi_mul" [../src/knn.cpp:163]   --->   Operation 56 'store' 'store_ln163' <Predicate = true> <Delay = 1.58>

State 5 <SV = 4> <Delay = 2.32>
ST_5 : Operation 57 [1/2] (2.32ns)   --->   "%call_ln163 = call void @knn_distance_and_sort, i64 %gmem_x_test, i64 %X_test_read, i64 %gmem_x_train, i64 %X_train_read, i32 %gmem_y_train, i64 %y_train_read, i4 %top_k_labels, i4 %top_k_labels_1, i4 %top_k_labels_2, i9 %phi_mul_load" [../src/knn.cpp:163]   --->   Operation 57 'call' 'call_ln163' <Predicate = true> <Delay = 2.32> <CoreType = "Generic">   --->   Generic Core

State 6 <SV = 5> <Delay = 0.00>
ST_6 : Operation 58 [1/1] (0.00ns)   --->   "%top_k_labels_load = load i4 %top_k_labels" [../src/knn.cpp:166]   --->   Operation 58 'load' 'top_k_labels_load' <Predicate = true> <Delay = 0.00>
ST_6 : Operation 59 [1/1] (0.00ns)   --->   "%top_k_labels_1_load = load i4 %top_k_labels_1" [../src/knn.cpp:166]   --->   Operation 59 'load' 'top_k_labels_1_load' <Predicate = true> <Delay = 0.00>
ST_6 : Operation 60 [1/1] (0.00ns)   --->   "%top_k_labels_2_load = load i4 %top_k_labels_2" [../src/knn.cpp:166]   --->   Operation 60 'load' 'top_k_labels_2_load' <Predicate = true> <Delay = 0.00>
ST_6 : Operation 61 [2/2] (0.00ns)   --->   "%tmp = call i32 @knn_majority_vote, i4 %top_k_labels_load, i4 %top_k_labels_1_load, i4 %top_k_labels_2_load" [../src/knn.cpp:166]   --->   Operation 61 'call' 'tmp' <Predicate = true> <Delay = 0.00> <CoreType = "Generic">   --->   Generic Core

State 7 <SV = 6> <Delay = 1.73>
ST_7 : Operation 62 [1/2] (1.73ns)   --->   "%tmp = call i32 @knn_majority_vote, i4 %top_k_labels_load, i4 %top_k_labels_1_load, i4 %top_k_labels_2_load" [../src/knn.cpp:166]   --->   Operation 62 'call' 'tmp' <Predicate = true> <Delay = 1.73> <CoreType = "Generic">   --->   Generic Core

State 8 <SV = 7> <Delay = 7.30>
ST_8 : Operation 63 [1/1] (0.00ns)   --->   "%specpipeline_ln161 = specpipeline void @_ssdm_op_SpecPipeline, i32 0, i32 0, i32 1, i32 0, i32 4294967295, void @empty_0" [../src/knn.cpp:161]   --->   Operation 63 'specpipeline' 'specpipeline_ln161' <Predicate = true> <Delay = 0.00>
ST_8 : Operation 64 [1/1] (0.00ns)   --->   "%speclooptripcount_ln160 = speclooptripcount void @_ssdm_op_SpecLoopTripCount, i64 10, i64 10, i64 10" [../src/knn.cpp:160]   --->   Operation 64 'speclooptripcount' 'speclooptripcount_ln160' <Predicate = true> <Delay = 0.00>
ST_8 : Operation 65 [1/1] (0.00ns)   --->   "%specloopname_ln160 = specloopname void @_ssdm_op_SpecLoopName, void @empty_16" [../src/knn.cpp:160]   --->   Operation 65 'specloopname' 'specloopname_ln160' <Predicate = true> <Delay = 0.00>
ST_8 : Operation 66 [1/1] ( I:7.30ns O:7.30ns )   --->   "%write_ln166 = write void @_ssdm_op_Write.m_axi.p1i32.i32, i32 %gmem_y_test_addr, i32 %tmp, i4 15" [../src/knn.cpp:166]   --->   Operation 66 'write' 'write_ln166' <Predicate = true> <Delay = 7.30> <CoreInst = "m_axi">   --->   Core 111 'm_axi' <Latency = 5> <II = 1> <Delay = 1.00> <Adapter> <Opcode : 'readrequnaligned' 'writerequnaligned' 'read' 'write' 'readreq' 'writereq' 'writeresp'>
ST_8 : Operation 67 [1/1] (0.00ns)   --->   "%br_ln160 = br void %for.inc" [../src/knn.cpp:160]   --->   Operation 67 'br' 'br_ln160' <Predicate = true> <Delay = 0.00>

State 9 <SV = 3> <Delay = 0.00>
ST_9 : Operation 68 [5/5] (7.30ns)   --->   "%empty_32 = writeresp i1 @_ssdm_op_WriteResp.m_axi.p1i32, i32 %gmem_y_test_addr" [../src/knn.cpp:168]   --->   Operation 68 'writeresp' 'empty_32' <Predicate = true> <Delay = 7.30> <CoreInst = "m_axi">   --->   Core 111 'm_axi' <Latency = 3> <II = 1> <Delay = 1.00> <Adapter> <Opcode : 'readrequnaligned' 'writerequnaligned' 'read' 'write' 'readreq' 'writereq' 'writeresp'>

State 10 <SV = 4> <Delay = 0.00>
ST_10 : Operation 69 [4/5] (7.30ns)   --->   "%empty_32 = writeresp i1 @_ssdm_op_WriteResp.m_axi.p1i32, i32 %gmem_y_test_addr" [../src/knn.cpp:168]   --->   Operation 69 'writeresp' 'empty_32' <Predicate = true> <Delay = 7.30> <CoreInst = "m_axi">   --->   Core 111 'm_axi' <Latency = 3> <II = 1> <Delay = 1.00> <Adapter> <Opcode : 'readrequnaligned' 'writerequnaligned' 'read' 'write' 'readreq' 'writereq' 'writeresp'>

State 11 <SV = 5> <Delay = 0.00>
ST_11 : Operation 70 [3/5] (7.30ns)   --->   "%empty_32 = writeresp i1 @_ssdm_op_WriteResp.m_axi.p1i32, i32 %gmem_y_test_addr" [../src/knn.cpp:168]   --->   Operation 70 'writeresp' 'empty_32' <Predicate = true> <Delay = 7.30> <CoreInst = "m_axi">   --->   Core 111 'm_axi' <Latency = 3> <II = 1> <Delay = 1.00> <Adapter> <Opcode : 'readrequnaligned' 'writerequnaligned' 'read' 'write' 'readreq' 'writereq' 'writeresp'>

State 12 <SV = 6> <Delay = 0.00>
ST_12 : Operation 71 [2/5] (7.30ns)   --->   "%empty_32 = writeresp i1 @_ssdm_op_WriteResp.m_axi.p1i32, i32 %gmem_y_test_addr" [../src/knn.cpp:168]   --->   Operation 71 'writeresp' 'empty_32' <Predicate = true> <Delay = 7.30> <CoreInst = "m_axi">   --->   Core 111 'm_axi' <Latency = 3> <II = 1> <Delay = 1.00> <Adapter> <Opcode : 'readrequnaligned' 'writerequnaligned' 'read' 'write' 'readreq' 'writereq' 'writeresp'>

State 13 <SV = 7> <Delay = 7.30>
ST_13 : Operation 72 [1/5] ( I:7.30ns O:7.30ns )   --->   "%empty_32 = writeresp i1 @_ssdm_op_WriteResp.m_axi.p1i32, i32 %gmem_y_test_addr" [../src/knn.cpp:168]   --->   Operation 72 'writeresp' 'empty_32' <Predicate = true> <Delay = 7.30> <CoreInst = "m_axi">   --->   Core 111 'm_axi' <Latency = 3> <II = 1> <Delay = 1.00> <Adapter> <Opcode : 'readrequnaligned' 'writerequnaligned' 'read' 'write' 'readreq' 'writereq' 'writeresp'>
ST_13 : Operation 73 [1/1] (0.00ns)   --->   "%ret_ln168 = ret" [../src/knn.cpp:168]   --->   Operation 73 'ret' 'ret_ln168' <Predicate = true> <Delay = 0.00>


============================================================
+ Verbose Summary: Timing violations
============================================================
Target clock period: 10.000ns, clock uncertainty: 2.700ns.

 <State 1>: 1.588ns
The critical path consists of the following:
	'alloca' operation 4 bit ('i', ../src/knn.cpp:160) [10]  (0.000 ns)
	'store' operation ('store_ln160', ../src/knn.cpp:160) of constant 0 4 bit on local variable 'i', ../src/knn.cpp:160 [40]  (1.588 ns)

 <State 2>: 7.300ns
The critical path consists of the following:
	bus request operation ('empty', ../src/knn.cpp:160) on port 'gmem_y_test' (../src/knn.cpp:160) [39]  (7.300 ns)

 <State 3>: 3.323ns
The critical path consists of the following:
	'load' operation 4 bit ('i', ../src/knn.cpp:160) on local variable 'i', ../src/knn.cpp:160 [44]  (0.000 ns)
	'icmp' operation 1 bit ('icmp_ln160', ../src/knn.cpp:160) [45]  (1.735 ns)
	'store' operation ('store_ln160', ../src/knn.cpp:160) of variable 'add_ln160', ../src/knn.cpp:160 4 bit on local variable 'i', ../src/knn.cpp:160 [60]  (1.588 ns)

 <State 4>: 7.300ns
The critical path consists of the following:
	'load' operation 9 bit ('phi_mul_load', ../src/knn.cpp:163) on local variable 'phi_mul' [49]  (0.000 ns)
	'call' operation ('call_ln163', ../src/knn.cpp:163) to 'knn_distance_and_sort' [54]  (7.300 ns)

 <State 5>: 2.322ns
The critical path consists of the following:
	'call' operation ('call_ln163', ../src/knn.cpp:163) to 'knn_distance_and_sort' [54]  (2.322 ns)

 <State 6>: 0.000ns
The critical path consists of the following:

 <State 7>: 1.735ns
The critical path consists of the following:
	'call' operation 32 bit ('tmp', ../src/knn.cpp:166) to 'knn_majority_vote' [58]  (1.735 ns)

 <State 8>: 7.300ns
The critical path consists of the following:
	bus write operation ('write_ln166', ../src/knn.cpp:166) on port 'gmem_y_test' (../src/knn.cpp:166) [59]  (7.300 ns)

 <State 9>: 0.000ns
The critical path consists of the following:

 <State 10>: 0.000ns
The critical path consists of the following:

 <State 11>: 0.000ns
The critical path consists of the following:

 <State 12>: 0.000ns
The critical path consists of the following:

 <State 13>: 7.300ns
The critical path consists of the following:
	bus response operation ('empty_32', ../src/knn.cpp:168) on port 'gmem_y_test' (../src/knn.cpp:168) [64]  (7.300 ns)


============================================================
+ Verbose Summary: Binding
============================================================
N/A
* FSMD analyzer results:
  - Output states:
 - Input state : 
  - Chain level:
	State 1
	State 2
	State 3
	State 4
	State 5
	State 6
	State 7
	State 8
	State 9
	State 10
	State 11
	State 12
	State 13


============================================================
+ Verbose Summary: Datapath Resource usage 
============================================================
N/A
