

================================================================
== Vitis HLS Report for 'knn_distance_and_sort_Outline_sort_loop_i'
================================================================
* Date:           Tue Mar 17 18:06:02 2026

* Version:        2025.1 (Build 6135595 on May 21 2025)
* Project:        knn_accelerator
* Solution:       hls (Vivado IP Flow Target)
* Product family: zynq
* Target device:  xc7z020-clg400-1


================================================================
== Performance Estimates
================================================================
+ Timing: 
    * Summary: 
    +--------+----------+----------+------------+
    |  Clock |  Target  | Estimated| Uncertainty|
    +--------+----------+----------+------------+
    |ap_clk  |  10.00 ns|  6.508 ns|     2.70 ns|
    +--------+----------+----------+------------+

+ Latency: 
    * Summary: 
    +---------+----------+----------+-----------+-------+----------+---------+
    |  Latency (cycles)  |  Latency (absolute)  |     Interval     | Pipeline|
    |   min   |    max   |    min   |    max    |  min  |    max   |   Type  |
    +---------+----------+----------+-----------+-------+----------+---------+
    |    13492|  11241002|  0.135 ms|  0.112 sec|  13492|  11241002|       no|
    +---------+----------+----------+-----------+-------+----------+---------+

    + Detail: 
        * Instance: 
        N/A

        * Loop: 
        +---------------+---------+----------+----------+-----------+-----------+------+----------+
        |               |  Latency (cycles)  | Iteration|  Initiation Interval  | Trip |          |
        |   Loop Name   |   min   |    max   |  Latency |  achieved |   target  | Count| Pipelined|
        +---------------+---------+----------+----------+-----------+-----------+------+----------+
        |- sort_loop_i  |    13491|  11241001|  9 ~ 7499|          -|          -|  1499|        no|
        +---------------+---------+----------+----------+-----------+-----------+------+----------+

============================================================
+ Verbose Summary: Synthesis Manager
============================================================
InlineROM: 1
ExposeGlobal: 0
============================================================
+ Verbose Summary: CDFG Model
============================================================
IsTopModel: 0
ResetActiveHigh: 1
IsCombinational: 0
IsDatapathOnly: 0
HasWiredReturn: 1
HasMFsm: 0
HasVarLatency: 1
IsPipeline: 0
IsRtlPipelined: 0
IsInstanceOverlapped: 0
IsDontTouch: 0
HasImplIP: 0
IsGatedGlobalClock: 0


============================================================
+ Verbose Summary: Schedule
============================================================
* Number of FSM states : 3
* Pipeline : 0
* Dataflow Pipeline: 0

* FSM state transitions: 
1 --> 2 
2 --> 3 
3 --> 2 

* FSM state operations: 

State 1 <SV = 0> <Delay = 1.58>
ST_1 : Operation 4 [1/1] (0.00ns)   --->   "%i_4 = alloca i32 1" [../src/knn.cpp:64]   --->   Operation 4 'alloca' 'i_4' <Predicate = true> <Delay = 0.00>
ST_1 : Operation 5 [1/1] (0.00ns)   --->   "%indvars_iv14 = alloca i32 1"   --->   Operation 5 'alloca' 'indvars_iv14' <Predicate = true> <Delay = 0.00>
ST_1 : Operation 6 [1/1] (1.58ns)   --->   "%store_ln0 = store i11 1499, i11 %indvars_iv14"   --->   Operation 6 'store' 'store_ln0' <Predicate = true> <Delay = 1.58>
ST_1 : Operation 7 [1/1] (1.58ns)   --->   "%store_ln64 = store i11 0, i11 %i_4" [../src/knn.cpp:64]   --->   Operation 7 'store' 'store_ln64' <Predicate = true> <Delay = 1.58>
ST_1 : Operation 8 [1/1] (0.00ns)   --->   "%br_ln0 = br void %sort_loop_j"   --->   Operation 8 'br' 'br_ln0' <Predicate = true> <Delay = 0.00>

State 2 <SV = 1> <Delay = 4.86>
ST_2 : Operation 9 [1/1] (0.00ns)   --->   "%i = load i11 %i_4" [../src/knn.cpp:64]   --->   Operation 9 'load' 'i' <Predicate = true> <Delay = 0.00>
ST_2 : Operation 10 [1/1] (1.63ns)   --->   "%icmp_ln64 = icmp_eq  i11 %i, i11 1499" [../src/knn.cpp:64]   --->   Operation 10 'icmp' 'icmp_ln64' <Predicate = true> <Delay = 1.63> <CoreInst = "Cmp">   --->   Core 9 'Cmp' <Latency = 0> <II = 1> <Delay = 1.63> <FuncUnit> <Opcode : 'seteq' 'setne' 'setle' 'setge' 'setlt' 'setgt'> <InPorts = 2> <OutPorts = 1>
ST_2 : Operation 11 [1/1] (1.63ns)   --->   "%i_6 = add i11 %i, i11 1" [../src/knn.cpp:64]   --->   Operation 11 'add' 'i_6' <Predicate = true> <Delay = 1.63> <CoreInst = "Adder">   --->   Core 1 'Adder' <Latency = 0> <II = 1> <Delay = 1.63> <FuncUnit> <Opcode : 'add' 'sub'> <InPorts = 2> <OutPorts = 1>
ST_2 : Operation 12 [1/1] (0.00ns)   --->   "%br_ln64 = br i1 %icmp_ln64, void %sort_loop_j.split, void %for.inc87.preheader.exitStub" [../src/knn.cpp:64]   --->   Operation 12 'br' 'br_ln64' <Predicate = true> <Delay = 0.00>
ST_2 : Operation 13 [1/1] (0.00ns)   --->   "%indvars_iv14_load = load i11 %indvars_iv14" [../src/knn.cpp:64]   --->   Operation 13 'load' 'indvars_iv14_load' <Predicate = (!icmp_ln64)> <Delay = 0.00>
ST_2 : Operation 14 [2/2] (3.22ns)   --->   "%call_ln64 = call void @knn_distance_and_sort_Pipeline_sort_loop_j, i11 %indvars_iv14_load, i64 %distances, i4 %labels" [../src/knn.cpp:64]   --->   Operation 14 'call' 'call_ln64' <Predicate = (!icmp_ln64)> <Delay = 3.22> <CoreType = "Generic">   --->   Generic Core
ST_2 : Operation 15 [1/1] (1.63ns)   --->   "%add_ln64 = add i11 %indvars_iv14_load, i11 2047" [../src/knn.cpp:64]   --->   Operation 15 'add' 'add_ln64' <Predicate = (!icmp_ln64)> <Delay = 1.63> <CoreInst = "Adder">   --->   Core 1 'Adder' <Latency = 0> <II = 1> <Delay = 1.63> <FuncUnit> <Opcode : 'add' 'sub'> <InPorts = 2> <OutPorts = 1>
ST_2 : Operation 16 [1/1] (1.58ns)   --->   "%store_ln64 = store i11 %add_ln64, i11 %indvars_iv14" [../src/knn.cpp:64]   --->   Operation 16 'store' 'store_ln64' <Predicate = (!icmp_ln64)> <Delay = 1.58>
ST_2 : Operation 17 [1/1] (1.58ns)   --->   "%store_ln64 = store i11 %i_6, i11 %i_4" [../src/knn.cpp:64]   --->   Operation 17 'store' 'store_ln64' <Predicate = (!icmp_ln64)> <Delay = 1.58>
ST_2 : Operation 18 [1/1] (0.00ns)   --->   "%ret_ln0 = ret"   --->   Operation 18 'ret' 'ret_ln0' <Predicate = (icmp_ln64)> <Delay = 0.00>

State 3 <SV = 2> <Delay = 4.81>
ST_3 : Operation 19 [1/1] (0.00ns)   --->   "%speclooptripcount_ln64 = speclooptripcount void @_ssdm_op_SpecLoopTripCount, i64 1499, i64 1499, i64 1499" [../src/knn.cpp:64]   --->   Operation 19 'speclooptripcount' 'speclooptripcount_ln64' <Predicate = true> <Delay = 0.00>
ST_3 : Operation 20 [1/1] (0.00ns)   --->   "%specloopname_ln64 = specloopname void @_ssdm_op_SpecLoopName, void @empty_22" [../src/knn.cpp:64]   --->   Operation 20 'specloopname' 'specloopname_ln64' <Predicate = true> <Delay = 0.00>
ST_3 : Operation 21 [1/2] (4.81ns)   --->   "%call_ln64 = call void @knn_distance_and_sort_Pipeline_sort_loop_j, i11 %indvars_iv14_load, i64 %distances, i4 %labels" [../src/knn.cpp:64]   --->   Operation 21 'call' 'call_ln64' <Predicate = true> <Delay = 4.81> <CoreType = "Generic">   --->   Generic Core
ST_3 : Operation 22 [1/1] (0.00ns)   --->   "%br_ln64 = br void %sort_loop_j" [../src/knn.cpp:64]   --->   Operation 22 'br' 'br_ln64' <Predicate = true> <Delay = 0.00>


============================================================
+ Verbose Summary: Timing violations
============================================================
Target clock period: 10.000ns, clock uncertainty: 2.700ns.

 <State 1>: 1.588ns
The critical path consists of the following:
	'alloca' operation 11 bit ('indvars_iv14') [4]  (0.000 ns)
	'store' operation 0 bit ('store_ln0') of constant 1499 on local variable 'indvars_iv14' [5]  (1.588 ns)

 <State 2>: 4.866ns
The critical path consists of the following:
	'load' operation 11 bit ('i', ../src/knn.cpp:64) on local variable 'i', ../src/knn.cpp:64 [9]  (0.000 ns)
	'icmp' operation 1 bit ('icmp_ln64', ../src/knn.cpp:64) [10]  (1.639 ns)
	'call' operation 0 bit ('call_ln64', ../src/knn.cpp:64) to 'knn_distance_and_sort_Pipeline_sort_loop_j' [17]  (3.227 ns)

 <State 3>: 4.815ns
The critical path consists of the following:
	'call' operation 0 bit ('call_ln64', ../src/knn.cpp:64) to 'knn_distance_and_sort_Pipeline_sort_loop_j' [17]  (4.815 ns)


============================================================
+ Verbose Summary: Binding
============================================================
N/A
* FSMD analyzer results:
  - Output states:
 - Input state : 
  - Chain level:
	State 1
	State 2
	State 3


============================================================
+ Verbose Summary: Datapath Resource usage 
============================================================
N/A
