

================================================================
== Vitis HLS Report for 'knn_distance_and_sort_Pipeline_copy_top_k'
================================================================
* Date:           Tue Mar 17 18:06:10 2026

* Version:        2025.1 (Build 6135595 on May 21 2025)
* Project:        knn_accelerator
* Solution:       hls (Vivado IP Flow Target)
* Product family: zynq
* Target device:  xc7z020-clg400-1


================================================================
== Performance Estimates
================================================================
+ Timing: 
    * Summary: 
    +--------+----------+----------+------------+
    |  Clock |  Target  | Estimated| Uncertainty|
    +--------+----------+----------+------------+
    |ap_clk  |  10.00 ns|  4.842 ns|     2.70 ns|
    +--------+----------+----------+------------+

+ Latency: 
    * Summary: 
    +---------+---------+-----------+-----------+-----+-----+------------------------------------------------+
    |  Latency (cycles) |   Latency (absolute)  |  Interval |                    Pipeline                    |
    |   min   |   max   |    min    |    max    | min | max |                      Type                      |
    +---------+---------+-----------+-----------+-----+-----+------------------------------------------------+
    |        5|        5|  50.000 ns|  50.000 ns|    4|    4|  loop auto-rewind stp (delay=0 clock cycles(s))|
    +---------+---------+-----------+-----------+-----+-----+------------------------------------------------+

    + Detail: 
        * Instance: 
        N/A

        * Loop: 
        +--------------+---------+---------+----------+-----------+-----------+------+----------+
        |              |  Latency (cycles) | Iteration|  Initiation Interval  | Trip |          |
        |   Loop Name  |   min   |   max   |  Latency |  achieved |   target  | Count| Pipelined|
        +--------------+---------+---------+----------+-----------+-----------+------+----------+
        |- copy_top_k  |        3|        3|         2|          1|          1|     3|       yes|
        +--------------+---------+---------+----------+-----------+-----------+------+----------+



================================================================
== Utilization Estimates
================================================================
* Summary: 
+-----------------+---------+-----+--------+-------+-----+
|       Name      | BRAM_18K| DSP |   FF   |  LUT  | URAM|
+-----------------+---------+-----+--------+-------+-----+
|DSP              |        -|    -|       -|      -|    -|
|Expression       |        -|    -|       0|     22|    -|
|FIFO             |        -|    -|       -|      -|    -|
|Instance         |        -|    -|       -|      -|    -|
|Memory           |        -|    -|       -|      -|    -|
|Multiplexer      |        -|    -|       0|     36|    -|
|Register         |        -|    -|       7|      -|    -|
+-----------------+---------+-----+--------+-------+-----+
|Total            |        0|    0|       7|     58|    0|
+-----------------+---------+-----+--------+-------+-----+
|Available        |      280|  220|  106400|  53200|    0|
+-----------------+---------+-----+--------+-------+-----+
|Utilization (%)  |        0|    0|      ~0|     ~0|    0|
+-----------------+---------+-----+--------+-------+-----+

+ Detail: 
    * Instance: 
    N/A

    * DSP: 
    N/A

    * Memory: 
    N/A

    * FIFO: 
    N/A

    * Expression: 
    +--------------------+----------+----+---+----+------------+------------+
    |    Variable Name   | Operation| DSP| FF| LUT| Bitwidth P0| Bitwidth P1|
    +--------------------+----------+----+---+----+------------+------------+
    |add_ln77_fu_91_p2   |         +|   0|  0|  10|           2|           1|
    |icmp_ln77_fu_85_p2  |      icmp|   0|  0|  10|           2|           2|
    |ap_enable_pp0       |       xor|   0|  0|   2|           1|           2|
    +--------------------+----------+----+---+----+------------+------------+
    |Total               |          |   0|  0|  22|           5|           5|
    +--------------------+----------+----+---+----+------------+------------+

    * Multiplexer: 
    +-------------------------+----+-----------+-----+-----------+
    |           Name          | LUT| Input Size| Bits| Total Bits|
    +-------------------------+----+-----------+-----+-----------+
    |ap_done_int              |   9|          2|    1|          2|
    |ap_enable_reg_pp0_iter1  |   9|          2|    1|          2|
    |ap_sig_allocacmp_i_5     |   9|          2|    2|          4|
    |i_fu_36                  |   9|          2|    2|          4|
    +-------------------------+----+-----------+-----+-----------+
    |Total                    |  36|          8|    6|         12|
    +-------------------------+----+-----------+-----+-----------+

    * Register: 
    +-------------------------+---+----+-----+-----------+
    |           Name          | FF| LUT| Bits| Const Bits|
    +-------------------------+---+----+-----+-----------+
    |ap_CS_fsm                |  1|   0|    1|          0|
    |ap_done_reg              |  1|   0|    1|          0|
    |ap_enable_reg_pp0_iter1  |  1|   0|    1|          0|
    |i_5_reg_122              |  2|   0|    2|          0|
    |i_fu_36                  |  2|   0|    2|          0|
    +-------------------------+---+----+-----+-----------+
    |Total                    |  7|   0|    7|          0|
    +-------------------------+---+----+-----+-----------+



================================================================
== Interface
================================================================
* Summary: 
+-----------------------+-----+-----+------------+-------------------------------------------+--------------+
|       RTL Ports       | Dir | Bits|  Protocol  |               Source Object               |    C Type    |
+-----------------------+-----+-----+------------+-------------------------------------------+--------------+
|ap_clk                 |   in|    1|  ap_ctrl_hs|  knn_distance_and_sort_Pipeline_copy_top_k|  return value|
|ap_rst                 |   in|    1|  ap_ctrl_hs|  knn_distance_and_sort_Pipeline_copy_top_k|  return value|
|ap_start               |   in|    1|  ap_ctrl_hs|  knn_distance_and_sort_Pipeline_copy_top_k|  return value|
|ap_done                |  out|    1|  ap_ctrl_hs|  knn_distance_and_sort_Pipeline_copy_top_k|  return value|
|ap_idle                |  out|    1|  ap_ctrl_hs|  knn_distance_and_sort_Pipeline_copy_top_k|  return value|
|ap_ready               |  out|    1|  ap_ctrl_hs|  knn_distance_and_sort_Pipeline_copy_top_k|  return value|
|top_k_labels_0         |  out|    4|      ap_vld|                             top_k_labels_0|       pointer|
|top_k_labels_0_ap_vld  |  out|    1|      ap_vld|                             top_k_labels_0|       pointer|
|top_k_labels_2         |  out|    4|      ap_vld|                             top_k_labels_2|       pointer|
|top_k_labels_2_ap_vld  |  out|    1|      ap_vld|                             top_k_labels_2|       pointer|
|top_k_labels_1         |  out|    4|      ap_vld|                             top_k_labels_1|       pointer|
|top_k_labels_1_ap_vld  |  out|    1|      ap_vld|                             top_k_labels_1|       pointer|
|labels_address0        |  out|   11|   ap_memory|                                     labels|         array|
|labels_ce0             |  out|    1|   ap_memory|                                     labels|         array|
|labels_q0              |   in|    4|   ap_memory|                                     labels|         array|
+-----------------------+-----+-----+------------+-------------------------------------------+--------------+

============================================================
+ Verbose Summary: Synthesis Manager
============================================================
InlineROM: 1
ExposeGlobal: 0
============================================================
+ Verbose Summary: CDFG Model
============================================================
IsTopModel: 0
ResetActiveHigh: 1
IsCombinational: 2
IsDatapathOnly: 2
HasWiredReturn: 1
HasMFsm: 2
HasVarLatency: 1
IsPipeline: 0
IsRtlPipelined: 0
IsInstanceOverlapped: 0
IsDontTouch: 0
HasImplIP: 0
IsGatedGlobalClock: 0

+ Individual pipeline summary: 
  * Pipeline-0: initiation interval (II) = 1, depth = 2


============================================================
+ Verbose Summary: Schedule
============================================================
* Number of FSM states : 2
* Pipeline : 1
  Pipeline-0 : II = 1, D = 2, States = { 1 2 }
* Dataflow Pipeline: 0

* FSM state transitions: 
1 --> 2 
2 --> 

* FSM state operations: 

State 1 <SV = 0> <Delay = 4.84>
ST_1 : Operation 5 [1/1] (0.00ns)   --->   "%i = alloca i32 1" [../src/knn.cpp:77]   --->   Operation 5 'alloca' 'i' <Predicate = true> <Delay = 0.00>
ST_1 : Operation 6 [1/1] (1.58ns)   --->   "%store_ln77 = store i2 0, i2 %i" [../src/knn.cpp:77]   --->   Operation 6 'store' 'store_ln77' <Predicate = true> <Delay = 1.58>
ST_1 : Operation 7 [1/1] (0.00ns)   --->   "%br_ln0 = br void %for.inc87"   --->   Operation 7 'br' 'br_ln0' <Predicate = true> <Delay = 0.00>
ST_1 : Operation 8 [1/1] (0.00ns)   --->   "%i_5 = load i2 %i" [../src/knn.cpp:77]   --->   Operation 8 'load' 'i_5' <Predicate = true> <Delay = 0.00>
ST_1 : Operation 9 [1/1] (1.56ns)   --->   "%icmp_ln77 = icmp_eq  i2 %i_5, i2 3" [../src/knn.cpp:77]   --->   Operation 9 'icmp' 'icmp_ln77' <Predicate = true> <Delay = 1.56> <CoreInst = "Cmp">   --->   Core 9 'Cmp' <Latency = 0> <II = 1> <Delay = 1.56> <FuncUnit> <Opcode : 'seteq' 'setne' 'setle' 'setge' 'setlt' 'setgt'> <InPorts = 2> <OutPorts = 1>
ST_1 : Operation 10 [1/1] (1.56ns)   --->   "%add_ln77 = add i2 %i_5, i2 1" [../src/knn.cpp:77]   --->   Operation 10 'add' 'add_ln77' <Predicate = true> <Delay = 1.56> <CoreInst = "Adder">   --->   Core 1 'Adder' <Latency = 0> <II = 1> <Delay = 1.56> <FuncUnit> <Opcode : 'add' 'sub'> <InPorts = 2> <OutPorts = 1>
ST_1 : Operation 11 [1/1] (0.00ns)   --->   "%br_ln77 = br i1 %icmp_ln77, void %for.inc87.split, void %for.end89.exitStub" [../src/knn.cpp:77]   --->   Operation 11 'br' 'br_ln77' <Predicate = true> <Delay = 0.00>
ST_1 : Operation 12 [1/1] (0.00ns)   --->   "%zext_ln77 = zext i2 %i_5" [../src/knn.cpp:77]   --->   Operation 12 'zext' 'zext_ln77' <Predicate = (!icmp_ln77)> <Delay = 0.00>
ST_1 : Operation 13 [1/1] (0.00ns)   --->   "%labels_addr_1 = getelementptr i4 %labels, i64 0, i64 %zext_ln77" [../src/knn.cpp:79]   --->   Operation 13 'getelementptr' 'labels_addr_1' <Predicate = (!icmp_ln77)> <Delay = 0.00>
ST_1 : Operation 14 [2/2] (3.25ns)   --->   "%labels_load = load i11 %labels_addr_1" [../src/knn.cpp:79]   --->   Operation 14 'load' 'labels_load' <Predicate = (!icmp_ln77)> <Delay = 3.25> <CoreInst = "RAM">   --->   Core 81 'RAM' <Latency = 1> <II = 1> <Delay = 3.25> <Storage> <Opcode : 'load' 'store'> <Ports = 2> <Width = 4> <Depth = 1500> <RAM>
ST_1 : Operation 15 [1/1] (1.56ns)   --->   "%switch_ln79 = switch i2 %i_5, void %arrayidx865.case.2, i2 0, void %arrayidx865.case.0, i2 1, void %arrayidx865.case.1" [../src/knn.cpp:79]   --->   Operation 15 'switch' 'switch_ln79' <Predicate = (!icmp_ln77)> <Delay = 1.56>
ST_1 : Operation 16 [1/1] (1.58ns)   --->   "%store_ln77 = store i2 %add_ln77, i2 %i" [../src/knn.cpp:77]   --->   Operation 16 'store' 'store_ln77' <Predicate = (!icmp_ln77)> <Delay = 1.58>
ST_1 : Operation 17 [1/1] (0.00ns)   --->   "%br_ln77 = br void %for.inc87" [../src/knn.cpp:77]   --->   Operation 17 'br' 'br_ln77' <Predicate = (!icmp_ln77)> <Delay = 0.00>
ST_1 : Operation 28 [1/1] (1.58ns)   --->   "%ret_ln0 = ret"   --->   Operation 28 'ret' 'ret_ln0' <Predicate = (icmp_ln77)> <Delay = 1.58>

State 2 <SV = 1> <Delay = 3.25>
ST_2 : Operation 18 [1/1] (0.00ns)   --->   "%specpipeline_ln77 = specpipeline void @_ssdm_op_SpecPipeline, i32 4294967295, i32 0, i32 0, i32 0, void @empty_0" [../src/knn.cpp:77]   --->   Operation 18 'specpipeline' 'specpipeline_ln77' <Predicate = true> <Delay = 0.00>
ST_2 : Operation 19 [1/1] (0.00ns)   --->   "%speclooptripcount_ln77 = speclooptripcount void @_ssdm_op_SpecLoopTripCount, i64 3, i64 3, i64 3" [../src/knn.cpp:77]   --->   Operation 19 'speclooptripcount' 'speclooptripcount_ln77' <Predicate = true> <Delay = 0.00>
ST_2 : Operation 20 [1/1] (0.00ns)   --->   "%specloopname_ln77 = specloopname void @_ssdm_op_SpecLoopName, void @empty_20" [../src/knn.cpp:77]   --->   Operation 20 'specloopname' 'specloopname_ln77' <Predicate = true> <Delay = 0.00>
ST_2 : Operation 21 [1/2] ( I:3.25ns O:3.25ns )   --->   "%labels_load = load i11 %labels_addr_1" [../src/knn.cpp:79]   --->   Operation 21 'load' 'labels_load' <Predicate = true> <Delay = 3.25> <CoreInst = "RAM">   --->   Core 81 'RAM' <Latency = 1> <II = 1> <Delay = 3.25> <Storage> <Opcode : 'load' 'store'> <Ports = 2> <Width = 4> <Depth = 1500> <RAM>
ST_2 : Operation 22 [1/1] (0.00ns)   --->   "%write_ln79 = write void @_ssdm_op_Write.ap_auto.i4P0A, i4 %top_k_labels_1, i4 %labels_load" [../src/knn.cpp:79]   --->   Operation 22 'write' 'write_ln79' <Predicate = (i_5 == 1)> <Delay = 0.00>
ST_2 : Operation 23 [1/1] (0.00ns)   --->   "%br_ln79 = br void %arrayidx865.exit" [../src/knn.cpp:79]   --->   Operation 23 'br' 'br_ln79' <Predicate = (i_5 == 1)> <Delay = 0.00>
ST_2 : Operation 24 [1/1] (0.00ns)   --->   "%write_ln79 = write void @_ssdm_op_Write.ap_auto.i4P0A, i4 %top_k_labels_0, i4 %labels_load" [../src/knn.cpp:79]   --->   Operation 24 'write' 'write_ln79' <Predicate = (i_5 == 0)> <Delay = 0.00>
ST_2 : Operation 25 [1/1] (0.00ns)   --->   "%br_ln79 = br void %arrayidx865.exit" [../src/knn.cpp:79]   --->   Operation 25 'br' 'br_ln79' <Predicate = (i_5 == 0)> <Delay = 0.00>
ST_2 : Operation 26 [1/1] (0.00ns)   --->   "%write_ln79 = write void @_ssdm_op_Write.ap_auto.i4P0A, i4 %top_k_labels_2, i4 %labels_load" [../src/knn.cpp:79]   --->   Operation 26 'write' 'write_ln79' <Predicate = (i_5 != 0 & i_5 != 1)> <Delay = 0.00>
ST_2 : Operation 27 [1/1] (0.00ns)   --->   "%br_ln79 = br void %arrayidx865.exit" [../src/knn.cpp:79]   --->   Operation 27 'br' 'br_ln79' <Predicate = (i_5 != 0 & i_5 != 1)> <Delay = 0.00>


============================================================
+ Verbose Summary: Binding
============================================================
STG Binding: 
---------------- STG Properties BEGIN ----------------
- Is combinational: 0
- Is one-state seq: 0
- Is datapath-only: 0
- Is pipelined: 0
- Is top level: 0
Port [ Return ] is wired: 1; IO mode=ap_ctrl_hs:ce=0
Port [ top_k_labels_0]:  wired=1; compound=0; hidden=0; nouse=0; global=0; static=0; extern=0; dir=1; type=0; pingpong=0; private_global=0; IO mode=ap_vld:ce=0
Port [ top_k_labels_2]:  wired=1; compound=0; hidden=0; nouse=0; global=0; static=0; extern=0; dir=1; type=0; pingpong=0; private_global=0; IO mode=ap_vld:ce=0
Port [ top_k_labels_1]:  wired=1; compound=0; hidden=0; nouse=0; global=0; static=0; extern=0; dir=1; type=0; pingpong=0; private_global=0; IO mode=ap_vld:ce=0
Port [ labels]:  wired=1; compound=1; hidden=0; nouse=0; global=0; static=0; extern=0; dir=0; type=1; pingpong=0; private_global=0; MemPort=[13]; IO mode=ap_memory:ce=0
---------------- STG Properties END ------------------

---------------- Datapath Model BEGIN ----------------

<LifeTime>
<method=bitvector/>
i                      (alloca           ) [ 010]
store_ln77             (store            ) [ 000]
br_ln0                 (br               ) [ 000]
i_5                    (load             ) [ 011]
icmp_ln77              (icmp             ) [ 010]
add_ln77               (add              ) [ 000]
br_ln77                (br               ) [ 000]
zext_ln77              (zext             ) [ 000]
labels_addr_1          (getelementptr    ) [ 011]
switch_ln79            (switch           ) [ 000]
store_ln77             (store            ) [ 000]
br_ln77                (br               ) [ 000]
specpipeline_ln77      (specpipeline     ) [ 000]
speclooptripcount_ln77 (speclooptripcount) [ 000]
specloopname_ln77      (specloopname     ) [ 000]
labels_load            (load             ) [ 000]
write_ln79             (write            ) [ 000]
br_ln79                (br               ) [ 000]
write_ln79             (write            ) [ 000]
br_ln79                (br               ) [ 000]
write_ln79             (write            ) [ 000]
br_ln79                (br               ) [ 000]
ret_ln0                (ret              ) [ 000]
</LifeTime>

<model>

<comp_list>
<comp id="0" class="1000" name="top_k_labels_0">
<pin_list>
<pin id="1" dir="1" index="0" bw="1" slack="0"/>
</pin_list>
<bind>
<StgValue><ssdm name="top_k_labels_0"/></StgValue>
</bind>
</comp>

<comp id="2" class="1000" name="top_k_labels_2">
<pin_list>
<pin id="3" dir="1" index="0" bw="1" slack="0"/>
</pin_list>
<bind>
<StgValue><ssdm name="top_k_labels_2"/></StgValue>
</bind>
</comp>

<comp id="4" class="1000" name="top_k_labels_1">
<pin_list>
<pin id="5" dir="1" index="0" bw="1" slack="0"/>
</pin_list>
<bind>
<StgValue><ssdm name="top_k_labels_1"/></StgValue>
</bind>
</comp>

<comp id="6" class="1000" name="labels">
<pin_list>
<pin id="7" dir="1" index="0" bw="1" slack="0"/>
</pin_list>
<bind>
<StgValue><ssdm name="labels"/><MemPortTyVec>1 3 </MemPortTyVec>
</StgValue>
</bind>
</comp>

<comp id="8" class="1001" name="const_8">
<pin_list>
<pin id="9" dir="1" index="0" bw="1" slack="0"/>
</pin_list>
<bind>
<StgValue><ssdm name=""/></StgValue>
</bind>
</comp>

<comp id="10" class="1001" name="const_10">
<pin_list>
<pin id="11" dir="1" index="0" bw="1" slack="0"/>
</pin_list>
<bind>
<StgValue><ssdm name=""/></StgValue>
</bind>
</comp>

<comp id="12" class="1001" name="const_12">
<pin_list>
<pin id="13" dir="1" index="0" bw="1" slack="0"/>
</pin_list>
<bind>
<StgValue><ssdm name=""/></StgValue>
</bind>
</comp>

<comp id="14" class="1001" name="const_14">
<pin_list>
<pin id="15" dir="1" index="0" bw="1" slack="0"/>
</pin_list>
<bind>
<StgValue><ssdm name=""/></StgValue>
</bind>
</comp>

<comp id="16" class="1001" name="const_16">
<pin_list>
<pin id="17" dir="1" index="0" bw="1" slack="0"/>
</pin_list>
<bind>
<StgValue><ssdm name=""/></StgValue>
</bind>
</comp>

<comp id="18" class="1001" name="const_18">
<pin_list>
<pin id="19" dir="1" index="0" bw="1" slack="2147483647"/>
</pin_list>
<bind>
<StgValue><ssdm name="_ssdm_op_SpecPipeline"/></StgValue>
</bind>
</comp>

<comp id="20" class="1001" name="const_20">
<pin_list>
<pin id="21" dir="1" index="0" bw="1" slack="2147483647"/>
</pin_list>
<bind>
<StgValue><ssdm name=""/></StgValue>
</bind>
</comp>

<comp id="22" class="1001" name="const_22">
<pin_list>
<pin id="23" dir="1" index="0" bw="1" slack="2147483647"/>
</pin_list>
<bind>
<StgValue><ssdm name=""/></StgValue>
</bind>
</comp>

<comp id="24" class="1001" name="const_24">
<pin_list>
<pin id="25" dir="1" index="0" bw="1" slack="2147483647"/>
</pin_list>
<bind>
<StgValue><ssdm name="empty_0"/></StgValue>
</bind>
</comp>

<comp id="26" class="1001" name="const_26">
<pin_list>
<pin id="27" dir="1" index="0" bw="1" slack="2147483647"/>
</pin_list>
<bind>
<StgValue><ssdm name="_ssdm_op_SpecLoopTripCount"/></StgValue>
</bind>
</comp>

<comp id="28" class="1001" name="const_28">
<pin_list>
<pin id="29" dir="1" index="0" bw="1" slack="2147483647"/>
</pin_list>
<bind>
<StgValue><ssdm name=""/></StgValue>
</bind>
</comp>

<comp id="30" class="1001" name="const_30">
<pin_list>
<pin id="31" dir="1" index="0" bw="1" slack="2147483647"/>
</pin_list>
<bind>
<StgValue><ssdm name="_ssdm_op_SpecLoopName"/></StgValue>
</bind>
</comp>

<comp id="32" class="1001" name="const_32">
<pin_list>
<pin id="33" dir="1" index="0" bw="1" slack="2147483647"/>
</pin_list>
<bind>
<StgValue><ssdm name="empty_20"/></StgValue>
</bind>
</comp>

<comp id="34" class="1001" name="const_34">
<pin_list>
<pin id="35" dir="1" index="0" bw="1" slack="0"/>
</pin_list>
<bind>
<StgValue><ssdm name="_ssdm_op_Write.ap_auto.i4P0A"/></StgValue>
</bind>
</comp>

<comp id="36" class="1004" name="i_fu_36">
<pin_list>
<pin id="37" dir="0" index="0" bw="1" slack="0"/>
<pin id="38" dir="1" index="1" bw="2" slack="0"/>
</pin_list>
<bind>
<opcode="alloca(26) " fcode="alloca"/>
<opset="i/1 "/>
</bind>
</comp>

<comp id="40" class="1004" name="write_ln79_write_fu_40">
<pin_list>
<pin id="41" dir="0" index="0" bw="0" slack="0"/>
<pin id="42" dir="0" index="1" bw="4" slack="0"/>
<pin id="43" dir="0" index="2" bw="4" slack="0"/>
<pin id="44" dir="1" index="3" bw="0" slack="2147483647"/>
</pin_list>
<bind>
<opcode="write(1151) " fcode="write"/>
<opset="write_ln79/2 "/>
</bind>
</comp>

<comp id="47" class="1004" name="write_ln79_write_fu_47">
<pin_list>
<pin id="48" dir="0" index="0" bw="0" slack="0"/>
<pin id="49" dir="0" index="1" bw="4" slack="0"/>
<pin id="50" dir="0" index="2" bw="4" slack="0"/>
<pin id="51" dir="1" index="3" bw="0" slack="2147483647"/>
</pin_list>
<bind>
<opcode="write(1151) " fcode="write"/>
<opset="write_ln79/2 "/>
</bind>
</comp>

<comp id="54" class="1004" name="write_ln79_write_fu_54">
<pin_list>
<pin id="55" dir="0" index="0" bw="0" slack="0"/>
<pin id="56" dir="0" index="1" bw="4" slack="0"/>
<pin id="57" dir="0" index="2" bw="4" slack="0"/>
<pin id="58" dir="1" index="3" bw="0" slack="2147483647"/>
</pin_list>
<bind>
<opcode="write(1151) " fcode="write"/>
<opset="write_ln79/2 "/>
</bind>
</comp>

<comp id="61" class="1004" name="labels_addr_1_gep_fu_61">
<pin_list>
<pin id="62" dir="0" index="0" bw="4" slack="0"/>
<pin id="63" dir="0" index="1" bw="1" slack="0"/>
<pin id="64" dir="0" index="2" bw="2" slack="0"/>
<pin id="65" dir="1" index="3" bw="11" slack="0"/>
</pin_list>
<bind>
<opcode="getelementptr(29) " fcode="getelementptr"/>
<opset="labels_addr_1/1 "/>
</bind>
</comp>

<comp id="68" class="1004" name="grp_access_fu_68">
<pin_list>
<pin id="69" dir="0" index="0" bw="11" slack="0"/>
<pin id="70" dir="0" index="1" bw="4" slack="2147483647"/>
<pin id="71" dir="0" index="2" bw="0" slack="2147483647"/>
<pin id="72" dir="1" index="3" bw="4" slack="0"/>
</pin_list>
<bind>
<opcode="load(27) " fcode="load"/>
<opset="labels_load/1 "/>
</bind>
</comp>

<comp id="77" class="1004" name="store_ln77_store_fu_77">
<pin_list>
<pin id="78" dir="0" index="0" bw="1" slack="0"/>
<pin id="79" dir="0" index="1" bw="2" slack="0"/>
<pin id="80" dir="1" index="2" bw="0" slack="2147483647"/>
</pin_list>
<bind>
<opcode="store(28) " fcode="store"/>
<opset="store_ln77/1 "/>
</bind>
</comp>

<comp id="82" class="1004" name="i_5_load_fu_82">
<pin_list>
<pin id="83" dir="0" index="0" bw="2" slack="0"/>
<pin id="84" dir="1" index="1" bw="2" slack="0"/>
</pin_list>
<bind>
<opcode="load(27) " fcode="load"/>
<opset="i_5/1 "/>
</bind>
</comp>

<comp id="85" class="1004" name="icmp_ln77_fu_85">
<pin_list>
<pin id="86" dir="0" index="0" bw="2" slack="0"/>
<pin id="87" dir="0" index="1" bw="2" slack="0"/>
<pin id="88" dir="1" index="2" bw="1" slack="2147483647"/>
</pin_list>
<bind>
<opcode="icmp(45) " fcode="icmp"/>
<opset="icmp_ln77/1 "/>
</bind>
</comp>

<comp id="91" class="1004" name="add_ln77_fu_91">
<pin_list>
<pin id="92" dir="0" index="0" bw="2" slack="0"/>
<pin id="93" dir="0" index="1" bw="1" slack="0"/>
<pin id="94" dir="1" index="2" bw="2" slack="0"/>
</pin_list>
<bind>
<opcode="add(8) " fcode="add"/>
<opset="add_ln77/1 "/>
</bind>
</comp>

<comp id="97" class="1004" name="zext_ln77_fu_97">
<pin_list>
<pin id="98" dir="0" index="0" bw="2" slack="0"/>
<pin id="99" dir="1" index="1" bw="64" slack="0"/>
</pin_list>
<bind>
<opcode="zext(34) " fcode="zext"/>
<opset="zext_ln77/1 "/>
</bind>
</comp>

<comp id="102" class="1004" name="switch_ln79_fu_102">
<pin_list>
<pin id="103" dir="0" index="0" bw="2" slack="0"/>
<pin id="104" dir="0" index="1" bw="1" slack="0"/>
<pin id="105" dir="0" index="2" bw="1" slack="0"/>
<pin id="106" dir="1" index="3" bw="0" slack="2147483647"/>
</pin_list>
<bind>
<opcode="switch(3) " fcode="switch"/>
<opset="switch_ln79/1 "/>
</bind>
</comp>

<comp id="110" class="1004" name="store_ln77_store_fu_110">
<pin_list>
<pin id="111" dir="0" index="0" bw="2" slack="0"/>
<pin id="112" dir="0" index="1" bw="2" slack="0"/>
<pin id="113" dir="1" index="2" bw="0" slack="2147483647"/>
</pin_list>
<bind>
<opcode="store(28) " fcode="store"/>
<opset="store_ln77/1 "/>
</bind>
</comp>

<comp id="115" class="1005" name="i_reg_115">
<pin_list>
<pin id="116" dir="0" index="0" bw="2" slack="0"/>
<pin id="117" dir="1" index="1" bw="2" slack="0"/>
</pin_list>
<bind>
<opset="i "/>
</bind>
</comp>

<comp id="122" class="1005" name="i_5_reg_122">
<pin_list>
<pin id="123" dir="0" index="0" bw="2" slack="1"/>
<pin id="124" dir="1" index="1" bw="2" slack="2147483647"/>
</pin_list>
<bind>
<opset="i_5 "/>
</bind>
</comp>

<comp id="129" class="1005" name="labels_addr_1_reg_129">
<pin_list>
<pin id="130" dir="0" index="0" bw="11" slack="1"/>
<pin id="131" dir="1" index="1" bw="11" slack="1"/>
</pin_list>
<bind>
<opset="labels_addr_1 "/>
</bind>
</comp>

</comp_list>

<net_list>
<net id="39"><net_src comp="8" pin="0"/><net_sink comp="36" pin=0"/></net>

<net id="45"><net_src comp="34" pin="0"/><net_sink comp="40" pin=0"/></net>

<net id="46"><net_src comp="4" pin="0"/><net_sink comp="40" pin=1"/></net>

<net id="52"><net_src comp="34" pin="0"/><net_sink comp="47" pin=0"/></net>

<net id="53"><net_src comp="0" pin="0"/><net_sink comp="47" pin=1"/></net>

<net id="59"><net_src comp="34" pin="0"/><net_sink comp="54" pin=0"/></net>

<net id="60"><net_src comp="2" pin="0"/><net_sink comp="54" pin=1"/></net>

<net id="66"><net_src comp="6" pin="0"/><net_sink comp="61" pin=0"/></net>

<net id="67"><net_src comp="16" pin="0"/><net_sink comp="61" pin=1"/></net>

<net id="73"><net_src comp="68" pin="3"/><net_sink comp="40" pin=2"/></net>

<net id="74"><net_src comp="68" pin="3"/><net_sink comp="47" pin=2"/></net>

<net id="75"><net_src comp="68" pin="3"/><net_sink comp="54" pin=2"/></net>

<net id="76"><net_src comp="61" pin="3"/><net_sink comp="68" pin=0"/></net>

<net id="81"><net_src comp="10" pin="0"/><net_sink comp="77" pin=0"/></net>

<net id="89"><net_src comp="82" pin="1"/><net_sink comp="85" pin=0"/></net>

<net id="90"><net_src comp="12" pin="0"/><net_sink comp="85" pin=1"/></net>

<net id="95"><net_src comp="82" pin="1"/><net_sink comp="91" pin=0"/></net>

<net id="96"><net_src comp="14" pin="0"/><net_sink comp="91" pin=1"/></net>

<net id="100"><net_src comp="82" pin="1"/><net_sink comp="97" pin=0"/></net>

<net id="101"><net_src comp="97" pin="1"/><net_sink comp="61" pin=2"/></net>

<net id="107"><net_src comp="82" pin="1"/><net_sink comp="102" pin=0"/></net>

<net id="108"><net_src comp="10" pin="0"/><net_sink comp="102" pin=1"/></net>

<net id="109"><net_src comp="14" pin="0"/><net_sink comp="102" pin=2"/></net>

<net id="114"><net_src comp="91" pin="2"/><net_sink comp="110" pin=0"/></net>

<net id="118"><net_src comp="36" pin="1"/><net_sink comp="115" pin=0"/></net>

<net id="119"><net_src comp="115" pin="1"/><net_sink comp="77" pin=1"/></net>

<net id="120"><net_src comp="115" pin="1"/><net_sink comp="82" pin=0"/></net>

<net id="121"><net_src comp="115" pin="1"/><net_sink comp="110" pin=1"/></net>

<net id="125"><net_src comp="82" pin="1"/><net_sink comp="122" pin=0"/></net>

<net id="132"><net_src comp="61" pin="3"/><net_sink comp="129" pin=0"/></net>

<net id="133"><net_src comp="129" pin="1"/><net_sink comp="68" pin=0"/></net>

</net_list>

</model> 
---------------- Datapath Model END ------------------

* FSMD analyzer results:
  - Output states:
	Port: top_k_labels_0 | {2 }
	Port: top_k_labels_2 | {2 }
	Port: top_k_labels_1 | {2 }
 - Input state : 
	Port: knn_distance_and_sort_Pipeline_copy_top_k : top_k_labels_0 | {}
	Port: knn_distance_and_sort_Pipeline_copy_top_k : top_k_labels_2 | {}
	Port: knn_distance_and_sort_Pipeline_copy_top_k : top_k_labels_1 | {}
	Port: knn_distance_and_sort_Pipeline_copy_top_k : labels | {1 2 }
  - Chain level:
	State 1
		store_ln77 : 1
		i_5 : 1
		icmp_ln77 : 2
		add_ln77 : 2
		br_ln77 : 3
		zext_ln77 : 2
		labels_addr_1 : 3
		labels_load : 4
		switch_ln79 : 2
		store_ln77 : 3
	State 2
		write_ln79 : 1
		write_ln79 : 1
		write_ln79 : 1


============================================================
+ Verbose Summary: Datapath Resource usage 
============================================================

* Functional unit list:
|----------|------------------------|---------|---------|
| Operation|     Functional Unit    |    FF   |   LUT   |
|----------|------------------------|---------|---------|
|   icmp   |     icmp_ln77_fu_85    |    0    |    10   |
|----------|------------------------|---------|---------|
|    add   |     add_ln77_fu_91     |    0    |    10   |
|----------|------------------------|---------|---------|
|          | write_ln79_write_fu_40 |    0    |    0    |
|   write  | write_ln79_write_fu_47 |    0    |    0    |
|          | write_ln79_write_fu_54 |    0    |    0    |
|----------|------------------------|---------|---------|
|   zext   |     zext_ln77_fu_97    |    0    |    0    |
|----------|------------------------|---------|---------|
|  switch  |   switch_ln79_fu_102   |    0    |    0    |
|----------|------------------------|---------|---------|
|   Total  |                        |    0    |    20   |
|----------|------------------------|---------|---------|

Memories:
N/A

* Register list:
+---------------------+--------+
|                     |   FF   |
+---------------------+--------+
|     i_5_reg_122     |    2   |
|      i_reg_115      |    2   |
|labels_addr_1_reg_129|   11   |
+---------------------+--------+
|        Total        |   15   |
+---------------------+--------+

* Multiplexer (MUX) list: 
|------------------|------|------|------|--------||---------||---------||---------|
|       Comp       |  Pin | Size |  BW  | S x BW ||  Delay  ||    FF   ||   LUT   |
|------------------|------|------|------|--------||---------||---------||---------|
| grp_access_fu_68 |  p0  |   2  |  11  |   22   ||    0    ||    9    |
|------------------|------|------|------|--------||---------||---------||---------|
|       Total      |      |      |      |   22   ||  1.588  ||    0    ||    9    |
|------------------|------|------|------|--------||---------||---------||---------|



* Summary:
+-----------+--------+--------+--------+
|           |  Delay |   FF   |   LUT  |
+-----------+--------+--------+--------+
|  Function |    -   |    0   |   20   |
|   Memory  |    -   |    -   |    -   |
|Multiplexer|    1   |    0   |    9   |
|  Register |    -   |   15   |    -   |
+-----------+--------+--------+--------+
|   Total   |    1   |   15   |   29   |
+-----------+--------+--------+--------+
