

================================================================
== Vitis HLS Report for 'knn_majority_vote'
================================================================
* Date:           Tue Mar 17 19:32:47 2026

* Version:        2025.1 (Build 6135595 on May 21 2025)
* Project:        knn_accelerator
* Solution:       hls (Vivado IP Flow Target)
* Product family: zynq
* Target device:  xc7z020-clg400-1


================================================================
== Performance Estimates
================================================================
+ Timing: 
    * Summary: 
    +--------+----------+----------+------------+
    |  Clock |  Target  | Estimated| Uncertainty|
    +--------+----------+----------+------------+
    |ap_clk  |  10.00 ns|  7.160 ns|     2.70 ns|
    +--------+----------+----------+------------+

+ Latency: 
    * Summary: 
    +---------+---------+----------+----------+-----+-----+---------+
    |  Latency (cycles) |  Latency (absolute) |  Interval | Pipeline|
    |   min   |   max   |    min   |    max   | min | max |   Type  |
    +---------+---------+----------+----------+-----+-----+---------+
    |       38|       38|  0.380 us|  0.380 us|   38|   38|       no|
    +---------+---------+----------+----------+-----+-----+---------+

    + Detail: 
        * Instance: 
        +-------------------------------------------------------+---------------------------------------------+---------+---------+-----------+-----------+-----+-----+------------------------------------------------+
        |                                                       |                                             |  Latency (cycles) |   Latency (absolute)  |  Interval |                    Pipeline                    |
        |                        Instance                       |                    Module                   |   min   |   max   |    min    |    max    | min | max |                      Type                      |
        +-------------------------------------------------------+---------------------------------------------+---------+---------+-----------+-----------+-----+-----+------------------------------------------------+
        |grp_knn_majority_vote_Pipeline_VITIS_LOOP_95_1_fu_42   |knn_majority_vote_Pipeline_VITIS_LOOP_95_1   |       12|       12|   0.120 us|   0.120 us|   11|   11|  loop auto-rewind stp (delay=0 clock cycles(s))|
        |grp_knn_majority_vote_Pipeline_VITIS_LOOP_106_2_fu_48  |knn_majority_vote_Pipeline_VITIS_LOOP_106_2  |        8|        8|  80.000 ns|  80.000 ns|    7|    7|  loop auto-rewind stp (delay=0 clock cycles(s))|
        |grp_knn_majority_vote_Pipeline_VITIS_LOOP_119_3_fu_59  |knn_majority_vote_Pipeline_VITIS_LOOP_119_3  |       12|       12|   0.120 us|   0.120 us|   11|   11|  loop auto-rewind stp (delay=0 clock cycles(s))|
        +-------------------------------------------------------+---------------------------------------------+---------+---------+-----------+-----------+-----+-----+------------------------------------------------+

        * Loop: 
        N/A

============================================================
+ Verbose Summary: Synthesis Manager
============================================================
InlineROM: 1
ExposeGlobal: 0
============================================================
+ Verbose Summary: CDFG Model
============================================================
IsTopModel: 0
ResetActiveHigh: 1
IsCombinational: 0
IsDatapathOnly: 0
HasWiredReturn: 1
HasMFsm: 0
HasVarLatency: 1
IsPipeline: 0
IsRtlPipelined: 0
IsInstanceOverlapped: 0
IsDontTouch: 0
HasImplIP: 0
IsGatedGlobalClock: 0


============================================================
+ Verbose Summary: Schedule
============================================================
* Number of FSM states : 7
* Pipeline : 0
* Dataflow Pipeline: 0

* FSM state transitions: 
1 --> 2 
2 --> 3 
3 --> 4 
4 --> 5 
5 --> 6 
6 --> 7 
7 --> 

* FSM state operations: 

State 1 <SV = 0> <Delay = 2.32>
ST_1 : Operation 8 [1/1] (0.00ns)   --->   "%max_label_loc = alloca i64 1"   --->   Operation 8 'alloca' 'max_label_loc' <Predicate = true> <Delay = 0.00>
ST_1 : Operation 9 [1/1] (2.32ns)   --->   "%counts = alloca i64 1" [../src/knn.cpp:88]   --->   Operation 9 'alloca' 'counts' <Predicate = true> <Delay = 2.32>
ST_1 : Operation 10 [2/2] (0.00ns)   --->   "%call_ln0 = call void @knn_majority_vote_Pipeline_VITIS_LOOP_95_1, i32 %counts"   --->   Operation 10 'call' 'call_ln0' <Predicate = true> <Delay = 0.00> <CoreType = "Generic">   --->   Generic Core

State 2 <SV = 1> <Delay = 4.91>
ST_2 : Operation 11 [1/2] (4.91ns)   --->   "%call_ln0 = call void @knn_majority_vote_Pipeline_VITIS_LOOP_95_1, i32 %counts"   --->   Operation 11 'call' 'call_ln0' <Predicate = true> <Delay = 4.91> <CoreType = "Generic">   --->   Generic Core

State 3 <SV = 2> <Delay = 0.00>
ST_3 : Operation 12 [1/1] (0.00ns)   --->   "%top_k_labels_read_6 = read i4 @_ssdm_op_Read.ap_auto.i4, i4 %top_k_labels_read_11"   --->   Operation 12 'read' 'top_k_labels_read_6' <Predicate = true> <Delay = 0.00>
ST_3 : Operation 13 [1/1] (0.00ns)   --->   "%top_k_labels_read_7 = read i4 @_ssdm_op_Read.ap_auto.i4, i4 %top_k_labels_read_10"   --->   Operation 13 'read' 'top_k_labels_read_7' <Predicate = true> <Delay = 0.00>
ST_3 : Operation 14 [1/1] (0.00ns)   --->   "%top_k_labels_read17 = read i4 @_ssdm_op_Read.ap_auto.i4, i4 %top_k_labels_read"   --->   Operation 14 'read' 'top_k_labels_read17' <Predicate = true> <Delay = 0.00>
ST_3 : Operation 15 [2/2] (0.00ns)   --->   "%call_ln0 = call void @knn_majority_vote_Pipeline_VITIS_LOOP_106_2, i4 %top_k_labels_read17, i4 %top_k_labels_read_7, i4 %top_k_labels_read_6, i32 %counts"   --->   Operation 15 'call' 'call_ln0' <Predicate = true> <Delay = 0.00> <CoreType = "Generic">   --->   Generic Core

State 4 <SV = 3> <Delay = 3.15>
ST_4 : Operation 16 [1/2] (3.15ns)   --->   "%call_ln0 = call void @knn_majority_vote_Pipeline_VITIS_LOOP_106_2, i4 %top_k_labels_read17, i4 %top_k_labels_read_7, i4 %top_k_labels_read_6, i32 %counts"   --->   Operation 16 'call' 'call_ln0' <Predicate = true> <Delay = 3.15> <CoreType = "Generic">   --->   Generic Core

State 5 <SV = 4> <Delay = 0.00>
ST_5 : Operation 17 [2/2] (0.00ns)   --->   "%call_ln0 = call void @knn_majority_vote_Pipeline_VITIS_LOOP_119_3, i32 %counts, i32 %max_label_loc"   --->   Operation 17 'call' 'call_ln0' <Predicate = true> <Delay = 0.00> <CoreType = "Generic">   --->   Generic Core

State 6 <SV = 5> <Delay = 4.91>
ST_6 : Operation 18 [1/2] (4.91ns)   --->   "%call_ln0 = call void @knn_majority_vote_Pipeline_VITIS_LOOP_119_3, i32 %counts, i32 %max_label_loc"   --->   Operation 18 'call' 'call_ln0' <Predicate = true> <Delay = 4.91> <CoreType = "Generic">   --->   Generic Core

State 7 <SV = 6> <Delay = 0.00>
ST_7 : Operation 19 [1/1] (0.00ns)   --->   "%max_label_loc_load = load i32 %max_label_loc"   --->   Operation 19 'load' 'max_label_loc_load' <Predicate = true> <Delay = 0.00>
ST_7 : Operation 20 [1/1] (0.00ns)   --->   "%ret_ln127 = ret i32 %max_label_loc_load" [../src/knn.cpp:127]   --->   Operation 20 'ret' 'ret_ln127' <Predicate = true> <Delay = 0.00>


============================================================
+ Verbose Summary: Binding
============================================================
STG Binding: 
---------------- STG Properties BEGIN ----------------
- Is combinational: 0
- Is one-state seq: 0
- Is datapath-only: 0
- Is pipelined: 0
- Is top level: 0
Port [ Return ] is wired: 1; IO mode=ap_ctrl_hs:ce=0
Port [ top_k_labels_read]:  wired=1; compound=0; hidden=0; nouse=0; global=0; static=0; extern=0; dir=0; type=0; pingpong=0; private_global=0; IO mode=ap_none:ce=0
Port [ top_k_labels_read_10]:  wired=1; compound=0; hidden=0; nouse=0; global=0; static=0; extern=0; dir=0; type=0; pingpong=0; private_global=0; IO mode=ap_none:ce=0
Port [ top_k_labels_read_11]:  wired=1; compound=0; hidden=0; nouse=0; global=0; static=0; extern=0; dir=0; type=0; pingpong=0; private_global=0; IO mode=ap_none:ce=0
---------------- STG Properties END ------------------

---------------- Datapath Model BEGIN ----------------

<LifeTime>
<method=bitvector/>
max_label_loc       (alloca) [ 00111111]
counts              (alloca) [ 00111110]
call_ln0            (call  ) [ 00000000]
top_k_labels_read_6 (read  ) [ 00001000]
top_k_labels_read_7 (read  ) [ 00001000]
top_k_labels_read17 (read  ) [ 00001000]
call_ln0            (call  ) [ 00000000]
call_ln0            (call  ) [ 00000000]
max_label_loc_load  (load  ) [ 00000000]
ret_ln127           (ret   ) [ 00000000]
</LifeTime>

<model>

<comp_list>
<comp id="0" class="1000" name="top_k_labels_read">
<pin_list>
<pin id="1" dir="1" index="0" bw="1" slack="0"/>
</pin_list>
<bind>
<StgValue><ssdm name="top_k_labels_read"/></StgValue>
</bind>
</comp>

<comp id="2" class="1000" name="top_k_labels_read_10">
<pin_list>
<pin id="3" dir="1" index="0" bw="1" slack="0"/>
</pin_list>
<bind>
<StgValue><ssdm name="top_k_labels_read_10"/></StgValue>
</bind>
</comp>

<comp id="4" class="1000" name="top_k_labels_read_11">
<pin_list>
<pin id="5" dir="1" index="0" bw="1" slack="0"/>
</pin_list>
<bind>
<StgValue><ssdm name="top_k_labels_read_11"/></StgValue>
</bind>
</comp>

<comp id="6" class="1001" name="const_6">
<pin_list>
<pin id="7" dir="1" index="0" bw="1" slack="0"/>
</pin_list>
<bind>
<StgValue><ssdm name=""/></StgValue>
</bind>
</comp>

<comp id="8" class="1001" name="const_8">
<pin_list>
<pin id="9" dir="1" index="0" bw="1" slack="0"/>
</pin_list>
<bind>
<StgValue><ssdm name="knn_majority_vote_Pipeline_VITIS_LOOP_95_1"/></StgValue>
</bind>
</comp>

<comp id="10" class="1001" name="const_10">
<pin_list>
<pin id="11" dir="1" index="0" bw="1" slack="0"/>
</pin_list>
<bind>
<StgValue><ssdm name="_ssdm_op_Read.ap_auto.i4"/></StgValue>
</bind>
</comp>

<comp id="12" class="1001" name="const_12">
<pin_list>
<pin id="13" dir="1" index="0" bw="1" slack="0"/>
</pin_list>
<bind>
<StgValue><ssdm name="knn_majority_vote_Pipeline_VITIS_LOOP_106_2"/></StgValue>
</bind>
</comp>

<comp id="14" class="1001" name="const_14">
<pin_list>
<pin id="15" dir="1" index="0" bw="1" slack="0"/>
</pin_list>
<bind>
<StgValue><ssdm name="knn_majority_vote_Pipeline_VITIS_LOOP_119_3"/></StgValue>
</bind>
</comp>

<comp id="16" class="1004" name="max_label_loc_fu_16">
<pin_list>
<pin id="17" dir="0" index="0" bw="1" slack="0"/>
<pin id="18" dir="1" index="1" bw="32" slack="4"/>
</pin_list>
<bind>
<opcode="alloca(26) " fcode="alloca"/>
<opset="max_label_loc/1 "/>
</bind>
</comp>

<comp id="20" class="1004" name="counts_alloca_fu_20">
<pin_list>
<pin id="21" dir="0" index="0" bw="1" slack="0"/>
<pin id="22" dir="1" index="1" bw="32" slack="0"/>
</pin_list>
<bind>
<opcode="alloca(26) " fcode="alloca"/>
<opset="counts/1 "/>
</bind>
</comp>

<comp id="24" class="1004" name="top_k_labels_read_6_read_fu_24">
<pin_list>
<pin id="25" dir="0" index="0" bw="4" slack="0"/>
<pin id="26" dir="0" index="1" bw="4" slack="0"/>
<pin id="27" dir="1" index="2" bw="4" slack="0"/>
</pin_list>
<bind>
<opcode="read(1150) " fcode="read"/>
<opset="top_k_labels_read_6/3 "/>
</bind>
</comp>

<comp id="30" class="1004" name="top_k_labels_read_7_read_fu_30">
<pin_list>
<pin id="31" dir="0" index="0" bw="4" slack="0"/>
<pin id="32" dir="0" index="1" bw="4" slack="0"/>
<pin id="33" dir="1" index="2" bw="4" slack="0"/>
</pin_list>
<bind>
<opcode="read(1150) " fcode="read"/>
<opset="top_k_labels_read_7/3 "/>
</bind>
</comp>

<comp id="36" class="1004" name="top_k_labels_read17_read_fu_36">
<pin_list>
<pin id="37" dir="0" index="0" bw="4" slack="0"/>
<pin id="38" dir="0" index="1" bw="4" slack="0"/>
<pin id="39" dir="1" index="2" bw="4" slack="0"/>
</pin_list>
<bind>
<opcode="read(1150) " fcode="read"/>
<opset="top_k_labels_read17/3 "/>
</bind>
</comp>

<comp id="42" class="1004" name="grp_knn_majority_vote_Pipeline_VITIS_LOOP_95_1_fu_42">
<pin_list>
<pin id="43" dir="0" index="0" bw="0" slack="0"/>
<pin id="44" dir="0" index="1" bw="32" slack="0"/>
<pin id="45" dir="1" index="2" bw="0" slack="2147483647"/>
</pin_list>
<bind>
<opcode="call(48) " fcode="call"/>
<opset="call_ln0/1 "/>
</bind>
</comp>

<comp id="48" class="1004" name="grp_knn_majority_vote_Pipeline_VITIS_LOOP_106_2_fu_48">
<pin_list>
<pin id="49" dir="0" index="0" bw="0" slack="0"/>
<pin id="50" dir="0" index="1" bw="4" slack="0"/>
<pin id="51" dir="0" index="2" bw="4" slack="0"/>
<pin id="52" dir="0" index="3" bw="4" slack="0"/>
<pin id="53" dir="0" index="4" bw="32" slack="2147483647"/>
<pin id="54" dir="1" index="5" bw="0" slack="2147483647"/>
</pin_list>
<bind>
<opcode="call(48) " fcode="call"/>
<opset="call_ln0/3 "/>
</bind>
</comp>

<comp id="59" class="1004" name="grp_knn_majority_vote_Pipeline_VITIS_LOOP_119_3_fu_59">
<pin_list>
<pin id="60" dir="0" index="0" bw="0" slack="0"/>
<pin id="61" dir="0" index="1" bw="32" slack="2147483647"/>
<pin id="62" dir="0" index="2" bw="32" slack="4"/>
<pin id="63" dir="1" index="3" bw="0" slack="2147483647"/>
</pin_list>
<bind>
<opcode="call(48) " fcode="call"/>
<opset="call_ln0/5 "/>
</bind>
</comp>

<comp id="65" class="1004" name="max_label_loc_load_load_fu_65">
<pin_list>
<pin id="66" dir="0" index="0" bw="32" slack="6"/>
<pin id="67" dir="1" index="1" bw="32" slack="2147483647"/>
</pin_list>
<bind>
<opcode="load(27) " fcode="load"/>
<opset="max_label_loc_load/7 "/>
</bind>
</comp>

<comp id="68" class="1005" name="max_label_loc_reg_68">
<pin_list>
<pin id="69" dir="0" index="0" bw="32" slack="4"/>
<pin id="70" dir="1" index="1" bw="32" slack="4"/>
</pin_list>
<bind>
<opset="max_label_loc "/>
</bind>
</comp>

<comp id="74" class="1005" name="top_k_labels_read_6_reg_74">
<pin_list>
<pin id="75" dir="0" index="0" bw="4" slack="1"/>
<pin id="76" dir="1" index="1" bw="4" slack="1"/>
</pin_list>
<bind>
<opset="top_k_labels_read_6 "/>
</bind>
</comp>

<comp id="79" class="1005" name="top_k_labels_read_7_reg_79">
<pin_list>
<pin id="80" dir="0" index="0" bw="4" slack="1"/>
<pin id="81" dir="1" index="1" bw="4" slack="1"/>
</pin_list>
<bind>
<opset="top_k_labels_read_7 "/>
</bind>
</comp>

<comp id="84" class="1005" name="top_k_labels_read17_reg_84">
<pin_list>
<pin id="85" dir="0" index="0" bw="4" slack="1"/>
<pin id="86" dir="1" index="1" bw="4" slack="1"/>
</pin_list>
<bind>
<opset="top_k_labels_read17 "/>
</bind>
</comp>

</comp_list>

<net_list>
<net id="19"><net_src comp="6" pin="0"/><net_sink comp="16" pin=0"/></net>

<net id="23"><net_src comp="6" pin="0"/><net_sink comp="20" pin=0"/></net>

<net id="28"><net_src comp="10" pin="0"/><net_sink comp="24" pin=0"/></net>

<net id="29"><net_src comp="4" pin="0"/><net_sink comp="24" pin=1"/></net>

<net id="34"><net_src comp="10" pin="0"/><net_sink comp="30" pin=0"/></net>

<net id="35"><net_src comp="2" pin="0"/><net_sink comp="30" pin=1"/></net>

<net id="40"><net_src comp="10" pin="0"/><net_sink comp="36" pin=0"/></net>

<net id="41"><net_src comp="0" pin="0"/><net_sink comp="36" pin=1"/></net>

<net id="46"><net_src comp="8" pin="0"/><net_sink comp="42" pin=0"/></net>

<net id="47"><net_src comp="20" pin="1"/><net_sink comp="42" pin=1"/></net>

<net id="55"><net_src comp="12" pin="0"/><net_sink comp="48" pin=0"/></net>

<net id="56"><net_src comp="36" pin="2"/><net_sink comp="48" pin=1"/></net>

<net id="57"><net_src comp="30" pin="2"/><net_sink comp="48" pin=2"/></net>

<net id="58"><net_src comp="24" pin="2"/><net_sink comp="48" pin=3"/></net>

<net id="64"><net_src comp="14" pin="0"/><net_sink comp="59" pin=0"/></net>

<net id="71"><net_src comp="16" pin="1"/><net_sink comp="68" pin=0"/></net>

<net id="72"><net_src comp="68" pin="1"/><net_sink comp="59" pin=2"/></net>

<net id="73"><net_src comp="68" pin="1"/><net_sink comp="65" pin=0"/></net>

<net id="77"><net_src comp="24" pin="2"/><net_sink comp="74" pin=0"/></net>

<net id="78"><net_src comp="74" pin="1"/><net_sink comp="48" pin=3"/></net>

<net id="82"><net_src comp="30" pin="2"/><net_sink comp="79" pin=0"/></net>

<net id="83"><net_src comp="79" pin="1"/><net_sink comp="48" pin=2"/></net>

<net id="87"><net_src comp="36" pin="2"/><net_sink comp="84" pin=0"/></net>

<net id="88"><net_src comp="84" pin="1"/><net_sink comp="48" pin=1"/></net>

</net_list>

</model> 
---------------- Datapath Model END ------------------

* FSMD analyzer results:
  - Output states:
 - Input state : 
	Port: knn_majority_vote : top_k_labels_read | {3 }
	Port: knn_majority_vote : top_k_labels_read_10 | {3 }
	Port: knn_majority_vote : top_k_labels_read_11 | {3 }
  - Chain level:
	State 1
		call_ln0 : 1
	State 2
	State 3
	State 4
	State 5
	State 6
	State 7
		ret_ln127 : 1


============================================================
+ Verbose Summary: Datapath Resource usage 
============================================================

* Functional unit list:
|----------|-------------------------------------------------------|---------|---------|---------|
| Operation|                    Functional Unit                    |  Delay  |    FF   |   LUT   |
|----------|-------------------------------------------------------|---------|---------|---------|
|          |  grp_knn_majority_vote_Pipeline_VITIS_LOOP_95_1_fu_42 |    0    |    4    |    26   |
|   call   | grp_knn_majority_vote_Pipeline_VITIS_LOOP_106_2_fu_48 |  1.588  |   148   |   180   |
|          | grp_knn_majority_vote_Pipeline_VITIS_LOOP_119_3_fu_59 |  1.588  |    76   |   138   |
|----------|-------------------------------------------------------|---------|---------|---------|
|          |             top_k_labels_read_6_read_fu_24            |    0    |    0    |    0    |
|   read   |             top_k_labels_read_7_read_fu_30            |    0    |    0    |    0    |
|          |             top_k_labels_read17_read_fu_36            |    0    |    0    |    0    |
|----------|-------------------------------------------------------|---------|---------|---------|
|   Total  |                                                       |  3.176  |   228   |   344   |
|----------|-------------------------------------------------------|---------|---------|---------|

Memories:
+------+--------+--------+--------+--------+
|      |  BRAM  |   FF   |   LUT  |  URAM  |
+------+--------+--------+--------+--------+
|counts|    0   |   64   |    5   |    0   |
+------+--------+--------+--------+--------+
| Total|    0   |   64   |    5   |    0   |
+------+--------+--------+--------+--------+

* Register list:
+--------------------------+--------+
|                          |   FF   |
+--------------------------+--------+
|   max_label_loc_reg_68   |   32   |
|top_k_labels_read17_reg_84|    4   |
|top_k_labels_read_6_reg_74|    4   |
|top_k_labels_read_7_reg_79|    4   |
+--------------------------+--------+
|           Total          |   44   |
+--------------------------+--------+

* Multiplexer (MUX) list: 
|-------------------------------------------------------|------|------|------|--------||---------||---------||---------|
|                          Comp                         |  Pin | Size |  BW  | S x BW ||  Delay  ||    FF   ||   LUT   |
|-------------------------------------------------------|------|------|------|--------||---------||---------||---------|
| grp_knn_majority_vote_Pipeline_VITIS_LOOP_106_2_fu_48 |  p1  |   2  |   4  |    8   ||    0    ||    9    |
| grp_knn_majority_vote_Pipeline_VITIS_LOOP_106_2_fu_48 |  p2  |   2  |   4  |    8   ||    0    ||    9    |
| grp_knn_majority_vote_Pipeline_VITIS_LOOP_106_2_fu_48 |  p3  |   2  |   4  |    8   ||    0    ||    9    |
|-------------------------------------------------------|------|------|------|--------||---------||---------||---------|
|                         Total                         |      |      |      |   24   ||  4.764  ||    0    ||    27   |
|-------------------------------------------------------|------|------|------|--------||---------||---------||---------|



* Summary:
+-----------+--------+--------+--------+--------+--------+
|           |  BRAM  |  Delay |   FF   |   LUT  |  URAM  |
+-----------+--------+--------+--------+--------+--------+
|  Function |    -   |    3   |   228  |   344  |    -   |
|   Memory  |    0   |    -   |   64   |    5   |    0   |
|Multiplexer|    -   |    4   |    0   |   27   |    -   |
|  Register |    -   |    -   |   44   |    -   |    -   |
+-----------+--------+--------+--------+--------+--------+
|   Total   |    0   |    7   |   336  |   376  |    0   |
+-----------+--------+--------+--------+--------+--------+
