

================================================================
== Vitis HLS Report for 'knn_distance_and_sort_Pipeline_sort_loop_j'
================================================================
* Date:           Tue Mar 17 19:32:51 2026

* Version:        2025.1 (Build 6135595 on May 21 2025)
* Project:        knn_accelerator
* Solution:       hls (Vivado IP Flow Target)
* Product family: zynq
* Target device:  xc7z020-clg400-1


================================================================
== Performance Estimates
================================================================
+ Timing: 
    * Summary: 
    +--------+----------+----------+------------+
    |  Clock |  Target  | Estimated| Uncertainty|
    +--------+----------+----------+------------+
    |ap_clk  |  10.00 ns|  6.438 ns|     2.70 ns|
    +--------+----------+----------+------------+

+ Latency: 
    * Summary: 
    +---------+---------+-----------+----------+-----+-----+------------------------------------------------+
    |  Latency (cycles) |  Latency (absolute)  |  Interval |                    Pipeline                    |
    |   min   |   max   |    min    |    max   | min | max |                      Type                      |
    +---------+---------+-----------+----------+-----+-----+------------------------------------------------+
    |        7|       47|  70.000 ns|  0.470 us|    6|   46|  loop auto-rewind stp (delay=0 clock cycles(s))|
    +---------+---------+-----------+----------+-----+-----+------------------------------------------------+

    + Detail: 
        * Instance: 
        N/A

        * Loop: 
        +---------------+---------+---------+----------+-----------+-----------+-------+----------+
        |               |  Latency (cycles) | Iteration|  Initiation Interval  |  Trip |          |
        |   Loop Name   |   min   |   max   |  Latency |  achieved |   target  | Count | Pipelined|
        +---------------+---------+---------+----------+-----------+-----------+-------+----------+
        |- sort_loop_j  |        5|       45|         5|          5|          1|  1 ~ 9|       yes|
        +---------------+---------+---------+----------+-----------+-----------+-------+----------+



================================================================
== Utilization Estimates
================================================================
* Summary: 
+-----------------+---------+-----+--------+-------+-----+
|       Name      | BRAM_18K| DSP |   FF   |  LUT  | URAM|
+-----------------+---------+-----+--------+-------+-----+
|DSP              |        -|    -|       -|      -|    -|
|Expression       |        -|    -|       0|    176|    -|
|FIFO             |        -|    -|       -|      -|    -|
|Instance         |        -|    -|       -|      -|    -|
|Memory           |        -|    -|       -|      -|    -|
|Multiplexer      |        -|    -|       0|    114|    -|
|Register         |        -|    -|     168|      -|    -|
+-----------------+---------+-----+--------+-------+-----+
|Total            |        0|    0|     168|    290|    0|
+-----------------+---------+-----+--------+-------+-----+
|Available        |      280|  220|  106400|  53200|    0|
+-----------------+---------+-----+--------+-------+-----+
|Utilization (%)  |        0|    0|      ~0|     ~0|    0|
+-----------------+---------+-----+--------+-------+-----+

+ Detail: 
    * Instance: 
    +---------------------------------+-----------------------------+---------+----+---+----+-----+
    |             Instance            |            Module           | BRAM_18K| DSP| FF| LUT| URAM|
    +---------------------------------+-----------------------------+---------+----+---+----+-----+
    |dcmp_64ns_64ns_1_2_no_dsp_1_U19  |dcmp_64ns_64ns_1_2_no_dsp_1  |        0|   0|  0|   0|    0|
    +---------------------------------+-----------------------------+---------+----+---+----+-----+
    |Total                            |                             |        0|   0|  0|   0|    0|
    +---------------------------------+-----------------------------+---------+----+---+----+-----+

    * DSP: 
    N/A

    * Memory: 
    N/A

    * FIFO: 
    N/A

    * Expression: 
    +-----------------------+----------+----+---+----+------------+------------+
    |     Variable Name     | Operation| DSP| FF| LUT| Bitwidth P0| Bitwidth P1|
    +-----------------------+----------+----+---+----+------------+------------+
    |add_ln66_fu_126_p2     |         +|   0|  0|  13|           4|           1|
    |and_ln66_1_fu_218_p2   |       and|   0|  0|   2|           1|           1|
    |and_ln66_fu_212_p2     |       and|   0|  0|   2|           1|           1|
    |icmp_ln65_fu_120_p2    |      icmp|   0|  0|  13|           4|           4|
    |icmp_ln66_1_fu_182_p2  |      icmp|   0|  0|  59|          52|           1|
    |icmp_ln66_2_fu_194_p2  |      icmp|   0|  0|  12|          11|           2|
    |icmp_ln66_3_fu_200_p2  |      icmp|   0|  0|  59|          52|           1|
    |icmp_ln66_fu_176_p2    |      icmp|   0|  0|  12|          11|           2|
    |or_ln66_1_fu_206_p2    |        or|   0|  0|   2|           1|           1|
    |or_ln66_fu_188_p2      |        or|   0|  0|   2|           1|           1|
    +-----------------------+----------+----+---+----+------------+------------+
    |Total                  |          |   0|  0| 176|         138|          15|
    +-----------------------+----------+----+---+----+------------+------------+

    * Multiplexer: 
    +--------------------------+----+-----------+-----+-----------+
    |           Name           | LUT| Input Size| Bits| Total Bits|
    +--------------------------+----+-----------+-----+-----------+
    |ap_NS_fsm                 |  31|          6|    1|          6|
    |ap_done_int               |   9|          2|    1|          2|
    |ap_sig_allocacmp_j_1      |   9|          2|    4|          8|
    |distances_address0_local  |  14|          3|    4|         12|
    |distances_address1_local  |  14|          3|    4|         12|
    |j_fu_46                   |   9|          2|    4|          8|
    |labels_address0_local     |  14|          3|    4|         12|
    |labels_address1_local     |  14|          3|    4|         12|
    +--------------------------+----+-----------+-----+-----------+
    |Total                     | 114|         24|   26|         72|
    +--------------------------+----+-----------+-----+-----------+

    * Register: 
    +--------------------------+----+----+-----+-----------+
    |           Name           | FF | LUT| Bits| Const Bits|
    +--------------------------+----+----+-----+-----------+
    |add_ln66_reg_239          |   4|   0|    4|          0|
    |and_ln66_1_reg_278        |   1|   0|    1|          0|
    |ap_CS_fsm                 |   5|   0|    5|          0|
    |ap_done_reg               |   1|   0|    1|          0|
    |distances_addr_1_reg_259  |   4|   0|    4|          0|
    |distances_addr_reg_249    |   4|   0|    4|          0|
    |distances_load_1_reg_271  |  64|   0|   64|          0|
    |icmp_ln65_reg_235         |   1|   0|    1|          0|
    |j_fu_46                   |   4|   0|    4|          0|
    |labels_addr_1_reg_287     |   4|   0|    4|          0|
    |labels_addr_reg_282       |   4|   0|    4|          0|
    |temp_dist_reg_264         |  64|   0|   64|          0|
    |zext_ln65_reg_244         |   4|   0|   64|         60|
    |zext_ln66_reg_254         |   4|   0|   64|         60|
    +--------------------------+----+----+-----+-----------+
    |Total                     | 168|   0|  288|        120|
    +--------------------------+----+----+-----+-----------+



================================================================
== Interface
================================================================
* Summary: 
+--------------------+-----+-----+------------+--------------------------------------------+--------------+
|      RTL Ports     | Dir | Bits|  Protocol  |                Source Object               |    C Type    |
+--------------------+-----+-----+------------+--------------------------------------------+--------------+
|ap_clk              |   in|    1|  ap_ctrl_hs|  knn_distance_and_sort_Pipeline_sort_loop_j|  return value|
|ap_rst              |   in|    1|  ap_ctrl_hs|  knn_distance_and_sort_Pipeline_sort_loop_j|  return value|
|ap_start            |   in|    1|  ap_ctrl_hs|  knn_distance_and_sort_Pipeline_sort_loop_j|  return value|
|ap_done             |  out|    1|  ap_ctrl_hs|  knn_distance_and_sort_Pipeline_sort_loop_j|  return value|
|ap_idle             |  out|    1|  ap_ctrl_hs|  knn_distance_and_sort_Pipeline_sort_loop_j|  return value|
|ap_ready            |  out|    1|  ap_ctrl_hs|  knn_distance_and_sort_Pipeline_sort_loop_j|  return value|
|indvars_iv14        |   in|    4|     ap_none|                                indvars_iv14|        scalar|
|distances_address0  |  out|    4|   ap_memory|                                   distances|         array|
|distances_ce0       |  out|    1|   ap_memory|                                   distances|         array|
|distances_we0       |  out|    1|   ap_memory|                                   distances|         array|
|distances_d0        |  out|   64|   ap_memory|                                   distances|         array|
|distances_q0        |   in|   64|   ap_memory|                                   distances|         array|
|distances_address1  |  out|    4|   ap_memory|                                   distances|         array|
|distances_ce1       |  out|    1|   ap_memory|                                   distances|         array|
|distances_we1       |  out|    1|   ap_memory|                                   distances|         array|
|distances_d1        |  out|   64|   ap_memory|                                   distances|         array|
|distances_q1        |   in|   64|   ap_memory|                                   distances|         array|
|labels_address0     |  out|    4|   ap_memory|                                      labels|         array|
|labels_ce0          |  out|    1|   ap_memory|                                      labels|         array|
|labels_we0          |  out|    1|   ap_memory|                                      labels|         array|
|labels_d0           |  out|    4|   ap_memory|                                      labels|         array|
|labels_q0           |   in|    4|   ap_memory|                                      labels|         array|
|labels_address1     |  out|    4|   ap_memory|                                      labels|         array|
|labels_ce1          |  out|    1|   ap_memory|                                      labels|         array|
|labels_we1          |  out|    1|   ap_memory|                                      labels|         array|
|labels_d1           |  out|    4|   ap_memory|                                      labels|         array|
|labels_q1           |   in|    4|   ap_memory|                                      labels|         array|
+--------------------+-----+-----+------------+--------------------------------------------+--------------+

============================================================
+ Verbose Summary: Synthesis Manager
============================================================
InlineROM: 1
ExposeGlobal: 0
============================================================
+ Verbose Summary: CDFG Model
============================================================
IsTopModel: 0
ResetActiveHigh: 1
IsCombinational: 2
IsDatapathOnly: 2
HasWiredReturn: 1
HasMFsm: 2
HasVarLatency: 1
IsPipeline: 0
IsRtlPipelined: 0
IsInstanceOverlapped: 0
IsDontTouch: 0
HasImplIP: 0
IsGatedGlobalClock: 0

+ Individual pipeline summary: 
  * Pipeline-0: initiation interval (II) = 5, depth = 5


============================================================
+ Verbose Summary: Schedule
============================================================
* Number of FSM states : 5
* Pipeline : 1
  Pipeline-0 : II = 5, D = 5, States = { 1 2 3 4 5 }
* Dataflow Pipeline: 0

* FSM state transitions: 
1 --> 2 
2 --> 3 
3 --> 4 
4 --> 5 
5 --> 

* FSM state operations: 

State 1 <SV = 0> <Delay = 5.64>
ST_1 : Operation 8 [1/1] (0.00ns)   --->   "%j = alloca i32 1" [../src/knn.cpp:65]   --->   Operation 8 'alloca' 'j' <Predicate = true> <Delay = 0.00>
ST_1 : Operation 9 [1/1] (0.00ns)   --->   "%indvars_iv14_read = read i4 @_ssdm_op_Read.ap_auto.i4, i4 %indvars_iv14"   --->   Operation 9 'read' 'indvars_iv14_read' <Predicate = true> <Delay = 0.00>
ST_1 : Operation 10 [1/1] (1.58ns)   --->   "%store_ln65 = store i4 0, i4 %j" [../src/knn.cpp:65]   --->   Operation 10 'store' 'store_ln65' <Predicate = true> <Delay = 1.58>
ST_1 : Operation 11 [1/1] (0.00ns)   --->   "%br_ln0 = br void %for.body41"   --->   Operation 11 'br' 'br_ln0' <Predicate = true> <Delay = 0.00>
ST_1 : Operation 12 [1/1] (0.00ns)   --->   "%j_1 = load i4 %j" [../src/knn.cpp:66]   --->   Operation 12 'load' 'j_1' <Predicate = true> <Delay = 0.00>
ST_1 : Operation 13 [1/1] (1.73ns)   --->   "%icmp_ln65 = icmp_eq  i4 %j_1, i4 %indvars_iv14_read" [../src/knn.cpp:65]   --->   Operation 13 'icmp' 'icmp_ln65' <Predicate = true> <Delay = 1.73> <CoreInst = "Cmp">   --->   Core 9 'Cmp' <Latency = 0> <II = 1> <Delay = 1.73> <FuncUnit> <Opcode : 'seteq' 'setne' 'setle' 'setge' 'setlt' 'setgt'> <InPorts = 2> <OutPorts = 1>
ST_1 : Operation 14 [1/1] (1.73ns)   --->   "%add_ln66 = add i4 %j_1, i4 1" [../src/knn.cpp:66]   --->   Operation 14 'add' 'add_ln66' <Predicate = true> <Delay = 1.73> <CoreInst = "Adder">   --->   Core 1 'Adder' <Latency = 0> <II = 1> <Delay = 1.73> <FuncUnit> <Opcode : 'add' 'sub'> <InPorts = 2> <OutPorts = 1>
ST_1 : Operation 15 [1/1] (0.00ns)   --->   "%br_ln65 = br i1 %icmp_ln65, void %for.body41.split, void %for.inc71.exitStub" [../src/knn.cpp:65]   --->   Operation 15 'br' 'br_ln65' <Predicate = true> <Delay = 0.00>
ST_1 : Operation 16 [1/1] (0.00ns)   --->   "%zext_ln65 = zext i4 %j_1" [../src/knn.cpp:65]   --->   Operation 16 'zext' 'zext_ln65' <Predicate = (!icmp_ln65)> <Delay = 0.00>
ST_1 : Operation 17 [1/1] (0.00ns)   --->   "%distances_addr = getelementptr i64 %distances, i64 0, i64 %zext_ln65" [../src/knn.cpp:66]   --->   Operation 17 'getelementptr' 'distances_addr' <Predicate = (!icmp_ln65)> <Delay = 0.00>
ST_1 : Operation 18 [2/2] (2.32ns)   --->   "%temp_dist = load i4 %distances_addr" [../src/knn.cpp:66]   --->   Operation 18 'load' 'temp_dist' <Predicate = (!icmp_ln65)> <Delay = 2.32> <CoreInst = "RAM">   --->   Core 81 'RAM' <Latency = 1> <II = 1> <Delay = 2.32> <Storage> <Opcode : 'load' 'store'> <Ports = 2> <Width = 64> <Depth = 10> <RAM>
ST_1 : Operation 19 [1/1] (0.00ns)   --->   "%zext_ln66 = zext i4 %add_ln66" [../src/knn.cpp:66]   --->   Operation 19 'zext' 'zext_ln66' <Predicate = (!icmp_ln65)> <Delay = 0.00>
ST_1 : Operation 20 [1/1] (0.00ns)   --->   "%distances_addr_1 = getelementptr i64 %distances, i64 0, i64 %zext_ln66" [../src/knn.cpp:66]   --->   Operation 20 'getelementptr' 'distances_addr_1' <Predicate = (!icmp_ln65)> <Delay = 0.00>
ST_1 : Operation 21 [2/2] (2.32ns)   --->   "%distances_load_1 = load i4 %distances_addr_1" [../src/knn.cpp:66]   --->   Operation 21 'load' 'distances_load_1' <Predicate = (!icmp_ln65)> <Delay = 2.32> <CoreInst = "RAM">   --->   Core 81 'RAM' <Latency = 1> <II = 1> <Delay = 2.32> <Storage> <Opcode : 'load' 'store'> <Ports = 2> <Width = 64> <Depth = 10> <RAM>
ST_1 : Operation 57 [1/1] (1.58ns)   --->   "%ret_ln0 = ret"   --->   Operation 57 'ret' 'ret_ln0' <Predicate = (icmp_ln65)> <Delay = 1.58>

State 2 <SV = 1> <Delay = 2.32>
ST_2 : Operation 22 [1/2] ( I:2.32ns O:2.32ns )   --->   "%temp_dist = load i4 %distances_addr" [../src/knn.cpp:66]   --->   Operation 22 'load' 'temp_dist' <Predicate = true> <Delay = 2.32> <CoreInst = "RAM">   --->   Core 81 'RAM' <Latency = 1> <II = 1> <Delay = 2.32> <Storage> <Opcode : 'load' 'store'> <Ports = 2> <Width = 64> <Depth = 10> <RAM>
ST_2 : Operation 23 [1/2] ( I:2.32ns O:2.32ns )   --->   "%distances_load_1 = load i4 %distances_addr_1" [../src/knn.cpp:66]   --->   Operation 23 'load' 'distances_load_1' <Predicate = true> <Delay = 2.32> <CoreInst = "RAM">   --->   Core 81 'RAM' <Latency = 1> <II = 1> <Delay = 2.32> <Storage> <Opcode : 'load' 'store'> <Ports = 2> <Width = 64> <Depth = 10> <RAM>

State 3 <SV = 2> <Delay = 5.46>
ST_3 : Operation 24 [2/2] (5.46ns)   --->   "%tmp_3 = fcmp_ogt  i64 %temp_dist, i64 %distances_load_1" [../src/knn.cpp:66]   --->   Operation 24 'dcmp' 'tmp_3' <Predicate = true> <Delay = 5.46> <CoreInst = "DCompare">   --->   Core 38 'DCompare' <Latency = 1> <II = 1> <Delay = 5.46> <FuncUnit> <Opcode : 'dcmp'> <InPorts = 2> <OutPorts = 1>

State 4 <SV = 3> <Delay = 6.43>
ST_4 : Operation 25 [1/1] (0.00ns)   --->   "%specpipeline_ln65 = specpipeline void @_ssdm_op_SpecPipeline, i32 4294967295, i32 0, i32 0, i32 0, void @empty_0" [../src/knn.cpp:65]   --->   Operation 25 'specpipeline' 'specpipeline_ln65' <Predicate = true> <Delay = 0.00>
ST_4 : Operation 26 [1/1] (0.00ns)   --->   "%speclooptripcount_ln65 = speclooptripcount void @_ssdm_op_SpecLoopTripCount, i64 1, i64 9, i64 5" [../src/knn.cpp:65]   --->   Operation 26 'speclooptripcount' 'speclooptripcount_ln65' <Predicate = true> <Delay = 0.00>
ST_4 : Operation 27 [1/1] (0.00ns)   --->   "%specloopname_ln65 = specloopname void @_ssdm_op_SpecLoopName, void @empty_21" [../src/knn.cpp:65]   --->   Operation 27 'specloopname' 'specloopname_ln65' <Predicate = true> <Delay = 0.00>
ST_4 : Operation 28 [1/1] (0.00ns)   --->   "%bitcast_ln66 = bitcast i64 %temp_dist" [../src/knn.cpp:66]   --->   Operation 28 'bitcast' 'bitcast_ln66' <Predicate = true> <Delay = 0.00>
ST_4 : Operation 29 [1/1] (0.00ns)   --->   "%tmp_1 = partselect i11 @_ssdm_op_PartSelect.i11.i64.i32.i32, i64 %bitcast_ln66, i32 52, i32 62" [../src/knn.cpp:66]   --->   Operation 29 'partselect' 'tmp_1' <Predicate = true> <Delay = 0.00>
ST_4 : Operation 30 [1/1] (0.00ns)   --->   "%trunc_ln66 = trunc i64 %bitcast_ln66" [../src/knn.cpp:66]   --->   Operation 30 'trunc' 'trunc_ln66' <Predicate = true> <Delay = 0.00>
ST_4 : Operation 31 [1/1] (0.00ns)   --->   "%bitcast_ln66_1 = bitcast i64 %distances_load_1" [../src/knn.cpp:66]   --->   Operation 31 'bitcast' 'bitcast_ln66_1' <Predicate = true> <Delay = 0.00>
ST_4 : Operation 32 [1/1] (0.00ns)   --->   "%tmp_2 = partselect i11 @_ssdm_op_PartSelect.i11.i64.i32.i32, i64 %bitcast_ln66_1, i32 52, i32 62" [../src/knn.cpp:66]   --->   Operation 32 'partselect' 'tmp_2' <Predicate = true> <Delay = 0.00>
ST_4 : Operation 33 [1/1] (0.00ns)   --->   "%trunc_ln66_1 = trunc i64 %bitcast_ln66_1" [../src/knn.cpp:66]   --->   Operation 33 'trunc' 'trunc_ln66_1' <Predicate = true> <Delay = 0.00>
ST_4 : Operation 34 [1/1] (1.63ns)   --->   "%icmp_ln66 = icmp_ne  i11 %tmp_1, i11 2047" [../src/knn.cpp:66]   --->   Operation 34 'icmp' 'icmp_ln66' <Predicate = true> <Delay = 1.63> <CoreInst = "Cmp">   --->   Core 9 'Cmp' <Latency = 0> <II = 1> <Delay = 1.63> <FuncUnit> <Opcode : 'seteq' 'setne' 'setle' 'setge' 'setlt' 'setgt'> <InPorts = 2> <OutPorts = 1>
ST_4 : Operation 35 [1/1] (3.21ns)   --->   "%icmp_ln66_1 = icmp_eq  i52 %trunc_ln66, i52 0" [../src/knn.cpp:66]   --->   Operation 35 'icmp' 'icmp_ln66_1' <Predicate = true> <Delay = 3.21> <CoreInst = "Cmp">   --->   Core 9 'Cmp' <Latency = 0> <II = 1> <Delay = 3.21> <FuncUnit> <Opcode : 'seteq' 'setne' 'setle' 'setge' 'setlt' 'setgt'> <InPorts = 2> <OutPorts = 1>
ST_4 : Operation 36 [1/1] (0.00ns) (grouped into LUT with out node and_ln66_1)   --->   "%or_ln66 = or i1 %icmp_ln66_1, i1 %icmp_ln66" [../src/knn.cpp:66]   --->   Operation 36 'or' 'or_ln66' <Predicate = true> <Delay = 0.00> <CoreInst = "LogicGate">   --->   Core 74 'LogicGate' <Latency = 0> <II = 1> <Delay = 0.97> <FuncUnit> <Opcode : 'and' 'or' 'xor'> <InPorts = 2> <OutPorts = 1>
ST_4 : Operation 37 [1/1] (1.63ns)   --->   "%icmp_ln66_2 = icmp_ne  i11 %tmp_2, i11 2047" [../src/knn.cpp:66]   --->   Operation 37 'icmp' 'icmp_ln66_2' <Predicate = true> <Delay = 1.63> <CoreInst = "Cmp">   --->   Core 9 'Cmp' <Latency = 0> <II = 1> <Delay = 1.63> <FuncUnit> <Opcode : 'seteq' 'setne' 'setle' 'setge' 'setlt' 'setgt'> <InPorts = 2> <OutPorts = 1>
ST_4 : Operation 38 [1/1] (3.21ns)   --->   "%icmp_ln66_3 = icmp_eq  i52 %trunc_ln66_1, i52 0" [../src/knn.cpp:66]   --->   Operation 38 'icmp' 'icmp_ln66_3' <Predicate = true> <Delay = 3.21> <CoreInst = "Cmp">   --->   Core 9 'Cmp' <Latency = 0> <II = 1> <Delay = 3.21> <FuncUnit> <Opcode : 'seteq' 'setne' 'setle' 'setge' 'setlt' 'setgt'> <InPorts = 2> <OutPorts = 1>
ST_4 : Operation 39 [1/1] (0.00ns) (grouped into LUT with out node and_ln66_1)   --->   "%or_ln66_1 = or i1 %icmp_ln66_3, i1 %icmp_ln66_2" [../src/knn.cpp:66]   --->   Operation 39 'or' 'or_ln66_1' <Predicate = true> <Delay = 0.00> <CoreInst = "LogicGate">   --->   Core 74 'LogicGate' <Latency = 0> <II = 1> <Delay = 0.97> <FuncUnit> <Opcode : 'and' 'or' 'xor'> <InPorts = 2> <OutPorts = 1>
ST_4 : Operation 40 [1/2] (5.46ns)   --->   "%tmp_3 = fcmp_ogt  i64 %temp_dist, i64 %distances_load_1" [../src/knn.cpp:66]   --->   Operation 40 'dcmp' 'tmp_3' <Predicate = true> <Delay = 5.46> <CoreInst = "DCompare">   --->   Core 38 'DCompare' <Latency = 1> <II = 1> <Delay = 5.46> <FuncUnit> <Opcode : 'dcmp'> <InPorts = 2> <OutPorts = 1>
ST_4 : Operation 41 [1/1] (0.00ns) (grouped into LUT with out node and_ln66_1)   --->   "%and_ln66 = and i1 %or_ln66, i1 %or_ln66_1" [../src/knn.cpp:66]   --->   Operation 41 'and' 'and_ln66' <Predicate = true> <Delay = 0.00> <CoreInst = "LogicGate">   --->   Core 74 'LogicGate' <Latency = 0> <II = 1> <Delay = 0.97> <FuncUnit> <Opcode : 'and' 'or' 'xor'> <InPorts = 2> <OutPorts = 1>
ST_4 : Operation 42 [1/1] (0.97ns) (out node of the LUT)   --->   "%and_ln66_1 = and i1 %and_ln66, i1 %tmp_3" [../src/knn.cpp:66]   --->   Operation 42 'and' 'and_ln66_1' <Predicate = true> <Delay = 0.97> <CoreInst = "LogicGate">   --->   Core 74 'LogicGate' <Latency = 0> <II = 1> <Delay = 0.97> <FuncUnit> <Opcode : 'and' 'or' 'xor'> <InPorts = 2> <OutPorts = 1>
ST_4 : Operation 43 [1/1] (0.00ns)   --->   "%br_ln66 = br i1 %and_ln66_1, void %for.inc68, void %if.then" [../src/knn.cpp:66]   --->   Operation 43 'br' 'br_ln66' <Predicate = true> <Delay = 0.00>
ST_4 : Operation 44 [1/1] (0.00ns)   --->   "%labels_addr = getelementptr i4 %labels, i64 0, i64 %zext_ln65" [../src/knn.cpp:71]   --->   Operation 44 'getelementptr' 'labels_addr' <Predicate = (and_ln66_1)> <Delay = 0.00>
ST_4 : Operation 45 [2/2] (2.32ns)   --->   "%temp_label = load i4 %labels_addr" [../src/knn.cpp:71]   --->   Operation 45 'load' 'temp_label' <Predicate = (and_ln66_1)> <Delay = 2.32> <CoreInst = "RAM">   --->   Core 81 'RAM' <Latency = 1> <II = 1> <Delay = 2.32> <Storage> <Opcode : 'load' 'store'> <Ports = 2> <Width = 4> <Depth = 10> <RAM>
ST_4 : Operation 46 [1/1] (0.00ns)   --->   "%labels_addr_1 = getelementptr i4 %labels, i64 0, i64 %zext_ln66" [../src/knn.cpp:72]   --->   Operation 46 'getelementptr' 'labels_addr_1' <Predicate = (and_ln66_1)> <Delay = 0.00>
ST_4 : Operation 47 [2/2] (2.32ns)   --->   "%labels_load = load i4 %labels_addr_1" [../src/knn.cpp:72]   --->   Operation 47 'load' 'labels_load' <Predicate = (and_ln66_1)> <Delay = 2.32> <CoreInst = "RAM">   --->   Core 81 'RAM' <Latency = 1> <II = 1> <Delay = 2.32> <Storage> <Opcode : 'load' 'store'> <Ports = 2> <Width = 4> <Depth = 10> <RAM>

State 5 <SV = 4> <Delay = 4.64>
ST_5 : Operation 48 [1/1] ( I:2.32ns O:2.32ns )   --->   "%store_ln68 = store i64 %distances_load_1, i4 %distances_addr" [../src/knn.cpp:68]   --->   Operation 48 'store' 'store_ln68' <Predicate = (!icmp_ln65 & and_ln66_1)> <Delay = 2.32> <CoreInst = "RAM">   --->   Core 81 'RAM' <Latency = 1> <II = 1> <Delay = 2.32> <Storage> <Opcode : 'load' 'store'> <Ports = 2> <Width = 64> <Depth = 10> <RAM>
ST_5 : Operation 49 [1/1] ( I:2.32ns O:2.32ns )   --->   "%store_ln69 = store i64 %temp_dist, i4 %distances_addr_1" [../src/knn.cpp:69]   --->   Operation 49 'store' 'store_ln69' <Predicate = (!icmp_ln65 & and_ln66_1)> <Delay = 2.32> <CoreInst = "RAM">   --->   Core 81 'RAM' <Latency = 1> <II = 1> <Delay = 2.32> <Storage> <Opcode : 'load' 'store'> <Ports = 2> <Width = 64> <Depth = 10> <RAM>
ST_5 : Operation 50 [1/2] ( I:2.32ns O:2.32ns )   --->   "%temp_label = load i4 %labels_addr" [../src/knn.cpp:71]   --->   Operation 50 'load' 'temp_label' <Predicate = (!icmp_ln65 & and_ln66_1)> <Delay = 2.32> <CoreInst = "RAM">   --->   Core 81 'RAM' <Latency = 1> <II = 1> <Delay = 2.32> <Storage> <Opcode : 'load' 'store'> <Ports = 2> <Width = 4> <Depth = 10> <RAM>
ST_5 : Operation 51 [1/2] ( I:2.32ns O:2.32ns )   --->   "%labels_load = load i4 %labels_addr_1" [../src/knn.cpp:72]   --->   Operation 51 'load' 'labels_load' <Predicate = (!icmp_ln65 & and_ln66_1)> <Delay = 2.32> <CoreInst = "RAM">   --->   Core 81 'RAM' <Latency = 1> <II = 1> <Delay = 2.32> <Storage> <Opcode : 'load' 'store'> <Ports = 2> <Width = 4> <Depth = 10> <RAM>
ST_5 : Operation 52 [1/1] ( I:2.32ns O:2.32ns )   --->   "%store_ln72 = store i4 %labels_load, i4 %labels_addr" [../src/knn.cpp:72]   --->   Operation 52 'store' 'store_ln72' <Predicate = (!icmp_ln65 & and_ln66_1)> <Delay = 2.32> <CoreInst = "RAM">   --->   Core 81 'RAM' <Latency = 1> <II = 1> <Delay = 2.32> <Storage> <Opcode : 'load' 'store'> <Ports = 2> <Width = 4> <Depth = 10> <RAM>
ST_5 : Operation 53 [1/1] ( I:2.32ns O:2.32ns )   --->   "%store_ln73 = store i4 %temp_label, i4 %labels_addr_1" [../src/knn.cpp:73]   --->   Operation 53 'store' 'store_ln73' <Predicate = (!icmp_ln65 & and_ln66_1)> <Delay = 2.32> <CoreInst = "RAM">   --->   Core 81 'RAM' <Latency = 1> <II = 1> <Delay = 2.32> <Storage> <Opcode : 'load' 'store'> <Ports = 2> <Width = 4> <Depth = 10> <RAM>
ST_5 : Operation 54 [1/1] (0.00ns)   --->   "%br_ln74 = br void %for.inc68" [../src/knn.cpp:74]   --->   Operation 54 'br' 'br_ln74' <Predicate = (!icmp_ln65 & and_ln66_1)> <Delay = 0.00>
ST_5 : Operation 55 [1/1] (1.58ns)   --->   "%store_ln65 = store i4 %add_ln66, i4 %j" [../src/knn.cpp:65]   --->   Operation 55 'store' 'store_ln65' <Predicate = (!icmp_ln65)> <Delay = 1.58>
ST_5 : Operation 56 [1/1] (0.00ns)   --->   "%br_ln65 = br void %for.body41" [../src/knn.cpp:65]   --->   Operation 56 'br' 'br_ln65' <Predicate = (!icmp_ln65)> <Delay = 0.00>


============================================================
+ Verbose Summary: Binding
============================================================
STG Binding: 
---------------- STG Properties BEGIN ----------------
- Is combinational: 0
- Is one-state seq: 0
- Is datapath-only: 0
- Is pipelined: 0
- Is top level: 0
Port [ Return ] is wired: 1; IO mode=ap_ctrl_hs:ce=0
Port [ indvars_iv14]:  wired=1; compound=0; hidden=0; nouse=0; global=0; static=0; extern=0; dir=0; type=0; pingpong=0; private_global=0; IO mode=ap_none:ce=0
Port [ distances]:  wired=1; compound=1; hidden=0; nouse=0; global=0; static=0; extern=0; dir=2; type=1; pingpong=0; private_global=0; MemPort=[22]; IO mode=ap_memory:ce=0
Port [ labels]:  wired=1; compound=1; hidden=0; nouse=0; global=0; static=0; extern=0; dir=2; type=1; pingpong=0; private_global=0; MemPort=[22]; IO mode=ap_memory:ce=0
---------------- STG Properties END ------------------

---------------- Datapath Model BEGIN ----------------

<LifeTime>
<method=bitvector/>
j                      (alloca           ) [ 011111]
indvars_iv14_read      (read             ) [ 000000]
store_ln65             (store            ) [ 000000]
br_ln0                 (br               ) [ 000000]
j_1                    (load             ) [ 000000]
icmp_ln65              (icmp             ) [ 011111]
add_ln66               (add              ) [ 001111]
br_ln65                (br               ) [ 000000]
zext_ln65              (zext             ) [ 001110]
distances_addr         (getelementptr    ) [ 001111]
zext_ln66              (zext             ) [ 001110]
distances_addr_1       (getelementptr    ) [ 001111]
temp_dist              (load             ) [ 000111]
distances_load_1       (load             ) [ 000111]
specpipeline_ln65      (specpipeline     ) [ 000000]
speclooptripcount_ln65 (speclooptripcount) [ 000000]
specloopname_ln65      (specloopname     ) [ 000000]
bitcast_ln66           (bitcast          ) [ 000000]
tmp_1                  (partselect       ) [ 000000]
trunc_ln66             (trunc            ) [ 000000]
bitcast_ln66_1         (bitcast          ) [ 000000]
tmp_2                  (partselect       ) [ 000000]
trunc_ln66_1           (trunc            ) [ 000000]
icmp_ln66              (icmp             ) [ 000000]
icmp_ln66_1            (icmp             ) [ 000000]
or_ln66                (or               ) [ 000000]
icmp_ln66_2            (icmp             ) [ 000000]
icmp_ln66_3            (icmp             ) [ 000000]
or_ln66_1              (or               ) [ 000000]
tmp_3                  (dcmp             ) [ 000000]
and_ln66               (and              ) [ 000000]
and_ln66_1             (and              ) [ 000011]
br_ln66                (br               ) [ 000000]
labels_addr            (getelementptr    ) [ 000001]
labels_addr_1          (getelementptr    ) [ 000001]
store_ln68             (store            ) [ 000000]
store_ln69             (store            ) [ 000000]
temp_label             (load             ) [ 000000]
labels_load            (load             ) [ 000000]
store_ln72             (store            ) [ 000000]
store_ln73             (store            ) [ 000000]
br_ln74                (br               ) [ 000000]
store_ln65             (store            ) [ 000000]
br_ln65                (br               ) [ 000000]
ret_ln0                (ret              ) [ 000000]
</LifeTime>

<model>

<comp_list>
<comp id="0" class="1000" name="indvars_iv14">
<pin_list>
<pin id="1" dir="1" index="0" bw="1" slack="0"/>
</pin_list>
<bind>
<StgValue><ssdm name="indvars_iv14"/></StgValue>
</bind>
</comp>

<comp id="2" class="1000" name="distances">
<pin_list>
<pin id="3" dir="1" index="0" bw="1" slack="0"/>
</pin_list>
<bind>
<StgValue><ssdm name="distances"/><MemPortTyVec>2 2 </MemPortTyVec>
</StgValue>
</bind>
</comp>

<comp id="4" class="1000" name="labels">
<pin_list>
<pin id="5" dir="1" index="0" bw="1" slack="0"/>
</pin_list>
<bind>
<StgValue><ssdm name="labels"/><MemPortTyVec>2 2 </MemPortTyVec>
</StgValue>
</bind>
</comp>

<comp id="6" class="1001" name="const_6">
<pin_list>
<pin id="7" dir="1" index="0" bw="1" slack="0"/>
</pin_list>
<bind>
<StgValue><ssdm name=""/></StgValue>
</bind>
</comp>

<comp id="8" class="1001" name="const_8">
<pin_list>
<pin id="9" dir="1" index="0" bw="1" slack="0"/>
</pin_list>
<bind>
<StgValue><ssdm name="_ssdm_op_Read.ap_auto.i4"/></StgValue>
</bind>
</comp>

<comp id="10" class="1001" name="const_10">
<pin_list>
<pin id="11" dir="1" index="0" bw="1" slack="0"/>
</pin_list>
<bind>
<StgValue><ssdm name=""/></StgValue>
</bind>
</comp>

<comp id="12" class="1001" name="const_12">
<pin_list>
<pin id="13" dir="1" index="0" bw="1" slack="0"/>
</pin_list>
<bind>
<StgValue><ssdm name=""/></StgValue>
</bind>
</comp>

<comp id="14" class="1001" name="const_14">
<pin_list>
<pin id="15" dir="1" index="0" bw="1" slack="0"/>
</pin_list>
<bind>
<StgValue><ssdm name=""/></StgValue>
</bind>
</comp>

<comp id="16" class="1001" name="const_16">
<pin_list>
<pin id="17" dir="1" index="0" bw="1" slack="2147483647"/>
</pin_list>
<bind>
<StgValue><ssdm name="_ssdm_op_SpecPipeline"/></StgValue>
</bind>
</comp>

<comp id="18" class="1001" name="const_18">
<pin_list>
<pin id="19" dir="1" index="0" bw="1" slack="2147483647"/>
</pin_list>
<bind>
<StgValue><ssdm name=""/></StgValue>
</bind>
</comp>

<comp id="20" class="1001" name="const_20">
<pin_list>
<pin id="21" dir="1" index="0" bw="1" slack="2147483647"/>
</pin_list>
<bind>
<StgValue><ssdm name=""/></StgValue>
</bind>
</comp>

<comp id="22" class="1001" name="const_22">
<pin_list>
<pin id="23" dir="1" index="0" bw="1" slack="2147483647"/>
</pin_list>
<bind>
<StgValue><ssdm name="empty_0"/></StgValue>
</bind>
</comp>

<comp id="24" class="1001" name="const_24">
<pin_list>
<pin id="25" dir="1" index="0" bw="1" slack="2147483647"/>
</pin_list>
<bind>
<StgValue><ssdm name="_ssdm_op_SpecLoopTripCount"/></StgValue>
</bind>
</comp>

<comp id="26" class="1001" name="const_26">
<pin_list>
<pin id="27" dir="1" index="0" bw="1" slack="2147483647"/>
</pin_list>
<bind>
<StgValue><ssdm name=""/></StgValue>
</bind>
</comp>

<comp id="28" class="1001" name="const_28">
<pin_list>
<pin id="29" dir="1" index="0" bw="1" slack="2147483647"/>
</pin_list>
<bind>
<StgValue><ssdm name=""/></StgValue>
</bind>
</comp>

<comp id="30" class="1001" name="const_30">
<pin_list>
<pin id="31" dir="1" index="0" bw="1" slack="2147483647"/>
</pin_list>
<bind>
<StgValue><ssdm name=""/></StgValue>
</bind>
</comp>

<comp id="32" class="1001" name="const_32">
<pin_list>
<pin id="33" dir="1" index="0" bw="1" slack="2147483647"/>
</pin_list>
<bind>
<StgValue><ssdm name="_ssdm_op_SpecLoopName"/></StgValue>
</bind>
</comp>

<comp id="34" class="1001" name="const_34">
<pin_list>
<pin id="35" dir="1" index="0" bw="1" slack="2147483647"/>
</pin_list>
<bind>
<StgValue><ssdm name="empty_21"/></StgValue>
</bind>
</comp>

<comp id="36" class="1001" name="const_36">
<pin_list>
<pin id="37" dir="1" index="0" bw="1" slack="0"/>
</pin_list>
<bind>
<StgValue><ssdm name="_ssdm_op_PartSelect.i11.i64.i32.i32"/></StgValue>
</bind>
</comp>

<comp id="38" class="1001" name="const_38">
<pin_list>
<pin id="39" dir="1" index="0" bw="1" slack="0"/>
</pin_list>
<bind>
<StgValue><ssdm name=""/></StgValue>
</bind>
</comp>

<comp id="40" class="1001" name="const_40">
<pin_list>
<pin id="41" dir="1" index="0" bw="1" slack="0"/>
</pin_list>
<bind>
<StgValue><ssdm name=""/></StgValue>
</bind>
</comp>

<comp id="42" class="1001" name="const_42">
<pin_list>
<pin id="43" dir="1" index="0" bw="1" slack="0"/>
</pin_list>
<bind>
<StgValue><ssdm name=""/></StgValue>
</bind>
</comp>

<comp id="44" class="1001" name="const_44">
<pin_list>
<pin id="45" dir="1" index="0" bw="1" slack="0"/>
</pin_list>
<bind>
<StgValue><ssdm name=""/></StgValue>
</bind>
</comp>

<comp id="46" class="1004" name="j_fu_46">
<pin_list>
<pin id="47" dir="0" index="0" bw="1" slack="0"/>
<pin id="48" dir="1" index="1" bw="4" slack="0"/>
</pin_list>
<bind>
<opcode="alloca(26) " fcode="alloca"/>
<opset="j/1 "/>
</bind>
</comp>

<comp id="50" class="1004" name="indvars_iv14_read_read_fu_50">
<pin_list>
<pin id="51" dir="0" index="0" bw="4" slack="0"/>
<pin id="52" dir="0" index="1" bw="4" slack="0"/>
<pin id="53" dir="1" index="2" bw="4" slack="0"/>
</pin_list>
<bind>
<opcode="read(1150) " fcode="read"/>
<opset="indvars_iv14_read/1 "/>
</bind>
</comp>

<comp id="56" class="1004" name="distances_addr_gep_fu_56">
<pin_list>
<pin id="57" dir="0" index="0" bw="64" slack="0"/>
<pin id="58" dir="0" index="1" bw="1" slack="0"/>
<pin id="59" dir="0" index="2" bw="4" slack="0"/>
<pin id="60" dir="1" index="3" bw="4" slack="0"/>
</pin_list>
<bind>
<opcode="getelementptr(29) " fcode="getelementptr"/>
<opset="distances_addr/1 "/>
</bind>
</comp>

<comp id="63" class="1004" name="grp_access_fu_63">
<pin_list>
<pin id="64" dir="0" index="0" bw="4" slack="0"/>
<pin id="65" dir="0" index="1" bw="64" slack="3"/>
<pin id="66" dir="0" index="2" bw="0" slack="0"/>
<pin id="68" dir="0" index="4" bw="4" slack="3"/>
<pin id="69" dir="0" index="5" bw="64" slack="2147483647"/>
<pin id="70" dir="0" index="6" bw="0" slack="2147483647"/>
<pin id="67" dir="1" index="3" bw="64" slack="1"/>
<pin id="71" dir="1" index="7" bw="64" slack="1"/>
</pin_list>
<bind>
<opcode="load(27) store(28) " fcode="store"/>
<opset="temp_dist/1 distances_load_1/1 store_ln68/5 store_ln69/5 "/>
</bind>
</comp>

<comp id="73" class="1004" name="distances_addr_1_gep_fu_73">
<pin_list>
<pin id="74" dir="0" index="0" bw="64" slack="0"/>
<pin id="75" dir="0" index="1" bw="1" slack="0"/>
<pin id="76" dir="0" index="2" bw="4" slack="0"/>
<pin id="77" dir="1" index="3" bw="4" slack="0"/>
</pin_list>
<bind>
<opcode="getelementptr(29) " fcode="getelementptr"/>
<opset="distances_addr_1/1 "/>
</bind>
</comp>

<comp id="81" class="1004" name="labels_addr_gep_fu_81">
<pin_list>
<pin id="82" dir="0" index="0" bw="4" slack="0"/>
<pin id="83" dir="0" index="1" bw="1" slack="0"/>
<pin id="84" dir="0" index="2" bw="4" slack="3"/>
<pin id="85" dir="1" index="3" bw="4" slack="0"/>
</pin_list>
<bind>
<opcode="getelementptr(29) " fcode="getelementptr"/>
<opset="labels_addr/4 "/>
</bind>
</comp>

<comp id="88" class="1004" name="grp_access_fu_88">
<pin_list>
<pin id="89" dir="0" index="0" bw="4" slack="0"/>
<pin id="90" dir="0" index="1" bw="4" slack="0"/>
<pin id="91" dir="0" index="2" bw="0" slack="0"/>
<pin id="93" dir="0" index="4" bw="4" slack="0"/>
<pin id="94" dir="0" index="5" bw="4" slack="2147483647"/>
<pin id="95" dir="0" index="6" bw="0" slack="2147483647"/>
<pin id="92" dir="1" index="3" bw="4" slack="0"/>
<pin id="96" dir="1" index="7" bw="4" slack="0"/>
</pin_list>
<bind>
<opcode="load(27) store(28) " fcode="store"/>
<opset="temp_label/4 labels_load/4 store_ln72/5 store_ln73/5 "/>
</bind>
</comp>

<comp id="98" class="1004" name="labels_addr_1_gep_fu_98">
<pin_list>
<pin id="99" dir="0" index="0" bw="4" slack="0"/>
<pin id="100" dir="0" index="1" bw="1" slack="0"/>
<pin id="101" dir="0" index="2" bw="4" slack="3"/>
<pin id="102" dir="1" index="3" bw="4" slack="0"/>
</pin_list>
<bind>
<opcode="getelementptr(29) " fcode="getelementptr"/>
<opset="labels_addr_1/4 "/>
</bind>
</comp>

<comp id="108" class="1004" name="grp_fu_108">
<pin_list>
<pin id="109" dir="0" index="0" bw="64" slack="1"/>
<pin id="110" dir="0" index="1" bw="64" slack="1"/>
<pin id="111" dir="1" index="2" bw="1" slack="0"/>
</pin_list>
<bind>
<opcode="dcmp(513) " fcode="dcmp"/>
<opset="tmp_3/3 "/>
</bind>
</comp>

<comp id="112" class="1004" name="store_ln65_store_fu_112">
<pin_list>
<pin id="113" dir="0" index="0" bw="1" slack="0"/>
<pin id="114" dir="0" index="1" bw="4" slack="0"/>
<pin id="115" dir="1" index="2" bw="0" slack="2147483647"/>
</pin_list>
<bind>
<opcode="store(28) " fcode="store"/>
<opset="store_ln65/1 "/>
</bind>
</comp>

<comp id="117" class="1004" name="j_1_load_fu_117">
<pin_list>
<pin id="118" dir="0" index="0" bw="4" slack="0"/>
<pin id="119" dir="1" index="1" bw="4" slack="0"/>
</pin_list>
<bind>
<opcode="load(27) " fcode="load"/>
<opset="j_1/1 "/>
</bind>
</comp>

<comp id="120" class="1004" name="icmp_ln65_fu_120">
<pin_list>
<pin id="121" dir="0" index="0" bw="4" slack="0"/>
<pin id="122" dir="0" index="1" bw="4" slack="0"/>
<pin id="123" dir="1" index="2" bw="1" slack="4"/>
</pin_list>
<bind>
<opcode="icmp(45) " fcode="icmp"/>
<opset="icmp_ln65/1 "/>
</bind>
</comp>

<comp id="126" class="1004" name="add_ln66_fu_126">
<pin_list>
<pin id="127" dir="0" index="0" bw="4" slack="0"/>
<pin id="128" dir="0" index="1" bw="1" slack="0"/>
<pin id="129" dir="1" index="2" bw="4" slack="0"/>
</pin_list>
<bind>
<opcode="add(8) " fcode="add"/>
<opset="add_ln66/1 "/>
</bind>
</comp>

<comp id="132" class="1004" name="zext_ln65_fu_132">
<pin_list>
<pin id="133" dir="0" index="0" bw="4" slack="0"/>
<pin id="134" dir="1" index="1" bw="64" slack="0"/>
</pin_list>
<bind>
<opcode="zext(34) " fcode="zext"/>
<opset="zext_ln65/1 "/>
</bind>
</comp>

<comp id="137" class="1004" name="zext_ln66_fu_137">
<pin_list>
<pin id="138" dir="0" index="0" bw="4" slack="0"/>
<pin id="139" dir="1" index="1" bw="64" slack="0"/>
</pin_list>
<bind>
<opcode="zext(34) " fcode="zext"/>
<opset="zext_ln66/1 "/>
</bind>
</comp>

<comp id="142" class="1004" name="bitcast_ln66_fu_142">
<pin_list>
<pin id="143" dir="0" index="0" bw="64" slack="2"/>
<pin id="144" dir="1" index="1" bw="64" slack="0"/>
</pin_list>
<bind>
<opcode="bitcast(44) " fcode="bitcast"/>
<opset="bitcast_ln66/4 "/>
</bind>
</comp>

<comp id="145" class="1004" name="tmp_1_fu_145">
<pin_list>
<pin id="146" dir="0" index="0" bw="11" slack="0"/>
<pin id="147" dir="0" index="1" bw="64" slack="0"/>
<pin id="148" dir="0" index="2" bw="7" slack="0"/>
<pin id="149" dir="0" index="3" bw="7" slack="0"/>
<pin id="150" dir="1" index="4" bw="11" slack="0"/>
</pin_list>
<bind>
<opcode="partselect(1002) " fcode="partselect"/>
<opset="tmp_1/4 "/>
</bind>
</comp>

<comp id="155" class="1004" name="trunc_ln66_fu_155">
<pin_list>
<pin id="156" dir="0" index="0" bw="64" slack="0"/>
<pin id="157" dir="1" index="1" bw="52" slack="0"/>
</pin_list>
<bind>
<opcode="trunc(33) " fcode="trunc"/>
<opset="trunc_ln66/4 "/>
</bind>
</comp>

<comp id="159" class="1004" name="bitcast_ln66_1_fu_159">
<pin_list>
<pin id="160" dir="0" index="0" bw="64" slack="2"/>
<pin id="161" dir="1" index="1" bw="64" slack="0"/>
</pin_list>
<bind>
<opcode="bitcast(44) " fcode="bitcast"/>
<opset="bitcast_ln66_1/4 "/>
</bind>
</comp>

<comp id="162" class="1004" name="tmp_2_fu_162">
<pin_list>
<pin id="163" dir="0" index="0" bw="11" slack="0"/>
<pin id="164" dir="0" index="1" bw="64" slack="0"/>
<pin id="165" dir="0" index="2" bw="7" slack="0"/>
<pin id="166" dir="0" index="3" bw="7" slack="0"/>
<pin id="167" dir="1" index="4" bw="11" slack="0"/>
</pin_list>
<bind>
<opcode="partselect(1002) " fcode="partselect"/>
<opset="tmp_2/4 "/>
</bind>
</comp>

<comp id="172" class="1004" name="trunc_ln66_1_fu_172">
<pin_list>
<pin id="173" dir="0" index="0" bw="64" slack="0"/>
<pin id="174" dir="1" index="1" bw="52" slack="0"/>
</pin_list>
<bind>
<opcode="trunc(33) " fcode="trunc"/>
<opset="trunc_ln66_1/4 "/>
</bind>
</comp>

<comp id="176" class="1004" name="icmp_ln66_fu_176">
<pin_list>
<pin id="177" dir="0" index="0" bw="11" slack="0"/>
<pin id="178" dir="0" index="1" bw="11" slack="0"/>
<pin id="179" dir="1" index="2" bw="1" slack="0"/>
</pin_list>
<bind>
<opcode="icmp(45) " fcode="icmp"/>
<opset="icmp_ln66/4 "/>
</bind>
</comp>

<comp id="182" class="1004" name="icmp_ln66_1_fu_182">
<pin_list>
<pin id="183" dir="0" index="0" bw="52" slack="0"/>
<pin id="184" dir="0" index="1" bw="52" slack="0"/>
<pin id="185" dir="1" index="2" bw="1" slack="0"/>
</pin_list>
<bind>
<opcode="icmp(45) " fcode="icmp"/>
<opset="icmp_ln66_1/4 "/>
</bind>
</comp>

<comp id="188" class="1004" name="or_ln66_fu_188">
<pin_list>
<pin id="189" dir="0" index="0" bw="1" slack="0"/>
<pin id="190" dir="0" index="1" bw="1" slack="0"/>
<pin id="191" dir="1" index="2" bw="1" slack="0"/>
</pin_list>
<bind>
<opcode="or(24) " fcode="or"/>
<opset="or_ln66/4 "/>
</bind>
</comp>

<comp id="194" class="1004" name="icmp_ln66_2_fu_194">
<pin_list>
<pin id="195" dir="0" index="0" bw="11" slack="0"/>
<pin id="196" dir="0" index="1" bw="11" slack="0"/>
<pin id="197" dir="1" index="2" bw="1" slack="0"/>
</pin_list>
<bind>
<opcode="icmp(45) " fcode="icmp"/>
<opset="icmp_ln66_2/4 "/>
</bind>
</comp>

<comp id="200" class="1004" name="icmp_ln66_3_fu_200">
<pin_list>
<pin id="201" dir="0" index="0" bw="52" slack="0"/>
<pin id="202" dir="0" index="1" bw="52" slack="0"/>
<pin id="203" dir="1" index="2" bw="1" slack="0"/>
</pin_list>
<bind>
<opcode="icmp(45) " fcode="icmp"/>
<opset="icmp_ln66_3/4 "/>
</bind>
</comp>

<comp id="206" class="1004" name="or_ln66_1_fu_206">
<pin_list>
<pin id="207" dir="0" index="0" bw="1" slack="0"/>
<pin id="208" dir="0" index="1" bw="1" slack="0"/>
<pin id="209" dir="1" index="2" bw="1" slack="0"/>
</pin_list>
<bind>
<opcode="or(24) " fcode="or"/>
<opset="or_ln66_1/4 "/>
</bind>
</comp>

<comp id="212" class="1004" name="and_ln66_fu_212">
<pin_list>
<pin id="213" dir="0" index="0" bw="1" slack="0"/>
<pin id="214" dir="0" index="1" bw="1" slack="0"/>
<pin id="215" dir="1" index="2" bw="1" slack="0"/>
</pin_list>
<bind>
<opcode="and(23) " fcode="and"/>
<opset="and_ln66/4 "/>
</bind>
</comp>

<comp id="218" class="1004" name="and_ln66_1_fu_218">
<pin_list>
<pin id="219" dir="0" index="0" bw="1" slack="0"/>
<pin id="220" dir="0" index="1" bw="1" slack="0"/>
<pin id="221" dir="1" index="2" bw="1" slack="1"/>
</pin_list>
<bind>
<opcode="and(23) " fcode="and"/>
<opset="and_ln66_1/4 "/>
</bind>
</comp>

<comp id="224" class="1004" name="store_ln65_store_fu_224">
<pin_list>
<pin id="225" dir="0" index="0" bw="4" slack="4"/>
<pin id="226" dir="0" index="1" bw="4" slack="4"/>
<pin id="227" dir="1" index="2" bw="0" slack="2147483647"/>
</pin_list>
<bind>
<opcode="store(28) " fcode="store"/>
<opset="store_ln65/5 "/>
</bind>
</comp>

<comp id="228" class="1005" name="j_reg_228">
<pin_list>
<pin id="229" dir="0" index="0" bw="4" slack="0"/>
<pin id="230" dir="1" index="1" bw="4" slack="0"/>
</pin_list>
<bind>
<opset="j "/>
</bind>
</comp>

<comp id="235" class="1005" name="icmp_ln65_reg_235">
<pin_list>
<pin id="236" dir="0" index="0" bw="1" slack="4"/>
<pin id="237" dir="1" index="1" bw="1" slack="2147483647"/>
</pin_list>
<bind>
<opset="icmp_ln65 "/>
</bind>
</comp>

<comp id="239" class="1005" name="add_ln66_reg_239">
<pin_list>
<pin id="240" dir="0" index="0" bw="4" slack="4"/>
<pin id="241" dir="1" index="1" bw="4" slack="4"/>
</pin_list>
<bind>
<opset="add_ln66 "/>
</bind>
</comp>

<comp id="244" class="1005" name="zext_ln65_reg_244">
<pin_list>
<pin id="245" dir="0" index="0" bw="64" slack="3"/>
<pin id="246" dir="1" index="1" bw="64" slack="3"/>
</pin_list>
<bind>
<opset="zext_ln65 "/>
</bind>
</comp>

<comp id="249" class="1005" name="distances_addr_reg_249">
<pin_list>
<pin id="250" dir="0" index="0" bw="4" slack="1"/>
<pin id="251" dir="1" index="1" bw="4" slack="1"/>
</pin_list>
<bind>
<opset="distances_addr "/>
</bind>
</comp>

<comp id="254" class="1005" name="zext_ln66_reg_254">
<pin_list>
<pin id="255" dir="0" index="0" bw="64" slack="3"/>
<pin id="256" dir="1" index="1" bw="64" slack="3"/>
</pin_list>
<bind>
<opset="zext_ln66 "/>
</bind>
</comp>

<comp id="259" class="1005" name="distances_addr_1_reg_259">
<pin_list>
<pin id="260" dir="0" index="0" bw="4" slack="1"/>
<pin id="261" dir="1" index="1" bw="4" slack="1"/>
</pin_list>
<bind>
<opset="distances_addr_1 "/>
</bind>
</comp>

<comp id="264" class="1005" name="temp_dist_reg_264">
<pin_list>
<pin id="265" dir="0" index="0" bw="64" slack="1"/>
<pin id="266" dir="1" index="1" bw="64" slack="1"/>
</pin_list>
<bind>
<opset="temp_dist "/>
</bind>
</comp>

<comp id="271" class="1005" name="distances_load_1_reg_271">
<pin_list>
<pin id="272" dir="0" index="0" bw="64" slack="1"/>
<pin id="273" dir="1" index="1" bw="64" slack="1"/>
</pin_list>
<bind>
<opset="distances_load_1 "/>
</bind>
</comp>

<comp id="278" class="1005" name="and_ln66_1_reg_278">
<pin_list>
<pin id="279" dir="0" index="0" bw="1" slack="1"/>
<pin id="280" dir="1" index="1" bw="1" slack="2147483647"/>
</pin_list>
<bind>
<opset="and_ln66_1 "/>
</bind>
</comp>

<comp id="282" class="1005" name="labels_addr_reg_282">
<pin_list>
<pin id="283" dir="0" index="0" bw="4" slack="1"/>
<pin id="284" dir="1" index="1" bw="4" slack="1"/>
</pin_list>
<bind>
<opset="labels_addr "/>
</bind>
</comp>

<comp id="287" class="1005" name="labels_addr_1_reg_287">
<pin_list>
<pin id="288" dir="0" index="0" bw="4" slack="1"/>
<pin id="289" dir="1" index="1" bw="4" slack="1"/>
</pin_list>
<bind>
<opset="labels_addr_1 "/>
</bind>
</comp>

</comp_list>

<net_list>
<net id="49"><net_src comp="6" pin="0"/><net_sink comp="46" pin=0"/></net>

<net id="54"><net_src comp="8" pin="0"/><net_sink comp="50" pin=0"/></net>

<net id="55"><net_src comp="0" pin="0"/><net_sink comp="50" pin=1"/></net>

<net id="61"><net_src comp="2" pin="0"/><net_sink comp="56" pin=0"/></net>

<net id="62"><net_src comp="14" pin="0"/><net_sink comp="56" pin=1"/></net>

<net id="72"><net_src comp="56" pin="3"/><net_sink comp="63" pin=2"/></net>

<net id="78"><net_src comp="2" pin="0"/><net_sink comp="73" pin=0"/></net>

<net id="79"><net_src comp="14" pin="0"/><net_sink comp="73" pin=1"/></net>

<net id="80"><net_src comp="73" pin="3"/><net_sink comp="63" pin=0"/></net>

<net id="86"><net_src comp="4" pin="0"/><net_sink comp="81" pin=0"/></net>

<net id="87"><net_src comp="14" pin="0"/><net_sink comp="81" pin=1"/></net>

<net id="97"><net_src comp="81" pin="3"/><net_sink comp="88" pin=2"/></net>

<net id="103"><net_src comp="4" pin="0"/><net_sink comp="98" pin=0"/></net>

<net id="104"><net_src comp="14" pin="0"/><net_sink comp="98" pin=1"/></net>

<net id="105"><net_src comp="98" pin="3"/><net_sink comp="88" pin=0"/></net>

<net id="106"><net_src comp="88" pin="3"/><net_sink comp="88" pin=4"/></net>

<net id="107"><net_src comp="88" pin="7"/><net_sink comp="88" pin=1"/></net>

<net id="116"><net_src comp="10" pin="0"/><net_sink comp="112" pin=0"/></net>

<net id="124"><net_src comp="117" pin="1"/><net_sink comp="120" pin=0"/></net>

<net id="125"><net_src comp="50" pin="2"/><net_sink comp="120" pin=1"/></net>

<net id="130"><net_src comp="117" pin="1"/><net_sink comp="126" pin=0"/></net>

<net id="131"><net_src comp="12" pin="0"/><net_sink comp="126" pin=1"/></net>

<net id="135"><net_src comp="117" pin="1"/><net_sink comp="132" pin=0"/></net>

<net id="136"><net_src comp="132" pin="1"/><net_sink comp="56" pin=2"/></net>

<net id="140"><net_src comp="126" pin="2"/><net_sink comp="137" pin=0"/></net>

<net id="141"><net_src comp="137" pin="1"/><net_sink comp="73" pin=2"/></net>

<net id="151"><net_src comp="36" pin="0"/><net_sink comp="145" pin=0"/></net>

<net id="152"><net_src comp="142" pin="1"/><net_sink comp="145" pin=1"/></net>

<net id="153"><net_src comp="38" pin="0"/><net_sink comp="145" pin=2"/></net>

<net id="154"><net_src comp="40" pin="0"/><net_sink comp="145" pin=3"/></net>

<net id="158"><net_src comp="142" pin="1"/><net_sink comp="155" pin=0"/></net>

<net id="168"><net_src comp="36" pin="0"/><net_sink comp="162" pin=0"/></net>

<net id="169"><net_src comp="159" pin="1"/><net_sink comp="162" pin=1"/></net>

<net id="170"><net_src comp="38" pin="0"/><net_sink comp="162" pin=2"/></net>

<net id="171"><net_src comp="40" pin="0"/><net_sink comp="162" pin=3"/></net>

<net id="175"><net_src comp="159" pin="1"/><net_sink comp="172" pin=0"/></net>

<net id="180"><net_src comp="145" pin="4"/><net_sink comp="176" pin=0"/></net>

<net id="181"><net_src comp="42" pin="0"/><net_sink comp="176" pin=1"/></net>

<net id="186"><net_src comp="155" pin="1"/><net_sink comp="182" pin=0"/></net>

<net id="187"><net_src comp="44" pin="0"/><net_sink comp="182" pin=1"/></net>

<net id="192"><net_src comp="182" pin="2"/><net_sink comp="188" pin=0"/></net>

<net id="193"><net_src comp="176" pin="2"/><net_sink comp="188" pin=1"/></net>

<net id="198"><net_src comp="162" pin="4"/><net_sink comp="194" pin=0"/></net>

<net id="199"><net_src comp="42" pin="0"/><net_sink comp="194" pin=1"/></net>

<net id="204"><net_src comp="172" pin="1"/><net_sink comp="200" pin=0"/></net>

<net id="205"><net_src comp="44" pin="0"/><net_sink comp="200" pin=1"/></net>

<net id="210"><net_src comp="200" pin="2"/><net_sink comp="206" pin=0"/></net>

<net id="211"><net_src comp="194" pin="2"/><net_sink comp="206" pin=1"/></net>

<net id="216"><net_src comp="188" pin="2"/><net_sink comp="212" pin=0"/></net>

<net id="217"><net_src comp="206" pin="2"/><net_sink comp="212" pin=1"/></net>

<net id="222"><net_src comp="212" pin="2"/><net_sink comp="218" pin=0"/></net>

<net id="223"><net_src comp="108" pin="2"/><net_sink comp="218" pin=1"/></net>

<net id="231"><net_src comp="46" pin="1"/><net_sink comp="228" pin=0"/></net>

<net id="232"><net_src comp="228" pin="1"/><net_sink comp="112" pin=1"/></net>

<net id="233"><net_src comp="228" pin="1"/><net_sink comp="117" pin=0"/></net>

<net id="234"><net_src comp="228" pin="1"/><net_sink comp="224" pin=1"/></net>

<net id="238"><net_src comp="120" pin="2"/><net_sink comp="235" pin=0"/></net>

<net id="242"><net_src comp="126" pin="2"/><net_sink comp="239" pin=0"/></net>

<net id="243"><net_src comp="239" pin="1"/><net_sink comp="224" pin=0"/></net>

<net id="247"><net_src comp="132" pin="1"/><net_sink comp="244" pin=0"/></net>

<net id="248"><net_src comp="244" pin="1"/><net_sink comp="81" pin=2"/></net>

<net id="252"><net_src comp="56" pin="3"/><net_sink comp="249" pin=0"/></net>

<net id="253"><net_src comp="249" pin="1"/><net_sink comp="63" pin=2"/></net>

<net id="257"><net_src comp="137" pin="1"/><net_sink comp="254" pin=0"/></net>

<net id="258"><net_src comp="254" pin="1"/><net_sink comp="98" pin=2"/></net>

<net id="262"><net_src comp="73" pin="3"/><net_sink comp="259" pin=0"/></net>

<net id="263"><net_src comp="259" pin="1"/><net_sink comp="63" pin=0"/></net>

<net id="267"><net_src comp="63" pin="7"/><net_sink comp="264" pin=0"/></net>

<net id="268"><net_src comp="264" pin="1"/><net_sink comp="108" pin=0"/></net>

<net id="269"><net_src comp="264" pin="1"/><net_sink comp="142" pin=0"/></net>

<net id="270"><net_src comp="264" pin="1"/><net_sink comp="63" pin=1"/></net>

<net id="274"><net_src comp="63" pin="3"/><net_sink comp="271" pin=0"/></net>

<net id="275"><net_src comp="271" pin="1"/><net_sink comp="108" pin=1"/></net>

<net id="276"><net_src comp="271" pin="1"/><net_sink comp="159" pin=0"/></net>

<net id="277"><net_src comp="271" pin="1"/><net_sink comp="63" pin=4"/></net>

<net id="281"><net_src comp="218" pin="2"/><net_sink comp="278" pin=0"/></net>

<net id="285"><net_src comp="81" pin="3"/><net_sink comp="282" pin=0"/></net>

<net id="286"><net_src comp="282" pin="1"/><net_sink comp="88" pin=2"/></net>

<net id="290"><net_src comp="98" pin="3"/><net_sink comp="287" pin=0"/></net>

<net id="291"><net_src comp="287" pin="1"/><net_sink comp="88" pin=0"/></net>

</net_list>

</model> 
---------------- Datapath Model END ------------------

* FSMD analyzer results:
  - Output states:
	Port: distances | {5 }
	Port: labels | {5 }
 - Input state : 
	Port: knn_distance_and_sort_Pipeline_sort_loop_j : indvars_iv14 | {1 }
	Port: knn_distance_and_sort_Pipeline_sort_loop_j : distances | {1 2 }
	Port: knn_distance_and_sort_Pipeline_sort_loop_j : labels | {4 5 }
  - Chain level:
	State 1
		store_ln65 : 1
		j_1 : 1
		icmp_ln65 : 2
		add_ln66 : 2
		br_ln65 : 3
		zext_ln65 : 2
		distances_addr : 3
		temp_dist : 4
		zext_ln66 : 3
		distances_addr_1 : 4
		distances_load_1 : 5
	State 2
	State 3
	State 4
		tmp_1 : 1
		trunc_ln66 : 1
		tmp_2 : 1
		trunc_ln66_1 : 1
		icmp_ln66 : 2
		icmp_ln66_1 : 2
		or_ln66 : 3
		icmp_ln66_2 : 2
		icmp_ln66_3 : 2
		or_ln66_1 : 3
		and_ln66 : 3
		and_ln66_1 : 3
		br_ln66 : 3
		temp_label : 1
		labels_load : 1
	State 5
		store_ln72 : 1
		store_ln73 : 1


============================================================
+ Verbose Summary: Datapath Resource usage 
============================================================

* Functional unit list:
|----------|------------------------------|---------|---------|
| Operation|        Functional Unit       |    FF   |   LUT   |
|----------|------------------------------|---------|---------|
|          |       icmp_ln65_fu_120       |    0    |    13   |
|          |       icmp_ln66_fu_176       |    0    |    12   |
|   icmp   |      icmp_ln66_1_fu_182      |    0    |    59   |
|          |      icmp_ln66_2_fu_194      |    0    |    12   |
|          |      icmp_ln66_3_fu_200      |    0    |    59   |
|----------|------------------------------|---------|---------|
|    add   |        add_ln66_fu_126       |    0    |    13   |
|----------|------------------------------|---------|---------|
|    or    |        or_ln66_fu_188        |    0    |    2    |
|          |       or_ln66_1_fu_206       |    0    |    2    |
|----------|------------------------------|---------|---------|
|    and   |        and_ln66_fu_212       |    0    |    2    |
|          |       and_ln66_1_fu_218      |    0    |    2    |
|----------|------------------------------|---------|---------|
|   read   | indvars_iv14_read_read_fu_50 |    0    |    0    |
|----------|------------------------------|---------|---------|
|   dcmp   |          grp_fu_108          |    0    |    0    |
|----------|------------------------------|---------|---------|
|   zext   |       zext_ln65_fu_132       |    0    |    0    |
|          |       zext_ln66_fu_137       |    0    |    0    |
|----------|------------------------------|---------|---------|
|partselect|         tmp_1_fu_145         |    0    |    0    |
|          |         tmp_2_fu_162         |    0    |    0    |
|----------|------------------------------|---------|---------|
|   trunc  |       trunc_ln66_fu_155      |    0    |    0    |
|          |      trunc_ln66_1_fu_172     |    0    |    0    |
|----------|------------------------------|---------|---------|
|   Total  |                              |    0    |   176   |
|----------|------------------------------|---------|---------|

Memories:
N/A

* Register list:
+------------------------+--------+
|                        |   FF   |
+------------------------+--------+
|    add_ln66_reg_239    |    4   |
|   and_ln66_1_reg_278   |    1   |
|distances_addr_1_reg_259|    4   |
| distances_addr_reg_249 |    4   |
|distances_load_1_reg_271|   64   |
|    icmp_ln65_reg_235   |    1   |
|        j_reg_228       |    4   |
|  labels_addr_1_reg_287 |    4   |
|   labels_addr_reg_282  |    4   |
|    temp_dist_reg_264   |   64   |
|    zext_ln65_reg_244   |   64   |
|    zext_ln66_reg_254   |   64   |
+------------------------+--------+
|          Total         |   282  |
+------------------------+--------+

* Multiplexer (MUX) list: 
|------------------|------|------|------|--------||---------||---------||---------|
|       Comp       |  Pin | Size |  BW  | S x BW ||  Delay  ||    FF   ||   LUT   |
|------------------|------|------|------|--------||---------||---------||---------|
| grp_access_fu_63 |  p0  |   2  |   4  |    8   ||    0    ||    9    |
| grp_access_fu_63 |  p2  |   2  |   0  |    0   ||    0    ||    9    |
| grp_access_fu_88 |  p0  |   2  |   4  |    8   ||    0    ||    9    |
| grp_access_fu_88 |  p2  |   2  |   0  |    0   ||    0    ||    9    |
|------------------|------|------|------|--------||---------||---------||---------|
|       Total      |      |      |      |   16   ||  6.352  ||    0    ||    36   |
|------------------|------|------|------|--------||---------||---------||---------|



* Summary:
+-----------+--------+--------+--------+
|           |  Delay |   FF   |   LUT  |
+-----------+--------+--------+--------+
|  Function |    -   |    0   |   176  |
|   Memory  |    -   |    -   |    -   |
|Multiplexer|    6   |    0   |   36   |
|  Register |    -   |   282  |    -   |
+-----------+--------+--------+--------+
|   Total   |    6   |   282  |   212  |
+-----------+--------+--------+--------+
