

================================================================
== Vitis HLS Report for 'knn_majority_vote_Pipeline_VITIS_LOOP_106_2'
================================================================
* Date:           Tue Mar 17 18:06:04 2026

* Version:        2025.1 (Build 6135595 on May 21 2025)
* Project:        knn_accelerator
* Solution:       hls (Vivado IP Flow Target)
* Product family: zynq
* Target device:  xc7z020-clg400-1


================================================================
== Performance Estimates
================================================================
+ Timing: 
    * Summary: 
    +--------+----------+----------+------------+
    |  Clock |  Target  | Estimated| Uncertainty|
    +--------+----------+----------+------------+
    |ap_clk  |  10.00 ns|  7.160 ns|     2.70 ns|
    +--------+----------+----------+------------+

+ Latency: 
    * Summary: 
    +---------+---------+-----------+-----------+-----+-----+------------------------------------------------+
    |  Latency (cycles) |   Latency (absolute)  |  Interval |                    Pipeline                    |
    |   min   |   max   |    min    |    max    | min | max |                      Type                      |
    +---------+---------+-----------+-----------+-----+-----+------------------------------------------------+
    |        8|        8|  80.000 ns|  80.000 ns|    7|    7|  loop auto-rewind stp (delay=0 clock cycles(s))|
    +---------+---------+-----------+-----------+-----+-----+------------------------------------------------+

    + Detail: 
        * Instance: 
        N/A

        * Loop: 
        +--------------------+---------+---------+----------+-----------+-----------+------+----------+
        |                    |  Latency (cycles) | Iteration|  Initiation Interval  | Trip |          |
        |      Loop Name     |   min   |   max   |  Latency |  achieved |   target  | Count| Pipelined|
        +--------------------+---------+---------+----------+-----------+-----------+------+----------+
        |- VITIS_LOOP_106_2  |        6|        6|         3|          2|          1|     3|       yes|
        +--------------------+---------+---------+----------+-----------+-----------+------+----------+

============================================================
+ Verbose Summary: Synthesis Manager
============================================================
InlineROM: 1
ExposeGlobal: 0
============================================================
+ Verbose Summary: CDFG Model
============================================================
IsTopModel: 0
ResetActiveHigh: 1
IsCombinational: 0
IsDatapathOnly: 0
HasWiredReturn: 1
HasMFsm: 2
HasVarLatency: 1
IsPipeline: 0
IsRtlPipelined: 0
IsInstanceOverlapped: 0
IsDontTouch: 0
HasImplIP: 0
IsGatedGlobalClock: 0

+ Individual pipeline summary: 
  * Pipeline-0: initiation interval (II) = 2, depth = 4


============================================================
+ Verbose Summary: Schedule
============================================================
* Number of FSM states : 4
* Pipeline : 1
  Pipeline-0 : II = 2, D = 4, States = { 1 2 3 4 }
* Dataflow Pipeline: 0

* FSM state transitions: 
1 --> 2 
2 --> 3 
3 --> 4 
4 --> 

* FSM state operations: 

State 1 <SV = 0> <Delay = 1.58>
ST_1 : Operation 6 [1/1] (0.00ns)   --->   "%reuse_addr_reg = alloca i32 1"   --->   Operation 6 'alloca' 'reuse_addr_reg' <Predicate = true> <Delay = 0.00>
ST_1 : Operation 7 [1/1] (0.00ns)   --->   "%reuse_reg = alloca i32 1"   --->   Operation 7 'alloca' 'reuse_reg' <Predicate = true> <Delay = 0.00>
ST_1 : Operation 8 [1/1] (0.00ns)   --->   "%i_1 = alloca i32 1" [../src/knn.cpp:106]   --->   Operation 8 'alloca' 'i_1' <Predicate = true> <Delay = 0.00>
ST_1 : Operation 9 [1/1] (0.00ns)   --->   "%top_k_labels_read_1 = read i4 @_ssdm_op_Read.ap_auto.i4, i4 %top_k_labels_read_4"   --->   Operation 9 'read' 'top_k_labels_read_1' <Predicate = true> <Delay = 0.00>
ST_1 : Operation 10 [1/1] (0.00ns)   --->   "%top_k_labels_read_2 = read i4 @_ssdm_op_Read.ap_auto.i4, i4 %top_k_labels_read_3"   --->   Operation 10 'read' 'top_k_labels_read_2' <Predicate = true> <Delay = 0.00>
ST_1 : Operation 11 [1/1] (0.00ns)   --->   "%top_k_labels_read_5 = read i4 @_ssdm_op_Read.ap_auto.i4, i4 %top_k_labels_read"   --->   Operation 11 'read' 'top_k_labels_read_5' <Predicate = true> <Delay = 0.00>
ST_1 : Operation 12 [1/1] (1.58ns)   --->   "%store_ln106 = store i2 0, i2 %i_1" [../src/knn.cpp:106]   --->   Operation 12 'store' 'store_ln106' <Predicate = true> <Delay = 1.58>
ST_1 : Operation 13 [1/1] (1.58ns)   --->   "%store_ln0 = store i32 0, i32 %reuse_reg"   --->   Operation 13 'store' 'store_ln0' <Predicate = true> <Delay = 1.58>
ST_1 : Operation 14 [1/1] (1.58ns)   --->   "%store_ln0 = store i64 18446744073709551615, i64 %reuse_addr_reg"   --->   Operation 14 'store' 'store_ln0' <Predicate = true> <Delay = 1.58>
ST_1 : Operation 15 [1/1] (0.00ns)   --->   "%br_ln0 = br void %for.inc11"   --->   Operation 15 'br' 'br_ln0' <Predicate = true> <Delay = 0.00>

State 2 <SV = 1> <Delay = 5.10>
ST_2 : Operation 16 [1/1] (0.00ns)   --->   "%i = load i2 %i_1" [../src/knn.cpp:106]   --->   Operation 16 'load' 'i' <Predicate = true> <Delay = 0.00>
ST_2 : Operation 17 [1/1] (1.56ns)   --->   "%icmp_ln106 = icmp_eq  i2 %i, i2 3" [../src/knn.cpp:106]   --->   Operation 17 'icmp' 'icmp_ln106' <Predicate = true> <Delay = 1.56> <CoreInst = "Cmp">   --->   Core 9 'Cmp' <Latency = 0> <II = 1> <Delay = 1.56> <FuncUnit> <Opcode : 'seteq' 'setne' 'setle' 'setge' 'setlt' 'setgt'> <InPorts = 2> <OutPorts = 1>
ST_2 : Operation 18 [1/1] (1.56ns)   --->   "%add_ln106 = add i2 %i, i2 1" [../src/knn.cpp:106]   --->   Operation 18 'add' 'add_ln106' <Predicate = true> <Delay = 1.56> <CoreInst = "Adder">   --->   Core 1 'Adder' <Latency = 0> <II = 1> <Delay = 1.56> <FuncUnit> <Opcode : 'add' 'sub'> <InPorts = 2> <OutPorts = 1>
ST_2 : Operation 19 [1/1] (0.00ns)   --->   "%br_ln106 = br i1 %icmp_ln106, void %for.inc11.split, void %for.body18.preheader.exitStub" [../src/knn.cpp:106]   --->   Operation 19 'br' 'br_ln106' <Predicate = true> <Delay = 0.00>
ST_2 : Operation 20 [1/1] (1.58ns)   --->   "%idx = sparsemux i4 @_ssdm_op_SparseMux.ap_auto.3i4.i4.i2, i2 0, i4 %top_k_labels_read_5, i2 1, i4 %top_k_labels_read_2, i2 2, i4 %top_k_labels_read_1, i4 0, i2 %i" [../src/knn.cpp:107]   --->   Operation 20 'sparsemux' 'idx' <Predicate = (!icmp_ln106)> <Delay = 1.58> <CoreInst = "OneHotSparseMux_HasDef">   --->   Core 140 'OneHotSparseMux_HasDef' <Latency = 0> <II = 1> <Delay = 1.58> <FuncUnit> <Opcode : 'sparsemux'> <InPorts = 2> <OutPorts = 1>
ST_2 : Operation 21 [1/1] (0.00ns)   --->   "%zext_ln108 = zext i4 %idx" [../src/knn.cpp:108]   --->   Operation 21 'zext' 'zext_ln108' <Predicate = (!icmp_ln106)> <Delay = 0.00>
ST_2 : Operation 22 [1/1] (0.00ns)   --->   "%counts_addr = getelementptr i32 %counts, i64 0, i64 %zext_ln108" [../src/knn.cpp:108]   --->   Operation 22 'getelementptr' 'counts_addr' <Predicate = (!icmp_ln106)> <Delay = 0.00>
ST_2 : Operation 23 [1/1] (0.00ns)   --->   "%reuse_addr_reg_load = load i64 %reuse_addr_reg"   --->   Operation 23 'load' 'reuse_addr_reg_load' <Predicate = (!icmp_ln106)> <Delay = 0.00>
ST_2 : Operation 24 [2/2] (2.32ns)   --->   "%counts_load = load i4 %counts_addr" [../src/knn.cpp:108]   --->   Operation 24 'load' 'counts_load' <Predicate = (!icmp_ln106)> <Delay = 2.32> <CoreInst = "RAM">   --->   Core 81 'RAM' <Latency = 1> <II = 1> <Delay = 2.32> <Storage> <Opcode : 'load' 'store'> <Ports = 2> <Width = 32> <Depth = 10> <RAM>
ST_2 : Operation 25 [1/1] (3.52ns)   --->   "%addr_cmp = icmp_eq  i64 %reuse_addr_reg_load, i64 %zext_ln108" [../src/knn.cpp:108]   --->   Operation 25 'icmp' 'addr_cmp' <Predicate = (!icmp_ln106)> <Delay = 3.52> <CoreInst = "Cmp">   --->   Core 9 'Cmp' <Latency = 0> <II = 1> <Delay = 3.52> <FuncUnit> <Opcode : 'seteq' 'setne' 'setle' 'setge' 'setlt' 'setgt'> <InPorts = 2> <OutPorts = 1>
ST_2 : Operation 26 [1/1] (1.58ns)   --->   "%store_ln108 = store i64 %zext_ln108, i64 %reuse_addr_reg" [../src/knn.cpp:108]   --->   Operation 26 'store' 'store_ln108' <Predicate = (!icmp_ln106)> <Delay = 1.58>
ST_2 : Operation 27 [1/1] (1.58ns)   --->   "%store_ln106 = store i2 %add_ln106, i2 %i_1" [../src/knn.cpp:106]   --->   Operation 27 'store' 'store_ln106' <Predicate = (!icmp_ln106)> <Delay = 1.58>
ST_2 : Operation 38 [1/1] (1.58ns)   --->   "%ret_ln0 = ret"   --->   Operation 38 'ret' 'ret_ln0' <Predicate = (icmp_ln106)> <Delay = 1.58>

State 3 <SV = 2> <Delay = 7.16>
ST_3 : Operation 28 [1/1] (0.00ns)   --->   "%reuse_reg_load = load i32 %reuse_reg"   --->   Operation 28 'load' 'reuse_reg_load' <Predicate = (!icmp_ln106 & addr_cmp)> <Delay = 0.00>
ST_3 : Operation 29 [1/2] ( I:2.32ns O:2.32ns )   --->   "%counts_load = load i4 %counts_addr" [../src/knn.cpp:108]   --->   Operation 29 'load' 'counts_load' <Predicate = (!icmp_ln106)> <Delay = 2.32> <CoreInst = "RAM">   --->   Core 81 'RAM' <Latency = 1> <II = 1> <Delay = 2.32> <Storage> <Opcode : 'load' 'store'> <Ports = 2> <Width = 32> <Depth = 10> <RAM>
ST_3 : Operation 30 [1/1] (0.69ns)   --->   "%reuse_select = select i1 %addr_cmp, i32 %reuse_reg_load, i32 %counts_load" [../src/knn.cpp:108]   --->   Operation 30 'select' 'reuse_select' <Predicate = (!icmp_ln106)> <Delay = 0.69> <CoreInst = "Sel">   --->   Core 73 'Sel' <Latency = 0> <II = 1> <Delay = 0.69> <FuncUnit> <Opcode : 'select'> <InPorts = 3> <OutPorts = 1>
ST_3 : Operation 31 [1/1] (2.55ns)   --->   "%add_ln108 = add i32 %reuse_select, i32 1" [../src/knn.cpp:108]   --->   Operation 31 'add' 'add_ln108' <Predicate = (!icmp_ln106)> <Delay = 2.55> <CoreInst = "Adder">   --->   Core 1 'Adder' <Latency = 0> <II = 1> <Delay = 2.55> <FuncUnit> <Opcode : 'add' 'sub'> <InPorts = 2> <OutPorts = 1>
ST_3 : Operation 32 [1/1] (1.58ns)   --->   "%store_ln108 = store i32 %add_ln108, i32 %reuse_reg" [../src/knn.cpp:108]   --->   Operation 32 'store' 'store_ln108' <Predicate = (!icmp_ln106)> <Delay = 1.58>

State 4 <SV = 3> <Delay = 2.32>
ST_4 : Operation 33 [1/1] (0.00ns)   --->   "%specpipeline_ln106 = specpipeline void @_ssdm_op_SpecPipeline, i32 4294967295, i32 0, i32 0, i32 0, void @empty_0" [../src/knn.cpp:106]   --->   Operation 33 'specpipeline' 'specpipeline_ln106' <Predicate = true> <Delay = 0.00>
ST_4 : Operation 34 [1/1] (0.00ns)   --->   "%speclooptripcount_ln106 = speclooptripcount void @_ssdm_op_SpecLoopTripCount, i64 3, i64 3, i64 3" [../src/knn.cpp:106]   --->   Operation 34 'speclooptripcount' 'speclooptripcount_ln106' <Predicate = true> <Delay = 0.00>
ST_4 : Operation 35 [1/1] (0.00ns)   --->   "%specloopname_ln106 = specloopname void @_ssdm_op_SpecLoopName, void @empty_18" [../src/knn.cpp:106]   --->   Operation 35 'specloopname' 'specloopname_ln106' <Predicate = true> <Delay = 0.00>
ST_4 : Operation 36 [1/1] ( I:2.32ns O:2.32ns )   --->   "%store_ln108 = store i32 %add_ln108, i4 %counts_addr" [../src/knn.cpp:108]   --->   Operation 36 'store' 'store_ln108' <Predicate = true> <Delay = 2.32> <CoreInst = "RAM">   --->   Core 81 'RAM' <Latency = 1> <II = 1> <Delay = 2.32> <Storage> <Opcode : 'load' 'store'> <Ports = 2> <Width = 32> <Depth = 10> <RAM>
ST_4 : Operation 37 [1/1] (0.00ns)   --->   "%br_ln106 = br void %for.inc11" [../src/knn.cpp:106]   --->   Operation 37 'br' 'br_ln106' <Predicate = true> <Delay = 0.00>


============================================================
+ Verbose Summary: Timing violations
============================================================
Target clock period: 10.000ns, clock uncertainty: 2.700ns.

 <State 1>: 1.588ns
The critical path consists of the following:
	'alloca' operation 2 bit ('i', ../src/knn.cpp:106) [7]  (0.000 ns)
	'store' operation 0 bit ('store_ln106', ../src/knn.cpp:106) of constant 0 on local variable 'i', ../src/knn.cpp:106 [11]  (1.588 ns)

 <State 2>: 5.108ns
The critical path consists of the following:
	'load' operation 2 bit ('i', ../src/knn.cpp:106) on local variable 'i', ../src/knn.cpp:106 [16]  (0.000 ns)
	'sparsemux' operation 4 bit ('idx', ../src/knn.cpp:107) [24]  (1.588 ns)
	'icmp' operation 1 bit ('addr_cmp', ../src/knn.cpp:108) [30]  (3.520 ns)

 <State 3>: 7.160ns
The critical path consists of the following:
	'load' operation 32 bit ('counts_load', ../src/knn.cpp:108) on array 'counts' [29]  (2.322 ns)
	'select' operation 32 bit ('reuse_select', ../src/knn.cpp:108) [31]  (0.698 ns)
	'add' operation 32 bit ('add_ln108', ../src/knn.cpp:108) [32]  (2.552 ns)
	'store' operation 0 bit ('store_ln108', ../src/knn.cpp:108) of variable 'add_ln108', ../src/knn.cpp:108 on local variable 'reuse_reg' [34]  (1.588 ns)

 <State 4>: 2.322ns
The critical path consists of the following:
	'store' operation 0 bit ('store_ln108', ../src/knn.cpp:108) of variable 'add_ln108', ../src/knn.cpp:108 on array 'counts' [33]  (2.322 ns)


============================================================
+ Verbose Summary: Binding
============================================================
N/A
* FSMD analyzer results:
  - Output states:
 - Input state : 
  - Chain level:
	State 1
	State 2
	State 3
	State 4


============================================================
+ Verbose Summary: Datapath Resource usage 
============================================================
N/A
